[0.469s] running egg_info
[0.469s] writing /home/francesc/Escritorio/ros_ws/build/weather_servcli/weather_servcli.egg-info/PKG-INFO
[0.470s] writing dependency_links to /home/francesc/Escritorio/ros_ws/build/weather_servcli/weather_servcli.egg-info/dependency_links.txt
[0.470s] writing entry points to /home/francesc/Escritorio/ros_ws/build/weather_servcli/weather_servcli.egg-info/entry_points.txt
[0.470s] writing requirements to /home/francesc/Escritorio/ros_ws/build/weather_servcli/weather_servcli.egg-info/requires.txt
[0.470s] writing top-level names to /home/francesc/Escritorio/ros_ws/build/weather_servcli/weather_servcli.egg-info/top_level.txt
[0.496s] reading manifest file '/home/francesc/Escritorio/ros_ws/build/weather_servcli/weather_servcli.egg-info/SOURCES.txt'
[0.497s] writing manifest file '/home/francesc/Escritorio/ros_ws/build/weather_servcli/weather_servcli.egg-info/SOURCES.txt'
[0.498s] running build
[0.498s] running build_py
[0.498s] copying weather_servcli/__init__.py -> /home/francesc/Escritorio/ros_ws/build/weather_servcli/build/lib/weather_servcli
[0.498s] running install
[0.499s] running install_lib
[0.499s] copying /home/francesc/Escritorio/ros_ws/build/weather_servcli/build/lib/weather_servcli/__init__.py -> /home/francesc/Escritorio/ros_ws/install/weather_servcli/lib/python3.6/site-packages/weather_servcli
[0.499s] byte-compiling /home/francesc/Escritorio/ros_ws/install/weather_servcli/lib/python3.6/site-packages/weather_servcli/__init__.py to __init__.cpython-36.pyc
[0.499s] running install_data
[0.500s] copying resource/weather_servcli -> /home/francesc/Escritorio/ros_ws/install/weather_servcli/share/ament_index/resource_index/packages
[0.500s] copying package.xml -> /home/francesc/Escritorio/ros_ws/install/weather_servcli/share/weather_servcli
[0.500s] running install_egg_info
[0.501s] removing '/home/francesc/Escritorio/ros_ws/install/weather_servcli/lib/python3.6/site-packages/weather_servcli-0.0.0-py3.6.egg-info' (and everything under it)
[0.501s] Copying /home/francesc/Escritorio/ros_ws/build/weather_servcli/weather_servcli.egg-info to /home/francesc/Escritorio/ros_ws/install/weather_servcli/lib/python3.6/site-packages/weather_servcli-0.0.0-py3.6.egg-info
[0.502s] running install_scripts
[0.516s] Installing client script to /home/francesc/Escritorio/ros_ws/install/weather_servcli/lib/weather_servcli
[0.516s] Installing service script to /home/francesc/Escritorio/ros_ws/install/weather_servcli/lib/weather_servcli
[0.516s] writing list of installed files to '/home/francesc/Escritorio/ros_ws/build/weather_servcli/install.log'
