[0.507s] running egg_info
[0.508s] writing /home/francesc/Escritorio/ros_ws/build/weather_servcli/weather_servcli.egg-info/PKG-INFO
[0.508s] writing dependency_links to /home/francesc/Escritorio/ros_ws/build/weather_servcli/weather_servcli.egg-info/dependency_links.txt
[0.508s] writing entry points to /home/francesc/Escritorio/ros_ws/build/weather_servcli/weather_servcli.egg-info/entry_points.txt
[0.509s] writing requirements to /home/francesc/Escritorio/ros_ws/build/weather_servcli/weather_servcli.egg-info/requires.txt
[0.509s] writing top-level names to /home/francesc/Escritorio/ros_ws/build/weather_servcli/weather_servcli.egg-info/top_level.txt
[0.536s] reading manifest file '/home/francesc/Escritorio/ros_ws/build/weather_servcli/weather_servcli.egg-info/SOURCES.txt'
[0.537s] writing manifest file '/home/francesc/Escritorio/ros_ws/build/weather_servcli/weather_servcli.egg-info/SOURCES.txt'
[0.537s] running build
[0.537s] running build_py
[0.537s] copying weather_servcli/weather_client.py -> /home/francesc/Escritorio/ros_ws/build/weather_servcli/build/lib/weather_servcli
[0.538s] running install
[0.538s] running install_lib
[0.538s] copying /home/francesc/Escritorio/ros_ws/build/weather_servcli/build/lib/weather_servcli/weather_client.py -> /home/francesc/Escritorio/ros_ws/install/weather_servcli/lib/python3.6/site-packages/weather_servcli
[0.538s] byte-compiling /home/francesc/Escritorio/ros_ws/install/weather_servcli/lib/python3.6/site-packages/weather_servcli/weather_client.py to weather_client.cpython-36.pyc
[0.539s] running install_data
[0.539s] running install_egg_info
[0.541s] removing '/home/francesc/Escritorio/ros_ws/install/weather_servcli/lib/python3.6/site-packages/weather_servcli-0.0.0-py3.6.egg-info' (and everything under it)
[0.541s] Copying /home/francesc/Escritorio/ros_ws/build/weather_servcli/weather_servcli.egg-info to /home/francesc/Escritorio/ros_ws/install/weather_servcli/lib/python3.6/site-packages/weather_servcli-0.0.0-py3.6.egg-info
[0.542s] running install_scripts
[0.556s] Installing client script to /home/francesc/Escritorio/ros_ws/install/weather_servcli/lib/weather_servcli
[0.556s] Installing service script to /home/francesc/Escritorio/ros_ws/install/weather_servcli/lib/weather_servcli
[0.557s] writing list of installed files to '/home/francesc/Escritorio/ros_ws/build/weather_servcli/install.log'
