[0.275s] Invoking command in '/home/francesc/Escritorio/ros_ws/src/dome_sensors': PYTHONPATH=/home/francesc/Escritorio/ros_ws/install/dome_sensors/lib/python3.6/site-packages:/home/francesc/Escritorio/ros_ws/install/dome_interfaces/lib/python3.6/site-packages:/home/francesc/Escritorio/ros_ws/install/dome_servcli/lib/python3.6/site-packages:/home/francesc/Escritorio/ros_ws/install/dome_sensors/lib/python3.6/site-packages:/opt/ros/dashing/lib/python3.6/site-packages /usr/bin/python3 setup.py egg_info --egg-base /home/francesc/Escritorio/ros_ws/build/dome_sensors build --build-base /home/francesc/Escritorio/ros_ws/build/dome_sensors/build install --prefix /home/francesc/Escritorio/ros_ws/install/dome_sensors --record /home/francesc/Escritorio/ros_ws/build/dome_sensors/install.log --single-version-externally-managed
[0.494s] running egg_info
[0.494s] writing /home/francesc/Escritorio/ros_ws/build/dome_sensors/dome_sensors.egg-info/PKG-INFO
[0.495s] writing dependency_links to /home/francesc/Escritorio/ros_ws/build/dome_sensors/dome_sensors.egg-info/dependency_links.txt
[0.495s] writing entry points to /home/francesc/Escritorio/ros_ws/build/dome_sensors/dome_sensors.egg-info/entry_points.txt
[0.495s] writing requirements to /home/francesc/Escritorio/ros_ws/build/dome_sensors/dome_sensors.egg-info/requires.txt
[0.495s] writing top-level names to /home/francesc/Escritorio/ros_ws/build/dome_sensors/dome_sensors.egg-info/top_level.txt
[0.523s] reading manifest file '/home/francesc/Escritorio/ros_ws/build/dome_sensors/dome_sensors.egg-info/SOURCES.txt'
[0.524s] writing manifest file '/home/francesc/Escritorio/ros_ws/build/dome_sensors/dome_sensors.egg-info/SOURCES.txt'
[0.524s] running build
[0.525s] running build_py
[0.525s] copying dome_sensors/dome_sensor_publisher.py -> /home/francesc/Escritorio/ros_ws/build/dome_sensors/build/lib/dome_sensors
[0.525s] running install
[0.525s] running install_lib
[0.526s] copying /home/francesc/Escritorio/ros_ws/build/dome_sensors/build/lib/dome_sensors/dome_sensor_publisher.py -> /home/francesc/Escritorio/ros_ws/install/dome_sensors/lib/python3.6/site-packages/dome_sensors
[0.526s] byte-compiling /home/francesc/Escritorio/ros_ws/install/dome_sensors/lib/python3.6/site-packages/dome_sensors/dome_sensor_publisher.py to dome_sensor_publisher.cpython-36.pyc
[0.526s] running install_data
[0.526s] running install_egg_info
[0.528s] removing '/home/francesc/Escritorio/ros_ws/install/dome_sensors/lib/python3.6/site-packages/dome_sensors-0.0.0-py3.6.egg-info' (and everything under it)
[0.528s] Copying /home/francesc/Escritorio/ros_ws/build/dome_sensors/dome_sensors.egg-info to /home/francesc/Escritorio/ros_ws/install/dome_sensors/lib/python3.6/site-packages/dome_sensors-0.0.0-py3.6.egg-info
[0.529s] running install_scripts
[0.543s] Installing talker script to /home/francesc/Escritorio/ros_ws/install/dome_sensors/lib/dome_sensors
[0.543s] writing list of installed files to '/home/francesc/Escritorio/ros_ws/build/dome_sensors/install.log'
[0.561s] Invoked command in '/home/francesc/Escritorio/ros_ws/src/dome_sensors' returned '0': PYTHONPATH=/home/francesc/Escritorio/ros_ws/install/dome_sensors/lib/python3.6/site-packages:/home/francesc/Escritorio/ros_ws/install/dome_interfaces/lib/python3.6/site-packages:/home/francesc/Escritorio/ros_ws/install/dome_servcli/lib/python3.6/site-packages:/home/francesc/Escritorio/ros_ws/install/dome_sensors/lib/python3.6/site-packages:/opt/ros/dashing/lib/python3.6/site-packages /usr/bin/python3 setup.py egg_info --egg-base /home/francesc/Escritorio/ros_ws/build/dome_sensors build --build-base /home/francesc/Escritorio/ros_ws/build/dome_sensors/build install --prefix /home/francesc/Escritorio/ros_ws/install/dome_sensors --record /home/francesc/Escritorio/ros_ws/build/dome_sensors/install.log --single-version-externally-managed
