/home/francesc/Escritorio/ROS-observatory/ros_ws/install/dome_servcli/lib/python3.6/site-packages/dome_servcli/dome_motor.py
/home/francesc/Escritorio/ROS-observatory/ros_ws/install/dome_servcli/lib/python3.6/site-packages/dome_servcli/__init__.py
/home/francesc/Escritorio/ROS-observatory/ros_ws/install/dome_servcli/lib/python3.6/site-packages/dome_servcli/dome.py
/home/francesc/Escritorio/ROS-observatory/ros_ws/install/dome_servcli/lib/python3.6/site-packages/dome_servcli/sensor.py
/home/francesc/Escritorio/ROS-observatory/ros_ws/install/dome_servcli/lib/python3.6/site-packages/dome_servcli/dome_service.py
/home/francesc/Escritorio/ROS-observatory/ros_ws/install/dome_servcli/lib/python3.6/site-packages/dome_servcli/wing.py
/home/francesc/Escritorio/ROS-observatory/ros_ws/install/dome_servcli/lib/python3.6/site-packages/dome_servcli/dome_client.py
/home/francesc/Escritorio/ROS-observatory/ros_ws/install/dome_servcli/lib/python3.6/site-packages/dome_servcli/__pycache__/dome_motor.cpython-36.pyc
/home/francesc/Escritorio/ROS-observatory/ros_ws/install/dome_servcli/lib/python3.6/site-packages/dome_servcli/__pycache__/__init__.cpython-36.pyc
/home/francesc/Escritorio/ROS-observatory/ros_ws/install/dome_servcli/lib/python3.6/site-packages/dome_servcli/__pycache__/dome.cpython-36.pyc
/home/francesc/Escritorio/ROS-observatory/ros_ws/install/dome_servcli/lib/python3.6/site-packages/dome_servcli/__pycache__/sensor.cpython-36.pyc
/home/francesc/Escritorio/ROS-observatory/ros_ws/install/dome_servcli/lib/python3.6/site-packages/dome_servcli/__pycache__/dome_service.cpython-36.pyc
/home/francesc/Escritorio/ROS-observatory/ros_ws/install/dome_servcli/lib/python3.6/site-packages/dome_servcli/__pycache__/wing.cpython-36.pyc
/home/francesc/Escritorio/ROS-observatory/ros_ws/install/dome_servcli/lib/python3.6/site-packages/dome_servcli/__pycache__/dome_client.cpython-36.pyc
/home/francesc/Escritorio/ROS-observatory/ros_ws/install/dome_servcli/share/ament_index/resource_index/packages/dome_servcli
/home/francesc/Escritorio/ROS-observatory/ros_ws/install/dome_servcli/share/dome_servcli/package.xml
/home/francesc/Escritorio/ROS-observatory/ros_ws/install/dome_servcli/lib/python3.6/site-packages/dome_servcli-0.0.0-py3.6.egg-info/SOURCES.txt
/home/francesc/Escritorio/ROS-observatory/ros_ws/install/dome_servcli/lib/python3.6/site-packages/dome_servcli-0.0.0-py3.6.egg-info/dependency_links.txt
/home/francesc/Escritorio/ROS-observatory/ros_ws/install/dome_servcli/lib/python3.6/site-packages/dome_servcli-0.0.0-py3.6.egg-info/entry_points.txt
/home/francesc/Escritorio/ROS-observatory/ros_ws/install/dome_servcli/lib/python3.6/site-packages/dome_servcli-0.0.0-py3.6.egg-info/top_level.txt
/home/francesc/Escritorio/ROS-observatory/ros_ws/install/dome_servcli/lib/python3.6/site-packages/dome_servcli-0.0.0-py3.6.egg-info/zip-safe
/home/francesc/Escritorio/ROS-observatory/ros_ws/install/dome_servcli/lib/python3.6/site-packages/dome_servcli-0.0.0-py3.6.egg-info/PKG-INFO
/home/francesc/Escritorio/ROS-observatory/ros_ws/install/dome_servcli/lib/python3.6/site-packages/dome_servcli-0.0.0-py3.6.egg-info/requires.txt
/home/francesc/Escritorio/ROS-observatory/ros_ws/install/dome_servcli/lib/dome_servcli/client
/home/francesc/Escritorio/ROS-observatory/ros_ws/install/dome_servcli/lib/dome_servcli/service
