[1.048s] Invoking command in '/home/francesc/Escritorio/ROS-observatory/ros_ws/src/camera_servcli': PYTHONPATH=/home/francesc/Escritorio/ROS-observatory/ros_ws/install/camera_servcli/lib/python3.6/site-packages:${PYTHONPATH} /usr/bin/python3 setup.py egg_info --egg-base /home/francesc/Escritorio/ROS-observatory/ros_ws/build/camera_servcli build --build-base /home/francesc/Escritorio/ROS-observatory/ros_ws/build/camera_servcli/build install --prefix /home/francesc/Escritorio/ROS-observatory/ros_ws/install/camera_servcli --record /home/francesc/Escritorio/ROS-observatory/ros_ws/build/camera_servcli/install.log --single-version-externally-managed
[1.298s] running egg_info
[1.298s] creating /home/francesc/Escritorio/ROS-observatory/ros_ws/build/camera_servcli/camera_servcli.egg-info
[1.299s] writing /home/francesc/Escritorio/ROS-observatory/ros_ws/build/camera_servcli/camera_servcli.egg-info/PKG-INFO
[1.299s] writing dependency_links to /home/francesc/Escritorio/ROS-observatory/ros_ws/build/camera_servcli/camera_servcli.egg-info/dependency_links.txt
[1.299s] writing entry points to /home/francesc/Escritorio/ROS-observatory/ros_ws/build/camera_servcli/camera_servcli.egg-info/entry_points.txt
[1.299s] writing requirements to /home/francesc/Escritorio/ROS-observatory/ros_ws/build/camera_servcli/camera_servcli.egg-info/requires.txt
[1.300s] writing top-level names to /home/francesc/Escritorio/ROS-observatory/ros_ws/build/camera_servcli/camera_servcli.egg-info/top_level.txt
[1.300s] writing manifest file '/home/francesc/Escritorio/ROS-observatory/ros_ws/build/camera_servcli/camera_servcli.egg-info/SOURCES.txt'
[1.333s] reading manifest file '/home/francesc/Escritorio/ROS-observatory/ros_ws/build/camera_servcli/camera_servcli.egg-info/SOURCES.txt'
[1.334s] writing manifest file '/home/francesc/Escritorio/ROS-observatory/ros_ws/build/camera_servcli/camera_servcli.egg-info/SOURCES.txt'
[1.334s] running build
[1.334s] running build_py
[1.334s] creating /home/francesc/Escritorio/ROS-observatory/ros_ws/build/camera_servcli/build
[1.335s] creating /home/francesc/Escritorio/ROS-observatory/ros_ws/build/camera_servcli/build/lib
[1.335s] creating /home/francesc/Escritorio/ROS-observatory/ros_ws/build/camera_servcli/build/lib/camera_servcli
[1.335s] copying camera_servcli/__init__.py -> /home/francesc/Escritorio/ROS-observatory/ros_ws/build/camera_servcli/build/lib/camera_servcli
[1.335s] copying camera_servcli/camera.py -> /home/francesc/Escritorio/ROS-observatory/ros_ws/build/camera_servcli/build/lib/camera_servcli
[1.336s] copying camera_servcli/camera_client.py -> /home/francesc/Escritorio/ROS-observatory/ros_ws/build/camera_servcli/build/lib/camera_servcli
[1.336s] copying camera_servcli/camera_service.py -> /home/francesc/Escritorio/ROS-observatory/ros_ws/build/camera_servcli/build/lib/camera_servcli
[1.336s] running install
[1.336s] running install_lib
[1.337s] creating /home/francesc/Escritorio/ROS-observatory/ros_ws/install/camera_servcli/lib/python3.6/site-packages/camera_servcli
[1.337s] copying /home/francesc/Escritorio/ROS-observatory/ros_ws/build/camera_servcli/build/lib/camera_servcli/__init__.py -> /home/francesc/Escritorio/ROS-observatory/ros_ws/install/camera_servcli/lib/python3.6/site-packages/camera_servcli
[1.337s] copying /home/francesc/Escritorio/ROS-observatory/ros_ws/build/camera_servcli/build/lib/camera_servcli/camera.py -> /home/francesc/Escritorio/ROS-observatory/ros_ws/install/camera_servcli/lib/python3.6/site-packages/camera_servcli
[1.337s] copying /home/francesc/Escritorio/ROS-observatory/ros_ws/build/camera_servcli/build/lib/camera_servcli/camera_client.py -> /home/francesc/Escritorio/ROS-observatory/ros_ws/install/camera_servcli/lib/python3.6/site-packages/camera_servcli
[1.337s] copying /home/francesc/Escritorio/ROS-observatory/ros_ws/build/camera_servcli/build/lib/camera_servcli/camera_service.py -> /home/francesc/Escritorio/ROS-observatory/ros_ws/install/camera_servcli/lib/python3.6/site-packages/camera_servcli
[1.338s] byte-compiling /home/francesc/Escritorio/ROS-observatory/ros_ws/install/camera_servcli/lib/python3.6/site-packages/camera_servcli/__init__.py to __init__.cpython-36.pyc
[1.339s] byte-compiling /home/francesc/Escritorio/ROS-observatory/ros_ws/install/camera_servcli/lib/python3.6/site-packages/camera_servcli/camera.py to camera.cpython-36.pyc
[1.343s] byte-compiling /home/francesc/Escritorio/ROS-observatory/ros_ws/install/camera_servcli/lib/python3.6/site-packages/camera_servcli/camera_client.py to camera_client.cpython-36.pyc
[1.344s] byte-compiling /home/francesc/Escritorio/ROS-observatory/ros_ws/install/camera_servcli/lib/python3.6/site-packages/camera_servcli/camera_service.py to camera_service.cpython-36.pyc
[1.344s] running install_data
[1.345s] creating /home/francesc/Escritorio/ROS-observatory/ros_ws/install/camera_servcli/share/ament_index
[1.345s] creating /home/francesc/Escritorio/ROS-observatory/ros_ws/install/camera_servcli/share/ament_index/resource_index
[1.345s] creating /home/francesc/Escritorio/ROS-observatory/ros_ws/install/camera_servcli/share/ament_index/resource_index/packages
[1.346s] copying resource/camera_servcli -> /home/francesc/Escritorio/ROS-observatory/ros_ws/install/camera_servcli/share/ament_index/resource_index/packages
[1.346s] copying package.xml -> /home/francesc/Escritorio/ROS-observatory/ros_ws/install/camera_servcli/share/camera_servcli
[1.346s] running install_egg_info
[1.349s] Copying /home/francesc/Escritorio/ROS-observatory/ros_ws/build/camera_servcli/camera_servcli.egg-info to /home/francesc/Escritorio/ROS-observatory/ros_ws/install/camera_servcli/lib/python3.6/site-packages/camera_servcli-0.0.0-py3.6.egg-info
[1.351s] running install_scripts
[1.364s] Installing client script to /home/francesc/Escritorio/ROS-observatory/ros_ws/install/camera_servcli/lib/camera_servcli
[1.365s] Installing service script to /home/francesc/Escritorio/ROS-observatory/ros_ws/install/camera_servcli/lib/camera_servcli
[1.365s] writing list of installed files to '/home/francesc/Escritorio/ROS-observatory/ros_ws/build/camera_servcli/install.log'
[1.400s] Invoked command in '/home/francesc/Escritorio/ROS-observatory/ros_ws/src/camera_servcli' returned '0': PYTHONPATH=/home/francesc/Escritorio/ROS-observatory/ros_ws/install/camera_servcli/lib/python3.6/site-packages:${PYTHONPATH} /usr/bin/python3 setup.py egg_info --egg-base /home/francesc/Escritorio/ROS-observatory/ros_ws/build/camera_servcli build --build-base /home/francesc/Escritorio/ROS-observatory/ros_ws/build/camera_servcli/build install --prefix /home/francesc/Escritorio/ROS-observatory/ros_ws/install/camera_servcli --record /home/francesc/Escritorio/ROS-observatory/ros_ws/build/camera_servcli/install.log --single-version-externally-managed
