[0.018s] Invoking command in '/home/francesc/Escritorio/ros_ws/build/dome_interfaces': CMAKE_PREFIX_PATH=${CMAKE_PREFIX_PATH}:/home/francesc/Escritorio/ros_ws/install/dome_servcli:/home/francesc/Escritorio/ros_ws/install/dome_sensors:/opt/ros/dashing /usr/bin/cmake --build /home/francesc/Escritorio/ros_ws/build/dome_interfaces -- -j12 -l12
[0.053s] -- Found ament_cmake: 0.7.4 (/opt/ros/dashing/share/ament_cmake/cmake)
[0.079s] -- Found PythonInterp: /usr/bin/python3 (found suitable version "3.6.9", minimum required is "3") 
[0.079s] -- Using PYTHON_EXECUTABLE: /usr/bin/python3
[0.260s] -- Found rosidl_default_generators: 0.7.0 (/opt/ros/dashing/share/rosidl_default_generators/cmake)
[0.330s] -- Found rosidl_adapter: 0.7.9 (/opt/ros/dashing/share/rosidl_adapter/cmake)
[0.383s] -- Found ament_lint_auto: 0.7.11 (/opt/ros/dashing/share/ament_lint_auto/cmake)
[0.471s] -- Found PythonInterp: /usr/bin/python3 (found version "3.6.9") 
[0.561s] -- Using single matching rosidl_typesupport_c: rosidl_typesupport_fastrtps_c
[0.566s] -- Using single matching rosidl_typesupport_cpp: rosidl_typesupport_fastrtps_cpp
[0.662s] -- Found rmw_implementation_cmake: 0.7.2 (/opt/ros/dashing/share/rmw_implementation_cmake/cmake)
[0.685s] -- Found PythonInterp: /usr/bin/python3 (found suitable version "3.6.9", minimum required is "3.5") 
[0.685s] -- Found python_cmake_module: 0.7.10 (/opt/ros/dashing/share/python_cmake_module/cmake)
[0.718s] -- Using PYTHON_EXECUTABLE: /usr/bin/python3
[0.719s] -- Using PYTHON_INCLUDE_DIRS: /usr/include/python3.6m
[0.719s] -- Using PYTHON_LIBRARIES: /usr/lib/x86_64-linux-gnu/libpython3.6m.so
[0.812s] -- Added test 'lint_cmake' to check CMake code style
[0.813s] -- Added test 'xmllint' to check XML markup files
[0.816s] -- Configuring done
[0.855s] -- Generating done
[0.858s] -- Build files have been written to: /home/francesc/Escritorio/ros_ws/build/dome_interfaces
[0.893s] [35m[1mScanning dependencies of target dome_interfaces__cpp[0m
[0.896s] [  1%] [34m[1mGenerating C code for ROS interfaces[0m
[0.907s] [  3%] [34m[1mGenerating C++ code for ROS interfaces[0m
[1.336s] [  3%] Built target dome_interfaces__cpp
[1.354s] [  5%] [34m[1mGenerating C++ introspection for ROS interfaces[0m
[1.355s] [  7%] [34m[1mGenerating C++ type support for eProsima Fast-RTPS[0m
[1.374s] [35m[1mScanning dependencies of target dome_interfaces__rosidl_generator_c[0m
[1.389s] [  9%] [32mBuilding C object CMakeFiles/dome_interfaces__rosidl_generator_c.dir/rosidl_generator_c/dome_interfaces/srv/weather__functions.c.o[0m
[1.390s] [ 13%] [32mBuilding C object CMakeFiles/dome_interfaces__rosidl_generator_c.dir/rosidl_generator_c/dome_interfaces/msg/sensor__functions.c.o[0m
[1.391s] [ 13%] [32mBuilding C object CMakeFiles/dome_interfaces__rosidl_generator_c.dir/rosidl_generator_c/dome_interfaces/srv/camera__functions.c.o[0m
[1.391s] [ 15%] [32mBuilding C object CMakeFiles/dome_interfaces__rosidl_generator_c.dir/rosidl_generator_c/dome_interfaces/srv/dome__functions.c.o[0m
[1.446s] [ 16%] [32m[1mLinking C shared library libdome_interfaces__rosidl_generator_c.so[0m
[1.490s] [ 16%] Built target dome_interfaces__rosidl_generator_c
[1.512s] [ 18%] [34m[1mGenerating C introspection for ROS interfaces[0m
[1.726s] [35m[1mScanning dependencies of target dome_interfaces__rosidl_typesupport_introspection_cpp[0m
[1.743s] [ 20%] [32mBuilding CXX object CMakeFiles/dome_interfaces__rosidl_typesupport_introspection_cpp.dir/rosidl_typesupport_introspection_cpp/dome_interfaces/srv/weather__type_support.cpp.o[0m
[1.744s] [ 22%] [32mBuilding CXX object CMakeFiles/dome_interfaces__rosidl_typesupport_introspection_cpp.dir/rosidl_typesupport_introspection_cpp/dome_interfaces/msg/sensor__type_support.cpp.o[0m
[1.744s] [ 24%] [32mBuilding CXX object CMakeFiles/dome_interfaces__rosidl_typesupport_introspection_cpp.dir/rosidl_typesupport_introspection_cpp/dome_interfaces/srv/camera__type_support.cpp.o[0m
[1.745s] [ 26%] [32mBuilding CXX object CMakeFiles/dome_interfaces__rosidl_typesupport_introspection_cpp.dir/rosidl_typesupport_introspection_cpp/dome_interfaces/srv/dome__type_support.cpp.o[0m
[1.848s] [35m[1mScanning dependencies of target dome_interfaces__rosidl_typesupport_fastrtps_cpp[0m
[1.867s] [ 28%] [32mBuilding CXX object CMakeFiles/dome_interfaces__rosidl_typesupport_fastrtps_cpp.dir/rosidl_typesupport_fastrtps_cpp/dome_interfaces/srv/dds_fastrtps/camera__type_support.cpp.o[0m
[1.870s] [ 30%] [32mBuilding CXX object CMakeFiles/dome_interfaces__rosidl_typesupport_fastrtps_cpp.dir/rosidl_typesupport_fastrtps_cpp/dome_interfaces/msg/dds_fastrtps/sensor__type_support.cpp.o[0m
[1.870s] [ 32%] [32mBuilding CXX object CMakeFiles/dome_interfaces__rosidl_typesupport_fastrtps_cpp.dir/rosidl_typesupport_fastrtps_cpp/dome_interfaces/srv/dds_fastrtps/dome__type_support.cpp.o[0m
[1.871s] [ 33%] [32mBuilding CXX object CMakeFiles/dome_interfaces__rosidl_typesupport_fastrtps_cpp.dir/rosidl_typesupport_fastrtps_cpp/dome_interfaces/srv/dds_fastrtps/weather__type_support.cpp.o[0m
[1.988s] [35m[1mScanning dependencies of target dome_interfaces__rosidl_typesupport_introspection_c[0m
[2.007s] [ 37%] [32mBuilding C object CMakeFiles/dome_interfaces__rosidl_typesupport_introspection_c.dir/rosidl_typesupport_introspection_c/dome_interfaces/msg/sensor__type_support.c.o[0m
[2.007s] [ 39%] [32mBuilding C object CMakeFiles/dome_interfaces__rosidl_typesupport_introspection_c.dir/rosidl_typesupport_introspection_c/dome_interfaces/srv/dome__type_support.c.o[0m
[2.007s] [ 39%] [32mBuilding C object CMakeFiles/dome_interfaces__rosidl_typesupport_introspection_c.dir/rosidl_typesupport_introspection_c/dome_interfaces/srv/weather__type_support.c.o[0m
[2.007s] [ 41%] [32mBuilding C object CMakeFiles/dome_interfaces__rosidl_typesupport_introspection_c.dir/rosidl_typesupport_introspection_c/dome_interfaces/srv/camera__type_support.c.o[0m
[2.054s] [ 43%] [32m[1mLinking C shared library libdome_interfaces__rosidl_typesupport_introspection_c.so[0m
[2.055s] [ 45%] [32m[1mLinking CXX shared library libdome_interfaces__rosidl_typesupport_introspection_cpp.so[0m
[2.098s] [ 45%] Built target dome_interfaces__rosidl_typesupport_introspection_c
[2.114s] [ 45%] Built target dome_interfaces__rosidl_typesupport_introspection_cpp
[2.293s] [ 47%] [32m[1mLinking CXX shared library libdome_interfaces__rosidl_typesupport_fastrtps_cpp.so[0m
[2.383s] [ 47%] Built target dome_interfaces__rosidl_typesupport_fastrtps_cpp
[2.395s] [ 49%] [34m[1mGenerating C++ type support dispatch for ROS interfaces[0m
[2.401s] [ 50%] [34m[1mGenerating C type support for eProsima Fast-RTPS[0m
[2.732s] [35m[1mScanning dependencies of target dome_interfaces__rosidl_typesupport_cpp[0m
[2.754s] [ 52%] [32mBuilding CXX object CMakeFiles/dome_interfaces__rosidl_typesupport_cpp.dir/rosidl_typesupport_cpp/dome_interfaces/msg/sensor__type_support.cpp.o[0m
[2.757s] [ 54%] [32mBuilding CXX object CMakeFiles/dome_interfaces__rosidl_typesupport_cpp.dir/rosidl_typesupport_cpp/dome_interfaces/srv/camera__type_support.cpp.o[0m
[2.758s] [ 56%] [32mBuilding CXX object CMakeFiles/dome_interfaces__rosidl_typesupport_cpp.dir/rosidl_typesupport_cpp/dome_interfaces/srv/weather__type_support.cpp.o[0m
[2.759s] [ 58%] [32mBuilding CXX object CMakeFiles/dome_interfaces__rosidl_typesupport_cpp.dir/rosidl_typesupport_cpp/dome_interfaces/srv/dome__type_support.cpp.o[0m
[2.875s] [35m[1mScanning dependencies of target dome_interfaces__rosidl_typesupport_fastrtps_c[0m
[2.897s] [ 64%] [32mBuilding CXX object CMakeFiles/dome_interfaces__rosidl_typesupport_fastrtps_c.dir/rosidl_typesupport_fastrtps_c/dome_interfaces/srv/dome__type_support_c.cpp.o[0m
[2.898s] [ 64%] [32mBuilding CXX object CMakeFiles/dome_interfaces__rosidl_typesupport_fastrtps_c.dir/rosidl_typesupport_fastrtps_c/dome_interfaces/msg/sensor__type_support_c.cpp.o[0m
[2.898s] [ 64%] [32mBuilding CXX object CMakeFiles/dome_interfaces__rosidl_typesupport_fastrtps_c.dir/rosidl_typesupport_fastrtps_c/dome_interfaces/srv/weather__type_support_c.cpp.o[0m
[2.898s] [ 66%] [32mBuilding CXX object CMakeFiles/dome_interfaces__rosidl_typesupport_fastrtps_c.dir/rosidl_typesupport_fastrtps_c/dome_interfaces/srv/camera__type_support_c.cpp.o[0m
[3.220s] [ 67%] [32m[1mLinking CXX shared library libdome_interfaces__rosidl_typesupport_cpp.so[0m
[3.309s] [ 69%] [32m[1mLinking CXX shared library libdome_interfaces__rosidl_typesupport_fastrtps_c.so[0m
[3.310s] [ 69%] Built target dome_interfaces__rosidl_typesupport_cpp
[3.390s] [ 69%] Built target dome_interfaces__rosidl_typesupport_fastrtps_c
[3.409s] [ 71%] [34m[1mGenerating C type support dispatch for ROS interfaces[0m
[3.743s] [35m[1mScanning dependencies of target dome_interfaces__rosidl_typesupport_c[0m
[3.766s] [ 73%] [32mBuilding CXX object CMakeFiles/dome_interfaces__rosidl_typesupport_c.dir/rosidl_typesupport_c/dome_interfaces/msg/sensor__type_support.cpp.o[0m
[3.766s] [ 75%] [32mBuilding CXX object CMakeFiles/dome_interfaces__rosidl_typesupport_c.dir/rosidl_typesupport_c/dome_interfaces/srv/dome__type_support.cpp.o[0m
[3.766s] [ 77%] [32mBuilding CXX object CMakeFiles/dome_interfaces__rosidl_typesupport_c.dir/rosidl_typesupport_c/dome_interfaces/srv/camera__type_support.cpp.o[0m
[3.767s] [ 79%] [32mBuilding CXX object CMakeFiles/dome_interfaces__rosidl_typesupport_c.dir/rosidl_typesupport_c/dome_interfaces/srv/weather__type_support.cpp.o[0m
[3.805s] [ 81%] [32m[1mLinking CXX shared library libdome_interfaces__rosidl_typesupport_c.so[0m
[3.879s] [ 81%] Built target dome_interfaces__rosidl_typesupport_c
[3.913s] [ 81%] Built target dome_interfaces
[3.930s] [35m[1mScanning dependencies of target dome_interfaces__py[0m
[3.946s] [ 83%] [34m[1mGenerating Python code for ROS interfaces[0m
[4.731s] [ 83%] Built target dome_interfaces__py
[4.749s] [35m[1mScanning dependencies of target dome_interfaces__python[0m
[4.776s] [ 84%] [32mBuilding C object CMakeFiles/dome_interfaces__python.dir/rosidl_generator_py/dome_interfaces/srv/_dome_s.c.o[0m
[4.780s] [ 86%] [32mBuilding C object CMakeFiles/dome_interfaces__python.dir/rosidl_generator_py/dome_interfaces/msg/_sensor_s.c.o[0m
[4.783s] [ 88%] [32mBuilding C object CMakeFiles/dome_interfaces__python.dir/rosidl_generator_py/dome_interfaces/srv/_camera_s.c.o[0m
[4.785s] [ 90%] [32mBuilding C object CMakeFiles/dome_interfaces__python.dir/rosidl_generator_py/dome_interfaces/srv/_weather_s.c.o[0m
[4.880s] [ 92%] [32m[1mLinking C shared library rosidl_generator_py/dome_interfaces/libdome_interfaces__python.so[0m
[4.944s] [ 92%] Built target dome_interfaces__python
[4.956s] [35m[1mScanning dependencies of target dome_interfaces__rosidl_typesupport_c__pyext[0m
[4.962s] [35m[1mScanning dependencies of target dome_interfaces__rosidl_typesupport_fastrtps_c__pyext[0m
[4.980s] [ 94%] [32mBuilding C object CMakeFiles/dome_interfaces__rosidl_typesupport_c__pyext.dir/rosidl_generator_py/dome_interfaces/_dome_interfaces_s.ep.rosidl_typesupport_c.c.o[0m
[4.988s] [ 96%] [32mBuilding C object CMakeFiles/dome_interfaces__rosidl_typesupport_fastrtps_c__pyext.dir/rosidl_generator_py/dome_interfaces/_dome_interfaces_s.ep.rosidl_typesupport_fastrtps_c.c.o[0m
[5.082s] [ 98%] [32m[1mLinking C shared library rosidl_generator_py/dome_interfaces/dome_interfaces_s__rosidl_typesupport_fastrtps_c.cpython-36m-x86_64-linux-gnu.so[0m
[5.083s] [100%] [32m[1mLinking C shared library rosidl_generator_py/dome_interfaces/dome_interfaces_s__rosidl_typesupport_c.cpython-36m-x86_64-linux-gnu.so[0m
[5.138s] [100%] Built target dome_interfaces__rosidl_typesupport_c__pyext
[5.139s] [100%] Built target dome_interfaces__rosidl_typesupport_fastrtps_c__pyext
[5.150s] Invoked command in '/home/francesc/Escritorio/ros_ws/build/dome_interfaces' returned '0': CMAKE_PREFIX_PATH=${CMAKE_PREFIX_PATH}:/home/francesc/Escritorio/ros_ws/install/dome_servcli:/home/francesc/Escritorio/ros_ws/install/dome_sensors:/opt/ros/dashing /usr/bin/cmake --build /home/francesc/Escritorio/ros_ws/build/dome_interfaces -- -j12 -l12
[5.312s] Invoking command in '/home/francesc/Escritorio/ros_ws/build/dome_interfaces': CMAKE_PREFIX_PATH=${CMAKE_PREFIX_PATH}:/home/francesc/Escritorio/ros_ws/install/dome_servcli:/home/francesc/Escritorio/ros_ws/install/dome_sensors:/opt/ros/dashing /usr/bin/cmake --build /home/francesc/Escritorio/ros_ws/build/dome_interfaces --target install -- -j12 -l12
[5.392s] [  1%] Built target dome_interfaces__cpp
[5.392s] [ 13%] Built target dome_interfaces__rosidl_generator_c
[5.426s] [ 24%] Built target dome_interfaces__rosidl_typesupport_introspection_c
[5.430s] [ 35%] Built target dome_interfaces__rosidl_typesupport_introspection_cpp
[5.434s] [ 47%] Built target dome_interfaces__rosidl_typesupport_fastrtps_cpp
[5.469s] [ 58%] Built target dome_interfaces__rosidl_typesupport_fastrtps_c
[5.471s] [ 69%] Built target dome_interfaces__rosidl_typesupport_cpp
[5.503s] [ 81%] Built target dome_interfaces__rosidl_typesupport_c
[5.531s] [ 81%] Built target dome_interfaces
[5.573s] [ 83%] Built target dome_interfaces__py
[5.618s] [ 92%] Built target dome_interfaces__python
[5.655s] [ 96%] Built target dome_interfaces__rosidl_typesupport_c__pyext
[5.666s] [100%] Built target dome_interfaces__rosidl_typesupport_fastrtps_c__pyext
[5.695s] [36mInstall the project...[0m
[5.706s] -- Install configuration: ""
[5.706s] -- Installing: /home/francesc/Escritorio/ros_ws/install/dome_interfaces/share/ament_index/resource_index/rosidl_interfaces/dome_interfaces
[5.707s] -- Installing: /home/francesc/Escritorio/ros_ws/install/dome_interfaces/lib/libdome_interfaces__rosidl_typesupport_c.so
[5.707s] -- Set runtime path of "/home/francesc/Escritorio/ros_ws/install/dome_interfaces/lib/libdome_interfaces__rosidl_typesupport_c.so" to ""
[5.708s] -- Up-to-date: /home/francesc/Escritorio/ros_ws/install/dome_interfaces/share/dome_interfaces/environment/library_path.sh
[5.708s] -- Installing: /home/francesc/Escritorio/ros_ws/install/dome_interfaces/lib/libdome_interfaces__rosidl_typesupport_cpp.so
[5.709s] -- Set runtime path of "/home/francesc/Escritorio/ros_ws/install/dome_interfaces/lib/libdome_interfaces__rosidl_typesupport_cpp.so" to ""
[5.709s] -- Up-to-date: /home/francesc/Escritorio/ros_ws/install/dome_interfaces/include/dome_interfaces
[5.710s] -- Up-to-date: /home/francesc/Escritorio/ros_ws/install/dome_interfaces/include/dome_interfaces/srv
[5.710s] -- Installing: /home/francesc/Escritorio/ros_ws/install/dome_interfaces/include/dome_interfaces/srv/dome__rosidl_typesupport_fastrtps_c.h
[5.710s] -- Installing: /home/francesc/Escritorio/ros_ws/install/dome_interfaces/include/dome_interfaces/srv/camera__rosidl_typesupport_fastrtps_c.h
[5.710s] -- Installing: /home/francesc/Escritorio/ros_ws/install/dome_interfaces/include/dome_interfaces/srv/weather__rosidl_typesupport_fastrtps_c.h
[5.711s] -- Up-to-date: /home/francesc/Escritorio/ros_ws/install/dome_interfaces/include/dome_interfaces/msg
[5.711s] -- Up-to-date: /home/francesc/Escritorio/ros_ws/install/dome_interfaces/include/dome_interfaces/msg/action__rosidl_typesupport_fastrtps_c.h
[5.711s] -- Up-to-date: /home/francesc/Escritorio/ros_ws/install/dome_interfaces/include/dome_interfaces/msg/rosidl_typesupport_fastrtps_c__visibility_control.h
[5.711s] -- Installing: /home/francesc/Escritorio/ros_ws/install/dome_interfaces/include/dome_interfaces/msg/sensor__rosidl_typesupport_fastrtps_c.h
[5.712s] -- Installing: /home/francesc/Escritorio/ros_ws/install/dome_interfaces/lib/libdome_interfaces__rosidl_typesupport_fastrtps_c.so
[5.712s] -- Set runtime path of "/home/francesc/Escritorio/ros_ws/install/dome_interfaces/lib/libdome_interfaces__rosidl_typesupport_fastrtps_c.so" to ""
[5.712s] -- Up-to-date: /home/francesc/Escritorio/ros_ws/install/dome_interfaces/include/dome_interfaces
[5.713s] -- Up-to-date: /home/francesc/Escritorio/ros_ws/install/dome_interfaces/include/dome_interfaces/srv
[5.713s] -- Installing: /home/francesc/Escritorio/ros_ws/install/dome_interfaces/include/dome_interfaces/srv/dome.h
[5.714s] -- Installing: /home/francesc/Escritorio/ros_ws/install/dome_interfaces/include/dome_interfaces/srv/dome__functions.h
[5.714s] -- Installing: /home/francesc/Escritorio/ros_ws/install/dome_interfaces/include/dome_interfaces/srv/dome__functions.c
[5.715s] -- Installing: /home/francesc/Escritorio/ros_ws/install/dome_interfaces/include/dome_interfaces/srv/weather__struct.h
[5.715s] -- Installing: /home/francesc/Escritorio/ros_ws/install/dome_interfaces/include/dome_interfaces/srv/dome__struct.h
[5.715s] -- Installing: /home/francesc/Escritorio/ros_ws/install/dome_interfaces/include/dome_interfaces/srv/camera__functions.h
[5.716s] -- Installing: /home/francesc/Escritorio/ros_ws/install/dome_interfaces/include/dome_interfaces/srv/weather__functions.h
[5.716s] -- Installing: /home/francesc/Escritorio/ros_ws/install/dome_interfaces/include/dome_interfaces/srv/dome__type_support.h
[5.716s] -- Installing: /home/francesc/Escritorio/ros_ws/install/dome_interfaces/include/dome_interfaces/srv/weather__functions.c
[5.717s] -- Installing: /home/francesc/Escritorio/ros_ws/install/dome_interfaces/include/dome_interfaces/srv/camera__type_support.h
[5.717s] -- Installing: /home/francesc/Escritorio/ros_ws/install/dome_interfaces/include/dome_interfaces/srv/camera.h
[5.717s] -- Installing: /home/francesc/Escritorio/ros_ws/install/dome_interfaces/include/dome_interfaces/srv/camera__functions.c
[5.718s] -- Installing: /home/francesc/Escritorio/ros_ws/install/dome_interfaces/include/dome_interfaces/srv/weather__type_support.h
[5.718s] -- Installing: /home/francesc/Escritorio/ros_ws/install/dome_interfaces/include/dome_interfaces/srv/camera__struct.h
[5.718s] -- Installing: /home/francesc/Escritorio/ros_ws/install/dome_interfaces/include/dome_interfaces/srv/weather.h
[5.719s] -- Up-to-date: /home/francesc/Escritorio/ros_ws/install/dome_interfaces/include/dome_interfaces/msg
[5.719s] -- Installing: /home/francesc/Escritorio/ros_ws/install/dome_interfaces/include/dome_interfaces/msg/sensor__type_support.h
[5.719s] -- Up-to-date: /home/francesc/Escritorio/ros_ws/install/dome_interfaces/include/dome_interfaces/msg/action.h
[5.720s] -- Up-to-date: /home/francesc/Escritorio/ros_ws/install/dome_interfaces/include/dome_interfaces/msg/rosidl_generator_c__visibility_control.h
[5.720s] -- Installing: /home/francesc/Escritorio/ros_ws/install/dome_interfaces/include/dome_interfaces/msg/sensor__functions.c
[5.720s] -- Installing: /home/francesc/Escritorio/ros_ws/install/dome_interfaces/include/dome_interfaces/msg/sensor__struct.h
[5.720s] -- Up-to-date: /home/francesc/Escritorio/ros_ws/install/dome_interfaces/include/dome_interfaces/msg/action__struct.h
[5.720s] -- Installing: /home/francesc/Escritorio/ros_ws/install/dome_interfaces/include/dome_interfaces/msg/sensor.h
[5.720s] -- Up-to-date: /home/francesc/Escritorio/ros_ws/install/dome_interfaces/include/dome_interfaces/msg/action__functions.h
[5.720s] -- Up-to-date: /home/francesc/Escritorio/ros_ws/install/dome_interfaces/include/dome_interfaces/msg/action__type_support.h
[5.721s] -- Up-to-date: /home/francesc/Escritorio/ros_ws/install/dome_interfaces/include/dome_interfaces/msg/action__functions.c
[5.721s] -- Installing: /home/francesc/Escritorio/ros_ws/install/dome_interfaces/include/dome_interfaces/msg/sensor__functions.h
[5.721s] -- Installing: /home/francesc/Escritorio/ros_ws/install/dome_interfaces/lib/libdome_interfaces__rosidl_generator_c.so
[5.721s] -- Set runtime path of "/home/francesc/Escritorio/ros_ws/install/dome_interfaces/lib/libdome_interfaces__rosidl_generator_c.so" to ""
[5.721s] -- Up-to-date: /home/francesc/Escritorio/ros_ws/install/dome_interfaces/include/dome_interfaces
[5.721s] -- Up-to-date: /home/francesc/Escritorio/ros_ws/install/dome_interfaces/include/dome_interfaces/srv
[5.721s] -- Installing: /home/francesc/Escritorio/ros_ws/install/dome_interfaces/include/dome_interfaces/srv/weather__rosidl_typesupport_fastrtps_cpp.hpp
[5.721s] -- Installing: /home/francesc/Escritorio/ros_ws/install/dome_interfaces/include/dome_interfaces/srv/camera__rosidl_typesupport_fastrtps_cpp.hpp
[5.721s] -- Installing: /home/francesc/Escritorio/ros_ws/install/dome_interfaces/include/dome_interfaces/srv/dome__rosidl_typesupport_fastrtps_cpp.hpp
[5.722s] -- Up-to-date: /home/francesc/Escritorio/ros_ws/install/dome_interfaces/include/dome_interfaces/srv/dds_fastrtps
[5.722s] -- Up-to-date: /home/francesc/Escritorio/ros_ws/install/dome_interfaces/include/dome_interfaces/msg
[5.722s] -- Up-to-date: /home/francesc/Escritorio/ros_ws/install/dome_interfaces/include/dome_interfaces/msg/rosidl_typesupport_fastrtps_cpp__visibility_control.h
[5.722s] -- Up-to-date: /home/francesc/Escritorio/ros_ws/install/dome_interfaces/include/dome_interfaces/msg/action__rosidl_typesupport_fastrtps_cpp.hpp
[5.722s] -- Up-to-date: /home/francesc/Escritorio/ros_ws/install/dome_interfaces/include/dome_interfaces/msg/dds_fastrtps
[5.722s] -- Installing: /home/francesc/Escritorio/ros_ws/install/dome_interfaces/include/dome_interfaces/msg/sensor__rosidl_typesupport_fastrtps_cpp.hpp
[5.722s] -- Installing: /home/francesc/Escritorio/ros_ws/install/dome_interfaces/lib/libdome_interfaces__rosidl_typesupport_fastrtps_cpp.so
[5.722s] -- Set runtime path of "/home/francesc/Escritorio/ros_ws/install/dome_interfaces/lib/libdome_interfaces__rosidl_typesupport_fastrtps_cpp.so" to ""
[5.722s] -- Up-to-date: /home/francesc/Escritorio/ros_ws/install/dome_interfaces/include/dome_interfaces
[5.722s] -- Up-to-date: /home/francesc/Escritorio/ros_ws/install/dome_interfaces/include/dome_interfaces/srv
[5.723s] -- Installing: /home/francesc/Escritorio/ros_ws/install/dome_interfaces/include/dome_interfaces/srv/dome__struct.hpp
[5.723s] -- Installing: /home/francesc/Escritorio/ros_ws/install/dome_interfaces/include/dome_interfaces/srv/camera__struct.hpp
[5.723s] -- Installing: /home/francesc/Escritorio/ros_ws/install/dome_interfaces/include/dome_interfaces/srv/weather__traits.hpp
[5.723s] -- Installing: /home/francesc/Escritorio/ros_ws/install/dome_interfaces/include/dome_interfaces/srv/weather__struct.hpp
[5.723s] -- Installing: /home/francesc/Escritorio/ros_ws/install/dome_interfaces/include/dome_interfaces/srv/camera__traits.hpp
[5.723s] -- Installing: /home/francesc/Escritorio/ros_ws/install/dome_interfaces/include/dome_interfaces/srv/camera.hpp
[5.723s] -- Installing: /home/francesc/Escritorio/ros_ws/install/dome_interfaces/include/dome_interfaces/srv/dome__traits.hpp
[5.723s] -- Installing: /home/francesc/Escritorio/ros_ws/install/dome_interfaces/include/dome_interfaces/srv/dome.hpp
[5.723s] -- Installing: /home/francesc/Escritorio/ros_ws/install/dome_interfaces/include/dome_interfaces/srv/weather.hpp
[5.723s] -- Up-to-date: /home/francesc/Escritorio/ros_ws/install/dome_interfaces/include/dome_interfaces/msg
[5.723s] -- Up-to-date: /home/francesc/Escritorio/ros_ws/install/dome_interfaces/include/dome_interfaces/msg/action__struct.hpp
[5.724s] -- Installing: /home/francesc/Escritorio/ros_ws/install/dome_interfaces/include/dome_interfaces/msg/sensor__struct.hpp
[5.724s] -- Up-to-date: /home/francesc/Escritorio/ros_ws/install/dome_interfaces/include/dome_interfaces/msg/action.hpp
[5.724s] -- Up-to-date: /home/francesc/Escritorio/ros_ws/install/dome_interfaces/include/dome_interfaces/msg/action__traits.hpp
[5.724s] -- Installing: /home/francesc/Escritorio/ros_ws/install/dome_interfaces/include/dome_interfaces/msg/sensor.hpp
[5.724s] -- Installing: /home/francesc/Escritorio/ros_ws/install/dome_interfaces/include/dome_interfaces/msg/sensor__traits.hpp
[5.724s] -- Up-to-date: /home/francesc/Escritorio/ros_ws/install/dome_interfaces/include/dome_interfaces
[5.724s] -- Up-to-date: /home/francesc/Escritorio/ros_ws/install/dome_interfaces/include/dome_interfaces/srv
[5.724s] -- Installing: /home/francesc/Escritorio/ros_ws/install/dome_interfaces/include/dome_interfaces/srv/dome__type_support.c
[5.724s] -- Installing: /home/francesc/Escritorio/ros_ws/install/dome_interfaces/include/dome_interfaces/srv/camera__rosidl_typesupport_introspection_c.h
[5.724s] -- Installing: /home/francesc/Escritorio/ros_ws/install/dome_interfaces/include/dome_interfaces/srv/dome__rosidl_typesupport_introspection_c.h
[5.725s] -- Installing: /home/francesc/Escritorio/ros_ws/install/dome_interfaces/include/dome_interfaces/srv/weather__rosidl_typesupport_introspection_c.h
[5.725s] -- Installing: /home/francesc/Escritorio/ros_ws/install/dome_interfaces/include/dome_interfaces/srv/camera__type_support.c
[5.725s] -- Installing: /home/francesc/Escritorio/ros_ws/install/dome_interfaces/include/dome_interfaces/srv/weather__type_support.c
[5.725s] -- Up-to-date: /home/francesc/Escritorio/ros_ws/install/dome_interfaces/include/dome_interfaces/msg
[5.725s] -- Installing: /home/francesc/Escritorio/ros_ws/install/dome_interfaces/include/dome_interfaces/msg/sensor__rosidl_typesupport_introspection_c.h
[5.725s] -- Up-to-date: /home/francesc/Escritorio/ros_ws/install/dome_interfaces/include/dome_interfaces/msg/action__rosidl_typesupport_introspection_c.h
[5.725s] -- Up-to-date: /home/francesc/Escritorio/ros_ws/install/dome_interfaces/include/dome_interfaces/msg/rosidl_typesupport_introspection_c__visibility_control.h
[5.725s] -- Up-to-date: /home/francesc/Escritorio/ros_ws/install/dome_interfaces/include/dome_interfaces/msg/action__type_support.c
[5.725s] -- Installing: /home/francesc/Escritorio/ros_ws/install/dome_interfaces/include/dome_interfaces/msg/sensor__type_support.c
[5.725s] -- Installing: /home/francesc/Escritorio/ros_ws/install/dome_interfaces/lib/libdome_interfaces__rosidl_typesupport_introspection_c.so
[5.725s] -- Set runtime path of "/home/francesc/Escritorio/ros_ws/install/dome_interfaces/lib/libdome_interfaces__rosidl_typesupport_introspection_c.so" to ""
[5.726s] -- Up-to-date: /home/francesc/Escritorio/ros_ws/install/dome_interfaces/include/dome_interfaces
[5.726s] -- Up-to-date: /home/francesc/Escritorio/ros_ws/install/dome_interfaces/include/dome_interfaces/srv
[5.726s] -- Installing: /home/francesc/Escritorio/ros_ws/install/dome_interfaces/include/dome_interfaces/srv/dome__type_support.cpp
[5.726s] -- Installing: /home/francesc/Escritorio/ros_ws/install/dome_interfaces/include/dome_interfaces/srv/camera__rosidl_typesupport_introspection_cpp.hpp
[5.726s] -- Installing: /home/francesc/Escritorio/ros_ws/install/dome_interfaces/include/dome_interfaces/srv/dome__rosidl_typesupport_introspection_cpp.hpp
[5.726s] -- Installing: /home/francesc/Escritorio/ros_ws/install/dome_interfaces/include/dome_interfaces/srv/weather__rosidl_typesupport_introspection_cpp.hpp
[5.726s] -- Installing: /home/francesc/Escritorio/ros_ws/install/dome_interfaces/include/dome_interfaces/srv/camera__type_support.cpp
[5.726s] -- Installing: /home/francesc/Escritorio/ros_ws/install/dome_interfaces/include/dome_interfaces/srv/weather__type_support.cpp
[5.726s] -- Up-to-date: /home/francesc/Escritorio/ros_ws/install/dome_interfaces/include/dome_interfaces/msg
[5.726s] -- Installing: /home/francesc/Escritorio/ros_ws/install/dome_interfaces/include/dome_interfaces/msg/sensor__type_support.cpp
[5.727s] -- Up-to-date: /home/francesc/Escritorio/ros_ws/install/dome_interfaces/include/dome_interfaces/msg/action__type_support.cpp
[5.727s] -- Up-to-date: /home/francesc/Escritorio/ros_ws/install/dome_interfaces/include/dome_interfaces/msg/action__rosidl_typesupport_introspection_cpp.hpp
[5.727s] -- Installing: /home/francesc/Escritorio/ros_ws/install/dome_interfaces/include/dome_interfaces/msg/sensor__rosidl_typesupport_introspection_cpp.hpp
[5.727s] -- Installing: /home/francesc/Escritorio/ros_ws/install/dome_interfaces/lib/libdome_interfaces__rosidl_typesupport_introspection_cpp.so
[5.727s] -- Set runtime path of "/home/francesc/Escritorio/ros_ws/install/dome_interfaces/lib/libdome_interfaces__rosidl_typesupport_introspection_cpp.so" to ""
[5.727s] -- Up-to-date: /home/francesc/Escritorio/ros_ws/install/dome_interfaces/share/dome_interfaces/environment/pythonpath.sh
[5.727s] -- Installing: /home/francesc/Escritorio/ros_ws/install/dome_interfaces/lib/python3.6/site-packages/dome_interfaces/__init__.py
[5.767s] Compiling '/home/francesc/Escritorio/ros_ws/install/dome_interfaces/lib/python3.6/site-packages/dome_interfaces/__init__.py'...
[5.772s] -- Up-to-date: /home/francesc/Escritorio/ros_ws/install/dome_interfaces/lib/python3.6/site-packages/dome_interfaces/msg
[5.772s] -- Installing: /home/francesc/Escritorio/ros_ws/install/dome_interfaces/lib/python3.6/site-packages/dome_interfaces/msg/_sensor.py
[5.773s] -- Up-to-date: /home/francesc/Escritorio/ros_ws/install/dome_interfaces/lib/python3.6/site-packages/dome_interfaces/msg/_action_s.c
[5.773s] -- Installing: /home/francesc/Escritorio/ros_ws/install/dome_interfaces/lib/python3.6/site-packages/dome_interfaces/msg/__init__.py
[5.773s] -- Up-to-date: /home/francesc/Escritorio/ros_ws/install/dome_interfaces/lib/python3.6/site-packages/dome_interfaces/msg/_action.py
[5.774s] -- Installing: /home/francesc/Escritorio/ros_ws/install/dome_interfaces/lib/python3.6/site-packages/dome_interfaces/msg/_sensor_s.c
[5.774s] -- Up-to-date: /home/francesc/Escritorio/ros_ws/install/dome_interfaces/lib/python3.6/site-packages/dome_interfaces/srv
[5.774s] -- Installing: /home/francesc/Escritorio/ros_ws/install/dome_interfaces/lib/python3.6/site-packages/dome_interfaces/srv/_dome.py
[5.774s] -- Installing: /home/francesc/Escritorio/ros_ws/install/dome_interfaces/lib/python3.6/site-packages/dome_interfaces/srv/_weather.py
[5.774s] -- Installing: /home/francesc/Escritorio/ros_ws/install/dome_interfaces/lib/python3.6/site-packages/dome_interfaces/srv/__init__.py
[5.775s] -- Installing: /home/francesc/Escritorio/ros_ws/install/dome_interfaces/lib/python3.6/site-packages/dome_interfaces/srv/_camera_s.c
[5.775s] -- Installing: /home/francesc/Escritorio/ros_ws/install/dome_interfaces/lib/python3.6/site-packages/dome_interfaces/srv/_weather_s.c
[5.775s] -- Installing: /home/francesc/Escritorio/ros_ws/install/dome_interfaces/lib/python3.6/site-packages/dome_interfaces/srv/_dome_s.c
[5.775s] -- Installing: /home/francesc/Escritorio/ros_ws/install/dome_interfaces/lib/python3.6/site-packages/dome_interfaces/srv/_camera.py
[5.775s] -- Installing: /home/francesc/Escritorio/ros_ws/install/dome_interfaces/lib/python3.6/site-packages/dome_interfaces/dome_interfaces_s__rosidl_typesupport_c.cpython-36m-x86_64-linux-gnu.so
[5.776s] -- Set runtime path of "/home/francesc/Escritorio/ros_ws/install/dome_interfaces/lib/python3.6/site-packages/dome_interfaces/dome_interfaces_s__rosidl_typesupport_c.cpython-36m-x86_64-linux-gnu.so" to ""
[5.776s] -- Installing: /home/francesc/Escritorio/ros_ws/install/dome_interfaces/lib/python3.6/site-packages/dome_interfaces/dome_interfaces_s__rosidl_typesupport_fastrtps_c.cpython-36m-x86_64-linux-gnu.so
[5.776s] -- Set runtime path of "/home/francesc/Escritorio/ros_ws/install/dome_interfaces/lib/python3.6/site-packages/dome_interfaces/dome_interfaces_s__rosidl_typesupport_fastrtps_c.cpython-36m-x86_64-linux-gnu.so" to ""
[5.777s] -- Installing: /home/francesc/Escritorio/ros_ws/install/dome_interfaces/lib/libdome_interfaces__python.so
[5.777s] -- Set runtime path of "/home/francesc/Escritorio/ros_ws/install/dome_interfaces/lib/libdome_interfaces__python.so" to ""
[5.778s] -- Up-to-date: /home/francesc/Escritorio/ros_ws/install/dome_interfaces/share/dome_interfaces/msg/Sensor.idl
[5.778s] -- Up-to-date: /home/francesc/Escritorio/ros_ws/install/dome_interfaces/share/dome_interfaces/srv/Dome.idl
[5.778s] -- Up-to-date: /home/francesc/Escritorio/ros_ws/install/dome_interfaces/share/dome_interfaces/srv/Weather.idl
[5.778s] -- Installing: /home/francesc/Escritorio/ros_ws/install/dome_interfaces/share/dome_interfaces/srv/Camera.idl
[5.778s] -- Up-to-date: /home/francesc/Escritorio/ros_ws/install/dome_interfaces/share/dome_interfaces/msg/Sensor.msg
[5.779s] -- Up-to-date: /home/francesc/Escritorio/ros_ws/install/dome_interfaces/share/dome_interfaces/srv/Dome.srv
[5.779s] -- Up-to-date: /home/francesc/Escritorio/ros_ws/install/dome_interfaces/share/dome_interfaces/srv/Dome_Request.msg
[5.779s] -- Up-to-date: /home/francesc/Escritorio/ros_ws/install/dome_interfaces/share/dome_interfaces/srv/Dome_Response.msg
[5.779s] -- Up-to-date: /home/francesc/Escritorio/ros_ws/install/dome_interfaces/share/dome_interfaces/srv/Weather.srv
[5.779s] -- Up-to-date: /home/francesc/Escritorio/ros_ws/install/dome_interfaces/share/dome_interfaces/srv/Weather_Request.msg
[5.779s] -- Up-to-date: /home/francesc/Escritorio/ros_ws/install/dome_interfaces/share/dome_interfaces/srv/Weather_Response.msg
[5.780s] -- Installing: /home/francesc/Escritorio/ros_ws/install/dome_interfaces/share/dome_interfaces/srv/Camera.srv
[5.780s] -- Installing: /home/francesc/Escritorio/ros_ws/install/dome_interfaces/share/dome_interfaces/srv/Camera_Request.msg
[5.780s] -- Installing: /home/francesc/Escritorio/ros_ws/install/dome_interfaces/share/dome_interfaces/srv/Camera_Response.msg
[5.780s] -- Up-to-date: /home/francesc/Escritorio/ros_ws/install/dome_interfaces/share/ament_index/resource_index/package_run_dependencies/dome_interfaces
[5.780s] -- Installing: /home/francesc/Escritorio/ros_ws/install/dome_interfaces/share/ament_index/resource_index/parent_prefix_path/dome_interfaces
[5.780s] -- Up-to-date: /home/francesc/Escritorio/ros_ws/install/dome_interfaces/share/dome_interfaces/environment/ament_prefix_path.sh
[5.781s] -- Up-to-date: /home/francesc/Escritorio/ros_ws/install/dome_interfaces/share/dome_interfaces/environment/path.sh
[5.781s] -- Up-to-date: /home/francesc/Escritorio/ros_ws/install/dome_interfaces/share/dome_interfaces/local_setup.bash
[5.781s] -- Up-to-date: /home/francesc/Escritorio/ros_ws/install/dome_interfaces/share/dome_interfaces/local_setup.sh
[5.782s] -- Up-to-date: /home/francesc/Escritorio/ros_ws/install/dome_interfaces/share/dome_interfaces/local_setup.zsh
[5.782s] -- Up-to-date: /home/francesc/Escritorio/ros_ws/install/dome_interfaces/share/ament_index/resource_index/packages/dome_interfaces
[5.784s] -- Installing: /home/francesc/Escritorio/ros_ws/install/dome_interfaces/share/dome_interfaces/cmake/rosidl_cmake-extras.cmake
[5.785s] -- Up-to-date: /home/francesc/Escritorio/ros_ws/install/dome_interfaces/share/dome_interfaces/cmake/ament_cmake_export_libraries-extras.cmake
[5.785s] -- Up-to-date: /home/francesc/Escritorio/ros_ws/install/dome_interfaces/share/dome_interfaces/cmake/ament_cmake_export_include_directories-extras.cmake
[5.785s] -- Up-to-date: /home/francesc/Escritorio/ros_ws/install/dome_interfaces/share/dome_interfaces/cmake/dome_interfacesConfig.cmake
[5.785s] -- Up-to-date: /home/francesc/Escritorio/ros_ws/install/dome_interfaces/share/dome_interfaces/cmake/dome_interfacesConfig-version.cmake
[5.785s] -- Up-to-date: /home/francesc/Escritorio/ros_ws/install/dome_interfaces/share/dome_interfaces/package.xml
[5.786s] Invoked command in '/home/francesc/Escritorio/ros_ws/build/dome_interfaces' returned '0': CMAKE_PREFIX_PATH=${CMAKE_PREFIX_PATH}:/home/francesc/Escritorio/ros_ws/install/dome_servcli:/home/francesc/Escritorio/ros_ws/install/dome_sensors:/opt/ros/dashing /usr/bin/cmake --build /home/francesc/Escritorio/ros_ws/build/dome_interfaces --target install -- -j12 -l12
