[0.315s] Invoking command in '/home/francesc/Escritorio/ros_ws/src/telescope_servcli': PYTHONPATH=/home/francesc/Escritorio/ros_ws/install/telescope_servcli/lib/python3.6/site-packages:/home/francesc/Escritorio/ros_ws/install/dome_interfaces/lib/python3.6/site-packages:/home/francesc/Escritorio/ros_ws/install/dome_servcli/lib/python3.6/site-packages:/home/francesc/Escritorio/ros_ws/install/dome_sensors/lib/python3.6/site-packages:/opt/ros/dashing/lib/python3.6/site-packages /usr/bin/python3 setup.py egg_info --egg-base /home/francesc/Escritorio/ros_ws/build/telescope_servcli build --build-base /home/francesc/Escritorio/ros_ws/build/telescope_servcli/build install --prefix /home/francesc/Escritorio/ros_ws/install/telescope_servcli --record /home/francesc/Escritorio/ros_ws/build/telescope_servcli/install.log --single-version-externally-managed
[0.575s] running egg_info
[0.576s] writing /home/francesc/Escritorio/ros_ws/build/telescope_servcli/telescope_servcli.egg-info/PKG-INFO
[0.576s] writing dependency_links to /home/francesc/Escritorio/ros_ws/build/telescope_servcli/telescope_servcli.egg-info/dependency_links.txt
[0.577s] writing entry points to /home/francesc/Escritorio/ros_ws/build/telescope_servcli/telescope_servcli.egg-info/entry_points.txt
[0.577s] writing requirements to /home/francesc/Escritorio/ros_ws/build/telescope_servcli/telescope_servcli.egg-info/requires.txt
[0.577s] writing top-level names to /home/francesc/Escritorio/ros_ws/build/telescope_servcli/telescope_servcli.egg-info/top_level.txt
[0.609s] reading manifest file '/home/francesc/Escritorio/ros_ws/build/telescope_servcli/telescope_servcli.egg-info/SOURCES.txt'
[0.610s] writing manifest file '/home/francesc/Escritorio/ros_ws/build/telescope_servcli/telescope_servcli.egg-info/SOURCES.txt'
[0.611s] running build
[0.611s] running build_py
[0.611s] copying telescope_servcli/telescope_service.py -> /home/francesc/Escritorio/ros_ws/build/telescope_servcli/build/lib/telescope_servcli
[0.612s] running install
[0.612s] running install_lib
[0.612s] copying /home/francesc/Escritorio/ros_ws/build/telescope_servcli/build/lib/telescope_servcli/telescope_service.py -> /home/francesc/Escritorio/ros_ws/install/telescope_servcli/lib/python3.6/site-packages/telescope_servcli
[0.613s] byte-compiling /home/francesc/Escritorio/ros_ws/install/telescope_servcli/lib/python3.6/site-packages/telescope_servcli/telescope_service.py to telescope_service.cpython-36.pyc
[0.613s] running install_data
[0.614s] running install_egg_info
[0.615s] removing '/home/francesc/Escritorio/ros_ws/install/telescope_servcli/lib/python3.6/site-packages/telescope_servcli-0.0.0-py3.6.egg-info' (and everything under it)
[0.616s] Copying /home/francesc/Escritorio/ros_ws/build/telescope_servcli/telescope_servcli.egg-info to /home/francesc/Escritorio/ros_ws/install/telescope_servcli/lib/python3.6/site-packages/telescope_servcli-0.0.0-py3.6.egg-info
[0.617s] running install_scripts
[0.634s] Installing client script to /home/francesc/Escritorio/ros_ws/install/telescope_servcli/lib/telescope_servcli
[0.634s] Installing service script to /home/francesc/Escritorio/ros_ws/install/telescope_servcli/lib/telescope_servcli
[0.634s] writing list of installed files to '/home/francesc/Escritorio/ros_ws/build/telescope_servcli/install.log'
[0.658s] Invoked command in '/home/francesc/Escritorio/ros_ws/src/telescope_servcli' returned '0': PYTHONPATH=/home/francesc/Escritorio/ros_ws/install/telescope_servcli/lib/python3.6/site-packages:/home/francesc/Escritorio/ros_ws/install/dome_interfaces/lib/python3.6/site-packages:/home/francesc/Escritorio/ros_ws/install/dome_servcli/lib/python3.6/site-packages:/home/francesc/Escritorio/ros_ws/install/dome_sensors/lib/python3.6/site-packages:/opt/ros/dashing/lib/python3.6/site-packages /usr/bin/python3 setup.py egg_info --egg-base /home/francesc/Escritorio/ros_ws/build/telescope_servcli build --build-base /home/francesc/Escritorio/ros_ws/build/telescope_servcli/build install --prefix /home/francesc/Escritorio/ros_ws/install/telescope_servcli --record /home/francesc/Escritorio/ros_ws/build/telescope_servcli/install.log --single-version-externally-managed
