[0.309s] Invoking command in '/home/francesc/Escritorio/ros_ws/src/dome_sensors': PYTHONPATH=/home/francesc/Escritorio/ros_ws/install/dome_sensors/lib/python3.6/site-packages:/home/francesc/Escritorio/ros_ws/install/dome_interfaces/lib/python3.6/site-packages:/home/francesc/Escritorio/ros_ws/install/dome_servcli/lib/python3.6/site-packages:/home/francesc/Escritorio/ros_ws/install/dome_sensors/lib/python3.6/site-packages:/opt/ros/dashing/lib/python3.6/site-packages /usr/bin/python3 setup.py egg_info --egg-base /home/francesc/Escritorio/ros_ws/build/dome_sensors build --build-base /home/francesc/Escritorio/ros_ws/build/dome_sensors/build install --prefix /home/francesc/Escritorio/ros_ws/install/dome_sensors --record /home/francesc/Escritorio/ros_ws/build/dome_sensors/install.log --single-version-externally-managed
[0.561s] running egg_info
[0.562s] writing /home/francesc/Escritorio/ros_ws/build/dome_sensors/dome_sensors.egg-info/PKG-INFO
[0.562s] writing dependency_links to /home/francesc/Escritorio/ros_ws/build/dome_sensors/dome_sensors.egg-info/dependency_links.txt
[0.562s] writing entry points to /home/francesc/Escritorio/ros_ws/build/dome_sensors/dome_sensors.egg-info/entry_points.txt
[0.563s] writing requirements to /home/francesc/Escritorio/ros_ws/build/dome_sensors/dome_sensors.egg-info/requires.txt
[0.563s] writing top-level names to /home/francesc/Escritorio/ros_ws/build/dome_sensors/dome_sensors.egg-info/top_level.txt
[0.593s] reading manifest file '/home/francesc/Escritorio/ros_ws/build/dome_sensors/dome_sensors.egg-info/SOURCES.txt'
[0.594s] writing manifest file '/home/francesc/Escritorio/ros_ws/build/dome_sensors/dome_sensors.egg-info/SOURCES.txt'
[0.594s] running build
[0.595s] running build_py
[0.595s] running install
[0.595s] running install_lib
[0.595s] running install_data
[0.596s] running install_egg_info
[0.597s] removing '/home/francesc/Escritorio/ros_ws/install/dome_sensors/lib/python3.6/site-packages/dome_sensors-0.0.0-py3.6.egg-info' (and everything under it)
[0.598s] Copying /home/francesc/Escritorio/ros_ws/build/dome_sensors/dome_sensors.egg-info to /home/francesc/Escritorio/ros_ws/install/dome_sensors/lib/python3.6/site-packages/dome_sensors-0.0.0-py3.6.egg-info
[0.598s] running install_scripts
[0.613s] Installing talker script to /home/francesc/Escritorio/ros_ws/install/dome_sensors/lib/dome_sensors
[0.614s] writing list of installed files to '/home/francesc/Escritorio/ros_ws/build/dome_sensors/install.log'
[0.633s] Invoked command in '/home/francesc/Escritorio/ros_ws/src/dome_sensors' returned '0': PYTHONPATH=/home/francesc/Escritorio/ros_ws/install/dome_sensors/lib/python3.6/site-packages:/home/francesc/Escritorio/ros_ws/install/dome_interfaces/lib/python3.6/site-packages:/home/francesc/Escritorio/ros_ws/install/dome_servcli/lib/python3.6/site-packages:/home/francesc/Escritorio/ros_ws/install/dome_sensors/lib/python3.6/site-packages:/opt/ros/dashing/lib/python3.6/site-packages /usr/bin/python3 setup.py egg_info --egg-base /home/francesc/Escritorio/ros_ws/build/dome_sensors build --build-base /home/francesc/Escritorio/ros_ws/build/dome_sensors/build install --prefix /home/francesc/Escritorio/ros_ws/install/dome_sensors --record /home/francesc/Escritorio/ros_ws/build/dome_sensors/install.log --single-version-externally-managed
