[0.488s] running egg_info
[0.489s] creating /home/francesc/Escritorio/ros_ws/build/dome_sensors/dome_sensors.egg-info
[0.489s] writing /home/francesc/Escritorio/ros_ws/build/dome_sensors/dome_sensors.egg-info/PKG-INFO
[0.489s] writing dependency_links to /home/francesc/Escritorio/ros_ws/build/dome_sensors/dome_sensors.egg-info/dependency_links.txt
[0.489s] writing entry points to /home/francesc/Escritorio/ros_ws/build/dome_sensors/dome_sensors.egg-info/entry_points.txt
[0.490s] writing requirements to /home/francesc/Escritorio/ros_ws/build/dome_sensors/dome_sensors.egg-info/requires.txt
[0.490s] writing top-level names to /home/francesc/Escritorio/ros_ws/build/dome_sensors/dome_sensors.egg-info/top_level.txt
[0.490s] writing manifest file '/home/francesc/Escritorio/ros_ws/build/dome_sensors/dome_sensors.egg-info/SOURCES.txt'
[0.518s] reading manifest file '/home/francesc/Escritorio/ros_ws/build/dome_sensors/dome_sensors.egg-info/SOURCES.txt'
[0.519s] writing manifest file '/home/francesc/Escritorio/ros_ws/build/dome_sensors/dome_sensors.egg-info/SOURCES.txt'
[0.519s] running build
[0.520s] running build_py
[0.520s] creating /home/francesc/Escritorio/ros_ws/build/dome_sensors/build
[0.520s] creating /home/francesc/Escritorio/ros_ws/build/dome_sensors/build/lib
[0.520s] creating /home/francesc/Escritorio/ros_ws/build/dome_sensors/build/lib/dome_sensors
[0.521s] copying dome_sensors/dome_sensor_publisher.py -> /home/francesc/Escritorio/ros_ws/build/dome_sensors/build/lib/dome_sensors
[0.521s] copying dome_sensors/__init__.py -> /home/francesc/Escritorio/ros_ws/build/dome_sensors/build/lib/dome_sensors
[0.521s] running install
[0.521s] running install_lib
[0.521s] creating /home/francesc/Escritorio/ros_ws/install/dome_sensors/lib/python3.6/site-packages/dome_sensors
[0.522s] copying /home/francesc/Escritorio/ros_ws/build/dome_sensors/build/lib/dome_sensors/dome_sensor_publisher.py -> /home/francesc/Escritorio/ros_ws/install/dome_sensors/lib/python3.6/site-packages/dome_sensors
[0.522s] copying /home/francesc/Escritorio/ros_ws/build/dome_sensors/build/lib/dome_sensors/__init__.py -> /home/francesc/Escritorio/ros_ws/install/dome_sensors/lib/python3.6/site-packages/dome_sensors
[0.522s] byte-compiling /home/francesc/Escritorio/ros_ws/install/dome_sensors/lib/python3.6/site-packages/dome_sensors/dome_sensor_publisher.py to dome_sensor_publisher.cpython-36.pyc
[0.522s] byte-compiling /home/francesc/Escritorio/ros_ws/install/dome_sensors/lib/python3.6/site-packages/dome_sensors/__init__.py to __init__.cpython-36.pyc
[0.523s] running install_data
[0.523s] creating /home/francesc/Escritorio/ros_ws/install/dome_sensors/share/ament_index
[0.523s] creating /home/francesc/Escritorio/ros_ws/install/dome_sensors/share/ament_index/resource_index
[0.523s] creating /home/francesc/Escritorio/ros_ws/install/dome_sensors/share/ament_index/resource_index/packages
[0.523s] copying resource/dome_sensors -> /home/francesc/Escritorio/ros_ws/install/dome_sensors/share/ament_index/resource_index/packages
[0.524s] copying package.xml -> /home/francesc/Escritorio/ros_ws/install/dome_sensors/share/dome_sensors
[0.524s] running install_egg_info
[0.524s] Copying /home/francesc/Escritorio/ros_ws/build/dome_sensors/dome_sensors.egg-info to /home/francesc/Escritorio/ros_ws/install/dome_sensors/lib/python3.6/site-packages/dome_sensors-0.0.0-py3.6.egg-info
[0.524s] running install_scripts
[0.538s] Installing talker script to /home/francesc/Escritorio/ros_ws/install/dome_sensors/lib/dome_sensors
[0.539s] writing list of installed files to '/home/francesc/Escritorio/ros_ws/build/dome_sensors/install.log'
