[0.494s] running egg_info
[0.495s] creating /home/francesc/Escritorio/ros_ws/build/dome_servcli/dome_servcli.egg-info
[0.495s] writing /home/francesc/Escritorio/ros_ws/build/dome_servcli/dome_servcli.egg-info/PKG-INFO
[0.496s] writing dependency_links to /home/francesc/Escritorio/ros_ws/build/dome_servcli/dome_servcli.egg-info/dependency_links.txt
[0.496s] writing entry points to /home/francesc/Escritorio/ros_ws/build/dome_servcli/dome_servcli.egg-info/entry_points.txt
[0.496s] writing requirements to /home/francesc/Escritorio/ros_ws/build/dome_servcli/dome_servcli.egg-info/requires.txt
[0.496s] writing top-level names to /home/francesc/Escritorio/ros_ws/build/dome_servcli/dome_servcli.egg-info/top_level.txt
[0.497s] writing manifest file '/home/francesc/Escritorio/ros_ws/build/dome_servcli/dome_servcli.egg-info/SOURCES.txt'
[0.522s] reading manifest file '/home/francesc/Escritorio/ros_ws/build/dome_servcli/dome_servcli.egg-info/SOURCES.txt'
[0.523s] writing manifest file '/home/francesc/Escritorio/ros_ws/build/dome_servcli/dome_servcli.egg-info/SOURCES.txt'
[0.524s] running build
[0.524s] running build_py
[0.524s] creating /home/francesc/Escritorio/ros_ws/build/dome_servcli/build
[0.524s] creating /home/francesc/Escritorio/ros_ws/build/dome_servcli/build/lib
[0.525s] creating /home/francesc/Escritorio/ros_ws/build/dome_servcli/build/lib/dome_servcli
[0.525s] copying dome_servcli/__init__.py -> /home/francesc/Escritorio/ros_ws/build/dome_servcli/build/lib/dome_servcli
[0.525s] copying dome_servcli/dome_service.py -> /home/francesc/Escritorio/ros_ws/build/dome_servcli/build/lib/dome_servcli
[0.525s] copying dome_servcli/dome_client.py -> /home/francesc/Escritorio/ros_ws/build/dome_servcli/build/lib/dome_servcli
[0.526s] running install
[0.526s] running install_lib
[0.526s] creating /home/francesc/Escritorio/ros_ws/install/dome_servcli/lib/python3.6/site-packages/dome_servcli
[0.527s] copying /home/francesc/Escritorio/ros_ws/build/dome_servcli/build/lib/dome_servcli/__init__.py -> /home/francesc/Escritorio/ros_ws/install/dome_servcli/lib/python3.6/site-packages/dome_servcli
[0.527s] copying /home/francesc/Escritorio/ros_ws/build/dome_servcli/build/lib/dome_servcli/dome_service.py -> /home/francesc/Escritorio/ros_ws/install/dome_servcli/lib/python3.6/site-packages/dome_servcli
[0.527s] copying /home/francesc/Escritorio/ros_ws/build/dome_servcli/build/lib/dome_servcli/dome_client.py -> /home/francesc/Escritorio/ros_ws/install/dome_servcli/lib/python3.6/site-packages/dome_servcli
[0.527s] byte-compiling /home/francesc/Escritorio/ros_ws/install/dome_servcli/lib/python3.6/site-packages/dome_servcli/__init__.py to __init__.cpython-36.pyc
[0.527s] byte-compiling /home/francesc/Escritorio/ros_ws/install/dome_servcli/lib/python3.6/site-packages/dome_servcli/dome_service.py to dome_service.cpython-36.pyc
[0.528s] byte-compiling /home/francesc/Escritorio/ros_ws/install/dome_servcli/lib/python3.6/site-packages/dome_servcli/dome_client.py to dome_client.cpython-36.pyc
[0.528s] running install_data
[0.528s] creating /home/francesc/Escritorio/ros_ws/install/dome_servcli/share/ament_index
[0.528s] creating /home/francesc/Escritorio/ros_ws/install/dome_servcli/share/ament_index/resource_index
[0.528s] creating /home/francesc/Escritorio/ros_ws/install/dome_servcli/share/ament_index/resource_index/packages
[0.529s] copying resource/dome_servcli -> /home/francesc/Escritorio/ros_ws/install/dome_servcli/share/ament_index/resource_index/packages
[0.529s] copying package.xml -> /home/francesc/Escritorio/ros_ws/install/dome_servcli/share/dome_servcli
[0.529s] running install_egg_info
[0.529s] Copying /home/francesc/Escritorio/ros_ws/build/dome_servcli/dome_servcli.egg-info to /home/francesc/Escritorio/ros_ws/install/dome_servcli/lib/python3.6/site-packages/dome_servcli-0.0.0-py3.6.egg-info
[0.529s] running install_scripts
[0.543s] Installing client script to /home/francesc/Escritorio/ros_ws/install/dome_servcli/lib/dome_servcli
[0.543s] Installing service script to /home/francesc/Escritorio/ros_ws/install/dome_servcli/lib/dome_servcli
[0.544s] writing list of installed files to '/home/francesc/Escritorio/ros_ws/build/dome_servcli/install.log'
