[0.111s] [  2%] Built target dome_interfaces__cpp
[0.114s] [ 13%] Built target dome_interfaces__rosidl_generator_c
[0.145s] [ 27%] Built target dome_interfaces__rosidl_typesupport_introspection_c
[0.145s] [ 35%] Built target dome_interfaces__rosidl_typesupport_fastrtps_cpp
[0.146s] [ 45%] Built target dome_interfaces__rosidl_typesupport_introspection_cpp
[0.180s] [ 56%] Built target dome_interfaces__rosidl_typesupport_cpp
[0.185s] [ 67%] Built target dome_interfaces__rosidl_typesupport_fastrtps_c
[0.218s] [ 78%] Built target dome_interfaces__rosidl_typesupport_c
[0.244s] [ 78%] Built target dome_interfaces
[0.279s] [ 81%] Built target dome_interfaces__py
[0.323s] [ 89%] Built target dome_interfaces__python
[0.364s] [ 94%] Built target dome_interfaces__rosidl_typesupport_c__pyext
[0.371s] [100%] Built target dome_interfaces__rosidl_typesupport_fastrtps_c__pyext
[0.592s] [ 10%] Built target dome_interfaces__rosidl_generator_c
[0.600s] [ 13%] Built target dome_interfaces__cpp
[0.627s] [ 24%] Built target dome_interfaces__rosidl_typesupport_introspection_c
[0.636s] [ 35%] Built target dome_interfaces__rosidl_typesupport_introspection_cpp
[0.638s] [ 45%] Built target dome_interfaces__rosidl_typesupport_fastrtps_cpp
[0.682s] [ 56%] Built target dome_interfaces__rosidl_typesupport_fastrtps_c
[0.683s] [ 67%] Built target dome_interfaces__rosidl_typesupport_cpp
[0.724s] [ 78%] Built target dome_interfaces__rosidl_typesupport_c
[0.756s] [ 78%] Built target dome_interfaces
[0.794s] [ 81%] Built target dome_interfaces__py
[0.843s] [ 89%] Built target dome_interfaces__python
[0.886s] [ 94%] Built target dome_interfaces__rosidl_typesupport_c__pyext
[0.889s] [100%] Built target dome_interfaces__rosidl_typesupport_fastrtps_c__pyext
[0.915s] [36mInstall the project...[0m
[0.927s] -- Install configuration: ""
[0.928s] -- Up-to-date: /home/francesc/Escritorio/ros_ws/install/dome_interfaces/share/ament_index/resource_index/rosidl_interfaces/dome_interfaces
[0.928s] -- Up-to-date: /home/francesc/Escritorio/ros_ws/install/dome_interfaces/lib/libdome_interfaces__rosidl_typesupport_c.so
[0.928s] -- Up-to-date: /home/francesc/Escritorio/ros_ws/install/dome_interfaces/share/dome_interfaces/environment/library_path.sh
[0.929s] -- Up-to-date: /home/francesc/Escritorio/ros_ws/install/dome_interfaces/lib/libdome_interfaces__rosidl_typesupport_cpp.so
[0.929s] -- Up-to-date: /home/francesc/Escritorio/ros_ws/install/dome_interfaces/include/dome_interfaces
[0.930s] -- Up-to-date: /home/francesc/Escritorio/ros_ws/install/dome_interfaces/include/dome_interfaces/srv
[0.930s] -- Up-to-date: /home/francesc/Escritorio/ros_ws/install/dome_interfaces/include/dome_interfaces/srv/dome__rosidl_typesupport_fastrtps_c.h
[0.930s] -- Up-to-date: /home/francesc/Escritorio/ros_ws/install/dome_interfaces/include/dome_interfaces/msg
[0.930s] -- Up-to-date: /home/francesc/Escritorio/ros_ws/install/dome_interfaces/include/dome_interfaces/msg/action__rosidl_typesupport_fastrtps_c.h
[0.931s] -- Up-to-date: /home/francesc/Escritorio/ros_ws/install/dome_interfaces/include/dome_interfaces/msg/rosidl_typesupport_fastrtps_c__visibility_control.h
[0.931s] -- Up-to-date: /home/francesc/Escritorio/ros_ws/install/dome_interfaces/include/dome_interfaces/msg/sensor__rosidl_typesupport_fastrtps_c.h
[0.931s] -- Up-to-date: /home/francesc/Escritorio/ros_ws/install/dome_interfaces/lib/libdome_interfaces__rosidl_typesupport_fastrtps_c.so
[0.932s] -- Up-to-date: /home/francesc/Escritorio/ros_ws/install/dome_interfaces/include/dome_interfaces
[0.932s] -- Up-to-date: /home/francesc/Escritorio/ros_ws/install/dome_interfaces/include/dome_interfaces/srv
[0.932s] -- Up-to-date: /home/francesc/Escritorio/ros_ws/install/dome_interfaces/include/dome_interfaces/srv/dome.h
[0.933s] -- Up-to-date: /home/francesc/Escritorio/ros_ws/install/dome_interfaces/include/dome_interfaces/srv/dome__functions.h
[0.933s] -- Up-to-date: /home/francesc/Escritorio/ros_ws/install/dome_interfaces/include/dome_interfaces/srv/dome__functions.c
[0.933s] -- Up-to-date: /home/francesc/Escritorio/ros_ws/install/dome_interfaces/include/dome_interfaces/srv/dome__struct.h
[0.933s] -- Up-to-date: /home/francesc/Escritorio/ros_ws/install/dome_interfaces/include/dome_interfaces/srv/dome__type_support.h
[0.934s] -- Up-to-date: /home/francesc/Escritorio/ros_ws/install/dome_interfaces/include/dome_interfaces/msg
[0.934s] -- Up-to-date: /home/francesc/Escritorio/ros_ws/install/dome_interfaces/include/dome_interfaces/msg/sensor__type_support.h
[0.934s] -- Up-to-date: /home/francesc/Escritorio/ros_ws/install/dome_interfaces/include/dome_interfaces/msg/action.h
[0.934s] -- Up-to-date: /home/francesc/Escritorio/ros_ws/install/dome_interfaces/include/dome_interfaces/msg/rosidl_generator_c__visibility_control.h
[0.934s] -- Up-to-date: /home/francesc/Escritorio/ros_ws/install/dome_interfaces/include/dome_interfaces/msg/sensor__functions.c
[0.935s] -- Up-to-date: /home/francesc/Escritorio/ros_ws/install/dome_interfaces/include/dome_interfaces/msg/sensor__struct.h
[0.935s] -- Up-to-date: /home/francesc/Escritorio/ros_ws/install/dome_interfaces/include/dome_interfaces/msg/action__struct.h
[0.935s] -- Up-to-date: /home/francesc/Escritorio/ros_ws/install/dome_interfaces/include/dome_interfaces/msg/sensor.h
[0.935s] -- Up-to-date: /home/francesc/Escritorio/ros_ws/install/dome_interfaces/include/dome_interfaces/msg/action__functions.h
[0.935s] -- Up-to-date: /home/francesc/Escritorio/ros_ws/install/dome_interfaces/include/dome_interfaces/msg/action__type_support.h
[0.936s] -- Up-to-date: /home/francesc/Escritorio/ros_ws/install/dome_interfaces/include/dome_interfaces/msg/action__functions.c
[0.936s] -- Up-to-date: /home/francesc/Escritorio/ros_ws/install/dome_interfaces/include/dome_interfaces/msg/sensor__functions.h
[0.936s] -- Up-to-date: /home/francesc/Escritorio/ros_ws/install/dome_interfaces/lib/libdome_interfaces__rosidl_generator_c.so
[0.936s] -- Up-to-date: /home/francesc/Escritorio/ros_ws/install/dome_interfaces/include/dome_interfaces
[0.936s] -- Up-to-date: /home/francesc/Escritorio/ros_ws/install/dome_interfaces/include/dome_interfaces/srv
[0.936s] -- Up-to-date: /home/francesc/Escritorio/ros_ws/install/dome_interfaces/include/dome_interfaces/srv/dome__rosidl_typesupport_fastrtps_cpp.hpp
[0.937s] -- Up-to-date: /home/francesc/Escritorio/ros_ws/install/dome_interfaces/include/dome_interfaces/srv/dds_fastrtps
[0.937s] -- Up-to-date: /home/francesc/Escritorio/ros_ws/install/dome_interfaces/include/dome_interfaces/msg
[0.937s] -- Up-to-date: /home/francesc/Escritorio/ros_ws/install/dome_interfaces/include/dome_interfaces/msg/rosidl_typesupport_fastrtps_cpp__visibility_control.h
[0.937s] -- Up-to-date: /home/francesc/Escritorio/ros_ws/install/dome_interfaces/include/dome_interfaces/msg/action__rosidl_typesupport_fastrtps_cpp.hpp
[0.937s] -- Up-to-date: /home/francesc/Escritorio/ros_ws/install/dome_interfaces/include/dome_interfaces/msg/dds_fastrtps
[0.938s] -- Up-to-date: /home/francesc/Escritorio/ros_ws/install/dome_interfaces/include/dome_interfaces/msg/sensor__rosidl_typesupport_fastrtps_cpp.hpp
[0.938s] -- Up-to-date: /home/francesc/Escritorio/ros_ws/install/dome_interfaces/lib/libdome_interfaces__rosidl_typesupport_fastrtps_cpp.so
[0.938s] -- Up-to-date: /home/francesc/Escritorio/ros_ws/install/dome_interfaces/include/dome_interfaces
[0.938s] -- Up-to-date: /home/francesc/Escritorio/ros_ws/install/dome_interfaces/include/dome_interfaces/srv
[0.938s] -- Up-to-date: /home/francesc/Escritorio/ros_ws/install/dome_interfaces/include/dome_interfaces/srv/dome__struct.hpp
[0.938s] -- Up-to-date: /home/francesc/Escritorio/ros_ws/install/dome_interfaces/include/dome_interfaces/srv/dome__traits.hpp
[0.939s] -- Up-to-date: /home/francesc/Escritorio/ros_ws/install/dome_interfaces/include/dome_interfaces/srv/dome.hpp
[0.939s] -- Up-to-date: /home/francesc/Escritorio/ros_ws/install/dome_interfaces/include/dome_interfaces/msg
[0.939s] -- Up-to-date: /home/francesc/Escritorio/ros_ws/install/dome_interfaces/include/dome_interfaces/msg/action__struct.hpp
[0.939s] -- Up-to-date: /home/francesc/Escritorio/ros_ws/install/dome_interfaces/include/dome_interfaces/msg/sensor__struct.hpp
[0.939s] -- Up-to-date: /home/francesc/Escritorio/ros_ws/install/dome_interfaces/include/dome_interfaces/msg/action.hpp
[0.940s] -- Up-to-date: /home/francesc/Escritorio/ros_ws/install/dome_interfaces/include/dome_interfaces/msg/action__traits.hpp
[0.940s] -- Up-to-date: /home/francesc/Escritorio/ros_ws/install/dome_interfaces/include/dome_interfaces/msg/sensor.hpp
[0.940s] -- Up-to-date: /home/francesc/Escritorio/ros_ws/install/dome_interfaces/include/dome_interfaces/msg/sensor__traits.hpp
[0.940s] -- Up-to-date: /home/francesc/Escritorio/ros_ws/install/dome_interfaces/include/dome_interfaces
[0.940s] -- Up-to-date: /home/francesc/Escritorio/ros_ws/install/dome_interfaces/include/dome_interfaces/srv
[0.940s] -- Up-to-date: /home/francesc/Escritorio/ros_ws/install/dome_interfaces/include/dome_interfaces/srv/dome__type_support.c
[0.940s] -- Up-to-date: /home/francesc/Escritorio/ros_ws/install/dome_interfaces/include/dome_interfaces/srv/dome__rosidl_typesupport_introspection_c.h
[0.941s] -- Up-to-date: /home/francesc/Escritorio/ros_ws/install/dome_interfaces/include/dome_interfaces/msg
[0.941s] -- Up-to-date: /home/francesc/Escritorio/ros_ws/install/dome_interfaces/include/dome_interfaces/msg/sensor__rosidl_typesupport_introspection_c.h
[0.941s] -- Up-to-date: /home/francesc/Escritorio/ros_ws/install/dome_interfaces/include/dome_interfaces/msg/action__rosidl_typesupport_introspection_c.h
[0.941s] -- Up-to-date: /home/francesc/Escritorio/ros_ws/install/dome_interfaces/include/dome_interfaces/msg/rosidl_typesupport_introspection_c__visibility_control.h
[0.941s] -- Up-to-date: /home/francesc/Escritorio/ros_ws/install/dome_interfaces/include/dome_interfaces/msg/action__type_support.c
[0.941s] -- Up-to-date: /home/francesc/Escritorio/ros_ws/install/dome_interfaces/include/dome_interfaces/msg/sensor__type_support.c
[0.941s] -- Up-to-date: /home/francesc/Escritorio/ros_ws/install/dome_interfaces/lib/libdome_interfaces__rosidl_typesupport_introspection_c.so
[0.941s] -- Up-to-date: /home/francesc/Escritorio/ros_ws/install/dome_interfaces/include/dome_interfaces
[0.941s] -- Up-to-date: /home/francesc/Escritorio/ros_ws/install/dome_interfaces/include/dome_interfaces/srv
[0.941s] -- Up-to-date: /home/francesc/Escritorio/ros_ws/install/dome_interfaces/include/dome_interfaces/srv/dome__type_support.cpp
[0.941s] -- Up-to-date: /home/francesc/Escritorio/ros_ws/install/dome_interfaces/include/dome_interfaces/srv/dome__rosidl_typesupport_introspection_cpp.hpp
[0.942s] -- Up-to-date: /home/francesc/Escritorio/ros_ws/install/dome_interfaces/include/dome_interfaces/msg
[0.942s] -- Up-to-date: /home/francesc/Escritorio/ros_ws/install/dome_interfaces/include/dome_interfaces/msg/sensor__type_support.cpp
[0.942s] -- Up-to-date: /home/francesc/Escritorio/ros_ws/install/dome_interfaces/include/dome_interfaces/msg/action__type_support.cpp
[0.942s] -- Up-to-date: /home/francesc/Escritorio/ros_ws/install/dome_interfaces/include/dome_interfaces/msg/action__rosidl_typesupport_introspection_cpp.hpp
[0.942s] -- Up-to-date: /home/francesc/Escritorio/ros_ws/install/dome_interfaces/include/dome_interfaces/msg/sensor__rosidl_typesupport_introspection_cpp.hpp
[0.942s] -- Up-to-date: /home/francesc/Escritorio/ros_ws/install/dome_interfaces/lib/libdome_interfaces__rosidl_typesupport_introspection_cpp.so
[0.942s] -- Up-to-date: /home/francesc/Escritorio/ros_ws/install/dome_interfaces/share/dome_interfaces/environment/pythonpath.sh
[0.942s] -- Up-to-date: /home/francesc/Escritorio/ros_ws/install/dome_interfaces/lib/python3.6/site-packages/dome_interfaces/__init__.py
[0.983s] -- Up-to-date: /home/francesc/Escritorio/ros_ws/install/dome_interfaces/lib/python3.6/site-packages/dome_interfaces/msg
[0.983s] -- Up-to-date: /home/francesc/Escritorio/ros_ws/install/dome_interfaces/lib/python3.6/site-packages/dome_interfaces/msg/_sensor.py
[0.984s] -- Up-to-date: /home/francesc/Escritorio/ros_ws/install/dome_interfaces/lib/python3.6/site-packages/dome_interfaces/msg/_action_s.c
[0.984s] -- Up-to-date: /home/francesc/Escritorio/ros_ws/install/dome_interfaces/lib/python3.6/site-packages/dome_interfaces/msg/__init__.py
[0.984s] -- Up-to-date: /home/francesc/Escritorio/ros_ws/install/dome_interfaces/lib/python3.6/site-packages/dome_interfaces/msg/_action.py
[0.984s] -- Up-to-date: /home/francesc/Escritorio/ros_ws/install/dome_interfaces/lib/python3.6/site-packages/dome_interfaces/msg/_sensor_s.c
[0.984s] -- Up-to-date: /home/francesc/Escritorio/ros_ws/install/dome_interfaces/lib/python3.6/site-packages/dome_interfaces/srv
[0.984s] -- Up-to-date: /home/francesc/Escritorio/ros_ws/install/dome_interfaces/lib/python3.6/site-packages/dome_interfaces/srv/_dome.py
[0.984s] -- Up-to-date: /home/francesc/Escritorio/ros_ws/install/dome_interfaces/lib/python3.6/site-packages/dome_interfaces/srv/__init__.py
[0.984s] -- Up-to-date: /home/francesc/Escritorio/ros_ws/install/dome_interfaces/lib/python3.6/site-packages/dome_interfaces/srv/_dome_s.c
[0.985s] -- Up-to-date: /home/francesc/Escritorio/ros_ws/install/dome_interfaces/lib/python3.6/site-packages/dome_interfaces/dome_interfaces_s__rosidl_typesupport_c.cpython-36m-x86_64-linux-gnu.so
[0.987s] -- Up-to-date: /home/francesc/Escritorio/ros_ws/install/dome_interfaces/lib/python3.6/site-packages/dome_interfaces/dome_interfaces_s__rosidl_typesupport_fastrtps_c.cpython-36m-x86_64-linux-gnu.so
[0.988s] -- Up-to-date: /home/francesc/Escritorio/ros_ws/install/dome_interfaces/lib/libdome_interfaces__python.so
[0.989s] -- Up-to-date: /home/francesc/Escritorio/ros_ws/install/dome_interfaces/share/dome_interfaces/msg/Sensor.idl
[0.989s] -- Up-to-date: /home/francesc/Escritorio/ros_ws/install/dome_interfaces/share/dome_interfaces/srv/Dome.idl
[0.989s] -- Up-to-date: /home/francesc/Escritorio/ros_ws/install/dome_interfaces/share/dome_interfaces/msg/Sensor.msg
[0.989s] -- Up-to-date: /home/francesc/Escritorio/ros_ws/install/dome_interfaces/share/dome_interfaces/srv/Dome.srv
[0.989s] -- Up-to-date: /home/francesc/Escritorio/ros_ws/install/dome_interfaces/share/dome_interfaces/srv/Dome_Request.msg
[0.990s] -- Up-to-date: /home/francesc/Escritorio/ros_ws/install/dome_interfaces/share/dome_interfaces/srv/Dome_Response.msg
[0.990s] -- Up-to-date: /home/francesc/Escritorio/ros_ws/install/dome_interfaces/share/ament_index/resource_index/package_run_dependencies/dome_interfaces
[0.990s] -- Up-to-date: /home/francesc/Escritorio/ros_ws/install/dome_interfaces/share/ament_index/resource_index/parent_prefix_path/dome_interfaces
[0.990s] -- Up-to-date: /home/francesc/Escritorio/ros_ws/install/dome_interfaces/share/dome_interfaces/environment/ament_prefix_path.sh
[0.990s] -- Up-to-date: /home/francesc/Escritorio/ros_ws/install/dome_interfaces/share/dome_interfaces/environment/path.sh
[0.990s] -- Up-to-date: /home/francesc/Escritorio/ros_ws/install/dome_interfaces/share/dome_interfaces/local_setup.bash
[0.990s] -- Up-to-date: /home/francesc/Escritorio/ros_ws/install/dome_interfaces/share/dome_interfaces/local_setup.sh
[0.990s] -- Up-to-date: /home/francesc/Escritorio/ros_ws/install/dome_interfaces/share/dome_interfaces/local_setup.zsh
[0.990s] -- Up-to-date: /home/francesc/Escritorio/ros_ws/install/dome_interfaces/share/ament_index/resource_index/packages/dome_interfaces
[0.991s] -- Up-to-date: /home/francesc/Escritorio/ros_ws/install/dome_interfaces/share/dome_interfaces/cmake/rosidl_cmake-extras.cmake
[0.991s] -- Up-to-date: /home/francesc/Escritorio/ros_ws/install/dome_interfaces/share/dome_interfaces/cmake/ament_cmake_export_libraries-extras.cmake
[0.991s] -- Up-to-date: /home/francesc/Escritorio/ros_ws/install/dome_interfaces/share/dome_interfaces/cmake/ament_cmake_export_include_directories-extras.cmake
[0.991s] -- Up-to-date: /home/francesc/Escritorio/ros_ws/install/dome_interfaces/share/dome_interfaces/cmake/dome_interfacesConfig.cmake
[0.992s] -- Up-to-date: /home/francesc/Escritorio/ros_ws/install/dome_interfaces/share/dome_interfaces/cmake/dome_interfacesConfig-version.cmake
[0.992s] -- Up-to-date: /home/francesc/Escritorio/ros_ws/install/dome_interfaces/share/dome_interfaces/package.xml
