[0.017s] Invoking command in '/home/francesc/Escritorio/ros_ws/build/dome_interfaces': CMAKE_PREFIX_PATH=${CMAKE_PREFIX_PATH}:/home/francesc/Escritorio/ros_ws/install/dome_servcli:/home/francesc/Escritorio/ros_ws/install/dome_sensors:/opt/ros/dashing /usr/bin/cmake --build /home/francesc/Escritorio/ros_ws/build/dome_interfaces -- -j12 -l12
[0.059s] -- Found ament_cmake: 0.7.4 (/opt/ros/dashing/share/ament_cmake/cmake)
[0.092s] -- Found PythonInterp: /usr/bin/python3 (found suitable version "3.6.9", minimum required is "3") 
[0.093s] -- Using PYTHON_EXECUTABLE: /usr/bin/python3
[0.282s] -- Found rosidl_default_generators: 0.7.0 (/opt/ros/dashing/share/rosidl_default_generators/cmake)
[0.337s] -- Found rosidl_adapter: 0.7.9 (/opt/ros/dashing/share/rosidl_adapter/cmake)
[0.394s] -- Found ament_lint_auto: 0.7.11 (/opt/ros/dashing/share/ament_lint_auto/cmake)
[0.502s] -- Found PythonInterp: /usr/bin/python3 (found version "3.6.9") 
[0.581s] -- Using single matching rosidl_typesupport_c: rosidl_typesupport_fastrtps_c
[0.589s] -- Using single matching rosidl_typesupport_cpp: rosidl_typesupport_fastrtps_cpp
[0.665s] -- Found rmw_implementation_cmake: 0.7.2 (/opt/ros/dashing/share/rmw_implementation_cmake/cmake)
[0.698s] -- Found PythonInterp: /usr/bin/python3 (found suitable version "3.6.9", minimum required is "3.5") 
[0.699s] -- Found python_cmake_module: 0.7.10 (/opt/ros/dashing/share/python_cmake_module/cmake)
[0.729s] -- Using PYTHON_EXECUTABLE: /usr/bin/python3
[0.730s] -- Using PYTHON_INCLUDE_DIRS: /usr/include/python3.6m
[0.730s] -- Using PYTHON_LIBRARIES: /usr/lib/x86_64-linux-gnu/libpython3.6m.so
[0.812s] -- Added test 'lint_cmake' to check CMake code style
[0.813s] -- Added test 'xmllint' to check XML markup files
[0.816s] -- Configuring done
[0.853s] -- Generating done
[0.856s] -- Build files have been written to: /home/francesc/Escritorio/ros_ws/build/dome_interfaces
[0.895s] [  2%] [34m[1mGenerating C code for ROS interfaces[0m
[0.915s] [  5%] [34m[1mGenerating C++ code for ROS interfaces[0m
[1.232s] [  5%] Built target dome_interfaces__cpp
[1.241s] [35m[1mScanning dependencies of target dome_interfaces__rosidl_generator_c[0m
[1.242s] [  8%] [34m[1mGenerating C++ type support for eProsima Fast-RTPS[0m
[1.243s] [ 10%] [34m[1mGenerating C++ introspection for ROS interfaces[0m
[1.256s] [ 13%] [32mBuilding C object CMakeFiles/dome_interfaces__rosidl_generator_c.dir/rosidl_generator_c/dome_interfaces/srv/dome__functions.c.o[0m
[1.257s] [ 16%] [32mBuilding C object CMakeFiles/dome_interfaces__rosidl_generator_c.dir/rosidl_generator_c/dome_interfaces/msg/sensor__functions.c.o[0m
[1.304s] [ 18%] [32m[1mLinking C shared library libdome_interfaces__rosidl_generator_c.so[0m
[1.349s] [ 18%] Built target dome_interfaces__rosidl_generator_c
[1.370s] [ 21%] [34m[1mGenerating C introspection for ROS interfaces[0m
[1.533s] [35m[1mScanning dependencies of target dome_interfaces__rosidl_typesupport_introspection_cpp[0m
[1.548s] [ 24%] [32mBuilding CXX object CMakeFiles/dome_interfaces__rosidl_typesupport_introspection_cpp.dir/rosidl_typesupport_introspection_cpp/dome_interfaces/msg/sensor__type_support.cpp.o[0m
[1.551s] [ 27%] [32mBuilding CXX object CMakeFiles/dome_interfaces__rosidl_typesupport_introspection_cpp.dir/rosidl_typesupport_introspection_cpp/dome_interfaces/srv/dome__type_support.cpp.o[0m
[1.583s] [35m[1mScanning dependencies of target dome_interfaces__rosidl_typesupport_fastrtps_cpp[0m
[1.606s] [ 29%] [32mBuilding CXX object CMakeFiles/dome_interfaces__rosidl_typesupport_fastrtps_cpp.dir/rosidl_typesupport_fastrtps_cpp/dome_interfaces/srv/dds_fastrtps/dome__type_support.cpp.o[0m
[1.606s] [ 32%] [32mBuilding CXX object CMakeFiles/dome_interfaces__rosidl_typesupport_fastrtps_cpp.dir/rosidl_typesupport_fastrtps_cpp/dome_interfaces/msg/dds_fastrtps/sensor__type_support.cpp.o[0m
[1.691s] [35m[1mScanning dependencies of target dome_interfaces__rosidl_typesupport_introspection_c[0m
[1.708s] [ 37%] [32mBuilding C object CMakeFiles/dome_interfaces__rosidl_typesupport_introspection_c.dir/rosidl_typesupport_introspection_c/dome_interfaces/srv/dome__type_support.c.o[0m
[1.708s] [ 37%] [32mBuilding C object CMakeFiles/dome_interfaces__rosidl_typesupport_introspection_c.dir/rosidl_typesupport_introspection_c/dome_interfaces/msg/sensor__type_support.c.o[0m
[1.750s] [ 40%] [32m[1mLinking C shared library libdome_interfaces__rosidl_typesupport_introspection_c.so[0m
[1.792s] [ 40%] Built target dome_interfaces__rosidl_typesupport_introspection_c
[1.801s] [ 43%] [32m[1mLinking CXX shared library libdome_interfaces__rosidl_typesupport_introspection_cpp.so[0m
[1.855s] [ 43%] Built target dome_interfaces__rosidl_typesupport_introspection_cpp
[1.957s] [ 45%] [32m[1mLinking CXX shared library libdome_interfaces__rosidl_typesupport_fastrtps_cpp.so[0m
[2.044s] [ 45%] Built target dome_interfaces__rosidl_typesupport_fastrtps_cpp
[2.062s] [ 48%] [34m[1mGenerating C++ type support dispatch for ROS interfaces[0m
[2.064s] [ 51%] [34m[1mGenerating C type support for eProsima Fast-RTPS[0m
[2.314s] [35m[1mScanning dependencies of target dome_interfaces__rosidl_typesupport_cpp[0m
[2.331s] [ 54%] [32mBuilding CXX object CMakeFiles/dome_interfaces__rosidl_typesupport_cpp.dir/rosidl_typesupport_cpp/dome_interfaces/srv/dome__type_support.cpp.o[0m
[2.333s] [ 56%] [32mBuilding CXX object CMakeFiles/dome_interfaces__rosidl_typesupport_cpp.dir/rosidl_typesupport_cpp/dome_interfaces/msg/sensor__type_support.cpp.o[0m
[2.403s] [35m[1mScanning dependencies of target dome_interfaces__rosidl_typesupport_fastrtps_c[0m
[2.425s] [ 59%] [32mBuilding CXX object CMakeFiles/dome_interfaces__rosidl_typesupport_fastrtps_c.dir/rosidl_typesupport_fastrtps_c/dome_interfaces/msg/sensor__type_support_c.cpp.o[0m
[2.427s] [ 62%] [32mBuilding CXX object CMakeFiles/dome_interfaces__rosidl_typesupport_fastrtps_c.dir/rosidl_typesupport_fastrtps_c/dome_interfaces/srv/dome__type_support_c.cpp.o[0m
[2.669s] [ 64%] [32m[1mLinking CXX shared library libdome_interfaces__rosidl_typesupport_cpp.so[0m
[2.738s] [ 67%] [32m[1mLinking CXX shared library libdome_interfaces__rosidl_typesupport_fastrtps_c.so[0m
[2.753s] [ 67%] Built target dome_interfaces__rosidl_typesupport_cpp
[2.816s] [ 67%] Built target dome_interfaces__rosidl_typesupport_fastrtps_c
[2.833s] [ 70%] [34m[1mGenerating C type support dispatch for ROS interfaces[0m
[3.100s] [35m[1mScanning dependencies of target dome_interfaces__rosidl_typesupport_c[0m
[3.123s] [ 72%] [32mBuilding CXX object CMakeFiles/dome_interfaces__rosidl_typesupport_c.dir/rosidl_typesupport_c/dome_interfaces/msg/sensor__type_support.cpp.o[0m
[3.126s] [ 75%] [32mBuilding CXX object CMakeFiles/dome_interfaces__rosidl_typesupport_c.dir/rosidl_typesupport_c/dome_interfaces/srv/dome__type_support.cpp.o[0m
[3.158s] [ 78%] [32m[1mLinking CXX shared library libdome_interfaces__rosidl_typesupport_c.so[0m
[3.223s] [ 78%] Built target dome_interfaces__rosidl_typesupport_c
[3.257s] [ 78%] Built target dome_interfaces
[3.289s] [ 81%] [34m[1mGenerating Python code for ROS interfaces[0m
[3.806s] [ 81%] Built target dome_interfaces__py
[3.819s] [35m[1mScanning dependencies of target dome_interfaces__python[0m
[3.845s] [ 83%] [32mBuilding C object CMakeFiles/dome_interfaces__python.dir/rosidl_generator_py/dome_interfaces/srv/_dome_s.c.o[0m
[3.845s] [ 86%] [32mBuilding C object CMakeFiles/dome_interfaces__python.dir/rosidl_generator_py/dome_interfaces/msg/_sensor_s.c.o[0m
[3.923s] [ 89%] [32m[1mLinking C shared library rosidl_generator_py/dome_interfaces/libdome_interfaces__python.so[0m
[3.983s] [ 89%] Built target dome_interfaces__python
[4.004s] [35m[1mScanning dependencies of target dome_interfaces__rosidl_typesupport_fastrtps_c__pyext[0m
[4.004s] [35m[1mScanning dependencies of target dome_interfaces__rosidl_typesupport_c__pyext[0m
[4.022s] [ 91%] [32mBuilding C object CMakeFiles/dome_interfaces__rosidl_typesupport_fastrtps_c__pyext.dir/rosidl_generator_py/dome_interfaces/_dome_interfaces_s.ep.rosidl_typesupport_fastrtps_c.c.o[0m
[4.024s] [ 94%] [32mBuilding C object CMakeFiles/dome_interfaces__rosidl_typesupport_c__pyext.dir/rosidl_generator_py/dome_interfaces/_dome_interfaces_s.ep.rosidl_typesupport_c.c.o[0m
[4.096s] [ 97%] [32m[1mLinking C shared library rosidl_generator_py/dome_interfaces/dome_interfaces_s__rosidl_typesupport_c.cpython-36m-x86_64-linux-gnu.so[0m
[4.112s] [100%] [32m[1mLinking C shared library rosidl_generator_py/dome_interfaces/dome_interfaces_s__rosidl_typesupport_fastrtps_c.cpython-36m-x86_64-linux-gnu.so[0m
[4.161s] [100%] Built target dome_interfaces__rosidl_typesupport_c__pyext
[4.184s] [100%] Built target dome_interfaces__rosidl_typesupport_fastrtps_c__pyext
[4.202s] Invoked command in '/home/francesc/Escritorio/ros_ws/build/dome_interfaces' returned '0': CMAKE_PREFIX_PATH=${CMAKE_PREFIX_PATH}:/home/francesc/Escritorio/ros_ws/install/dome_servcli:/home/francesc/Escritorio/ros_ws/install/dome_sensors:/opt/ros/dashing /usr/bin/cmake --build /home/francesc/Escritorio/ros_ws/build/dome_interfaces -- -j12 -l12
[4.317s] Invoking command in '/home/francesc/Escritorio/ros_ws/build/dome_interfaces': CMAKE_PREFIX_PATH=${CMAKE_PREFIX_PATH}:/home/francesc/Escritorio/ros_ws/install/dome_servcli:/home/francesc/Escritorio/ros_ws/install/dome_sensors:/opt/ros/dashing /usr/bin/cmake --build /home/francesc/Escritorio/ros_ws/build/dome_interfaces --target install -- -j12 -l12
[4.391s] [  2%] Built target dome_interfaces__cpp
[4.396s] [ 13%] Built target dome_interfaces__rosidl_generator_c
[4.421s] [ 24%] Built target dome_interfaces__rosidl_typesupport_introspection_cpp
[4.423s] [ 35%] Built target dome_interfaces__rosidl_typesupport_introspection_c
[4.427s] [ 45%] Built target dome_interfaces__rosidl_typesupport_fastrtps_cpp
[4.460s] [ 56%] Built target dome_interfaces__rosidl_typesupport_cpp
[4.460s] [ 67%] Built target dome_interfaces__rosidl_typesupport_fastrtps_c
[4.500s] [ 78%] Built target dome_interfaces__rosidl_typesupport_c
[4.535s] [ 78%] Built target dome_interfaces
[4.567s] [ 81%] Built target dome_interfaces__py
[4.604s] [ 89%] Built target dome_interfaces__python
[4.642s] [ 94%] Built target dome_interfaces__rosidl_typesupport_c__pyext
[4.644s] [100%] Built target dome_interfaces__rosidl_typesupport_fastrtps_c__pyext
[4.672s] [36mInstall the project...[0m
[4.686s] -- Install configuration: ""
[4.686s] -- Up-to-date: /home/francesc/Escritorio/ros_ws/install/dome_interfaces/share/ament_index/resource_index/rosidl_interfaces/dome_interfaces
[4.687s] -- Installing: /home/francesc/Escritorio/ros_ws/install/dome_interfaces/lib/libdome_interfaces__rosidl_typesupport_c.so
[4.688s] -- Set runtime path of "/home/francesc/Escritorio/ros_ws/install/dome_interfaces/lib/libdome_interfaces__rosidl_typesupport_c.so" to ""
[4.688s] -- Up-to-date: /home/francesc/Escritorio/ros_ws/install/dome_interfaces/share/dome_interfaces/environment/library_path.sh
[4.688s] -- Installing: /home/francesc/Escritorio/ros_ws/install/dome_interfaces/lib/libdome_interfaces__rosidl_typesupport_cpp.so
[4.689s] -- Set runtime path of "/home/francesc/Escritorio/ros_ws/install/dome_interfaces/lib/libdome_interfaces__rosidl_typesupport_cpp.so" to ""
[4.689s] -- Up-to-date: /home/francesc/Escritorio/ros_ws/install/dome_interfaces/include/dome_interfaces
[4.690s] -- Up-to-date: /home/francesc/Escritorio/ros_ws/install/dome_interfaces/include/dome_interfaces/srv
[4.690s] -- Installing: /home/francesc/Escritorio/ros_ws/install/dome_interfaces/include/dome_interfaces/srv/dome__rosidl_typesupport_fastrtps_c.h
[4.690s] -- Up-to-date: /home/francesc/Escritorio/ros_ws/install/dome_interfaces/include/dome_interfaces/msg
[4.690s] -- Up-to-date: /home/francesc/Escritorio/ros_ws/install/dome_interfaces/include/dome_interfaces/msg/action__rosidl_typesupport_fastrtps_c.h
[4.690s] -- Up-to-date: /home/francesc/Escritorio/ros_ws/install/dome_interfaces/include/dome_interfaces/msg/rosidl_typesupport_fastrtps_c__visibility_control.h
[4.690s] -- Installing: /home/francesc/Escritorio/ros_ws/install/dome_interfaces/include/dome_interfaces/msg/sensor__rosidl_typesupport_fastrtps_c.h
[4.691s] -- Installing: /home/francesc/Escritorio/ros_ws/install/dome_interfaces/lib/libdome_interfaces__rosidl_typesupport_fastrtps_c.so
[4.691s] -- Set runtime path of "/home/francesc/Escritorio/ros_ws/install/dome_interfaces/lib/libdome_interfaces__rosidl_typesupport_fastrtps_c.so" to ""
[4.691s] -- Up-to-date: /home/francesc/Escritorio/ros_ws/install/dome_interfaces/include/dome_interfaces
[4.691s] -- Up-to-date: /home/francesc/Escritorio/ros_ws/install/dome_interfaces/include/dome_interfaces/srv
[4.692s] -- Installing: /home/francesc/Escritorio/ros_ws/install/dome_interfaces/include/dome_interfaces/srv/dome.h
[4.692s] -- Installing: /home/francesc/Escritorio/ros_ws/install/dome_interfaces/include/dome_interfaces/srv/dome__functions.h
[4.692s] -- Installing: /home/francesc/Escritorio/ros_ws/install/dome_interfaces/include/dome_interfaces/srv/dome__functions.c
[4.692s] -- Installing: /home/francesc/Escritorio/ros_ws/install/dome_interfaces/include/dome_interfaces/srv/dome__struct.h
[4.692s] -- Installing: /home/francesc/Escritorio/ros_ws/install/dome_interfaces/include/dome_interfaces/srv/dome__type_support.h
[4.693s] -- Up-to-date: /home/francesc/Escritorio/ros_ws/install/dome_interfaces/include/dome_interfaces/msg
[4.693s] -- Installing: /home/francesc/Escritorio/ros_ws/install/dome_interfaces/include/dome_interfaces/msg/sensor__type_support.h
[4.693s] -- Up-to-date: /home/francesc/Escritorio/ros_ws/install/dome_interfaces/include/dome_interfaces/msg/action.h
[4.693s] -- Up-to-date: /home/francesc/Escritorio/ros_ws/install/dome_interfaces/include/dome_interfaces/msg/rosidl_generator_c__visibility_control.h
[4.693s] -- Installing: /home/francesc/Escritorio/ros_ws/install/dome_interfaces/include/dome_interfaces/msg/sensor__functions.c
[4.694s] -- Installing: /home/francesc/Escritorio/ros_ws/install/dome_interfaces/include/dome_interfaces/msg/sensor__struct.h
[4.694s] -- Up-to-date: /home/francesc/Escritorio/ros_ws/install/dome_interfaces/include/dome_interfaces/msg/action__struct.h
[4.694s] -- Installing: /home/francesc/Escritorio/ros_ws/install/dome_interfaces/include/dome_interfaces/msg/sensor.h
[4.694s] -- Up-to-date: /home/francesc/Escritorio/ros_ws/install/dome_interfaces/include/dome_interfaces/msg/action__functions.h
[4.694s] -- Up-to-date: /home/francesc/Escritorio/ros_ws/install/dome_interfaces/include/dome_interfaces/msg/action__type_support.h
[4.694s] -- Up-to-date: /home/francesc/Escritorio/ros_ws/install/dome_interfaces/include/dome_interfaces/msg/action__functions.c
[4.695s] -- Installing: /home/francesc/Escritorio/ros_ws/install/dome_interfaces/include/dome_interfaces/msg/sensor__functions.h
[4.695s] -- Installing: /home/francesc/Escritorio/ros_ws/install/dome_interfaces/lib/libdome_interfaces__rosidl_generator_c.so
[4.695s] -- Set runtime path of "/home/francesc/Escritorio/ros_ws/install/dome_interfaces/lib/libdome_interfaces__rosidl_generator_c.so" to ""
[4.695s] -- Up-to-date: /home/francesc/Escritorio/ros_ws/install/dome_interfaces/include/dome_interfaces
[4.696s] -- Up-to-date: /home/francesc/Escritorio/ros_ws/install/dome_interfaces/include/dome_interfaces/srv
[4.696s] -- Installing: /home/francesc/Escritorio/ros_ws/install/dome_interfaces/include/dome_interfaces/srv/dome__rosidl_typesupport_fastrtps_cpp.hpp
[4.696s] -- Up-to-date: /home/francesc/Escritorio/ros_ws/install/dome_interfaces/include/dome_interfaces/srv/dds_fastrtps
[4.696s] -- Up-to-date: /home/francesc/Escritorio/ros_ws/install/dome_interfaces/include/dome_interfaces/msg
[4.696s] -- Up-to-date: /home/francesc/Escritorio/ros_ws/install/dome_interfaces/include/dome_interfaces/msg/rosidl_typesupport_fastrtps_cpp__visibility_control.h
[4.697s] -- Up-to-date: /home/francesc/Escritorio/ros_ws/install/dome_interfaces/include/dome_interfaces/msg/action__rosidl_typesupport_fastrtps_cpp.hpp
[4.697s] -- Up-to-date: /home/francesc/Escritorio/ros_ws/install/dome_interfaces/include/dome_interfaces/msg/dds_fastrtps
[4.697s] -- Installing: /home/francesc/Escritorio/ros_ws/install/dome_interfaces/include/dome_interfaces/msg/sensor__rosidl_typesupport_fastrtps_cpp.hpp
[4.697s] -- Installing: /home/francesc/Escritorio/ros_ws/install/dome_interfaces/lib/libdome_interfaces__rosidl_typesupport_fastrtps_cpp.so
[4.697s] -- Set runtime path of "/home/francesc/Escritorio/ros_ws/install/dome_interfaces/lib/libdome_interfaces__rosidl_typesupport_fastrtps_cpp.so" to ""
[4.697s] -- Up-to-date: /home/francesc/Escritorio/ros_ws/install/dome_interfaces/include/dome_interfaces
[4.698s] -- Up-to-date: /home/francesc/Escritorio/ros_ws/install/dome_interfaces/include/dome_interfaces/srv
[4.698s] -- Installing: /home/francesc/Escritorio/ros_ws/install/dome_interfaces/include/dome_interfaces/srv/dome__struct.hpp
[4.698s] -- Installing: /home/francesc/Escritorio/ros_ws/install/dome_interfaces/include/dome_interfaces/srv/dome__traits.hpp
[4.698s] -- Installing: /home/francesc/Escritorio/ros_ws/install/dome_interfaces/include/dome_interfaces/srv/dome.hpp
[4.698s] -- Up-to-date: /home/francesc/Escritorio/ros_ws/install/dome_interfaces/include/dome_interfaces/msg
[4.699s] -- Up-to-date: /home/francesc/Escritorio/ros_ws/install/dome_interfaces/include/dome_interfaces/msg/action__struct.hpp
[4.699s] -- Installing: /home/francesc/Escritorio/ros_ws/install/dome_interfaces/include/dome_interfaces/msg/sensor__struct.hpp
[4.699s] -- Up-to-date: /home/francesc/Escritorio/ros_ws/install/dome_interfaces/include/dome_interfaces/msg/action.hpp
[4.699s] -- Up-to-date: /home/francesc/Escritorio/ros_ws/install/dome_interfaces/include/dome_interfaces/msg/action__traits.hpp
[4.699s] -- Installing: /home/francesc/Escritorio/ros_ws/install/dome_interfaces/include/dome_interfaces/msg/sensor.hpp
[4.699s] -- Installing: /home/francesc/Escritorio/ros_ws/install/dome_interfaces/include/dome_interfaces/msg/sensor__traits.hpp
[4.700s] -- Up-to-date: /home/francesc/Escritorio/ros_ws/install/dome_interfaces/include/dome_interfaces
[4.700s] -- Up-to-date: /home/francesc/Escritorio/ros_ws/install/dome_interfaces/include/dome_interfaces/srv
[4.700s] -- Installing: /home/francesc/Escritorio/ros_ws/install/dome_interfaces/include/dome_interfaces/srv/dome__type_support.c
[4.700s] -- Installing: /home/francesc/Escritorio/ros_ws/install/dome_interfaces/include/dome_interfaces/srv/dome__rosidl_typesupport_introspection_c.h
[4.700s] -- Up-to-date: /home/francesc/Escritorio/ros_ws/install/dome_interfaces/include/dome_interfaces/msg
[4.700s] -- Installing: /home/francesc/Escritorio/ros_ws/install/dome_interfaces/include/dome_interfaces/msg/sensor__rosidl_typesupport_introspection_c.h
[4.700s] -- Up-to-date: /home/francesc/Escritorio/ros_ws/install/dome_interfaces/include/dome_interfaces/msg/action__rosidl_typesupport_introspection_c.h
[4.700s] -- Up-to-date: /home/francesc/Escritorio/ros_ws/install/dome_interfaces/include/dome_interfaces/msg/rosidl_typesupport_introspection_c__visibility_control.h
[4.700s] -- Up-to-date: /home/francesc/Escritorio/ros_ws/install/dome_interfaces/include/dome_interfaces/msg/action__type_support.c
[4.700s] -- Installing: /home/francesc/Escritorio/ros_ws/install/dome_interfaces/include/dome_interfaces/msg/sensor__type_support.c
[4.700s] -- Installing: /home/francesc/Escritorio/ros_ws/install/dome_interfaces/lib/libdome_interfaces__rosidl_typesupport_introspection_c.so
[4.700s] -- Set runtime path of "/home/francesc/Escritorio/ros_ws/install/dome_interfaces/lib/libdome_interfaces__rosidl_typesupport_introspection_c.so" to ""
[4.700s] -- Up-to-date: /home/francesc/Escritorio/ros_ws/install/dome_interfaces/include/dome_interfaces
[4.701s] -- Up-to-date: /home/francesc/Escritorio/ros_ws/install/dome_interfaces/include/dome_interfaces/srv
[4.701s] -- Installing: /home/francesc/Escritorio/ros_ws/install/dome_interfaces/include/dome_interfaces/srv/dome__type_support.cpp
[4.701s] -- Installing: /home/francesc/Escritorio/ros_ws/install/dome_interfaces/include/dome_interfaces/srv/dome__rosidl_typesupport_introspection_cpp.hpp
[4.701s] -- Up-to-date: /home/francesc/Escritorio/ros_ws/install/dome_interfaces/include/dome_interfaces/msg
[4.701s] -- Installing: /home/francesc/Escritorio/ros_ws/install/dome_interfaces/include/dome_interfaces/msg/sensor__type_support.cpp
[4.701s] -- Up-to-date: /home/francesc/Escritorio/ros_ws/install/dome_interfaces/include/dome_interfaces/msg/action__type_support.cpp
[4.701s] -- Up-to-date: /home/francesc/Escritorio/ros_ws/install/dome_interfaces/include/dome_interfaces/msg/action__rosidl_typesupport_introspection_cpp.hpp
[4.701s] -- Installing: /home/francesc/Escritorio/ros_ws/install/dome_interfaces/include/dome_interfaces/msg/sensor__rosidl_typesupport_introspection_cpp.hpp
[4.701s] -- Installing: /home/francesc/Escritorio/ros_ws/install/dome_interfaces/lib/libdome_interfaces__rosidl_typesupport_introspection_cpp.so
[4.701s] -- Set runtime path of "/home/francesc/Escritorio/ros_ws/install/dome_interfaces/lib/libdome_interfaces__rosidl_typesupport_introspection_cpp.so" to ""
[4.701s] -- Up-to-date: /home/francesc/Escritorio/ros_ws/install/dome_interfaces/share/dome_interfaces/environment/pythonpath.sh
[4.701s] -- Installing: /home/francesc/Escritorio/ros_ws/install/dome_interfaces/lib/python3.6/site-packages/dome_interfaces/__init__.py
[4.741s] Compiling '/home/francesc/Escritorio/ros_ws/install/dome_interfaces/lib/python3.6/site-packages/dome_interfaces/__init__.py'...
[4.744s] -- Up-to-date: /home/francesc/Escritorio/ros_ws/install/dome_interfaces/lib/python3.6/site-packages/dome_interfaces/msg
[4.745s] -- Installing: /home/francesc/Escritorio/ros_ws/install/dome_interfaces/lib/python3.6/site-packages/dome_interfaces/msg/_sensor.py
[4.745s] -- Up-to-date: /home/francesc/Escritorio/ros_ws/install/dome_interfaces/lib/python3.6/site-packages/dome_interfaces/msg/_action_s.c
[4.745s] -- Installing: /home/francesc/Escritorio/ros_ws/install/dome_interfaces/lib/python3.6/site-packages/dome_interfaces/msg/__init__.py
[4.746s] -- Up-to-date: /home/francesc/Escritorio/ros_ws/install/dome_interfaces/lib/python3.6/site-packages/dome_interfaces/msg/_action.py
[4.746s] -- Installing: /home/francesc/Escritorio/ros_ws/install/dome_interfaces/lib/python3.6/site-packages/dome_interfaces/msg/_sensor_s.c
[4.746s] -- Up-to-date: /home/francesc/Escritorio/ros_ws/install/dome_interfaces/lib/python3.6/site-packages/dome_interfaces/srv
[4.746s] -- Installing: /home/francesc/Escritorio/ros_ws/install/dome_interfaces/lib/python3.6/site-packages/dome_interfaces/srv/_dome.py
[4.746s] -- Installing: /home/francesc/Escritorio/ros_ws/install/dome_interfaces/lib/python3.6/site-packages/dome_interfaces/srv/__init__.py
[4.747s] -- Installing: /home/francesc/Escritorio/ros_ws/install/dome_interfaces/lib/python3.6/site-packages/dome_interfaces/srv/_dome_s.c
[4.747s] -- Installing: /home/francesc/Escritorio/ros_ws/install/dome_interfaces/lib/python3.6/site-packages/dome_interfaces/dome_interfaces_s__rosidl_typesupport_c.cpython-36m-x86_64-linux-gnu.so
[4.748s] -- Set runtime path of "/home/francesc/Escritorio/ros_ws/install/dome_interfaces/lib/python3.6/site-packages/dome_interfaces/dome_interfaces_s__rosidl_typesupport_c.cpython-36m-x86_64-linux-gnu.so" to ""
[4.748s] -- Installing: /home/francesc/Escritorio/ros_ws/install/dome_interfaces/lib/python3.6/site-packages/dome_interfaces/dome_interfaces_s__rosidl_typesupport_fastrtps_c.cpython-36m-x86_64-linux-gnu.so
[4.749s] -- Set runtime path of "/home/francesc/Escritorio/ros_ws/install/dome_interfaces/lib/python3.6/site-packages/dome_interfaces/dome_interfaces_s__rosidl_typesupport_fastrtps_c.cpython-36m-x86_64-linux-gnu.so" to ""
[4.750s] -- Installing: /home/francesc/Escritorio/ros_ws/install/dome_interfaces/lib/libdome_interfaces__python.so
[4.751s] -- Set runtime path of "/home/francesc/Escritorio/ros_ws/install/dome_interfaces/lib/libdome_interfaces__python.so" to ""
[4.751s] -- Installing: /home/francesc/Escritorio/ros_ws/install/dome_interfaces/share/dome_interfaces/msg/Sensor.idl
[4.751s] -- Up-to-date: /home/francesc/Escritorio/ros_ws/install/dome_interfaces/share/dome_interfaces/srv/Dome.idl
[4.751s] -- Installing: /home/francesc/Escritorio/ros_ws/install/dome_interfaces/share/dome_interfaces/msg/Sensor.msg
[4.752s] -- Up-to-date: /home/francesc/Escritorio/ros_ws/install/dome_interfaces/share/dome_interfaces/srv/Dome.srv
[4.752s] -- Up-to-date: /home/francesc/Escritorio/ros_ws/install/dome_interfaces/share/dome_interfaces/srv/Dome_Request.msg
[4.752s] -- Up-to-date: /home/francesc/Escritorio/ros_ws/install/dome_interfaces/share/dome_interfaces/srv/Dome_Response.msg
[4.752s] -- Up-to-date: /home/francesc/Escritorio/ros_ws/install/dome_interfaces/share/ament_index/resource_index/package_run_dependencies/dome_interfaces
[4.752s] -- Up-to-date: /home/francesc/Escritorio/ros_ws/install/dome_interfaces/share/ament_index/resource_index/parent_prefix_path/dome_interfaces
[4.753s] -- Up-to-date: /home/francesc/Escritorio/ros_ws/install/dome_interfaces/share/dome_interfaces/environment/ament_prefix_path.sh
[4.753s] -- Up-to-date: /home/francesc/Escritorio/ros_ws/install/dome_interfaces/share/dome_interfaces/environment/path.sh
[4.753s] -- Up-to-date: /home/francesc/Escritorio/ros_ws/install/dome_interfaces/share/dome_interfaces/local_setup.bash
[4.753s] -- Up-to-date: /home/francesc/Escritorio/ros_ws/install/dome_interfaces/share/dome_interfaces/local_setup.sh
[4.753s] -- Up-to-date: /home/francesc/Escritorio/ros_ws/install/dome_interfaces/share/dome_interfaces/local_setup.zsh
[4.753s] -- Up-to-date: /home/francesc/Escritorio/ros_ws/install/dome_interfaces/share/ament_index/resource_index/packages/dome_interfaces
[4.754s] -- Up-to-date: /home/francesc/Escritorio/ros_ws/install/dome_interfaces/share/dome_interfaces/cmake/rosidl_cmake-extras.cmake
[4.754s] -- Up-to-date: /home/francesc/Escritorio/ros_ws/install/dome_interfaces/share/dome_interfaces/cmake/ament_cmake_export_libraries-extras.cmake
[4.754s] -- Up-to-date: /home/francesc/Escritorio/ros_ws/install/dome_interfaces/share/dome_interfaces/cmake/ament_cmake_export_include_directories-extras.cmake
[4.754s] -- Up-to-date: /home/francesc/Escritorio/ros_ws/install/dome_interfaces/share/dome_interfaces/cmake/dome_interfacesConfig.cmake
[4.754s] -- Up-to-date: /home/francesc/Escritorio/ros_ws/install/dome_interfaces/share/dome_interfaces/cmake/dome_interfacesConfig-version.cmake
[4.754s] -- Up-to-date: /home/francesc/Escritorio/ros_ws/install/dome_interfaces/share/dome_interfaces/package.xml
[4.759s] Invoked command in '/home/francesc/Escritorio/ros_ws/build/dome_interfaces' returned '0': CMAKE_PREFIX_PATH=${CMAKE_PREFIX_PATH}:/home/francesc/Escritorio/ros_ws/install/dome_servcli:/home/francesc/Escritorio/ros_ws/install/dome_sensors:/opt/ros/dashing /usr/bin/cmake --build /home/francesc/Escritorio/ros_ws/build/dome_interfaces --target install -- -j12 -l12
