[0.147s] DEBUG:colcon:Command line arguments: ['/usr/bin/colcon', 'build', '--packages-select', 'dome_interfaces']
[0.147s] DEBUG:colcon:Parsed command line arguments: Namespace(ament_cmake_args=None, base_paths=['.'], build_base='build', catkin_cmake_args=None, catkin_skip_building_tests=False, cmake_args=None, cmake_clean_cache=False, cmake_clean_first=False, cmake_force_configure=False, cmake_target=None, cmake_target_skip_unavailable=False, continue_on_error=False, event_handlers=None, executor='parallel', ignore_user_meta=False, install_base='install', log_base=None, log_level=None, main=<bound method BuildVerb.main of <colcon_core.verb.build.BuildVerb object at 0x7ff3f9efd128>>, merge_install=False, metas=['./colcon.meta'], packages_above=None, packages_above_depth=None, packages_end=None, packages_ignore=None, packages_ignore_regex=None, packages_select=['dome_interfaces'], packages_select_build_failed=False, packages_select_by_dep=None, packages_select_regex=None, packages_select_test_failures=False, packages_skip=None, packages_skip_build_finished=False, packages_skip_by_dep=None, packages_skip_regex=None, packages_skip_test_passed=False, packages_skip_up_to=None, packages_start=None, packages_up_to=None, parallel_workers=12, paths=None, symlink_install=False, test_result_base=None, verb_extension=<colcon_core.verb.build.BuildVerb object at 0x7ff3f9efd128>, verb_name='build', verb_parser=<colcon_defaults.argument_parser.defaults.DefaultArgumentsDecorator object at 0x7ff3f9efd470>)
[0.182s] Level 1:colcon.colcon_core.package_discovery:discover_packages(colcon_meta) check parameters
[0.182s] Level 1:colcon.colcon_core.package_discovery:discover_packages(recursive) check parameters
[0.182s] Level 1:colcon.colcon_core.package_discovery:discover_packages(ignore) check parameters
[0.182s] Level 1:colcon.colcon_core.package_discovery:discover_packages(path) check parameters
[0.182s] Level 1:colcon.colcon_core.package_discovery:discover_packages(colcon_meta) discover
[0.182s] Level 1:colcon.colcon_core.package_discovery:discover_packages(recursive) discover
[0.182s] INFO:colcon.colcon_core.package_discovery:Crawling recursively for packages in '/home/francesc/Escritorio/ros_ws'
[0.182s] Level 1:colcon.colcon_core.package_identification:_identify(.) by extensions ['ignore', 'ignore_ament_install']
[0.183s] Level 1:colcon.colcon_core.package_identification:_identify(.) by extension 'ignore'
[0.183s] Level 1:colcon.colcon_core.package_identification:_identify(.) by extension 'ignore_ament_install'
[0.183s] Level 1:colcon.colcon_core.package_identification:_identify(.) by extensions ['colcon_pkg']
[0.183s] Level 1:colcon.colcon_core.package_identification:_identify(.) by extension 'colcon_pkg'
[0.183s] Level 1:colcon.colcon_core.package_identification:_identify(.) by extensions ['colcon_meta']
[0.183s] Level 1:colcon.colcon_core.package_identification:_identify(.) by extension 'colcon_meta'
[0.183s] Level 1:colcon.colcon_core.package_identification:_identify(.) by extensions ['ros']
[0.183s] Level 1:colcon.colcon_core.package_identification:_identify(.) by extension 'ros'
[0.195s] Level 1:colcon.colcon_core.package_identification:_identify(.) by extensions ['cmake', 'python']
[0.195s] Level 1:colcon.colcon_core.package_identification:_identify(.) by extension 'cmake'
[0.195s] Level 1:colcon.colcon_core.package_identification:_identify(.) by extension 'python'
[0.195s] Level 1:colcon.colcon_core.package_identification:_identify(.) by extensions ['python_setup_py']
[0.195s] Level 1:colcon.colcon_core.package_identification:_identify(.) by extension 'python_setup_py'
[0.195s] Level 1:colcon.colcon_core.package_identification:_identify(build) by extensions ['ignore', 'ignore_ament_install']
[0.195s] Level 1:colcon.colcon_core.package_identification:_identify(build) by extension 'ignore'
[0.195s] Level 1:colcon.colcon_core.package_identification:_identify(build) ignored
[0.195s] Level 1:colcon.colcon_core.package_identification:_identify(install) by extensions ['ignore', 'ignore_ament_install']
[0.196s] Level 1:colcon.colcon_core.package_identification:_identify(install) by extension 'ignore'
[0.196s] Level 1:colcon.colcon_core.package_identification:_identify(install) ignored
[0.196s] Level 1:colcon.colcon_core.package_identification:_identify(log) by extensions ['ignore', 'ignore_ament_install']
[0.196s] Level 1:colcon.colcon_core.package_identification:_identify(log) by extension 'ignore'
[0.196s] Level 1:colcon.colcon_core.package_identification:_identify(log) ignored
[0.196s] Level 1:colcon.colcon_core.package_identification:_identify(src) by extensions ['ignore', 'ignore_ament_install']
[0.196s] Level 1:colcon.colcon_core.package_identification:_identify(src) by extension 'ignore'
[0.196s] Level 1:colcon.colcon_core.package_identification:_identify(src) by extension 'ignore_ament_install'
[0.196s] Level 1:colcon.colcon_core.package_identification:_identify(src) by extensions ['colcon_pkg']
[0.196s] Level 1:colcon.colcon_core.package_identification:_identify(src) by extension 'colcon_pkg'
[0.196s] Level 1:colcon.colcon_core.package_identification:_identify(src) by extensions ['colcon_meta']
[0.196s] Level 1:colcon.colcon_core.package_identification:_identify(src) by extension 'colcon_meta'
[0.196s] Level 1:colcon.colcon_core.package_identification:_identify(src) by extensions ['ros']
[0.196s] Level 1:colcon.colcon_core.package_identification:_identify(src) by extension 'ros'
[0.197s] Level 1:colcon.colcon_core.package_identification:_identify(src) by extensions ['cmake', 'python']
[0.197s] Level 1:colcon.colcon_core.package_identification:_identify(src) by extension 'cmake'
[0.197s] Level 1:colcon.colcon_core.package_identification:_identify(src) by extension 'python'
[0.197s] Level 1:colcon.colcon_core.package_identification:_identify(src) by extensions ['python_setup_py']
[0.197s] Level 1:colcon.colcon_core.package_identification:_identify(src) by extension 'python_setup_py'
[0.197s] Level 1:colcon.colcon_core.package_identification:_identify(src/dome_interfaces) by extensions ['ignore', 'ignore_ament_install']
[0.197s] Level 1:colcon.colcon_core.package_identification:_identify(src/dome_interfaces) by extension 'ignore'
[0.197s] Level 1:colcon.colcon_core.package_identification:_identify(src/dome_interfaces) by extension 'ignore_ament_install'
[0.197s] Level 1:colcon.colcon_core.package_identification:_identify(src/dome_interfaces) by extensions ['colcon_pkg']
[0.197s] Level 1:colcon.colcon_core.package_identification:_identify(src/dome_interfaces) by extension 'colcon_pkg'
[0.197s] Level 1:colcon.colcon_core.package_identification:_identify(src/dome_interfaces) by extensions ['colcon_meta']
[0.197s] Level 1:colcon.colcon_core.package_identification:_identify(src/dome_interfaces) by extension 'colcon_meta'
[0.197s] Level 1:colcon.colcon_core.package_identification:_identify(src/dome_interfaces) by extensions ['ros']
[0.197s] Level 1:colcon.colcon_core.package_identification:_identify(src/dome_interfaces) by extension 'ros'
[0.199s] DEBUG:colcon.colcon_core.package_identification:Package 'src/dome_interfaces' with type 'ros.ament_cmake' and name 'dome_interfaces'
[0.199s] Level 1:colcon.colcon_core.package_identification:_identify(src/dome_sensors) by extensions ['ignore', 'ignore_ament_install']
[0.200s] Level 1:colcon.colcon_core.package_identification:_identify(src/dome_sensors) by extension 'ignore'
[0.200s] Level 1:colcon.colcon_core.package_identification:_identify(src/dome_sensors) by extension 'ignore_ament_install'
[0.200s] Level 1:colcon.colcon_core.package_identification:_identify(src/dome_sensors) by extensions ['colcon_pkg']
[0.200s] Level 1:colcon.colcon_core.package_identification:_identify(src/dome_sensors) by extension 'colcon_pkg'
[0.200s] Level 1:colcon.colcon_core.package_identification:_identify(src/dome_sensors) by extensions ['colcon_meta']
[0.200s] Level 1:colcon.colcon_core.package_identification:_identify(src/dome_sensors) by extension 'colcon_meta'
[0.200s] Level 1:colcon.colcon_core.package_identification:_identify(src/dome_sensors) by extensions ['ros']
[0.200s] Level 1:colcon.colcon_core.package_identification:_identify(src/dome_sensors) by extension 'ros'
[0.201s] DEBUG:colcon.colcon_core.package_identification:Package 'src/dome_sensors' with type 'ros.ament_python' and name 'dome_sensors'
[0.201s] Level 1:colcon.colcon_core.package_identification:_identify(src/dome_servcli) by extensions ['ignore', 'ignore_ament_install']
[0.201s] Level 1:colcon.colcon_core.package_identification:_identify(src/dome_servcli) by extension 'ignore'
[0.201s] Level 1:colcon.colcon_core.package_identification:_identify(src/dome_servcli) by extension 'ignore_ament_install'
[0.201s] Level 1:colcon.colcon_core.package_identification:_identify(src/dome_servcli) by extensions ['colcon_pkg']
[0.201s] Level 1:colcon.colcon_core.package_identification:_identify(src/dome_servcli) by extension 'colcon_pkg'
[0.201s] Level 1:colcon.colcon_core.package_identification:_identify(src/dome_servcli) by extensions ['colcon_meta']
[0.201s] Level 1:colcon.colcon_core.package_identification:_identify(src/dome_servcli) by extension 'colcon_meta'
[0.201s] Level 1:colcon.colcon_core.package_identification:_identify(src/dome_servcli) by extensions ['ros']
[0.201s] Level 1:colcon.colcon_core.package_identification:_identify(src/dome_servcli) by extension 'ros'
[0.202s] DEBUG:colcon.colcon_core.package_identification:Package 'src/dome_servcli' with type 'ros.ament_python' and name 'dome_servcli'
[0.202s] Level 1:colcon.colcon_core.package_discovery:discover_packages(recursive) using defaults
[0.202s] Level 1:colcon.colcon_core.package_discovery:discover_packages(ignore) discover
[0.202s] Level 1:colcon.colcon_core.package_discovery:discover_packages(ignore) using defaults
[0.202s] Level 1:colcon.colcon_core.package_discovery:discover_packages(path) discover
[0.202s] Level 1:colcon.colcon_core.package_discovery:discover_packages(path) using defaults
[0.205s] INFO:colcon.colcon_core.package_selection:Skipping not selected package 'dome_sensors' in 'src/dome_sensors'
[0.205s] INFO:colcon.colcon_core.package_selection:Skipping not selected package 'dome_servcli' in 'src/dome_servcli'
[0.207s] Level 5:colcon.colcon_core.verb:set package 'dome_interfaces' build argument 'cmake_args' from command line to 'None'
[0.207s] Level 5:colcon.colcon_core.verb:set package 'dome_interfaces' build argument 'cmake_target' from command line to 'None'
[0.207s] Level 5:colcon.colcon_core.verb:set package 'dome_interfaces' build argument 'cmake_target_skip_unavailable' from command line to 'False'
[0.207s] Level 5:colcon.colcon_core.verb:set package 'dome_interfaces' build argument 'cmake_clean_cache' from command line to 'False'
[0.208s] Level 5:colcon.colcon_core.verb:set package 'dome_interfaces' build argument 'cmake_clean_first' from command line to 'False'
[0.208s] Level 5:colcon.colcon_core.verb:set package 'dome_interfaces' build argument 'cmake_force_configure' from command line to 'False'
[0.208s] Level 5:colcon.colcon_core.verb:set package 'dome_interfaces' build argument 'ament_cmake_args' from command line to 'None'
[0.208s] Level 5:colcon.colcon_core.verb:set package 'dome_interfaces' build argument 'catkin_cmake_args' from command line to 'None'
[0.208s] Level 5:colcon.colcon_core.verb:set package 'dome_interfaces' build argument 'catkin_skip_building_tests' from command line to 'False'
[0.208s] DEBUG:colcon.colcon_core.verb:Building package 'dome_interfaces' with the following arguments: {'ament_cmake_args': None, 'build_base': '/home/francesc/Escritorio/ros_ws/build/dome_interfaces', 'catkin_cmake_args': None, 'catkin_skip_building_tests': False, 'cmake_args': None, 'cmake_clean_cache': False, 'cmake_clean_first': False, 'cmake_force_configure': False, 'cmake_target': None, 'cmake_target_skip_unavailable': False, 'install_base': '/home/francesc/Escritorio/ros_ws/install/dome_interfaces', 'merge_install': False, 'path': '/home/francesc/Escritorio/ros_ws/src/dome_interfaces', 'symlink_install': False, 'test_result_base': None}
[0.208s] INFO:colcon.colcon_core.executor:Executing jobs using 'parallel' executor
[0.210s] DEBUG:colcon.colcon_parallel_executor.executor.parallel:run_until_complete
[0.210s] INFO:colcon.colcon_ros.task.ament_cmake.build:Building ROS package in '/home/francesc/Escritorio/ros_ws/src/dome_interfaces' with build type 'ament_cmake'
[0.214s] INFO:colcon.colcon_core.plugin_system:Skipping extension 'colcon_core.shell.bat': Not used on non-Windows systems
[0.214s] INFO:colcon.colcon_cmake.task.cmake.build:Building CMake package in '/home/francesc/Escritorio/ros_ws/src/dome_interfaces'
[0.215s] INFO:colcon.colcon_core.shell:Skip shell extension 'powershell' for command environment: Not usable outside of PowerShell
[0.215s] DEBUG:colcon.colcon_core.shell:Skip shell extension 'dsv' for command environment
[0.217s] DEBUG:colcon.colcon_core.shell:Ignoring prefix path '/opt/ros/dashing'
[0.231s] DEBUG:colcon.colcon_core.event_handler.log_command:Invoking command in '/home/francesc/Escritorio/ros_ws/build/dome_interfaces': CMAKE_PREFIX_PATH=${CMAKE_PREFIX_PATH}:/home/francesc/Escritorio/ros_ws/install/dome_servcli:/home/francesc/Escritorio/ros_ws/install/dome_sensors:/opt/ros/dashing /usr/bin/cmake --build /home/francesc/Escritorio/ros_ws/build/dome_interfaces -- -j12 -l12
[4.378s] DEBUG:colcon.colcon_core.event_handler.log_command:Invoked command in '/home/francesc/Escritorio/ros_ws/build/dome_interfaces' returned '0': CMAKE_PREFIX_PATH=${CMAKE_PREFIX_PATH}:/home/francesc/Escritorio/ros_ws/install/dome_servcli:/home/francesc/Escritorio/ros_ws/install/dome_sensors:/opt/ros/dashing /usr/bin/cmake --build /home/francesc/Escritorio/ros_ws/build/dome_interfaces -- -j12 -l12
[4.494s] DEBUG:colcon.colcon_core.event_handler.log_command:Invoking command in '/home/francesc/Escritorio/ros_ws/build/dome_interfaces': CMAKE_PREFIX_PATH=${CMAKE_PREFIX_PATH}:/home/francesc/Escritorio/ros_ws/install/dome_servcli:/home/francesc/Escritorio/ros_ws/install/dome_sensors:/opt/ros/dashing /usr/bin/cmake --build /home/francesc/Escritorio/ros_ws/build/dome_interfaces --target install -- -j12 -l12
[4.931s] Level 1:colcon.colcon_core.environment:create_environment_scripts_only(dome_interfaces)
[4.933s] DEBUG:colcon.colcon_core.event_handler.log_command:Invoked command in '/home/francesc/Escritorio/ros_ws/build/dome_interfaces' returned '0': CMAKE_PREFIX_PATH=${CMAKE_PREFIX_PATH}:/home/francesc/Escritorio/ros_ws/install/dome_servcli:/home/francesc/Escritorio/ros_ws/install/dome_sensors:/opt/ros/dashing /usr/bin/cmake --build /home/francesc/Escritorio/ros_ws/build/dome_interfaces --target install -- -j12 -l12
[4.936s] Level 1:colcon.colcon_core.environment:checking '/home/francesc/Escritorio/ros_ws/install/dome_interfaces' for CMake module files
[4.936s] Level 1:colcon.colcon_core.environment:checking '/home/francesc/Escritorio/ros_ws/install/dome_interfaces' for CMake config files
[4.937s] Level 1:colcon.colcon_core.shell:create_environment_hook('dome_interfaces', 'cmake_prefix_path')
[4.937s] INFO:colcon.colcon_core.shell:Creating environment hook '/home/francesc/Escritorio/ros_ws/install/dome_interfaces/share/dome_interfaces/hook/cmake_prefix_path.ps1'
[4.938s] INFO:colcon.colcon_core.shell:Creating environment descriptor '/home/francesc/Escritorio/ros_ws/install/dome_interfaces/share/dome_interfaces/hook/cmake_prefix_path.dsv'
[4.938s] INFO:colcon.colcon_core.shell:Creating environment hook '/home/francesc/Escritorio/ros_ws/install/dome_interfaces/share/dome_interfaces/hook/cmake_prefix_path.sh'
[4.940s] Level 1:colcon.colcon_core.environment:checking '/home/francesc/Escritorio/ros_ws/install/dome_interfaces/lib'
[4.940s] Level 1:colcon.colcon_core.shell:create_environment_hook('dome_interfaces', 'ld_library_path_lib')
[4.940s] INFO:colcon.colcon_core.shell:Creating environment hook '/home/francesc/Escritorio/ros_ws/install/dome_interfaces/share/dome_interfaces/hook/ld_library_path_lib.ps1'
[4.941s] INFO:colcon.colcon_core.shell:Creating environment descriptor '/home/francesc/Escritorio/ros_ws/install/dome_interfaces/share/dome_interfaces/hook/ld_library_path_lib.dsv'
[4.941s] INFO:colcon.colcon_core.shell:Creating environment hook '/home/francesc/Escritorio/ros_ws/install/dome_interfaces/share/dome_interfaces/hook/ld_library_path_lib.sh'
[4.941s] Level 1:colcon.colcon_core.environment:checking '/home/francesc/Escritorio/ros_ws/install/dome_interfaces/bin'
[4.941s] Level 1:colcon.colcon_core.environment:checking '/home/francesc/Escritorio/ros_ws/install/dome_interfaces/lib/pkgconfig/dome_interfaces.pc'
[4.941s] Level 1:colcon.colcon_core.environment:checking '/home/francesc/Escritorio/ros_ws/install/dome_interfaces/lib/python3.6/site-packages'
[4.941s] Level 1:colcon.colcon_core.shell:create_environment_hook('dome_interfaces', 'pythonpath')
[4.942s] INFO:colcon.colcon_core.shell:Creating environment hook '/home/francesc/Escritorio/ros_ws/install/dome_interfaces/share/dome_interfaces/hook/pythonpath.ps1'
[4.942s] INFO:colcon.colcon_core.shell:Creating environment descriptor '/home/francesc/Escritorio/ros_ws/install/dome_interfaces/share/dome_interfaces/hook/pythonpath.dsv'
[4.943s] INFO:colcon.colcon_core.shell:Creating environment hook '/home/francesc/Escritorio/ros_ws/install/dome_interfaces/share/dome_interfaces/hook/pythonpath.sh'
[4.944s] INFO:colcon.colcon_core.shell:Creating package script '/home/francesc/Escritorio/ros_ws/install/dome_interfaces/share/dome_interfaces/package.ps1'
[4.946s] INFO:colcon.colcon_core.shell:Creating package descriptor '/home/francesc/Escritorio/ros_ws/install/dome_interfaces/share/dome_interfaces/package.dsv'
[4.947s] INFO:colcon.colcon_core.shell:Creating package script '/home/francesc/Escritorio/ros_ws/install/dome_interfaces/share/dome_interfaces/package.sh'
[4.947s] INFO:colcon.colcon_core.shell:Creating package script '/home/francesc/Escritorio/ros_ws/install/dome_interfaces/share/dome_interfaces/package.bash'
[4.948s] INFO:colcon.colcon_core.shell:Creating package script '/home/francesc/Escritorio/ros_ws/install/dome_interfaces/share/dome_interfaces/package.zsh'
[4.949s] Level 1:colcon.colcon_core.environment:create_file_with_runtime_dependencies(/home/francesc/Escritorio/ros_ws/install/dome_interfaces/share/colcon-core/packages/dome_interfaces)
[4.949s] DEBUG:colcon.colcon_parallel_executor.executor.parallel:closing loop
[4.950s] DEBUG:colcon.colcon_parallel_executor.executor.parallel:loop closed
[4.950s] DEBUG:colcon.colcon_parallel_executor.executor.parallel:run_until_complete finished with '0'
[4.950s] DEBUG:colcon.colcon_core.event_reactor:joining thread
[4.971s] INFO:colcon.colcon_core.plugin_system:Skipping extension 'colcon_notification.desktop_notification.terminal_notifier': Not used on non-Darwin systems
[4.971s] INFO:colcon.colcon_core.plugin_system:Skipping extension 'colcon_notification.desktop_notification.win32': Not used on non-Windows systems
[4.971s] INFO:colcon.colcon_notification.desktop_notification:Sending desktop notification using 'notify2'
[4.975s] DEBUG:colcon.colcon_core.event_reactor:joined thread
[4.976s] INFO:colcon.colcon_core.shell:Creating prefix script '/home/francesc/Escritorio/ros_ws/install/local_setup.ps1'
[4.978s] INFO:colcon.colcon_core.shell:Creating prefix util module '/home/francesc/Escritorio/ros_ws/install/_local_setup_util_ps1.py'
[4.980s] INFO:colcon.colcon_core.shell:Creating prefix chain script '/home/francesc/Escritorio/ros_ws/install/setup.ps1'
[4.983s] INFO:colcon.colcon_core.shell:Creating prefix script '/home/francesc/Escritorio/ros_ws/install/local_setup.sh'
[4.984s] INFO:colcon.colcon_core.shell:Creating prefix util module '/home/francesc/Escritorio/ros_ws/install/_local_setup_util_sh.py'
[4.985s] INFO:colcon.colcon_core.shell:Creating prefix chain script '/home/francesc/Escritorio/ros_ws/install/setup.sh'
[4.987s] INFO:colcon.colcon_core.shell:Creating prefix script '/home/francesc/Escritorio/ros_ws/install/local_setup.bash'
[4.988s] INFO:colcon.colcon_core.shell:Creating prefix chain script '/home/francesc/Escritorio/ros_ws/install/setup.bash'
[4.991s] INFO:colcon.colcon_core.shell:Creating prefix script '/home/francesc/Escritorio/ros_ws/install/local_setup.zsh'
[4.991s] INFO:colcon.colcon_core.shell:Creating prefix chain script '/home/francesc/Escritorio/ros_ws/install/setup.zsh'
