[0.167s] DEBUG:colcon:Command line arguments: ['/usr/bin/colcon', 'build', '--packages-select', 'dome_sensors']
[0.167s] DEBUG:colcon:Parsed command line arguments: Namespace(ament_cmake_args=None, base_paths=['.'], build_base='build', catkin_cmake_args=None, catkin_skip_building_tests=False, cmake_args=None, cmake_clean_cache=False, cmake_clean_first=False, cmake_force_configure=False, cmake_target=None, cmake_target_skip_unavailable=False, continue_on_error=False, event_handlers=None, executor='parallel', ignore_user_meta=False, install_base='install', log_base=None, log_level=None, main=<bound method BuildVerb.main of <colcon_core.verb.build.BuildVerb object at 0x7fe966cd45c0>>, merge_install=False, metas=['./colcon.meta'], packages_above=None, packages_above_depth=None, packages_end=None, packages_ignore=None, packages_ignore_regex=None, packages_select=['dome_sensors'], packages_select_build_failed=False, packages_select_by_dep=None, packages_select_regex=None, packages_select_test_failures=False, packages_skip=None, packages_skip_build_finished=False, packages_skip_by_dep=None, packages_skip_regex=None, packages_skip_test_passed=False, packages_skip_up_to=None, packages_start=None, packages_up_to=None, parallel_workers=12, paths=None, symlink_install=False, test_result_base=None, verb_extension=<colcon_core.verb.build.BuildVerb object at 0x7fe966cd45c0>, verb_name='build', verb_parser=<colcon_defaults.argument_parser.defaults.DefaultArgumentsDecorator object at 0x7fe966cd4908>)
[0.207s] Level 1:colcon.colcon_core.package_discovery:discover_packages(colcon_meta) check parameters
[0.207s] Level 1:colcon.colcon_core.package_discovery:discover_packages(recursive) check parameters
[0.207s] Level 1:colcon.colcon_core.package_discovery:discover_packages(ignore) check parameters
[0.207s] Level 1:colcon.colcon_core.package_discovery:discover_packages(path) check parameters
[0.207s] Level 1:colcon.colcon_core.package_discovery:discover_packages(colcon_meta) discover
[0.208s] Level 1:colcon.colcon_core.package_discovery:discover_packages(recursive) discover
[0.208s] INFO:colcon.colcon_core.package_discovery:Crawling recursively for packages in '/home/francesc/Escritorio/ros_ws'
[0.208s] Level 1:colcon.colcon_core.package_identification:_identify(.) by extensions ['ignore', 'ignore_ament_install']
[0.208s] Level 1:colcon.colcon_core.package_identification:_identify(.) by extension 'ignore'
[0.208s] Level 1:colcon.colcon_core.package_identification:_identify(.) by extension 'ignore_ament_install'
[0.208s] Level 1:colcon.colcon_core.package_identification:_identify(.) by extensions ['colcon_pkg']
[0.208s] Level 1:colcon.colcon_core.package_identification:_identify(.) by extension 'colcon_pkg'
[0.208s] Level 1:colcon.colcon_core.package_identification:_identify(.) by extensions ['colcon_meta']
[0.208s] Level 1:colcon.colcon_core.package_identification:_identify(.) by extension 'colcon_meta'
[0.208s] Level 1:colcon.colcon_core.package_identification:_identify(.) by extensions ['ros']
[0.208s] Level 1:colcon.colcon_core.package_identification:_identify(.) by extension 'ros'
[0.222s] Level 1:colcon.colcon_core.package_identification:_identify(.) by extensions ['cmake', 'python']
[0.222s] Level 1:colcon.colcon_core.package_identification:_identify(.) by extension 'cmake'
[0.222s] Level 1:colcon.colcon_core.package_identification:_identify(.) by extension 'python'
[0.222s] Level 1:colcon.colcon_core.package_identification:_identify(.) by extensions ['python_setup_py']
[0.222s] Level 1:colcon.colcon_core.package_identification:_identify(.) by extension 'python_setup_py'
[0.222s] Level 1:colcon.colcon_core.package_identification:_identify(build) by extensions ['ignore', 'ignore_ament_install']
[0.222s] Level 1:colcon.colcon_core.package_identification:_identify(build) by extension 'ignore'
[0.222s] Level 1:colcon.colcon_core.package_identification:_identify(build) ignored
[0.222s] Level 1:colcon.colcon_core.package_identification:_identify(install) by extensions ['ignore', 'ignore_ament_install']
[0.223s] Level 1:colcon.colcon_core.package_identification:_identify(install) by extension 'ignore'
[0.223s] Level 1:colcon.colcon_core.package_identification:_identify(install) ignored
[0.223s] Level 1:colcon.colcon_core.package_identification:_identify(log) by extensions ['ignore', 'ignore_ament_install']
[0.223s] Level 1:colcon.colcon_core.package_identification:_identify(log) by extension 'ignore'
[0.223s] Level 1:colcon.colcon_core.package_identification:_identify(log) ignored
[0.223s] Level 1:colcon.colcon_core.package_identification:_identify(src) by extensions ['ignore', 'ignore_ament_install']
[0.223s] Level 1:colcon.colcon_core.package_identification:_identify(src) by extension 'ignore'
[0.223s] Level 1:colcon.colcon_core.package_identification:_identify(src) by extension 'ignore_ament_install'
[0.223s] Level 1:colcon.colcon_core.package_identification:_identify(src) by extensions ['colcon_pkg']
[0.224s] Level 1:colcon.colcon_core.package_identification:_identify(src) by extension 'colcon_pkg'
[0.224s] Level 1:colcon.colcon_core.package_identification:_identify(src) by extensions ['colcon_meta']
[0.224s] Level 1:colcon.colcon_core.package_identification:_identify(src) by extension 'colcon_meta'
[0.224s] Level 1:colcon.colcon_core.package_identification:_identify(src) by extensions ['ros']
[0.224s] Level 1:colcon.colcon_core.package_identification:_identify(src) by extension 'ros'
[0.224s] Level 1:colcon.colcon_core.package_identification:_identify(src) by extensions ['cmake', 'python']
[0.224s] Level 1:colcon.colcon_core.package_identification:_identify(src) by extension 'cmake'
[0.224s] Level 1:colcon.colcon_core.package_identification:_identify(src) by extension 'python'
[0.224s] Level 1:colcon.colcon_core.package_identification:_identify(src) by extensions ['python_setup_py']
[0.224s] Level 1:colcon.colcon_core.package_identification:_identify(src) by extension 'python_setup_py'
[0.224s] Level 1:colcon.colcon_core.package_identification:_identify(src/camera_servcli) by extensions ['ignore', 'ignore_ament_install']
[0.224s] Level 1:colcon.colcon_core.package_identification:_identify(src/camera_servcli) by extension 'ignore'
[0.224s] Level 1:colcon.colcon_core.package_identification:_identify(src/camera_servcli) by extension 'ignore_ament_install'
[0.224s] Level 1:colcon.colcon_core.package_identification:_identify(src/camera_servcli) by extensions ['colcon_pkg']
[0.224s] Level 1:colcon.colcon_core.package_identification:_identify(src/camera_servcli) by extension 'colcon_pkg'
[0.224s] Level 1:colcon.colcon_core.package_identification:_identify(src/camera_servcli) by extensions ['colcon_meta']
[0.225s] Level 1:colcon.colcon_core.package_identification:_identify(src/camera_servcli) by extension 'colcon_meta'
[0.225s] Level 1:colcon.colcon_core.package_identification:_identify(src/camera_servcli) by extensions ['ros']
[0.225s] Level 1:colcon.colcon_core.package_identification:_identify(src/camera_servcli) by extension 'ros'
[0.227s] DEBUG:colcon.colcon_core.package_identification:Package 'src/camera_servcli' with type 'ros.ament_python' and name 'camera_servcli'
[0.227s] Level 1:colcon.colcon_core.package_identification:_identify(src/dome_interfaces) by extensions ['ignore', 'ignore_ament_install']
[0.228s] Level 1:colcon.colcon_core.package_identification:_identify(src/dome_interfaces) by extension 'ignore'
[0.228s] Level 1:colcon.colcon_core.package_identification:_identify(src/dome_interfaces) by extension 'ignore_ament_install'
[0.228s] Level 1:colcon.colcon_core.package_identification:_identify(src/dome_interfaces) by extensions ['colcon_pkg']
[0.228s] Level 1:colcon.colcon_core.package_identification:_identify(src/dome_interfaces) by extension 'colcon_pkg'
[0.228s] Level 1:colcon.colcon_core.package_identification:_identify(src/dome_interfaces) by extensions ['colcon_meta']
[0.228s] Level 1:colcon.colcon_core.package_identification:_identify(src/dome_interfaces) by extension 'colcon_meta'
[0.228s] Level 1:colcon.colcon_core.package_identification:_identify(src/dome_interfaces) by extensions ['ros']
[0.228s] Level 1:colcon.colcon_core.package_identification:_identify(src/dome_interfaces) by extension 'ros'
[0.228s] DEBUG:colcon.colcon_core.package_identification:Package 'src/dome_interfaces' with type 'ros.ament_cmake' and name 'dome_interfaces'
[0.229s] Level 1:colcon.colcon_core.package_identification:_identify(src/dome_sensors) by extensions ['ignore', 'ignore_ament_install']
[0.229s] Level 1:colcon.colcon_core.package_identification:_identify(src/dome_sensors) by extension 'ignore'
[0.229s] Level 1:colcon.colcon_core.package_identification:_identify(src/dome_sensors) by extension 'ignore_ament_install'
[0.229s] Level 1:colcon.colcon_core.package_identification:_identify(src/dome_sensors) by extensions ['colcon_pkg']
[0.229s] Level 1:colcon.colcon_core.package_identification:_identify(src/dome_sensors) by extension 'colcon_pkg'
[0.229s] Level 1:colcon.colcon_core.package_identification:_identify(src/dome_sensors) by extensions ['colcon_meta']
[0.229s] Level 1:colcon.colcon_core.package_identification:_identify(src/dome_sensors) by extension 'colcon_meta'
[0.229s] Level 1:colcon.colcon_core.package_identification:_identify(src/dome_sensors) by extensions ['ros']
[0.229s] Level 1:colcon.colcon_core.package_identification:_identify(src/dome_sensors) by extension 'ros'
[0.230s] DEBUG:colcon.colcon_core.package_identification:Package 'src/dome_sensors' with type 'ros.ament_python' and name 'dome_sensors'
[0.230s] Level 1:colcon.colcon_core.package_identification:_identify(src/dome_servcli) by extensions ['ignore', 'ignore_ament_install']
[0.230s] Level 1:colcon.colcon_core.package_identification:_identify(src/dome_servcli) by extension 'ignore'
[0.230s] Level 1:colcon.colcon_core.package_identification:_identify(src/dome_servcli) by extension 'ignore_ament_install'
[0.230s] Level 1:colcon.colcon_core.package_identification:_identify(src/dome_servcli) by extensions ['colcon_pkg']
[0.230s] Level 1:colcon.colcon_core.package_identification:_identify(src/dome_servcli) by extension 'colcon_pkg'
[0.230s] Level 1:colcon.colcon_core.package_identification:_identify(src/dome_servcli) by extensions ['colcon_meta']
[0.230s] Level 1:colcon.colcon_core.package_identification:_identify(src/dome_servcli) by extension 'colcon_meta'
[0.231s] Level 1:colcon.colcon_core.package_identification:_identify(src/dome_servcli) by extensions ['ros']
[0.231s] Level 1:colcon.colcon_core.package_identification:_identify(src/dome_servcli) by extension 'ros'
[0.231s] DEBUG:colcon.colcon_core.package_identification:Package 'src/dome_servcli' with type 'ros.ament_python' and name 'dome_servcli'
[0.231s] Level 1:colcon.colcon_core.package_identification:_identify(src/weather_servcli) by extensions ['ignore', 'ignore_ament_install']
[0.232s] Level 1:colcon.colcon_core.package_identification:_identify(src/weather_servcli) by extension 'ignore'
[0.232s] Level 1:colcon.colcon_core.package_identification:_identify(src/weather_servcli) by extension 'ignore_ament_install'
[0.232s] Level 1:colcon.colcon_core.package_identification:_identify(src/weather_servcli) by extensions ['colcon_pkg']
[0.232s] Level 1:colcon.colcon_core.package_identification:_identify(src/weather_servcli) by extension 'colcon_pkg'
[0.232s] Level 1:colcon.colcon_core.package_identification:_identify(src/weather_servcli) by extensions ['colcon_meta']
[0.232s] Level 1:colcon.colcon_core.package_identification:_identify(src/weather_servcli) by extension 'colcon_meta'
[0.232s] Level 1:colcon.colcon_core.package_identification:_identify(src/weather_servcli) by extensions ['ros']
[0.232s] Level 1:colcon.colcon_core.package_identification:_identify(src/weather_servcli) by extension 'ros'
[0.233s] DEBUG:colcon.colcon_core.package_identification:Package 'src/weather_servcli' with type 'ros.ament_python' and name 'weather_servcli'
[0.233s] Level 1:colcon.colcon_core.package_discovery:discover_packages(recursive) using defaults
[0.233s] Level 1:colcon.colcon_core.package_discovery:discover_packages(ignore) discover
[0.233s] Level 1:colcon.colcon_core.package_discovery:discover_packages(ignore) using defaults
[0.233s] Level 1:colcon.colcon_core.package_discovery:discover_packages(path) discover
[0.233s] Level 1:colcon.colcon_core.package_discovery:discover_packages(path) using defaults
[0.236s] INFO:colcon.colcon_core.package_selection:Skipping not selected package 'dome_interfaces' in 'src/dome_interfaces'
[0.236s] INFO:colcon.colcon_core.package_selection:Skipping not selected package 'camera_servcli' in 'src/camera_servcli'
[0.236s] INFO:colcon.colcon_core.package_selection:Skipping not selected package 'dome_servcli' in 'src/dome_servcli'
[0.236s] INFO:colcon.colcon_core.package_selection:Skipping not selected package 'weather_servcli' in 'src/weather_servcli'
[0.239s] Level 5:colcon.colcon_core.verb:set package 'dome_sensors' build argument 'cmake_args' from command line to 'None'
[0.239s] Level 5:colcon.colcon_core.verb:set package 'dome_sensors' build argument 'cmake_target' from command line to 'None'
[0.239s] Level 5:colcon.colcon_core.verb:set package 'dome_sensors' build argument 'cmake_target_skip_unavailable' from command line to 'False'
[0.239s] Level 5:colcon.colcon_core.verb:set package 'dome_sensors' build argument 'cmake_clean_cache' from command line to 'False'
[0.240s] Level 5:colcon.colcon_core.verb:set package 'dome_sensors' build argument 'cmake_clean_first' from command line to 'False'
[0.240s] Level 5:colcon.colcon_core.verb:set package 'dome_sensors' build argument 'cmake_force_configure' from command line to 'False'
[0.240s] Level 5:colcon.colcon_core.verb:set package 'dome_sensors' build argument 'ament_cmake_args' from command line to 'None'
[0.240s] Level 5:colcon.colcon_core.verb:set package 'dome_sensors' build argument 'catkin_cmake_args' from command line to 'None'
[0.240s] Level 5:colcon.colcon_core.verb:set package 'dome_sensors' build argument 'catkin_skip_building_tests' from command line to 'False'
[0.240s] DEBUG:colcon.colcon_core.verb:Building package 'dome_sensors' with the following arguments: {'ament_cmake_args': None, 'build_base': '/home/francesc/Escritorio/ros_ws/build/dome_sensors', 'catkin_cmake_args': None, 'catkin_skip_building_tests': False, 'cmake_args': None, 'cmake_clean_cache': False, 'cmake_clean_first': False, 'cmake_force_configure': False, 'cmake_target': None, 'cmake_target_skip_unavailable': False, 'install_base': '/home/francesc/Escritorio/ros_ws/install/dome_sensors', 'merge_install': False, 'path': '/home/francesc/Escritorio/ros_ws/src/dome_sensors', 'symlink_install': False, 'test_result_base': None}
[0.240s] INFO:colcon.colcon_core.executor:Executing jobs using 'parallel' executor
[0.242s] DEBUG:colcon.colcon_parallel_executor.executor.parallel:run_until_complete
[0.243s] INFO:colcon.colcon_ros.task.ament_python.build:Building ROS package in '/home/francesc/Escritorio/ros_ws/src/dome_sensors' with build type 'ament_python'
[0.243s] Level 1:colcon.colcon_core.shell:create_environment_hook('dome_sensors', 'ament_prefix_path')
[0.250s] INFO:colcon.colcon_core.plugin_system:Skipping extension 'colcon_core.shell.bat': Not used on non-Windows systems
[0.251s] INFO:colcon.colcon_core.shell:Creating environment hook '/home/francesc/Escritorio/ros_ws/install/dome_sensors/share/dome_sensors/hook/ament_prefix_path.ps1'
[0.252s] INFO:colcon.colcon_core.shell:Creating environment descriptor '/home/francesc/Escritorio/ros_ws/install/dome_sensors/share/dome_sensors/hook/ament_prefix_path.dsv'
[0.253s] INFO:colcon.colcon_core.shell:Creating environment hook '/home/francesc/Escritorio/ros_ws/install/dome_sensors/share/dome_sensors/hook/ament_prefix_path.sh'
[0.255s] INFO:colcon.colcon_core.shell:Skip shell extension 'powershell' for command environment: Not usable outside of PowerShell
[0.255s] DEBUG:colcon.colcon_core.shell:Skip shell extension 'dsv' for command environment
[0.260s] DEBUG:colcon.colcon_core.shell:Ignoring prefix path '/opt/ros/dashing'
[0.548s] INFO:colcon.colcon_core.task.python.build:Building Python package in '/home/francesc/Escritorio/ros_ws/src/dome_sensors'
[0.550s] INFO:colcon.colcon_core.shell:Skip shell extension 'powershell' for command environment: Not usable outside of PowerShell
[0.550s] DEBUG:colcon.colcon_core.shell:Skip shell extension 'dsv' for command environment
[0.552s] DEBUG:colcon.colcon_core.shell:Ignoring prefix path '/opt/ros/dashing'
[0.565s] DEBUG:colcon.colcon_core.event_handler.log_command:Invoking command in '/home/francesc/Escritorio/ros_ws/src/dome_sensors': PYTHONPATH=/home/francesc/Escritorio/ros_ws/install/dome_sensors/lib/python3.6/site-packages:/home/francesc/Escritorio/ros_ws/install/dome_interfaces/lib/python3.6/site-packages:/home/francesc/Escritorio/ros_ws/install/dome_servcli/lib/python3.6/site-packages:/home/francesc/Escritorio/ros_ws/install/dome_sensors/lib/python3.6/site-packages:/opt/ros/dashing/lib/python3.6/site-packages /usr/bin/python3 setup.py egg_info --egg-base /home/francesc/Escritorio/ros_ws/build/dome_sensors build --build-base /home/francesc/Escritorio/ros_ws/build/dome_sensors/build install --prefix /home/francesc/Escritorio/ros_ws/install/dome_sensors --record /home/francesc/Escritorio/ros_ws/build/dome_sensors/install.log --single-version-externally-managed
[0.905s] DEBUG:colcon.colcon_core.event_handler.log_command:Invoked command in '/home/francesc/Escritorio/ros_ws/src/dome_sensors' returned '0': PYTHONPATH=/home/francesc/Escritorio/ros_ws/install/dome_sensors/lib/python3.6/site-packages:/home/francesc/Escritorio/ros_ws/install/dome_interfaces/lib/python3.6/site-packages:/home/francesc/Escritorio/ros_ws/install/dome_servcli/lib/python3.6/site-packages:/home/francesc/Escritorio/ros_ws/install/dome_sensors/lib/python3.6/site-packages:/opt/ros/dashing/lib/python3.6/site-packages /usr/bin/python3 setup.py egg_info --egg-base /home/francesc/Escritorio/ros_ws/build/dome_sensors build --build-base /home/francesc/Escritorio/ros_ws/build/dome_sensors/build install --prefix /home/francesc/Escritorio/ros_ws/install/dome_sensors --record /home/francesc/Escritorio/ros_ws/build/dome_sensors/install.log --single-version-externally-managed
[0.913s] Level 1:colcon.colcon_core.environment:checking '/home/francesc/Escritorio/ros_ws/install/dome_sensors' for CMake module files
[0.914s] Level 1:colcon.colcon_core.environment:checking '/home/francesc/Escritorio/ros_ws/install/dome_sensors' for CMake config files
[0.916s] Level 1:colcon.colcon_core.environment:checking '/home/francesc/Escritorio/ros_ws/install/dome_sensors/lib'
[0.916s] Level 1:colcon.colcon_core.environment:checking '/home/francesc/Escritorio/ros_ws/install/dome_sensors/bin'
[0.916s] Level 1:colcon.colcon_core.environment:checking '/home/francesc/Escritorio/ros_ws/install/dome_sensors/lib/pkgconfig/dome_sensors.pc'
[0.917s] Level 1:colcon.colcon_core.environment:checking '/home/francesc/Escritorio/ros_ws/install/dome_sensors/lib/python3.6/site-packages'
[0.917s] Level 1:colcon.colcon_core.shell:create_environment_hook('dome_sensors', 'pythonpath')
[0.917s] INFO:colcon.colcon_core.shell:Creating environment hook '/home/francesc/Escritorio/ros_ws/install/dome_sensors/share/dome_sensors/hook/pythonpath.ps1'
[0.918s] INFO:colcon.colcon_core.shell:Creating environment descriptor '/home/francesc/Escritorio/ros_ws/install/dome_sensors/share/dome_sensors/hook/pythonpath.dsv'
[0.918s] INFO:colcon.colcon_core.shell:Creating environment hook '/home/francesc/Escritorio/ros_ws/install/dome_sensors/share/dome_sensors/hook/pythonpath.sh'
[0.919s] Level 1:colcon.colcon_core.environment:create_environment_scripts_only(dome_sensors)
[0.919s] INFO:colcon.colcon_core.shell:Creating package script '/home/francesc/Escritorio/ros_ws/install/dome_sensors/share/dome_sensors/package.ps1'
[0.920s] INFO:colcon.colcon_core.shell:Creating package descriptor '/home/francesc/Escritorio/ros_ws/install/dome_sensors/share/dome_sensors/package.dsv'
[0.921s] INFO:colcon.colcon_core.shell:Creating package script '/home/francesc/Escritorio/ros_ws/install/dome_sensors/share/dome_sensors/package.sh'
[0.922s] INFO:colcon.colcon_core.shell:Creating package script '/home/francesc/Escritorio/ros_ws/install/dome_sensors/share/dome_sensors/package.bash'
[0.922s] INFO:colcon.colcon_core.shell:Creating package script '/home/francesc/Escritorio/ros_ws/install/dome_sensors/share/dome_sensors/package.zsh'
[0.923s] Level 1:colcon.colcon_core.environment:create_file_with_runtime_dependencies(/home/francesc/Escritorio/ros_ws/install/dome_sensors/share/colcon-core/packages/dome_sensors)
[0.924s] DEBUG:colcon.colcon_parallel_executor.executor.parallel:closing loop
[0.924s] DEBUG:colcon.colcon_parallel_executor.executor.parallel:loop closed
[0.924s] DEBUG:colcon.colcon_parallel_executor.executor.parallel:run_until_complete finished with '0'
[0.924s] DEBUG:colcon.colcon_core.event_reactor:joining thread
[0.950s] INFO:colcon.colcon_core.plugin_system:Skipping extension 'colcon_notification.desktop_notification.terminal_notifier': Not used on non-Darwin systems
[0.950s] INFO:colcon.colcon_core.plugin_system:Skipping extension 'colcon_notification.desktop_notification.win32': Not used on non-Windows systems
[0.950s] INFO:colcon.colcon_notification.desktop_notification:Sending desktop notification using 'notify2'
[0.954s] DEBUG:colcon.colcon_core.event_reactor:joined thread
[0.955s] INFO:colcon.colcon_core.shell:Creating prefix script '/home/francesc/Escritorio/ros_ws/install/local_setup.ps1'
[0.957s] INFO:colcon.colcon_core.shell:Creating prefix util module '/home/francesc/Escritorio/ros_ws/install/_local_setup_util_ps1.py'
[0.961s] INFO:colcon.colcon_core.shell:Creating prefix chain script '/home/francesc/Escritorio/ros_ws/install/setup.ps1'
[0.966s] INFO:colcon.colcon_core.shell:Creating prefix script '/home/francesc/Escritorio/ros_ws/install/local_setup.sh'
[0.967s] INFO:colcon.colcon_core.shell:Creating prefix util module '/home/francesc/Escritorio/ros_ws/install/_local_setup_util_sh.py'
[0.968s] INFO:colcon.colcon_core.shell:Creating prefix chain script '/home/francesc/Escritorio/ros_ws/install/setup.sh'
[0.971s] INFO:colcon.colcon_core.shell:Creating prefix script '/home/francesc/Escritorio/ros_ws/install/local_setup.bash'
[0.971s] INFO:colcon.colcon_core.shell:Creating prefix chain script '/home/francesc/Escritorio/ros_ws/install/setup.bash'
[0.974s] INFO:colcon.colcon_core.shell:Creating prefix script '/home/francesc/Escritorio/ros_ws/install/local_setup.zsh'
[0.975s] INFO:colcon.colcon_core.shell:Creating prefix chain script '/home/francesc/Escritorio/ros_ws/install/setup.zsh'
