[0.018s] Invoking command in '/home/francesc/Escritorio/ROS-observatory/ros_ws/build/observatory_interfaces': CMAKE_PREFIX_PATH=${CMAKE_PREFIX_PATH}:/home/francesc/Escritorio/ROS-observatory/ros_ws/install/weather_servcli:/home/francesc/Escritorio/ROS-observatory/ros_ws/install/telescope_servcli:/home/francesc/Escritorio/ROS-observatory/ros_ws/install/dome_servcli:/home/francesc/Escritorio/ROS-observatory/ros_ws/install/dome_sensors:/home/francesc/Escritorio/ROS-observatory/ros_ws/install/camera_servcli:/opt/ros/dashing /usr/bin/cmake /home/francesc/Escritorio/ROS-observatory/ros_ws/src/observatory_interfaces -DCMAKE_INSTALL_PREFIX=/home/francesc/Escritorio/ROS-observatory/ros_ws/install/observatory_interfaces
[0.091s] -- The C compiler identification is GNU 7.5.0
[0.168s] -- The CXX compiler identification is GNU 7.5.0
[0.172s] -- Check for working C compiler: /usr/bin/cc
[0.260s] -- Check for working C compiler: /usr/bin/cc -- works
[0.260s] -- Detecting C compiler ABI info
[0.362s] -- Detecting C compiler ABI info - done
[0.369s] -- Detecting C compile features
[0.671s] -- Detecting C compile features - done
[0.673s] -- Check for working CXX compiler: /usr/bin/c++
[0.782s] -- Check for working CXX compiler: /usr/bin/c++ -- works
[0.782s] -- Detecting CXX compiler ABI info
[0.893s] -- Detecting CXX compiler ABI info - done
[0.902s] -- Detecting CXX compile features
[1.369s] -- Detecting CXX compile features - done
[1.373s] -- Found ament_cmake: 0.7.4 (/opt/ros/dashing/share/ament_cmake/cmake)
[1.411s] -- Found PythonInterp: /usr/bin/python3 (found suitable version "3.6.9", minimum required is "3") 
[1.411s] -- Using PYTHON_EXECUTABLE: /usr/bin/python3
[1.631s] -- Found rosidl_default_generators: 0.7.0 (/opt/ros/dashing/share/rosidl_default_generators/cmake)
[1.737s] -- Found OpenSSL: /usr/lib/x86_64-linux-gnu/libcrypto.so (found version "1.1.1") 
[1.760s] -- Found FastRTPS: /opt/ros/dashing/include  
[1.773s] -- Found rosidl_adapter: 0.7.9 (/opt/ros/dashing/share/rosidl_adapter/cmake)
[1.846s] -- Found ament_lint_auto: 0.7.11 (/opt/ros/dashing/share/ament_lint_auto/cmake)
[1.972s] -- Found PythonInterp: /usr/bin/python3 (found version "3.6.9") 
[2.091s] -- Using single matching rosidl_typesupport_c: rosidl_typesupport_fastrtps_c
[2.097s] -- Using single matching rosidl_typesupport_cpp: rosidl_typesupport_fastrtps_cpp
[2.193s] -- Found rmw_implementation_cmake: 0.7.2 (/opt/ros/dashing/share/rmw_implementation_cmake/cmake)
[2.222s] -- Found PythonInterp: /usr/bin/python3 (found suitable version "3.6.9", minimum required is "3.5") 
[2.225s] -- Found python_cmake_module: 0.7.10 (/opt/ros/dashing/share/python_cmake_module/cmake)
[2.259s] -- Found PythonLibs: /usr/lib/x86_64-linux-gnu/libpython3.6m.so (found suitable version "3.6.9", minimum required is "3.5") 
[2.259s] -- Using PYTHON_EXECUTABLE: /usr/bin/python3
[2.259s] -- Using PYTHON_INCLUDE_DIRS: /usr/include/python3.6m
[2.259s] -- Using PYTHON_LIBRARIES: /usr/lib/x86_64-linux-gnu/libpython3.6m.so
[2.291s] -- Found PythonExtra: .so  
[2.425s] -- Added test 'lint_cmake' to check CMake code style
[2.426s] -- Added test 'xmllint' to check XML markup files
[2.431s] -- Configuring done
[2.482s] -- Generating done
[2.486s] -- Build files have been written to: /home/francesc/Escritorio/ROS-observatory/ros_ws/build/observatory_interfaces
[2.492s] Invoked command in '/home/francesc/Escritorio/ROS-observatory/ros_ws/build/observatory_interfaces' returned '0': CMAKE_PREFIX_PATH=${CMAKE_PREFIX_PATH}:/home/francesc/Escritorio/ROS-observatory/ros_ws/install/weather_servcli:/home/francesc/Escritorio/ROS-observatory/ros_ws/install/telescope_servcli:/home/francesc/Escritorio/ROS-observatory/ros_ws/install/dome_servcli:/home/francesc/Escritorio/ROS-observatory/ros_ws/install/dome_sensors:/home/francesc/Escritorio/ROS-observatory/ros_ws/install/camera_servcli:/opt/ros/dashing /usr/bin/cmake /home/francesc/Escritorio/ROS-observatory/ros_ws/src/observatory_interfaces -DCMAKE_INSTALL_PREFIX=/home/francesc/Escritorio/ROS-observatory/ros_ws/install/observatory_interfaces
[2.497s] Invoking command in '/home/francesc/Escritorio/ROS-observatory/ros_ws/build/observatory_interfaces': CMAKE_PREFIX_PATH=${CMAKE_PREFIX_PATH}:/home/francesc/Escritorio/ROS-observatory/ros_ws/install/weather_servcli:/home/francesc/Escritorio/ROS-observatory/ros_ws/install/telescope_servcli:/home/francesc/Escritorio/ROS-observatory/ros_ws/install/dome_servcli:/home/francesc/Escritorio/ROS-observatory/ros_ws/install/dome_sensors:/home/francesc/Escritorio/ROS-observatory/ros_ws/install/camera_servcli:/opt/ros/dashing /usr/bin/cmake --build /home/francesc/Escritorio/ROS-observatory/ros_ws/build/observatory_interfaces -- -j12 -l12
[2.557s] [35m[1mScanning dependencies of target observatory_interfaces__cpp[0m
[2.557s] [  1%] [34m[1mGenerating C code for ROS interfaces[0m
[2.574s] [  3%] [34m[1mGenerating C++ code for ROS interfaces[0m
[3.099s] [  3%] Built target observatory_interfaces__cpp
[3.111s] [  5%] [34m[1mGenerating C++ type support for eProsima Fast-RTPS[0m
[3.113s] [  7%] [34m[1mGenerating C++ introspection for ROS interfaces[0m
[3.226s] [35m[1mScanning dependencies of target observatory_interfaces__rosidl_generator_c[0m
[3.242s] [  9%] [32mBuilding C object CMakeFiles/observatory_interfaces__rosidl_generator_c.dir/rosidl_generator_c/observatory_interfaces/srv/camera__functions.c.o[0m
[3.243s] [ 11%] [32mBuilding C object CMakeFiles/observatory_interfaces__rosidl_generator_c.dir/rosidl_generator_c/observatory_interfaces/srv/dome__functions.c.o[0m
[3.246s] [ 13%] [32mBuilding C object CMakeFiles/observatory_interfaces__rosidl_generator_c.dir/rosidl_generator_c/observatory_interfaces/srv/weather__functions.c.o[0m
[3.246s] [ 15%] [32mBuilding C object CMakeFiles/observatory_interfaces__rosidl_generator_c.dir/rosidl_generator_c/observatory_interfaces/srv/telescope__functions.c.o[0m
[3.312s] [ 16%] [32m[1mLinking C shared library libobservatory_interfaces__rosidl_generator_c.so[0m
[3.366s] [ 16%] Built target observatory_interfaces__rosidl_generator_c
[3.386s] [ 18%] [34m[1mGenerating C introspection for ROS interfaces[0m
[3.639s] [35m[1mScanning dependencies of target observatory_interfaces__rosidl_typesupport_introspection_cpp[0m
[3.659s] [ 20%] [32mBuilding CXX object CMakeFiles/observatory_interfaces__rosidl_typesupport_introspection_cpp.dir/rosidl_typesupport_introspection_cpp/observatory_interfaces/srv/dome__type_support.cpp.o[0m
[3.662s] [ 22%] [32mBuilding CXX object CMakeFiles/observatory_interfaces__rosidl_typesupport_introspection_cpp.dir/rosidl_typesupport_introspection_cpp/observatory_interfaces/srv/camera__type_support.cpp.o[0m
[3.664s] [ 24%] [32mBuilding CXX object CMakeFiles/observatory_interfaces__rosidl_typesupport_introspection_cpp.dir/rosidl_typesupport_introspection_cpp/observatory_interfaces/srv/telescope__type_support.cpp.o[0m
[3.665s] [ 26%] [32mBuilding CXX object CMakeFiles/observatory_interfaces__rosidl_typesupport_introspection_cpp.dir/rosidl_typesupport_introspection_cpp/observatory_interfaces/srv/weather__type_support.cpp.o[0m
[3.698s] [35m[1mScanning dependencies of target observatory_interfaces__rosidl_typesupport_fastrtps_cpp[0m
[3.730s] [ 28%] [32mBuilding CXX object CMakeFiles/observatory_interfaces__rosidl_typesupport_fastrtps_cpp.dir/rosidl_typesupport_fastrtps_cpp/observatory_interfaces/srv/dds_fastrtps/dome__type_support.cpp.o[0m
[3.731s] [ 30%] [32mBuilding CXX object CMakeFiles/observatory_interfaces__rosidl_typesupport_fastrtps_cpp.dir/rosidl_typesupport_fastrtps_cpp/observatory_interfaces/srv/dds_fastrtps/camera__type_support.cpp.o[0m
[3.731s] [ 32%] [32mBuilding CXX object CMakeFiles/observatory_interfaces__rosidl_typesupport_fastrtps_cpp.dir/rosidl_typesupport_fastrtps_cpp/observatory_interfaces/srv/dds_fastrtps/weather__type_support.cpp.o[0m
[3.735s] [ 33%] [32mBuilding CXX object CMakeFiles/observatory_interfaces__rosidl_typesupport_fastrtps_cpp.dir/rosidl_typesupport_fastrtps_cpp/observatory_interfaces/srv/dds_fastrtps/telescope__type_support.cpp.o[0m
[4.032s] [ 35%] [32m[1mLinking CXX shared library libobservatory_interfaces__rosidl_typesupport_introspection_cpp.so[0m
[4.046s] [35m[1mScanning dependencies of target observatory_interfaces__rosidl_typesupport_introspection_c[0m
[4.061s] [ 37%] [32mBuilding C object CMakeFiles/observatory_interfaces__rosidl_typesupport_introspection_c.dir/rosidl_typesupport_introspection_c/observatory_interfaces/srv/camera__type_support.c.o[0m
[4.063s] [ 39%] [32mBuilding C object CMakeFiles/observatory_interfaces__rosidl_typesupport_introspection_c.dir/rosidl_typesupport_introspection_c/observatory_interfaces/srv/dome__type_support.c.o[0m
[4.072s] [ 41%] [32mBuilding C object CMakeFiles/observatory_interfaces__rosidl_typesupport_introspection_c.dir/rosidl_typesupport_introspection_c/observatory_interfaces/srv/telescope__type_support.c.o[0m
[4.077s] [ 43%] [32mBuilding C object CMakeFiles/observatory_interfaces__rosidl_typesupport_introspection_c.dir/rosidl_typesupport_introspection_c/observatory_interfaces/srv/weather__type_support.c.o[0m
[4.106s] [ 43%] Built target observatory_interfaces__rosidl_typesupport_introspection_cpp
[4.121s] [ 45%] [32m[1mLinking C shared library libobservatory_interfaces__rosidl_typesupport_introspection_c.so[0m
[4.162s] [ 45%] Built target observatory_interfaces__rosidl_typesupport_introspection_c
[4.278s] [ 47%] [32m[1mLinking CXX shared library libobservatory_interfaces__rosidl_typesupport_fastrtps_cpp.so[0m
[4.370s] [ 47%] Built target observatory_interfaces__rosidl_typesupport_fastrtps_cpp
[4.389s] [ 49%] [34m[1mGenerating C++ type support dispatch for ROS interfaces[0m
[4.391s] [ 50%] [34m[1mGenerating C type support for eProsima Fast-RTPS[0m
[4.774s] [35m[1mScanning dependencies of target observatory_interfaces__rosidl_typesupport_cpp[0m
[4.795s] [ 52%] [32mBuilding CXX object CMakeFiles/observatory_interfaces__rosidl_typesupport_cpp.dir/rosidl_typesupport_cpp/observatory_interfaces/srv/telescope__type_support.cpp.o[0m
[4.797s] [ 54%] [32mBuilding CXX object CMakeFiles/observatory_interfaces__rosidl_typesupport_cpp.dir/rosidl_typesupport_cpp/observatory_interfaces/srv/weather__type_support.cpp.o[0m
[4.797s] [ 56%] [32mBuilding CXX object CMakeFiles/observatory_interfaces__rosidl_typesupport_cpp.dir/rosidl_typesupport_cpp/observatory_interfaces/srv/camera__type_support.cpp.o[0m
[4.799s] [ 58%] [32mBuilding CXX object CMakeFiles/observatory_interfaces__rosidl_typesupport_cpp.dir/rosidl_typesupport_cpp/observatory_interfaces/srv/dome__type_support.cpp.o[0m
[4.988s] [35m[1mScanning dependencies of target observatory_interfaces__rosidl_typesupport_fastrtps_c[0m
[5.017s] [ 60%] [32mBuilding CXX object CMakeFiles/observatory_interfaces__rosidl_typesupport_fastrtps_c.dir/rosidl_typesupport_fastrtps_c/observatory_interfaces/srv/weather__type_support_c.cpp.o[0m
[5.018s] [ 62%] [32mBuilding CXX object CMakeFiles/observatory_interfaces__rosidl_typesupport_fastrtps_c.dir/rosidl_typesupport_fastrtps_c/observatory_interfaces/srv/telescope__type_support_c.cpp.o[0m
[5.020s] [ 64%] [32mBuilding CXX object CMakeFiles/observatory_interfaces__rosidl_typesupport_fastrtps_c.dir/rosidl_typesupport_fastrtps_c/observatory_interfaces/srv/dome__type_support_c.cpp.o[0m
[5.020s] [ 66%] [32mBuilding CXX object CMakeFiles/observatory_interfaces__rosidl_typesupport_fastrtps_c.dir/rosidl_typesupport_fastrtps_c/observatory_interfaces/srv/camera__type_support_c.cpp.o[0m
[5.270s] [ 67%] [32m[1mLinking CXX shared library libobservatory_interfaces__rosidl_typesupport_cpp.so[0m
[5.365s] [ 67%] Built target observatory_interfaces__rosidl_typesupport_cpp
[5.444s] [ 69%] [32m[1mLinking CXX shared library libobservatory_interfaces__rosidl_typesupport_fastrtps_c.so[0m
[5.527s] [ 69%] Built target observatory_interfaces__rosidl_typesupport_fastrtps_c
[5.541s] [ 71%] [34m[1mGenerating C type support dispatch for ROS interfaces[0m
[5.893s] [35m[1mScanning dependencies of target observatory_interfaces__rosidl_typesupport_c[0m
[5.909s] [ 73%] [32mBuilding CXX object CMakeFiles/observatory_interfaces__rosidl_typesupport_c.dir/rosidl_typesupport_c/observatory_interfaces/srv/telescope__type_support.cpp.o[0m
[5.910s] [ 75%] [32mBuilding CXX object CMakeFiles/observatory_interfaces__rosidl_typesupport_c.dir/rosidl_typesupport_c/observatory_interfaces/srv/camera__type_support.cpp.o[0m
[5.911s] [ 77%] [32mBuilding CXX object CMakeFiles/observatory_interfaces__rosidl_typesupport_c.dir/rosidl_typesupport_c/observatory_interfaces/srv/dome__type_support.cpp.o[0m
[5.913s] [ 79%] [32mBuilding CXX object CMakeFiles/observatory_interfaces__rosidl_typesupport_c.dir/rosidl_typesupport_c/observatory_interfaces/srv/weather__type_support.cpp.o[0m
[5.948s] [ 81%] [32m[1mLinking CXX shared library libobservatory_interfaces__rosidl_typesupport_c.so[0m
[6.004s] [ 81%] Built target observatory_interfaces__rosidl_typesupport_c
[6.018s] [35m[1mScanning dependencies of target observatory_interfaces[0m
[6.029s] [ 81%] Built target observatory_interfaces
[6.046s] [35m[1mScanning dependencies of target observatory_interfaces__py[0m
[6.060s] [ 83%] [34m[1mGenerating Python code for ROS interfaces[0m
[7.008s] [ 83%] Built target observatory_interfaces__py
[7.021s] [35m[1mScanning dependencies of target observatory_interfaces__python[0m
[7.056s] [ 84%] [32mBuilding C object CMakeFiles/observatory_interfaces__python.dir/rosidl_generator_py/observatory_interfaces/srv/_dome_s.c.o[0m
[7.058s] [ 86%] [32mBuilding C object CMakeFiles/observatory_interfaces__python.dir/rosidl_generator_py/observatory_interfaces/srv/_weather_s.c.o[0m
[7.062s] [ 90%] [32mBuilding C object CMakeFiles/observatory_interfaces__python.dir/rosidl_generator_py/observatory_interfaces/srv/_camera_s.c.o[0m
[7.062s] [ 90%] [32mBuilding C object CMakeFiles/observatory_interfaces__python.dir/rosidl_generator_py/observatory_interfaces/srv/_telescope_s.c.o[0m
[7.162s] [ 92%] [32m[1mLinking C shared library rosidl_generator_py/observatory_interfaces/libobservatory_interfaces__python.so[0m
[7.223s] [ 92%] Built target observatory_interfaces__python
[7.237s] [35m[1mScanning dependencies of target observatory_interfaces__rosidl_typesupport_fastrtps_c__pyext[0m
[7.240s] [35m[1mScanning dependencies of target observatory_interfaces__rosidl_typesupport_c__pyext[0m
[7.259s] [ 94%] [32mBuilding C object CMakeFiles/observatory_interfaces__rosidl_typesupport_fastrtps_c__pyext.dir/rosidl_generator_py/observatory_interfaces/_observatory_interfaces_s.ep.rosidl_typesupport_fastrtps_c.c.o[0m
[7.263s] [ 96%] [32mBuilding C object CMakeFiles/observatory_interfaces__rosidl_typesupport_c__pyext.dir/rosidl_generator_py/observatory_interfaces/_observatory_interfaces_s.ep.rosidl_typesupport_c.c.o[0m
[7.358s] [ 98%] [32m[1mLinking C shared library rosidl_generator_py/observatory_interfaces/observatory_interfaces_s__rosidl_typesupport_c.cpython-36m-x86_64-linux-gnu.so[0m
[7.367s] [100%] [32m[1mLinking C shared library rosidl_generator_py/observatory_interfaces/observatory_interfaces_s__rosidl_typesupport_fastrtps_c.cpython-36m-x86_64-linux-gnu.so[0m
[7.417s] [100%] Built target observatory_interfaces__rosidl_typesupport_c__pyext
[7.424s] [100%] Built target observatory_interfaces__rosidl_typesupport_fastrtps_c__pyext
[7.440s] Invoked command in '/home/francesc/Escritorio/ROS-observatory/ros_ws/build/observatory_interfaces' returned '0': CMAKE_PREFIX_PATH=${CMAKE_PREFIX_PATH}:/home/francesc/Escritorio/ROS-observatory/ros_ws/install/weather_servcli:/home/francesc/Escritorio/ROS-observatory/ros_ws/install/telescope_servcli:/home/francesc/Escritorio/ROS-observatory/ros_ws/install/dome_servcli:/home/francesc/Escritorio/ROS-observatory/ros_ws/install/dome_sensors:/home/francesc/Escritorio/ROS-observatory/ros_ws/install/camera_servcli:/opt/ros/dashing /usr/bin/cmake --build /home/francesc/Escritorio/ROS-observatory/ros_ws/build/observatory_interfaces -- -j12 -l12
[7.587s] Invoking command in '/home/francesc/Escritorio/ROS-observatory/ros_ws/build/observatory_interfaces': CMAKE_PREFIX_PATH=${CMAKE_PREFIX_PATH}:/home/francesc/Escritorio/ROS-observatory/ros_ws/install/weather_servcli:/home/francesc/Escritorio/ROS-observatory/ros_ws/install/telescope_servcli:/home/francesc/Escritorio/ROS-observatory/ros_ws/install/dome_servcli:/home/francesc/Escritorio/ROS-observatory/ros_ws/install/dome_sensors:/home/francesc/Escritorio/ROS-observatory/ros_ws/install/camera_servcli:/opt/ros/dashing /usr/bin/cmake --build /home/francesc/Escritorio/ROS-observatory/ros_ws/build/observatory_interfaces --target install -- -j12 -l12
[7.657s] [  1%] Built target observatory_interfaces__cpp
[7.663s] [ 13%] Built target observatory_interfaces__rosidl_generator_c
[7.690s] [ 32%] Built target observatory_interfaces__rosidl_typesupport_fastrtps_cpp
[7.691s] [ 35%] Built target observatory_interfaces__rosidl_typesupport_introspection_cpp
[7.696s] [ 47%] Built target observatory_interfaces__rosidl_typesupport_introspection_c
[7.724s] [ 58%] Built target observatory_interfaces__rosidl_typesupport_cpp
[7.727s] [ 69%] Built target observatory_interfaces__rosidl_typesupport_fastrtps_c
[7.756s] [ 81%] Built target observatory_interfaces__rosidl_typesupport_c
[7.780s] [ 81%] Built target observatory_interfaces
[7.809s] [ 83%] Built target observatory_interfaces__py
[7.849s] [ 92%] Built target observatory_interfaces__python
[7.883s] [ 96%] Built target observatory_interfaces__rosidl_typesupport_fastrtps_c__pyext
[7.892s] [100%] Built target observatory_interfaces__rosidl_typesupport_c__pyext
[7.919s] [36mInstall the project...[0m
[7.932s] -- Install configuration: ""
[7.933s] -- Installing: /home/francesc/Escritorio/ROS-observatory/ros_ws/install/observatory_interfaces/share/ament_index/resource_index/rosidl_interfaces/observatory_interfaces
[7.933s] -- Installing: /home/francesc/Escritorio/ROS-observatory/ros_ws/install/observatory_interfaces/lib/libobservatory_interfaces__rosidl_typesupport_c.so
[7.933s] -- Set runtime path of "/home/francesc/Escritorio/ROS-observatory/ros_ws/install/observatory_interfaces/lib/libobservatory_interfaces__rosidl_typesupport_c.so" to ""
[7.933s] -- Installing: /home/francesc/Escritorio/ROS-observatory/ros_ws/install/observatory_interfaces/share/observatory_interfaces/environment/library_path.sh
[7.934s] -- Installing: /home/francesc/Escritorio/ROS-observatory/ros_ws/install/observatory_interfaces/lib/libobservatory_interfaces__rosidl_typesupport_cpp.so
[7.934s] -- Set runtime path of "/home/francesc/Escritorio/ROS-observatory/ros_ws/install/observatory_interfaces/lib/libobservatory_interfaces__rosidl_typesupport_cpp.so" to ""
[7.934s] -- Installing: /home/francesc/Escritorio/ROS-observatory/ros_ws/install/observatory_interfaces/include/observatory_interfaces
[7.934s] -- Installing: /home/francesc/Escritorio/ROS-observatory/ros_ws/install/observatory_interfaces/include/observatory_interfaces/srv
[7.935s] -- Installing: /home/francesc/Escritorio/ROS-observatory/ros_ws/install/observatory_interfaces/include/observatory_interfaces/srv/telescope__rosidl_typesupport_fastrtps_c.h
[7.935s] -- Installing: /home/francesc/Escritorio/ROS-observatory/ros_ws/install/observatory_interfaces/include/observatory_interfaces/srv/dome__rosidl_typesupport_fastrtps_c.h
[7.935s] -- Installing: /home/francesc/Escritorio/ROS-observatory/ros_ws/install/observatory_interfaces/include/observatory_interfaces/srv/camera__rosidl_typesupport_fastrtps_c.h
[7.935s] -- Installing: /home/francesc/Escritorio/ROS-observatory/ros_ws/install/observatory_interfaces/include/observatory_interfaces/srv/weather__rosidl_typesupport_fastrtps_c.h
[7.936s] -- Installing: /home/francesc/Escritorio/ROS-observatory/ros_ws/install/observatory_interfaces/include/observatory_interfaces/msg
[7.936s] -- Installing: /home/francesc/Escritorio/ROS-observatory/ros_ws/install/observatory_interfaces/include/observatory_interfaces/msg/rosidl_typesupport_fastrtps_c__visibility_control.h
[7.936s] -- Installing: /home/francesc/Escritorio/ROS-observatory/ros_ws/install/observatory_interfaces/lib/libobservatory_interfaces__rosidl_typesupport_fastrtps_c.so
[7.936s] -- Set runtime path of "/home/francesc/Escritorio/ROS-observatory/ros_ws/install/observatory_interfaces/lib/libobservatory_interfaces__rosidl_typesupport_fastrtps_c.so" to ""
[7.937s] -- Up-to-date: /home/francesc/Escritorio/ROS-observatory/ros_ws/install/observatory_interfaces/include/observatory_interfaces
[7.937s] -- Up-to-date: /home/francesc/Escritorio/ROS-observatory/ros_ws/install/observatory_interfaces/include/observatory_interfaces/srv
[7.937s] -- Installing: /home/francesc/Escritorio/ROS-observatory/ros_ws/install/observatory_interfaces/include/observatory_interfaces/srv/dome.h
[7.937s] -- Installing: /home/francesc/Escritorio/ROS-observatory/ros_ws/install/observatory_interfaces/include/observatory_interfaces/srv/dome__functions.h
[7.937s] -- Installing: /home/francesc/Escritorio/ROS-observatory/ros_ws/install/observatory_interfaces/include/observatory_interfaces/srv/dome__functions.c
[7.938s] -- Installing: /home/francesc/Escritorio/ROS-observatory/ros_ws/install/observatory_interfaces/include/observatory_interfaces/srv/telescope__type_support.h
[7.938s] -- Installing: /home/francesc/Escritorio/ROS-observatory/ros_ws/install/observatory_interfaces/include/observatory_interfaces/srv/weather__struct.h
[7.938s] -- Installing: /home/francesc/Escritorio/ROS-observatory/ros_ws/install/observatory_interfaces/include/observatory_interfaces/srv/dome__struct.h
[7.938s] -- Installing: /home/francesc/Escritorio/ROS-observatory/ros_ws/install/observatory_interfaces/include/observatory_interfaces/srv/telescope__functions.h
[7.938s] -- Installing: /home/francesc/Escritorio/ROS-observatory/ros_ws/install/observatory_interfaces/include/observatory_interfaces/srv/camera__functions.h
[7.939s] -- Installing: /home/francesc/Escritorio/ROS-observatory/ros_ws/install/observatory_interfaces/include/observatory_interfaces/srv/weather__functions.h
[7.939s] -- Installing: /home/francesc/Escritorio/ROS-observatory/ros_ws/install/observatory_interfaces/include/observatory_interfaces/srv/telescope__functions.c
[7.939s] -- Installing: /home/francesc/Escritorio/ROS-observatory/ros_ws/install/observatory_interfaces/include/observatory_interfaces/srv/dome__type_support.h
[7.939s] -- Installing: /home/francesc/Escritorio/ROS-observatory/ros_ws/install/observatory_interfaces/include/observatory_interfaces/srv/weather__functions.c
[7.939s] -- Installing: /home/francesc/Escritorio/ROS-observatory/ros_ws/install/observatory_interfaces/include/observatory_interfaces/srv/telescope.h
[7.939s] -- Installing: /home/francesc/Escritorio/ROS-observatory/ros_ws/install/observatory_interfaces/include/observatory_interfaces/srv/camera__type_support.h
[7.939s] -- Installing: /home/francesc/Escritorio/ROS-observatory/ros_ws/install/observatory_interfaces/include/observatory_interfaces/srv/camera.h
[7.940s] -- Installing: /home/francesc/Escritorio/ROS-observatory/ros_ws/install/observatory_interfaces/include/observatory_interfaces/srv/camera__functions.c
[7.940s] -- Installing: /home/francesc/Escritorio/ROS-observatory/ros_ws/install/observatory_interfaces/include/observatory_interfaces/srv/weather__type_support.h
[7.940s] -- Installing: /home/francesc/Escritorio/ROS-observatory/ros_ws/install/observatory_interfaces/include/observatory_interfaces/srv/camera__struct.h
[7.940s] -- Installing: /home/francesc/Escritorio/ROS-observatory/ros_ws/install/observatory_interfaces/include/observatory_interfaces/srv/weather.h
[7.940s] -- Installing: /home/francesc/Escritorio/ROS-observatory/ros_ws/install/observatory_interfaces/include/observatory_interfaces/srv/telescope__struct.h
[7.941s] -- Up-to-date: /home/francesc/Escritorio/ROS-observatory/ros_ws/install/observatory_interfaces/include/observatory_interfaces/msg
[7.941s] -- Installing: /home/francesc/Escritorio/ROS-observatory/ros_ws/install/observatory_interfaces/include/observatory_interfaces/msg/rosidl_generator_c__visibility_control.h
[7.941s] -- Installing: /home/francesc/Escritorio/ROS-observatory/ros_ws/install/observatory_interfaces/lib/libobservatory_interfaces__rosidl_generator_c.so
[7.941s] -- Set runtime path of "/home/francesc/Escritorio/ROS-observatory/ros_ws/install/observatory_interfaces/lib/libobservatory_interfaces__rosidl_generator_c.so" to ""
[7.941s] -- Up-to-date: /home/francesc/Escritorio/ROS-observatory/ros_ws/install/observatory_interfaces/include/observatory_interfaces
[7.941s] -- Up-to-date: /home/francesc/Escritorio/ROS-observatory/ros_ws/install/observatory_interfaces/include/observatory_interfaces/srv
[7.942s] -- Installing: /home/francesc/Escritorio/ROS-observatory/ros_ws/install/observatory_interfaces/include/observatory_interfaces/srv/weather__rosidl_typesupport_fastrtps_cpp.hpp
[7.942s] -- Installing: /home/francesc/Escritorio/ROS-observatory/ros_ws/install/observatory_interfaces/include/observatory_interfaces/srv/camera__rosidl_typesupport_fastrtps_cpp.hpp
[7.942s] -- Installing: /home/francesc/Escritorio/ROS-observatory/ros_ws/install/observatory_interfaces/include/observatory_interfaces/srv/dome__rosidl_typesupport_fastrtps_cpp.hpp
[7.942s] -- Installing: /home/francesc/Escritorio/ROS-observatory/ros_ws/install/observatory_interfaces/include/observatory_interfaces/srv/telescope__rosidl_typesupport_fastrtps_cpp.hpp
[7.942s] -- Installing: /home/francesc/Escritorio/ROS-observatory/ros_ws/install/observatory_interfaces/include/observatory_interfaces/srv/dds_fastrtps
[7.942s] -- Up-to-date: /home/francesc/Escritorio/ROS-observatory/ros_ws/install/observatory_interfaces/include/observatory_interfaces/msg
[7.942s] -- Installing: /home/francesc/Escritorio/ROS-observatory/ros_ws/install/observatory_interfaces/include/observatory_interfaces/msg/rosidl_typesupport_fastrtps_cpp__visibility_control.h
[7.942s] -- Installing: /home/francesc/Escritorio/ROS-observatory/ros_ws/install/observatory_interfaces/lib/libobservatory_interfaces__rosidl_typesupport_fastrtps_cpp.so
[7.942s] -- Set runtime path of "/home/francesc/Escritorio/ROS-observatory/ros_ws/install/observatory_interfaces/lib/libobservatory_interfaces__rosidl_typesupport_fastrtps_cpp.so" to ""
[7.942s] -- Up-to-date: /home/francesc/Escritorio/ROS-observatory/ros_ws/install/observatory_interfaces/include/observatory_interfaces
[7.943s] -- Up-to-date: /home/francesc/Escritorio/ROS-observatory/ros_ws/install/observatory_interfaces/include/observatory_interfaces/srv
[7.943s] -- Installing: /home/francesc/Escritorio/ROS-observatory/ros_ws/install/observatory_interfaces/include/observatory_interfaces/srv/dome__struct.hpp
[7.943s] -- Installing: /home/francesc/Escritorio/ROS-observatory/ros_ws/install/observatory_interfaces/include/observatory_interfaces/srv/camera__struct.hpp
[7.943s] -- Installing: /home/francesc/Escritorio/ROS-observatory/ros_ws/install/observatory_interfaces/include/observatory_interfaces/srv/weather__traits.hpp
[7.943s] -- Installing: /home/francesc/Escritorio/ROS-observatory/ros_ws/install/observatory_interfaces/include/observatory_interfaces/srv/telescope__traits.hpp
[7.943s] -- Installing: /home/francesc/Escritorio/ROS-observatory/ros_ws/install/observatory_interfaces/include/observatory_interfaces/srv/weather__struct.hpp
[7.943s] -- Installing: /home/francesc/Escritorio/ROS-observatory/ros_ws/install/observatory_interfaces/include/observatory_interfaces/srv/telescope.hpp
[7.943s] -- Installing: /home/francesc/Escritorio/ROS-observatory/ros_ws/install/observatory_interfaces/include/observatory_interfaces/srv/camera__traits.hpp
[7.943s] -- Installing: /home/francesc/Escritorio/ROS-observatory/ros_ws/install/observatory_interfaces/include/observatory_interfaces/srv/camera.hpp
[7.943s] -- Installing: /home/francesc/Escritorio/ROS-observatory/ros_ws/install/observatory_interfaces/include/observatory_interfaces/srv/dome__traits.hpp
[7.944s] -- Installing: /home/francesc/Escritorio/ROS-observatory/ros_ws/install/observatory_interfaces/include/observatory_interfaces/srv/dome.hpp
[7.944s] -- Installing: /home/francesc/Escritorio/ROS-observatory/ros_ws/install/observatory_interfaces/include/observatory_interfaces/srv/weather.hpp
[7.944s] -- Installing: /home/francesc/Escritorio/ROS-observatory/ros_ws/install/observatory_interfaces/include/observatory_interfaces/srv/telescope__struct.hpp
[7.944s] -- Up-to-date: /home/francesc/Escritorio/ROS-observatory/ros_ws/install/observatory_interfaces/include/observatory_interfaces
[7.944s] -- Up-to-date: /home/francesc/Escritorio/ROS-observatory/ros_ws/install/observatory_interfaces/include/observatory_interfaces/srv
[7.944s] -- Installing: /home/francesc/Escritorio/ROS-observatory/ros_ws/install/observatory_interfaces/include/observatory_interfaces/srv/telescope__type_support.c
[7.944s] -- Installing: /home/francesc/Escritorio/ROS-observatory/ros_ws/install/observatory_interfaces/include/observatory_interfaces/srv/telescope__rosidl_typesupport_introspection_c.h
[7.944s] -- Installing: /home/francesc/Escritorio/ROS-observatory/ros_ws/install/observatory_interfaces/include/observatory_interfaces/srv/dome__type_support.c
[7.945s] -- Installing: /home/francesc/Escritorio/ROS-observatory/ros_ws/install/observatory_interfaces/include/observatory_interfaces/srv/camera__rosidl_typesupport_introspection_c.h
[7.945s] -- Installing: /home/francesc/Escritorio/ROS-observatory/ros_ws/install/observatory_interfaces/include/observatory_interfaces/srv/dome__rosidl_typesupport_introspection_c.h
[7.945s] -- Installing: /home/francesc/Escritorio/ROS-observatory/ros_ws/install/observatory_interfaces/include/observatory_interfaces/srv/weather__rosidl_typesupport_introspection_c.h
[7.945s] -- Installing: /home/francesc/Escritorio/ROS-observatory/ros_ws/install/observatory_interfaces/include/observatory_interfaces/srv/camera__type_support.c
[7.945s] -- Installing: /home/francesc/Escritorio/ROS-observatory/ros_ws/install/observatory_interfaces/include/observatory_interfaces/srv/weather__type_support.c
[7.945s] -- Up-to-date: /home/francesc/Escritorio/ROS-observatory/ros_ws/install/observatory_interfaces/include/observatory_interfaces/msg
[7.946s] -- Installing: /home/francesc/Escritorio/ROS-observatory/ros_ws/install/observatory_interfaces/include/observatory_interfaces/msg/rosidl_typesupport_introspection_c__visibility_control.h
[7.946s] -- Installing: /home/francesc/Escritorio/ROS-observatory/ros_ws/install/observatory_interfaces/lib/libobservatory_interfaces__rosidl_typesupport_introspection_c.so
[7.946s] -- Set runtime path of "/home/francesc/Escritorio/ROS-observatory/ros_ws/install/observatory_interfaces/lib/libobservatory_interfaces__rosidl_typesupport_introspection_c.so" to ""
[7.946s] -- Up-to-date: /home/francesc/Escritorio/ROS-observatory/ros_ws/install/observatory_interfaces/include/observatory_interfaces
[7.946s] -- Up-to-date: /home/francesc/Escritorio/ROS-observatory/ros_ws/install/observatory_interfaces/include/observatory_interfaces/srv
[7.946s] -- Installing: /home/francesc/Escritorio/ROS-observatory/ros_ws/install/observatory_interfaces/include/observatory_interfaces/srv/dome__type_support.cpp
[7.946s] -- Installing: /home/francesc/Escritorio/ROS-observatory/ros_ws/install/observatory_interfaces/include/observatory_interfaces/srv/camera__rosidl_typesupport_introspection_cpp.hpp
[7.947s] -- Installing: /home/francesc/Escritorio/ROS-observatory/ros_ws/install/observatory_interfaces/include/observatory_interfaces/srv/dome__rosidl_typesupport_introspection_cpp.hpp
[7.947s] -- Installing: /home/francesc/Escritorio/ROS-observatory/ros_ws/install/observatory_interfaces/include/observatory_interfaces/srv/telescope__type_support.cpp
[7.947s] -- Installing: /home/francesc/Escritorio/ROS-observatory/ros_ws/install/observatory_interfaces/include/observatory_interfaces/srv/weather__rosidl_typesupport_introspection_cpp.hpp
[7.947s] -- Installing: /home/francesc/Escritorio/ROS-observatory/ros_ws/install/observatory_interfaces/include/observatory_interfaces/srv/telescope__rosidl_typesupport_introspection_cpp.hpp
[7.947s] -- Installing: /home/francesc/Escritorio/ROS-observatory/ros_ws/install/observatory_interfaces/include/observatory_interfaces/srv/camera__type_support.cpp
[7.947s] -- Installing: /home/francesc/Escritorio/ROS-observatory/ros_ws/install/observatory_interfaces/include/observatory_interfaces/srv/weather__type_support.cpp
[7.948s] -- Installing: /home/francesc/Escritorio/ROS-observatory/ros_ws/install/observatory_interfaces/lib/libobservatory_interfaces__rosidl_typesupport_introspection_cpp.so
[7.948s] -- Set runtime path of "/home/francesc/Escritorio/ROS-observatory/ros_ws/install/observatory_interfaces/lib/libobservatory_interfaces__rosidl_typesupport_introspection_cpp.so" to ""
[7.948s] -- Installing: /home/francesc/Escritorio/ROS-observatory/ros_ws/install/observatory_interfaces/share/observatory_interfaces/environment/pythonpath.sh
[7.948s] -- Installing: /home/francesc/Escritorio/ROS-observatory/ros_ws/install/observatory_interfaces/lib/python3.6/site-packages/observatory_interfaces/__init__.py
[7.977s] Compiling '/home/francesc/Escritorio/ROS-observatory/ros_ws/install/observatory_interfaces/lib/python3.6/site-packages/observatory_interfaces/__init__.py'...
[7.981s] -- Installing: /home/francesc/Escritorio/ROS-observatory/ros_ws/install/observatory_interfaces/lib/python3.6/site-packages/observatory_interfaces/srv
[7.981s] -- Installing: /home/francesc/Escritorio/ROS-observatory/ros_ws/install/observatory_interfaces/lib/python3.6/site-packages/observatory_interfaces/srv/_dome.py
[7.982s] -- Installing: /home/francesc/Escritorio/ROS-observatory/ros_ws/install/observatory_interfaces/lib/python3.6/site-packages/observatory_interfaces/srv/_weather.py
[7.982s] -- Installing: /home/francesc/Escritorio/ROS-observatory/ros_ws/install/observatory_interfaces/lib/python3.6/site-packages/observatory_interfaces/srv/__init__.py
[7.982s] -- Installing: /home/francesc/Escritorio/ROS-observatory/ros_ws/install/observatory_interfaces/lib/python3.6/site-packages/observatory_interfaces/srv/_camera_s.c
[7.982s] -- Installing: /home/francesc/Escritorio/ROS-observatory/ros_ws/install/observatory_interfaces/lib/python3.6/site-packages/observatory_interfaces/srv/_weather_s.c
[7.982s] -- Installing: /home/francesc/Escritorio/ROS-observatory/ros_ws/install/observatory_interfaces/lib/python3.6/site-packages/observatory_interfaces/srv/_dome_s.c
[7.983s] -- Installing: /home/francesc/Escritorio/ROS-observatory/ros_ws/install/observatory_interfaces/lib/python3.6/site-packages/observatory_interfaces/srv/_camera.py
[7.983s] -- Installing: /home/francesc/Escritorio/ROS-observatory/ros_ws/install/observatory_interfaces/lib/python3.6/site-packages/observatory_interfaces/srv/_telescope.py
[7.983s] -- Installing: /home/francesc/Escritorio/ROS-observatory/ros_ws/install/observatory_interfaces/lib/python3.6/site-packages/observatory_interfaces/srv/_telescope_s.c
[7.983s] -- Installing: /home/francesc/Escritorio/ROS-observatory/ros_ws/install/observatory_interfaces/lib/python3.6/site-packages/observatory_interfaces/observatory_interfaces_s__rosidl_typesupport_c.cpython-36m-x86_64-linux-gnu.so
[7.985s] -- Set runtime path of "/home/francesc/Escritorio/ROS-observatory/ros_ws/install/observatory_interfaces/lib/python3.6/site-packages/observatory_interfaces/observatory_interfaces_s__rosidl_typesupport_c.cpython-36m-x86_64-linux-gnu.so" to ""
[7.985s] -- Installing: /home/francesc/Escritorio/ROS-observatory/ros_ws/install/observatory_interfaces/lib/python3.6/site-packages/observatory_interfaces/observatory_interfaces_s__rosidl_typesupport_fastrtps_c.cpython-36m-x86_64-linux-gnu.so
[7.986s] -- Set runtime path of "/home/francesc/Escritorio/ROS-observatory/ros_ws/install/observatory_interfaces/lib/python3.6/site-packages/observatory_interfaces/observatory_interfaces_s__rosidl_typesupport_fastrtps_c.cpython-36m-x86_64-linux-gnu.so" to ""
[7.987s] -- Installing: /home/francesc/Escritorio/ROS-observatory/ros_ws/install/observatory_interfaces/lib/libobservatory_interfaces__python.so
[7.988s] -- Set runtime path of "/home/francesc/Escritorio/ROS-observatory/ros_ws/install/observatory_interfaces/lib/libobservatory_interfaces__python.so" to ""
[7.988s] -- Installing: /home/francesc/Escritorio/ROS-observatory/ros_ws/install/observatory_interfaces/share/observatory_interfaces/srv/Dome.idl
[7.989s] -- Installing: /home/francesc/Escritorio/ROS-observatory/ros_ws/install/observatory_interfaces/share/observatory_interfaces/srv/Weather.idl
[7.989s] -- Installing: /home/francesc/Escritorio/ROS-observatory/ros_ws/install/observatory_interfaces/share/observatory_interfaces/srv/Camera.idl
[7.989s] -- Installing: /home/francesc/Escritorio/ROS-observatory/ros_ws/install/observatory_interfaces/share/observatory_interfaces/srv/Telescope.idl
[7.990s] -- Installing: /home/francesc/Escritorio/ROS-observatory/ros_ws/install/observatory_interfaces/share/observatory_interfaces/srv/Dome.srv
[7.990s] -- Installing: /home/francesc/Escritorio/ROS-observatory/ros_ws/install/observatory_interfaces/share/observatory_interfaces/srv/Dome_Request.msg
[7.991s] -- Installing: /home/francesc/Escritorio/ROS-observatory/ros_ws/install/observatory_interfaces/share/observatory_interfaces/srv/Dome_Response.msg
[7.991s] -- Installing: /home/francesc/Escritorio/ROS-observatory/ros_ws/install/observatory_interfaces/share/observatory_interfaces/srv/Weather.srv
[7.991s] -- Installing: /home/francesc/Escritorio/ROS-observatory/ros_ws/install/observatory_interfaces/share/observatory_interfaces/srv/Weather_Request.msg
[7.991s] -- Installing: /home/francesc/Escritorio/ROS-observatory/ros_ws/install/observatory_interfaces/share/observatory_interfaces/srv/Weather_Response.msg
[7.991s] -- Installing: /home/francesc/Escritorio/ROS-observatory/ros_ws/install/observatory_interfaces/share/observatory_interfaces/srv/Camera.srv
[7.992s] -- Installing: /home/francesc/Escritorio/ROS-observatory/ros_ws/install/observatory_interfaces/share/observatory_interfaces/srv/Camera_Request.msg
[7.992s] -- Installing: /home/francesc/Escritorio/ROS-observatory/ros_ws/install/observatory_interfaces/share/observatory_interfaces/srv/Camera_Response.msg
[7.992s] -- Installing: /home/francesc/Escritorio/ROS-observatory/ros_ws/install/observatory_interfaces/share/observatory_interfaces/srv/Telescope.srv
[7.992s] -- Installing: /home/francesc/Escritorio/ROS-observatory/ros_ws/install/observatory_interfaces/share/observatory_interfaces/srv/Telescope_Request.msg
[7.992s] -- Installing: /home/francesc/Escritorio/ROS-observatory/ros_ws/install/observatory_interfaces/share/observatory_interfaces/srv/Telescope_Response.msg
[7.993s] -- Installing: /home/francesc/Escritorio/ROS-observatory/ros_ws/install/observatory_interfaces/share/ament_index/resource_index/package_run_dependencies/observatory_interfaces
[7.993s] -- Installing: /home/francesc/Escritorio/ROS-observatory/ros_ws/install/observatory_interfaces/share/ament_index/resource_index/parent_prefix_path/observatory_interfaces
[7.993s] -- Installing: /home/francesc/Escritorio/ROS-observatory/ros_ws/install/observatory_interfaces/share/observatory_interfaces/environment/ament_prefix_path.sh
[7.993s] -- Installing: /home/francesc/Escritorio/ROS-observatory/ros_ws/install/observatory_interfaces/share/observatory_interfaces/environment/path.sh
[7.993s] -- Installing: /home/francesc/Escritorio/ROS-observatory/ros_ws/install/observatory_interfaces/share/observatory_interfaces/local_setup.bash
[7.994s] -- Installing: /home/francesc/Escritorio/ROS-observatory/ros_ws/install/observatory_interfaces/share/observatory_interfaces/local_setup.sh
[7.994s] -- Installing: /home/francesc/Escritorio/ROS-observatory/ros_ws/install/observatory_interfaces/share/observatory_interfaces/local_setup.zsh
[7.994s] -- Installing: /home/francesc/Escritorio/ROS-observatory/ros_ws/install/observatory_interfaces/share/ament_index/resource_index/packages/observatory_interfaces
[7.994s] -- Installing: /home/francesc/Escritorio/ROS-observatory/ros_ws/install/observatory_interfaces/share/observatory_interfaces/cmake/rosidl_cmake-extras.cmake
[7.994s] -- Installing: /home/francesc/Escritorio/ROS-observatory/ros_ws/install/observatory_interfaces/share/observatory_interfaces/cmake/ament_cmake_export_libraries-extras.cmake
[7.995s] -- Installing: /home/francesc/Escritorio/ROS-observatory/ros_ws/install/observatory_interfaces/share/observatory_interfaces/cmake/ament_cmake_export_include_directories-extras.cmake
[7.995s] -- Installing: /home/francesc/Escritorio/ROS-observatory/ros_ws/install/observatory_interfaces/share/observatory_interfaces/cmake/observatory_interfacesConfig.cmake
[7.995s] -- Installing: /home/francesc/Escritorio/ROS-observatory/ros_ws/install/observatory_interfaces/share/observatory_interfaces/cmake/observatory_interfacesConfig-version.cmake
[7.995s] -- Installing: /home/francesc/Escritorio/ROS-observatory/ros_ws/install/observatory_interfaces/share/observatory_interfaces/package.xml
[8.000s] Invoked command in '/home/francesc/Escritorio/ROS-observatory/ros_ws/build/observatory_interfaces' returned '0': CMAKE_PREFIX_PATH=${CMAKE_PREFIX_PATH}:/home/francesc/Escritorio/ROS-observatory/ros_ws/install/weather_servcli:/home/francesc/Escritorio/ROS-observatory/ros_ws/install/telescope_servcli:/home/francesc/Escritorio/ROS-observatory/ros_ws/install/dome_servcli:/home/francesc/Escritorio/ROS-observatory/ros_ws/install/dome_sensors:/home/francesc/Escritorio/ROS-observatory/ros_ws/install/camera_servcli:/opt/ros/dashing /usr/bin/cmake --build /home/francesc/Escritorio/ROS-observatory/ros_ws/build/observatory_interfaces --target install -- -j12 -l12
