[0.179s] DEBUG:colcon:Command line arguments: ['/usr/bin/colcon', 'build']
[0.179s] DEBUG:colcon:Parsed command line arguments: Namespace(ament_cmake_args=None, base_paths=['.'], build_base='build', catkin_cmake_args=None, catkin_skip_building_tests=False, cmake_args=None, cmake_clean_cache=False, cmake_clean_first=False, cmake_force_configure=False, cmake_target=None, cmake_target_skip_unavailable=False, continue_on_error=False, event_handlers=None, executor='parallel', ignore_user_meta=False, install_base='install', log_base=None, log_level=None, main=<bound method BuildVerb.main of <colcon_core.verb.build.BuildVerb object at 0x7ff2da3cbc18>>, merge_install=False, metas=['./colcon.meta'], packages_above=None, packages_above_depth=None, packages_end=None, packages_ignore=None, packages_ignore_regex=None, packages_select=None, packages_select_build_failed=False, packages_select_by_dep=None, packages_select_regex=None, packages_select_test_failures=False, packages_skip=None, packages_skip_build_finished=False, packages_skip_by_dep=None, packages_skip_regex=None, packages_skip_test_passed=False, packages_skip_up_to=None, packages_start=None, packages_up_to=None, parallel_workers=12, paths=None, symlink_install=False, test_result_base=None, verb_extension=<colcon_core.verb.build.BuildVerb object at 0x7ff2da3cbc18>, verb_name='build', verb_parser=<colcon_defaults.argument_parser.defaults.DefaultArgumentsDecorator object at 0x7ff2da3cbf60>)
[0.221s] Level 1:colcon.colcon_core.package_discovery:discover_packages(colcon_meta) check parameters
[0.221s] Level 1:colcon.colcon_core.package_discovery:discover_packages(recursive) check parameters
[0.222s] Level 1:colcon.colcon_core.package_discovery:discover_packages(ignore) check parameters
[0.222s] Level 1:colcon.colcon_core.package_discovery:discover_packages(path) check parameters
[0.222s] Level 1:colcon.colcon_core.package_discovery:discover_packages(colcon_meta) discover
[0.222s] Level 1:colcon.colcon_core.package_discovery:discover_packages(recursive) discover
[0.222s] INFO:colcon.colcon_core.package_discovery:Crawling recursively for packages in '/home/francesc/Escritorio/ROS-observatory/ros_ws'
[0.222s] Level 1:colcon.colcon_core.package_identification:_identify(.) by extensions ['ignore', 'ignore_ament_install']
[0.222s] Level 1:colcon.colcon_core.package_identification:_identify(.) by extension 'ignore'
[0.222s] Level 1:colcon.colcon_core.package_identification:_identify(.) by extension 'ignore_ament_install'
[0.222s] Level 1:colcon.colcon_core.package_identification:_identify(.) by extensions ['colcon_pkg']
[0.222s] Level 1:colcon.colcon_core.package_identification:_identify(.) by extension 'colcon_pkg'
[0.222s] Level 1:colcon.colcon_core.package_identification:_identify(.) by extensions ['colcon_meta']
[0.223s] Level 1:colcon.colcon_core.package_identification:_identify(.) by extension 'colcon_meta'
[0.223s] Level 1:colcon.colcon_core.package_identification:_identify(.) by extensions ['ros']
[0.223s] Level 1:colcon.colcon_core.package_identification:_identify(.) by extension 'ros'
[0.236s] Level 1:colcon.colcon_core.package_identification:_identify(.) by extensions ['cmake', 'python']
[0.236s] Level 1:colcon.colcon_core.package_identification:_identify(.) by extension 'cmake'
[0.236s] Level 1:colcon.colcon_core.package_identification:_identify(.) by extension 'python'
[0.236s] Level 1:colcon.colcon_core.package_identification:_identify(.) by extensions ['python_setup_py']
[0.236s] Level 1:colcon.colcon_core.package_identification:_identify(.) by extension 'python_setup_py'
[0.237s] Level 1:colcon.colcon_core.package_identification:_identify(build) by extensions ['ignore', 'ignore_ament_install']
[0.237s] Level 1:colcon.colcon_core.package_identification:_identify(build) by extension 'ignore'
[0.237s] Level 1:colcon.colcon_core.package_identification:_identify(build) ignored
[0.237s] Level 1:colcon.colcon_core.package_identification:_identify(install) by extensions ['ignore', 'ignore_ament_install']
[0.237s] Level 1:colcon.colcon_core.package_identification:_identify(install) by extension 'ignore'
[0.237s] Level 1:colcon.colcon_core.package_identification:_identify(install) ignored
[0.238s] Level 1:colcon.colcon_core.package_identification:_identify(log) by extensions ['ignore', 'ignore_ament_install']
[0.238s] Level 1:colcon.colcon_core.package_identification:_identify(log) by extension 'ignore'
[0.238s] Level 1:colcon.colcon_core.package_identification:_identify(log) ignored
[0.238s] Level 1:colcon.colcon_core.package_identification:_identify(src) by extensions ['ignore', 'ignore_ament_install']
[0.238s] Level 1:colcon.colcon_core.package_identification:_identify(src) by extension 'ignore'
[0.238s] Level 1:colcon.colcon_core.package_identification:_identify(src) by extension 'ignore_ament_install'
[0.238s] Level 1:colcon.colcon_core.package_identification:_identify(src) by extensions ['colcon_pkg']
[0.238s] Level 1:colcon.colcon_core.package_identification:_identify(src) by extension 'colcon_pkg'
[0.238s] Level 1:colcon.colcon_core.package_identification:_identify(src) by extensions ['colcon_meta']
[0.238s] Level 1:colcon.colcon_core.package_identification:_identify(src) by extension 'colcon_meta'
[0.238s] Level 1:colcon.colcon_core.package_identification:_identify(src) by extensions ['ros']
[0.238s] Level 1:colcon.colcon_core.package_identification:_identify(src) by extension 'ros'
[0.238s] Level 1:colcon.colcon_core.package_identification:_identify(src) by extensions ['cmake', 'python']
[0.238s] Level 1:colcon.colcon_core.package_identification:_identify(src) by extension 'cmake'
[0.238s] Level 1:colcon.colcon_core.package_identification:_identify(src) by extension 'python'
[0.239s] Level 1:colcon.colcon_core.package_identification:_identify(src) by extensions ['python_setup_py']
[0.239s] Level 1:colcon.colcon_core.package_identification:_identify(src) by extension 'python_setup_py'
[0.239s] Level 1:colcon.colcon_core.package_identification:_identify(src/camera_servcli) by extensions ['ignore', 'ignore_ament_install']
[0.239s] Level 1:colcon.colcon_core.package_identification:_identify(src/camera_servcli) by extension 'ignore'
[0.239s] Level 1:colcon.colcon_core.package_identification:_identify(src/camera_servcli) by extension 'ignore_ament_install'
[0.239s] Level 1:colcon.colcon_core.package_identification:_identify(src/camera_servcli) by extensions ['colcon_pkg']
[0.239s] Level 1:colcon.colcon_core.package_identification:_identify(src/camera_servcli) by extension 'colcon_pkg'
[0.239s] Level 1:colcon.colcon_core.package_identification:_identify(src/camera_servcli) by extensions ['colcon_meta']
[0.239s] Level 1:colcon.colcon_core.package_identification:_identify(src/camera_servcli) by extension 'colcon_meta'
[0.239s] Level 1:colcon.colcon_core.package_identification:_identify(src/camera_servcli) by extensions ['ros']
[0.239s] Level 1:colcon.colcon_core.package_identification:_identify(src/camera_servcli) by extension 'ros'
[0.242s] DEBUG:colcon.colcon_core.package_identification:Package 'src/camera_servcli' with type 'ros.ament_python' and name 'camera_servcli'
[0.242s] Level 1:colcon.colcon_core.package_identification:_identify(src/dome_servcli) by extensions ['ignore', 'ignore_ament_install']
[0.242s] Level 1:colcon.colcon_core.package_identification:_identify(src/dome_servcli) by extension 'ignore'
[0.242s] Level 1:colcon.colcon_core.package_identification:_identify(src/dome_servcli) by extension 'ignore_ament_install'
[0.243s] Level 1:colcon.colcon_core.package_identification:_identify(src/dome_servcli) by extensions ['colcon_pkg']
[0.243s] Level 1:colcon.colcon_core.package_identification:_identify(src/dome_servcli) by extension 'colcon_pkg'
[0.243s] Level 1:colcon.colcon_core.package_identification:_identify(src/dome_servcli) by extensions ['colcon_meta']
[0.243s] Level 1:colcon.colcon_core.package_identification:_identify(src/dome_servcli) by extension 'colcon_meta'
[0.243s] Level 1:colcon.colcon_core.package_identification:_identify(src/dome_servcli) by extensions ['ros']
[0.243s] Level 1:colcon.colcon_core.package_identification:_identify(src/dome_servcli) by extension 'ros'
[0.244s] DEBUG:colcon.colcon_core.package_identification:Package 'src/dome_servcli' with type 'ros.ament_python' and name 'dome_servcli'
[0.244s] Level 1:colcon.colcon_core.package_identification:_identify(src/observatory_interfaces) by extensions ['ignore', 'ignore_ament_install']
[0.244s] Level 1:colcon.colcon_core.package_identification:_identify(src/observatory_interfaces) by extension 'ignore'
[0.244s] Level 1:colcon.colcon_core.package_identification:_identify(src/observatory_interfaces) by extension 'ignore_ament_install'
[0.244s] Level 1:colcon.colcon_core.package_identification:_identify(src/observatory_interfaces) by extensions ['colcon_pkg']
[0.244s] Level 1:colcon.colcon_core.package_identification:_identify(src/observatory_interfaces) by extension 'colcon_pkg'
[0.244s] Level 1:colcon.colcon_core.package_identification:_identify(src/observatory_interfaces) by extensions ['colcon_meta']
[0.244s] Level 1:colcon.colcon_core.package_identification:_identify(src/observatory_interfaces) by extension 'colcon_meta'
[0.244s] Level 1:colcon.colcon_core.package_identification:_identify(src/observatory_interfaces) by extensions ['ros']
[0.244s] Level 1:colcon.colcon_core.package_identification:_identify(src/observatory_interfaces) by extension 'ros'
[0.245s] DEBUG:colcon.colcon_core.package_identification:Package 'src/observatory_interfaces' with type 'ros.ament_cmake' and name 'observatory_interfaces'
[0.245s] Level 1:colcon.colcon_core.package_identification:_identify(src/telescope_servcli) by extensions ['ignore', 'ignore_ament_install']
[0.245s] Level 1:colcon.colcon_core.package_identification:_identify(src/telescope_servcli) by extension 'ignore'
[0.245s] Level 1:colcon.colcon_core.package_identification:_identify(src/telescope_servcli) by extension 'ignore_ament_install'
[0.245s] Level 1:colcon.colcon_core.package_identification:_identify(src/telescope_servcli) by extensions ['colcon_pkg']
[0.245s] Level 1:colcon.colcon_core.package_identification:_identify(src/telescope_servcli) by extension 'colcon_pkg'
[0.245s] Level 1:colcon.colcon_core.package_identification:_identify(src/telescope_servcli) by extensions ['colcon_meta']
[0.245s] Level 1:colcon.colcon_core.package_identification:_identify(src/telescope_servcli) by extension 'colcon_meta'
[0.245s] Level 1:colcon.colcon_core.package_identification:_identify(src/telescope_servcli) by extensions ['ros']
[0.245s] Level 1:colcon.colcon_core.package_identification:_identify(src/telescope_servcli) by extension 'ros'
[0.246s] DEBUG:colcon.colcon_core.package_identification:Package 'src/telescope_servcli' with type 'ros.ament_python' and name 'telescope_servcli'
[0.246s] Level 1:colcon.colcon_core.package_identification:_identify(src/weather_servcli) by extensions ['ignore', 'ignore_ament_install']
[0.246s] Level 1:colcon.colcon_core.package_identification:_identify(src/weather_servcli) by extension 'ignore'
[0.247s] Level 1:colcon.colcon_core.package_identification:_identify(src/weather_servcli) by extension 'ignore_ament_install'
[0.247s] Level 1:colcon.colcon_core.package_identification:_identify(src/weather_servcli) by extensions ['colcon_pkg']
[0.247s] Level 1:colcon.colcon_core.package_identification:_identify(src/weather_servcli) by extension 'colcon_pkg'
[0.247s] Level 1:colcon.colcon_core.package_identification:_identify(src/weather_servcli) by extensions ['colcon_meta']
[0.247s] Level 1:colcon.colcon_core.package_identification:_identify(src/weather_servcli) by extension 'colcon_meta'
[0.247s] Level 1:colcon.colcon_core.package_identification:_identify(src/weather_servcli) by extensions ['ros']
[0.247s] Level 1:colcon.colcon_core.package_identification:_identify(src/weather_servcli) by extension 'ros'
[0.248s] DEBUG:colcon.colcon_core.package_identification:Package 'src/weather_servcli' with type 'ros.ament_python' and name 'weather_servcli'
[0.248s] Level 1:colcon.colcon_core.package_discovery:discover_packages(recursive) using defaults
[0.248s] Level 1:colcon.colcon_core.package_discovery:discover_packages(ignore) discover
[0.248s] Level 1:colcon.colcon_core.package_discovery:discover_packages(ignore) using defaults
[0.248s] Level 1:colcon.colcon_core.package_discovery:discover_packages(path) discover
[0.248s] Level 1:colcon.colcon_core.package_discovery:discover_packages(path) using defaults
[0.254s] Level 5:colcon.colcon_core.verb:set package 'observatory_interfaces' build argument 'cmake_args' from command line to 'None'
[0.254s] Level 5:colcon.colcon_core.verb:set package 'observatory_interfaces' build argument 'cmake_target' from command line to 'None'
[0.254s] Level 5:colcon.colcon_core.verb:set package 'observatory_interfaces' build argument 'cmake_target_skip_unavailable' from command line to 'False'
[0.254s] Level 5:colcon.colcon_core.verb:set package 'observatory_interfaces' build argument 'cmake_clean_cache' from command line to 'False'
[0.254s] Level 5:colcon.colcon_core.verb:set package 'observatory_interfaces' build argument 'cmake_clean_first' from command line to 'False'
[0.254s] Level 5:colcon.colcon_core.verb:set package 'observatory_interfaces' build argument 'cmake_force_configure' from command line to 'False'
[0.255s] Level 5:colcon.colcon_core.verb:set package 'observatory_interfaces' build argument 'ament_cmake_args' from command line to 'None'
[0.255s] Level 5:colcon.colcon_core.verb:set package 'observatory_interfaces' build argument 'catkin_cmake_args' from command line to 'None'
[0.255s] Level 5:colcon.colcon_core.verb:set package 'observatory_interfaces' build argument 'catkin_skip_building_tests' from command line to 'False'
[0.255s] DEBUG:colcon.colcon_core.verb:Building package 'observatory_interfaces' with the following arguments: {'ament_cmake_args': None, 'build_base': '/home/francesc/Escritorio/ROS-observatory/ros_ws/build/observatory_interfaces', 'catkin_cmake_args': None, 'catkin_skip_building_tests': False, 'cmake_args': None, 'cmake_clean_cache': False, 'cmake_clean_first': False, 'cmake_force_configure': False, 'cmake_target': None, 'cmake_target_skip_unavailable': False, 'install_base': '/home/francesc/Escritorio/ROS-observatory/ros_ws/install/observatory_interfaces', 'merge_install': False, 'path': '/home/francesc/Escritorio/ROS-observatory/ros_ws/src/observatory_interfaces', 'symlink_install': False, 'test_result_base': None}
[0.258s] Level 5:colcon.colcon_core.verb:set package 'camera_servcli' build argument 'cmake_args' from command line to 'None'
[0.258s] Level 5:colcon.colcon_core.verb:set package 'camera_servcli' build argument 'cmake_target' from command line to 'None'
[0.258s] Level 5:colcon.colcon_core.verb:set package 'camera_servcli' build argument 'cmake_target_skip_unavailable' from command line to 'False'
[0.258s] Level 5:colcon.colcon_core.verb:set package 'camera_servcli' build argument 'cmake_clean_cache' from command line to 'False'
[0.258s] Level 5:colcon.colcon_core.verb:set package 'camera_servcli' build argument 'cmake_clean_first' from command line to 'False'
[0.258s] Level 5:colcon.colcon_core.verb:set package 'camera_servcli' build argument 'cmake_force_configure' from command line to 'False'
[0.258s] Level 5:colcon.colcon_core.verb:set package 'camera_servcli' build argument 'ament_cmake_args' from command line to 'None'
[0.258s] Level 5:colcon.colcon_core.verb:set package 'camera_servcli' build argument 'catkin_cmake_args' from command line to 'None'
[0.258s] Level 5:colcon.colcon_core.verb:set package 'camera_servcli' build argument 'catkin_skip_building_tests' from command line to 'False'
[0.258s] DEBUG:colcon.colcon_core.verb:Building package 'camera_servcli' with the following arguments: {'ament_cmake_args': None, 'build_base': '/home/francesc/Escritorio/ROS-observatory/ros_ws/build/camera_servcli', 'catkin_cmake_args': None, 'catkin_skip_building_tests': False, 'cmake_args': None, 'cmake_clean_cache': False, 'cmake_clean_first': False, 'cmake_force_configure': False, 'cmake_target': None, 'cmake_target_skip_unavailable': False, 'install_base': '/home/francesc/Escritorio/ROS-observatory/ros_ws/install/camera_servcli', 'merge_install': False, 'path': '/home/francesc/Escritorio/ROS-observatory/ros_ws/src/camera_servcli', 'symlink_install': False, 'test_result_base': None}
[0.261s] Level 5:colcon.colcon_core.verb:set package 'dome_servcli' build argument 'cmake_args' from command line to 'None'
[0.261s] Level 5:colcon.colcon_core.verb:set package 'dome_servcli' build argument 'cmake_target' from command line to 'None'
[0.261s] Level 5:colcon.colcon_core.verb:set package 'dome_servcli' build argument 'cmake_target_skip_unavailable' from command line to 'False'
[0.261s] Level 5:colcon.colcon_core.verb:set package 'dome_servcli' build argument 'cmake_clean_cache' from command line to 'False'
[0.261s] Level 5:colcon.colcon_core.verb:set package 'dome_servcli' build argument 'cmake_clean_first' from command line to 'False'
[0.261s] Level 5:colcon.colcon_core.verb:set package 'dome_servcli' build argument 'cmake_force_configure' from command line to 'False'
[0.261s] Level 5:colcon.colcon_core.verb:set package 'dome_servcli' build argument 'ament_cmake_args' from command line to 'None'
[0.261s] Level 5:colcon.colcon_core.verb:set package 'dome_servcli' build argument 'catkin_cmake_args' from command line to 'None'
[0.261s] Level 5:colcon.colcon_core.verb:set package 'dome_servcli' build argument 'catkin_skip_building_tests' from command line to 'False'
[0.261s] DEBUG:colcon.colcon_core.verb:Building package 'dome_servcli' with the following arguments: {'ament_cmake_args': None, 'build_base': '/home/francesc/Escritorio/ROS-observatory/ros_ws/build/dome_servcli', 'catkin_cmake_args': None, 'catkin_skip_building_tests': False, 'cmake_args': None, 'cmake_clean_cache': False, 'cmake_clean_first': False, 'cmake_force_configure': False, 'cmake_target': None, 'cmake_target_skip_unavailable': False, 'install_base': '/home/francesc/Escritorio/ROS-observatory/ros_ws/install/dome_servcli', 'merge_install': False, 'path': '/home/francesc/Escritorio/ROS-observatory/ros_ws/src/dome_servcli', 'symlink_install': False, 'test_result_base': None}
[0.265s] Level 5:colcon.colcon_core.verb:set package 'telescope_servcli' build argument 'cmake_args' from command line to 'None'
[0.265s] Level 5:colcon.colcon_core.verb:set package 'telescope_servcli' build argument 'cmake_target' from command line to 'None'
[0.265s] Level 5:colcon.colcon_core.verb:set package 'telescope_servcli' build argument 'cmake_target_skip_unavailable' from command line to 'False'
[0.265s] Level 5:colcon.colcon_core.verb:set package 'telescope_servcli' build argument 'cmake_clean_cache' from command line to 'False'
[0.265s] Level 5:colcon.colcon_core.verb:set package 'telescope_servcli' build argument 'cmake_clean_first' from command line to 'False'
[0.265s] Level 5:colcon.colcon_core.verb:set package 'telescope_servcli' build argument 'cmake_force_configure' from command line to 'False'
[0.265s] Level 5:colcon.colcon_core.verb:set package 'telescope_servcli' build argument 'ament_cmake_args' from command line to 'None'
[0.265s] Level 5:colcon.colcon_core.verb:set package 'telescope_servcli' build argument 'catkin_cmake_args' from command line to 'None'
[0.265s] Level 5:colcon.colcon_core.verb:set package 'telescope_servcli' build argument 'catkin_skip_building_tests' from command line to 'False'
[0.265s] DEBUG:colcon.colcon_core.verb:Building package 'telescope_servcli' with the following arguments: {'ament_cmake_args': None, 'build_base': '/home/francesc/Escritorio/ROS-observatory/ros_ws/build/telescope_servcli', 'catkin_cmake_args': None, 'catkin_skip_building_tests': False, 'cmake_args': None, 'cmake_clean_cache': False, 'cmake_clean_first': False, 'cmake_force_configure': False, 'cmake_target': None, 'cmake_target_skip_unavailable': False, 'install_base': '/home/francesc/Escritorio/ROS-observatory/ros_ws/install/telescope_servcli', 'merge_install': False, 'path': '/home/francesc/Escritorio/ROS-observatory/ros_ws/src/telescope_servcli', 'symlink_install': False, 'test_result_base': None}
[0.268s] Level 5:colcon.colcon_core.verb:set package 'weather_servcli' build argument 'cmake_args' from command line to 'None'
[0.268s] Level 5:colcon.colcon_core.verb:set package 'weather_servcli' build argument 'cmake_target' from command line to 'None'
[0.268s] Level 5:colcon.colcon_core.verb:set package 'weather_servcli' build argument 'cmake_target_skip_unavailable' from command line to 'False'
[0.268s] Level 5:colcon.colcon_core.verb:set package 'weather_servcli' build argument 'cmake_clean_cache' from command line to 'False'
[0.269s] Level 5:colcon.colcon_core.verb:set package 'weather_servcli' build argument 'cmake_clean_first' from command line to 'False'
[0.269s] Level 5:colcon.colcon_core.verb:set package 'weather_servcli' build argument 'cmake_force_configure' from command line to 'False'
[0.269s] Level 5:colcon.colcon_core.verb:set package 'weather_servcli' build argument 'ament_cmake_args' from command line to 'None'
[0.269s] Level 5:colcon.colcon_core.verb:set package 'weather_servcli' build argument 'catkin_cmake_args' from command line to 'None'
[0.269s] Level 5:colcon.colcon_core.verb:set package 'weather_servcli' build argument 'catkin_skip_building_tests' from command line to 'False'
[0.269s] DEBUG:colcon.colcon_core.verb:Building package 'weather_servcli' with the following arguments: {'ament_cmake_args': None, 'build_base': '/home/francesc/Escritorio/ROS-observatory/ros_ws/build/weather_servcli', 'catkin_cmake_args': None, 'catkin_skip_building_tests': False, 'cmake_args': None, 'cmake_clean_cache': False, 'cmake_clean_first': False, 'cmake_force_configure': False, 'cmake_target': None, 'cmake_target_skip_unavailable': False, 'install_base': '/home/francesc/Escritorio/ROS-observatory/ros_ws/install/weather_servcli', 'merge_install': False, 'path': '/home/francesc/Escritorio/ROS-observatory/ros_ws/src/weather_servcli', 'symlink_install': False, 'test_result_base': None}
[0.269s] INFO:colcon.colcon_core.executor:Executing jobs using 'parallel' executor
[0.271s] DEBUG:colcon.colcon_parallel_executor.executor.parallel:run_until_complete
[0.272s] INFO:colcon.colcon_ros.task.ament_cmake.build:Building ROS package in '/home/francesc/Escritorio/ROS-observatory/ros_ws/src/observatory_interfaces' with build type 'ament_cmake'
[0.276s] INFO:colcon.colcon_core.plugin_system:Skipping extension 'colcon_core.shell.bat': Not used on non-Windows systems
[0.276s] INFO:colcon.colcon_cmake.task.cmake.build:Building CMake package in '/home/francesc/Escritorio/ROS-observatory/ros_ws/src/observatory_interfaces'
[0.277s] INFO:colcon.colcon_core.shell:Skip shell extension 'powershell' for command environment: Not usable outside of PowerShell
[0.277s] DEBUG:colcon.colcon_core.shell:Skip shell extension 'dsv' for command environment
[0.279s] WARNING:colcon.colcon_ros.prefix_path.ament:The path '/home/francesc/Escritorio/ROS-observatory/ros_ws/install/observatory_interfaces' in the environment variable AMENT_PREFIX_PATH doesn't exist
[0.279s] WARNING:colcon.colcon_ros.prefix_path.ament:The path '/home/francesc/Escritorio/ROS-observatory/ros_ws/install/weather_servcli' in the environment variable AMENT_PREFIX_PATH doesn't exist
[0.279s] WARNING:colcon.colcon_ros.prefix_path.ament:The path '/home/francesc/Escritorio/ROS-observatory/ros_ws/install/telescope_servcli' in the environment variable AMENT_PREFIX_PATH doesn't exist
[0.279s] WARNING:colcon.colcon_ros.prefix_path.ament:The path '/home/francesc/Escritorio/ROS-observatory/ros_ws/install/dome_servcli' in the environment variable AMENT_PREFIX_PATH doesn't exist
[0.279s] WARNING:colcon.colcon_ros.prefix_path.ament:The path '/home/francesc/Escritorio/ROS-observatory/ros_ws/install/dome_sensors' in the environment variable AMENT_PREFIX_PATH doesn't exist
[0.279s] WARNING:colcon.colcon_ros.prefix_path.ament:The path '/home/francesc/Escritorio/ROS-observatory/ros_ws/install/camera_servcli' in the environment variable AMENT_PREFIX_PATH doesn't exist
[0.279s] WARNING:colcon.colcon_ros.prefix_path.ament:The path '/home/francesc/Escritorio/ROS-observatory/ros_ws/install/dome_interfaces' in the environment variable AMENT_PREFIX_PATH doesn't exist
[0.279s] WARNING:colcon.colcon_ros.prefix_path.catkin:The path '/home/francesc/Escritorio/ROS-observatory/ros_ws/install/observatory_interfaces' in the environment variable CMAKE_PREFIX_PATH doesn't exist
[0.280s] WARNING:colcon.colcon_ros.prefix_path.catkin:The path '/home/francesc/Escritorio/ROS-observatory/ros_ws/install/dome_interfaces' in the environment variable CMAKE_PREFIX_PATH doesn't exist
[0.280s] DEBUG:colcon.colcon_core.shell:Ignoring prefix path '/opt/ros/dashing'
[0.291s] DEBUG:colcon.colcon_core.event_handler.log_command:Invoking command in '/home/francesc/Escritorio/ROS-observatory/ros_ws/build/observatory_interfaces': CMAKE_PREFIX_PATH=${CMAKE_PREFIX_PATH}:/home/francesc/Escritorio/ROS-observatory/ros_ws/install/weather_servcli:/home/francesc/Escritorio/ROS-observatory/ros_ws/install/telescope_servcli:/home/francesc/Escritorio/ROS-observatory/ros_ws/install/dome_servcli:/home/francesc/Escritorio/ROS-observatory/ros_ws/install/dome_sensors:/home/francesc/Escritorio/ROS-observatory/ros_ws/install/camera_servcli:/opt/ros/dashing /usr/bin/cmake /home/francesc/Escritorio/ROS-observatory/ros_ws/src/observatory_interfaces -DCMAKE_INSTALL_PREFIX=/home/francesc/Escritorio/ROS-observatory/ros_ws/install/observatory_interfaces
[2.766s] DEBUG:colcon.colcon_core.event_handler.log_command:Invoked command in '/home/francesc/Escritorio/ROS-observatory/ros_ws/build/observatory_interfaces' returned '0': CMAKE_PREFIX_PATH=${CMAKE_PREFIX_PATH}:/home/francesc/Escritorio/ROS-observatory/ros_ws/install/weather_servcli:/home/francesc/Escritorio/ROS-observatory/ros_ws/install/telescope_servcli:/home/francesc/Escritorio/ROS-observatory/ros_ws/install/dome_servcli:/home/francesc/Escritorio/ROS-observatory/ros_ws/install/dome_sensors:/home/francesc/Escritorio/ROS-observatory/ros_ws/install/camera_servcli:/opt/ros/dashing /usr/bin/cmake /home/francesc/Escritorio/ROS-observatory/ros_ws/src/observatory_interfaces -DCMAKE_INSTALL_PREFIX=/home/francesc/Escritorio/ROS-observatory/ros_ws/install/observatory_interfaces
[2.773s] DEBUG:colcon.colcon_core.event_handler.log_command:Invoking command in '/home/francesc/Escritorio/ROS-observatory/ros_ws/build/observatory_interfaces': CMAKE_PREFIX_PATH=${CMAKE_PREFIX_PATH}:/home/francesc/Escritorio/ROS-observatory/ros_ws/install/weather_servcli:/home/francesc/Escritorio/ROS-observatory/ros_ws/install/telescope_servcli:/home/francesc/Escritorio/ROS-observatory/ros_ws/install/dome_servcli:/home/francesc/Escritorio/ROS-observatory/ros_ws/install/dome_sensors:/home/francesc/Escritorio/ROS-observatory/ros_ws/install/camera_servcli:/opt/ros/dashing /usr/bin/cmake --build /home/francesc/Escritorio/ROS-observatory/ros_ws/build/observatory_interfaces -- -j12 -l12
[7.713s] DEBUG:colcon.colcon_core.event_handler.log_command:Invoked command in '/home/francesc/Escritorio/ROS-observatory/ros_ws/build/observatory_interfaces' returned '0': CMAKE_PREFIX_PATH=${CMAKE_PREFIX_PATH}:/home/francesc/Escritorio/ROS-observatory/ros_ws/install/weather_servcli:/home/francesc/Escritorio/ROS-observatory/ros_ws/install/telescope_servcli:/home/francesc/Escritorio/ROS-observatory/ros_ws/install/dome_servcli:/home/francesc/Escritorio/ROS-observatory/ros_ws/install/dome_sensors:/home/francesc/Escritorio/ROS-observatory/ros_ws/install/camera_servcli:/opt/ros/dashing /usr/bin/cmake --build /home/francesc/Escritorio/ROS-observatory/ros_ws/build/observatory_interfaces -- -j12 -l12
[7.861s] DEBUG:colcon.colcon_core.event_handler.log_command:Invoking command in '/home/francesc/Escritorio/ROS-observatory/ros_ws/build/observatory_interfaces': CMAKE_PREFIX_PATH=${CMAKE_PREFIX_PATH}:/home/francesc/Escritorio/ROS-observatory/ros_ws/install/weather_servcli:/home/francesc/Escritorio/ROS-observatory/ros_ws/install/telescope_servcli:/home/francesc/Escritorio/ROS-observatory/ros_ws/install/dome_servcli:/home/francesc/Escritorio/ROS-observatory/ros_ws/install/dome_sensors:/home/francesc/Escritorio/ROS-observatory/ros_ws/install/camera_servcli:/opt/ros/dashing /usr/bin/cmake --build /home/francesc/Escritorio/ROS-observatory/ros_ws/build/observatory_interfaces --target install -- -j12 -l12
[8.272s] Level 1:colcon.colcon_core.environment:create_environment_scripts_only(observatory_interfaces)
[8.274s] DEBUG:colcon.colcon_core.event_handler.log_command:Invoked command in '/home/francesc/Escritorio/ROS-observatory/ros_ws/build/observatory_interfaces' returned '0': CMAKE_PREFIX_PATH=${CMAKE_PREFIX_PATH}:/home/francesc/Escritorio/ROS-observatory/ros_ws/install/weather_servcli:/home/francesc/Escritorio/ROS-observatory/ros_ws/install/telescope_servcli:/home/francesc/Escritorio/ROS-observatory/ros_ws/install/dome_servcli:/home/francesc/Escritorio/ROS-observatory/ros_ws/install/dome_sensors:/home/francesc/Escritorio/ROS-observatory/ros_ws/install/camera_servcli:/opt/ros/dashing /usr/bin/cmake --build /home/francesc/Escritorio/ROS-observatory/ros_ws/build/observatory_interfaces --target install -- -j12 -l12
[8.278s] Level 1:colcon.colcon_core.environment:checking '/home/francesc/Escritorio/ROS-observatory/ros_ws/install/observatory_interfaces' for CMake module files
[8.278s] Level 1:colcon.colcon_core.environment:checking '/home/francesc/Escritorio/ROS-observatory/ros_ws/install/observatory_interfaces' for CMake config files
[8.279s] Level 1:colcon.colcon_core.shell:create_environment_hook('observatory_interfaces', 'cmake_prefix_path')
[8.280s] INFO:colcon.colcon_core.shell:Creating environment hook '/home/francesc/Escritorio/ROS-observatory/ros_ws/install/observatory_interfaces/share/observatory_interfaces/hook/cmake_prefix_path.ps1'
[8.280s] INFO:colcon.colcon_core.shell:Creating environment descriptor '/home/francesc/Escritorio/ROS-observatory/ros_ws/install/observatory_interfaces/share/observatory_interfaces/hook/cmake_prefix_path.dsv'
[8.281s] INFO:colcon.colcon_core.shell:Creating environment hook '/home/francesc/Escritorio/ROS-observatory/ros_ws/install/observatory_interfaces/share/observatory_interfaces/hook/cmake_prefix_path.sh'
[8.282s] Level 1:colcon.colcon_core.environment:checking '/home/francesc/Escritorio/ROS-observatory/ros_ws/install/observatory_interfaces/lib'
[8.282s] Level 1:colcon.colcon_core.shell:create_environment_hook('observatory_interfaces', 'ld_library_path_lib')
[8.283s] INFO:colcon.colcon_core.shell:Creating environment hook '/home/francesc/Escritorio/ROS-observatory/ros_ws/install/observatory_interfaces/share/observatory_interfaces/hook/ld_library_path_lib.ps1'
[8.283s] INFO:colcon.colcon_core.shell:Creating environment descriptor '/home/francesc/Escritorio/ROS-observatory/ros_ws/install/observatory_interfaces/share/observatory_interfaces/hook/ld_library_path_lib.dsv'
[8.284s] INFO:colcon.colcon_core.shell:Creating environment hook '/home/francesc/Escritorio/ROS-observatory/ros_ws/install/observatory_interfaces/share/observatory_interfaces/hook/ld_library_path_lib.sh'
[8.284s] Level 1:colcon.colcon_core.environment:checking '/home/francesc/Escritorio/ROS-observatory/ros_ws/install/observatory_interfaces/bin'
[8.284s] Level 1:colcon.colcon_core.environment:checking '/home/francesc/Escritorio/ROS-observatory/ros_ws/install/observatory_interfaces/lib/pkgconfig/observatory_interfaces.pc'
[8.284s] Level 1:colcon.colcon_core.environment:checking '/home/francesc/Escritorio/ROS-observatory/ros_ws/install/observatory_interfaces/lib/python3.6/site-packages'
[8.284s] Level 1:colcon.colcon_core.shell:create_environment_hook('observatory_interfaces', 'pythonpath')
[8.285s] INFO:colcon.colcon_core.shell:Creating environment hook '/home/francesc/Escritorio/ROS-observatory/ros_ws/install/observatory_interfaces/share/observatory_interfaces/hook/pythonpath.ps1'
[8.285s] INFO:colcon.colcon_core.shell:Creating environment descriptor '/home/francesc/Escritorio/ROS-observatory/ros_ws/install/observatory_interfaces/share/observatory_interfaces/hook/pythonpath.dsv'
[8.286s] INFO:colcon.colcon_core.shell:Creating environment hook '/home/francesc/Escritorio/ROS-observatory/ros_ws/install/observatory_interfaces/share/observatory_interfaces/hook/pythonpath.sh'
[8.303s] INFO:colcon.colcon_core.shell:Creating package script '/home/francesc/Escritorio/ROS-observatory/ros_ws/install/observatory_interfaces/share/observatory_interfaces/package.ps1'
[8.305s] INFO:colcon.colcon_core.shell:Creating package descriptor '/home/francesc/Escritorio/ROS-observatory/ros_ws/install/observatory_interfaces/share/observatory_interfaces/package.dsv'
[8.307s] INFO:colcon.colcon_core.shell:Creating package script '/home/francesc/Escritorio/ROS-observatory/ros_ws/install/observatory_interfaces/share/observatory_interfaces/package.sh'
[8.308s] INFO:colcon.colcon_core.shell:Creating package script '/home/francesc/Escritorio/ROS-observatory/ros_ws/install/observatory_interfaces/share/observatory_interfaces/package.bash'
[8.310s] INFO:colcon.colcon_core.shell:Creating package script '/home/francesc/Escritorio/ROS-observatory/ros_ws/install/observatory_interfaces/share/observatory_interfaces/package.zsh'
[8.312s] Level 1:colcon.colcon_core.environment:create_file_with_runtime_dependencies(/home/francesc/Escritorio/ROS-observatory/ros_ws/install/observatory_interfaces/share/colcon-core/packages/observatory_interfaces)
[8.312s] INFO:colcon.colcon_ros.task.ament_python.build:Building ROS package in '/home/francesc/Escritorio/ROS-observatory/ros_ws/src/camera_servcli' with build type 'ament_python'
[8.312s] Level 1:colcon.colcon_core.shell:create_environment_hook('camera_servcli', 'ament_prefix_path')
[8.313s] INFO:colcon.colcon_core.shell:Creating environment hook '/home/francesc/Escritorio/ROS-observatory/ros_ws/install/camera_servcli/share/camera_servcli/hook/ament_prefix_path.ps1'
[8.314s] INFO:colcon.colcon_core.shell:Creating environment descriptor '/home/francesc/Escritorio/ROS-observatory/ros_ws/install/camera_servcli/share/camera_servcli/hook/ament_prefix_path.dsv'
[8.315s] INFO:colcon.colcon_core.shell:Creating environment hook '/home/francesc/Escritorio/ROS-observatory/ros_ws/install/camera_servcli/share/camera_servcli/hook/ament_prefix_path.sh'
[8.316s] INFO:colcon.colcon_core.shell:Skip shell extension 'powershell' for command environment: Not usable outside of PowerShell
[8.316s] DEBUG:colcon.colcon_core.shell:Skip shell extension 'dsv' for command environment
[8.318s] DEBUG:colcon.colcon_core.shell:Ignoring prefix path '/opt/ros/dashing'
[8.321s] INFO:colcon.colcon_ros.task.ament_python.build:Building ROS package in '/home/francesc/Escritorio/ROS-observatory/ros_ws/src/dome_servcli' with build type 'ament_python'
[8.322s] Level 1:colcon.colcon_core.shell:create_environment_hook('dome_servcli', 'ament_prefix_path')
[8.325s] INFO:colcon.colcon_core.shell:Creating environment hook '/home/francesc/Escritorio/ROS-observatory/ros_ws/install/dome_servcli/share/dome_servcli/hook/ament_prefix_path.ps1'
[8.327s] INFO:colcon.colcon_core.shell:Creating environment descriptor '/home/francesc/Escritorio/ROS-observatory/ros_ws/install/dome_servcli/share/dome_servcli/hook/ament_prefix_path.dsv'
[8.327s] INFO:colcon.colcon_core.shell:Creating environment hook '/home/francesc/Escritorio/ROS-observatory/ros_ws/install/dome_servcli/share/dome_servcli/hook/ament_prefix_path.sh'
[8.330s] INFO:colcon.colcon_core.shell:Skip shell extension 'powershell' for command environment: Not usable outside of PowerShell
[8.330s] DEBUG:colcon.colcon_core.shell:Skip shell extension 'dsv' for command environment
[8.333s] DEBUG:colcon.colcon_core.shell:Ignoring prefix path '/opt/ros/dashing'
[8.336s] INFO:colcon.colcon_ros.task.ament_python.build:Building ROS package in '/home/francesc/Escritorio/ROS-observatory/ros_ws/src/telescope_servcli' with build type 'ament_python'
[8.337s] Level 1:colcon.colcon_core.shell:create_environment_hook('telescope_servcli', 'ament_prefix_path')
[8.338s] INFO:colcon.colcon_core.shell:Creating environment hook '/home/francesc/Escritorio/ROS-observatory/ros_ws/install/telescope_servcli/share/telescope_servcli/hook/ament_prefix_path.ps1'
[8.339s] INFO:colcon.colcon_core.shell:Creating environment descriptor '/home/francesc/Escritorio/ROS-observatory/ros_ws/install/telescope_servcli/share/telescope_servcli/hook/ament_prefix_path.dsv'
[8.339s] INFO:colcon.colcon_core.shell:Creating environment hook '/home/francesc/Escritorio/ROS-observatory/ros_ws/install/telescope_servcli/share/telescope_servcli/hook/ament_prefix_path.sh'
[8.340s] INFO:colcon.colcon_core.shell:Skip shell extension 'powershell' for command environment: Not usable outside of PowerShell
[8.340s] DEBUG:colcon.colcon_core.shell:Skip shell extension 'dsv' for command environment
[8.342s] DEBUG:colcon.colcon_core.shell:Ignoring prefix path '/opt/ros/dashing'
[8.344s] INFO:colcon.colcon_ros.task.ament_python.build:Building ROS package in '/home/francesc/Escritorio/ROS-observatory/ros_ws/src/weather_servcli' with build type 'ament_python'
[8.345s] Level 1:colcon.colcon_core.shell:create_environment_hook('weather_servcli', 'ament_prefix_path')
[8.346s] INFO:colcon.colcon_core.shell:Creating environment hook '/home/francesc/Escritorio/ROS-observatory/ros_ws/install/weather_servcli/share/weather_servcli/hook/ament_prefix_path.ps1'
[8.347s] INFO:colcon.colcon_core.shell:Creating environment descriptor '/home/francesc/Escritorio/ROS-observatory/ros_ws/install/weather_servcli/share/weather_servcli/hook/ament_prefix_path.dsv'
[8.347s] INFO:colcon.colcon_core.shell:Creating environment hook '/home/francesc/Escritorio/ROS-observatory/ros_ws/install/weather_servcli/share/weather_servcli/hook/ament_prefix_path.sh'
[8.348s] INFO:colcon.colcon_core.shell:Skip shell extension 'powershell' for command environment: Not usable outside of PowerShell
[8.348s] DEBUG:colcon.colcon_core.shell:Skip shell extension 'dsv' for command environment
[8.351s] DEBUG:colcon.colcon_core.shell:Ignoring prefix path '/opt/ros/dashing'
[8.602s] INFO:colcon.colcon_core.task.python.build:Building Python package in '/home/francesc/Escritorio/ROS-observatory/ros_ws/src/camera_servcli'
[8.605s] INFO:colcon.colcon_core.shell:Skip shell extension 'powershell' for command environment: Not usable outside of PowerShell
[8.605s] DEBUG:colcon.colcon_core.shell:Skip shell extension 'dsv' for command environment
[8.608s] DEBUG:colcon.colcon_core.shell:Ignoring prefix path '/opt/ros/dashing'
[8.845s] INFO:colcon.colcon_core.task.python.build:Building Python package in '/home/francesc/Escritorio/ROS-observatory/ros_ws/src/dome_servcli'
[8.847s] INFO:colcon.colcon_core.shell:Skip shell extension 'powershell' for command environment: Not usable outside of PowerShell
[8.847s] DEBUG:colcon.colcon_core.shell:Skip shell extension 'dsv' for command environment
[8.851s] DEBUG:colcon.colcon_core.shell:Ignoring prefix path '/opt/ros/dashing'
[9.110s] INFO:colcon.colcon_core.task.python.build:Building Python package in '/home/francesc/Escritorio/ROS-observatory/ros_ws/src/telescope_servcli'
[9.112s] INFO:colcon.colcon_core.shell:Skip shell extension 'powershell' for command environment: Not usable outside of PowerShell
[9.112s] DEBUG:colcon.colcon_core.shell:Skip shell extension 'dsv' for command environment
[9.115s] DEBUG:colcon.colcon_core.shell:Ignoring prefix path '/opt/ros/dashing'
[9.346s] INFO:colcon.colcon_core.task.python.build:Building Python package in '/home/francesc/Escritorio/ROS-observatory/ros_ws/src/weather_servcli'
[9.349s] INFO:colcon.colcon_core.shell:Skip shell extension 'powershell' for command environment: Not usable outside of PowerShell
[9.349s] DEBUG:colcon.colcon_core.shell:Skip shell extension 'dsv' for command environment
[9.356s] DEBUG:colcon.colcon_core.shell:Ignoring prefix path '/opt/ros/dashing'
[9.363s] DEBUG:colcon.colcon_core.event_handler.log_command:Invoking command in '/home/francesc/Escritorio/ROS-observatory/ros_ws/src/camera_servcli': PYTHONPATH=/home/francesc/Escritorio/ROS-observatory/ros_ws/install/camera_servcli/lib/python3.6/site-packages:${PYTHONPATH} /usr/bin/python3 setup.py egg_info --egg-base /home/francesc/Escritorio/ROS-observatory/ros_ws/build/camera_servcli build --build-base /home/francesc/Escritorio/ROS-observatory/ros_ws/build/camera_servcli/build install --prefix /home/francesc/Escritorio/ROS-observatory/ros_ws/install/camera_servcli --record /home/francesc/Escritorio/ROS-observatory/ros_ws/build/camera_servcli/install.log --single-version-externally-managed
[9.366s] DEBUG:colcon.colcon_core.event_handler.log_command:Invoking command in '/home/francesc/Escritorio/ROS-observatory/ros_ws/src/dome_servcli': PYTHONPATH=/home/francesc/Escritorio/ROS-observatory/ros_ws/install/dome_servcli/lib/python3.6/site-packages:${PYTHONPATH} /usr/bin/python3 setup.py egg_info --egg-base /home/francesc/Escritorio/ROS-observatory/ros_ws/build/dome_servcli build --build-base /home/francesc/Escritorio/ROS-observatory/ros_ws/build/dome_servcli/build install --prefix /home/francesc/Escritorio/ROS-observatory/ros_ws/install/dome_servcli --record /home/francesc/Escritorio/ROS-observatory/ros_ws/build/dome_servcli/install.log --single-version-externally-managed
[9.376s] DEBUG:colcon.colcon_core.event_handler.log_command:Invoking command in '/home/francesc/Escritorio/ROS-observatory/ros_ws/src/telescope_servcli': PYTHONPATH=/home/francesc/Escritorio/ROS-observatory/ros_ws/install/telescope_servcli/lib/python3.6/site-packages:${PYTHONPATH} /usr/bin/python3 setup.py egg_info --egg-base /home/francesc/Escritorio/ROS-observatory/ros_ws/build/telescope_servcli build --build-base /home/francesc/Escritorio/ROS-observatory/ros_ws/build/telescope_servcli/build install --prefix /home/francesc/Escritorio/ROS-observatory/ros_ws/install/telescope_servcli --record /home/francesc/Escritorio/ROS-observatory/ros_ws/build/telescope_servcli/install.log --single-version-externally-managed
[9.383s] DEBUG:colcon.colcon_core.event_handler.log_command:Invoking command in '/home/francesc/Escritorio/ROS-observatory/ros_ws/src/weather_servcli': PYTHONPATH=/home/francesc/Escritorio/ROS-observatory/ros_ws/install/weather_servcli/lib/python3.6/site-packages:${PYTHONPATH} /usr/bin/python3 setup.py egg_info --egg-base /home/francesc/Escritorio/ROS-observatory/ros_ws/build/weather_servcli build --build-base /home/francesc/Escritorio/ROS-observatory/ros_ws/build/weather_servcli/build install --prefix /home/francesc/Escritorio/ROS-observatory/ros_ws/install/weather_servcli --record /home/francesc/Escritorio/ROS-observatory/ros_ws/build/weather_servcli/install.log --single-version-externally-managed
[9.713s] Level 1:colcon.colcon_core.environment:checking '/home/francesc/Escritorio/ROS-observatory/ros_ws/install/camera_servcli' for CMake module files
[9.715s] DEBUG:colcon.colcon_core.event_handler.log_command:Invoked command in '/home/francesc/Escritorio/ROS-observatory/ros_ws/src/camera_servcli' returned '0': PYTHONPATH=/home/francesc/Escritorio/ROS-observatory/ros_ws/install/camera_servcli/lib/python3.6/site-packages:${PYTHONPATH} /usr/bin/python3 setup.py egg_info --egg-base /home/francesc/Escritorio/ROS-observatory/ros_ws/build/camera_servcli build --build-base /home/francesc/Escritorio/ROS-observatory/ros_ws/build/camera_servcli/build install --prefix /home/francesc/Escritorio/ROS-observatory/ros_ws/install/camera_servcli --record /home/francesc/Escritorio/ROS-observatory/ros_ws/build/camera_servcli/install.log --single-version-externally-managed
[9.715s] Level 1:colcon.colcon_core.environment:checking '/home/francesc/Escritorio/ROS-observatory/ros_ws/install/camera_servcli' for CMake config files
[9.717s] Level 1:colcon.colcon_core.environment:checking '/home/francesc/Escritorio/ROS-observatory/ros_ws/install/camera_servcli/lib'
[9.718s] Level 1:colcon.colcon_core.environment:checking '/home/francesc/Escritorio/ROS-observatory/ros_ws/install/camera_servcli/bin'
[9.718s] Level 1:colcon.colcon_core.environment:checking '/home/francesc/Escritorio/ROS-observatory/ros_ws/install/camera_servcli/lib/pkgconfig/camera_servcli.pc'
[9.718s] Level 1:colcon.colcon_core.environment:checking '/home/francesc/Escritorio/ROS-observatory/ros_ws/install/camera_servcli/lib/python3.6/site-packages'
[9.718s] Level 1:colcon.colcon_core.shell:create_environment_hook('camera_servcli', 'pythonpath')
[9.719s] INFO:colcon.colcon_core.shell:Creating environment hook '/home/francesc/Escritorio/ROS-observatory/ros_ws/install/camera_servcli/share/camera_servcli/hook/pythonpath.ps1'
[9.719s] INFO:colcon.colcon_core.shell:Creating environment descriptor '/home/francesc/Escritorio/ROS-observatory/ros_ws/install/camera_servcli/share/camera_servcli/hook/pythonpath.dsv'
[9.720s] INFO:colcon.colcon_core.shell:Creating environment hook '/home/francesc/Escritorio/ROS-observatory/ros_ws/install/camera_servcli/share/camera_servcli/hook/pythonpath.sh'
[9.720s] Level 1:colcon.colcon_core.environment:create_environment_scripts_only(camera_servcli)
[9.721s] INFO:colcon.colcon_core.shell:Creating package script '/home/francesc/Escritorio/ROS-observatory/ros_ws/install/camera_servcli/share/camera_servcli/package.ps1'
[9.722s] INFO:colcon.colcon_core.shell:Creating package descriptor '/home/francesc/Escritorio/ROS-observatory/ros_ws/install/camera_servcli/share/camera_servcli/package.dsv'
[9.722s] INFO:colcon.colcon_core.shell:Creating package script '/home/francesc/Escritorio/ROS-observatory/ros_ws/install/camera_servcli/share/camera_servcli/package.sh'
[9.723s] INFO:colcon.colcon_core.shell:Creating package script '/home/francesc/Escritorio/ROS-observatory/ros_ws/install/camera_servcli/share/camera_servcli/package.bash'
[9.723s] INFO:colcon.colcon_core.shell:Creating package script '/home/francesc/Escritorio/ROS-observatory/ros_ws/install/camera_servcli/share/camera_servcli/package.zsh'
[9.723s] Level 1:colcon.colcon_core.environment:create_file_with_runtime_dependencies(/home/francesc/Escritorio/ROS-observatory/ros_ws/install/camera_servcli/share/colcon-core/packages/camera_servcli)
[9.726s] Level 1:colcon.colcon_core.environment:checking '/home/francesc/Escritorio/ROS-observatory/ros_ws/install/dome_servcli' for CMake module files
[9.727s] DEBUG:colcon.colcon_core.event_handler.log_command:Invoked command in '/home/francesc/Escritorio/ROS-observatory/ros_ws/src/dome_servcli' returned '0': PYTHONPATH=/home/francesc/Escritorio/ROS-observatory/ros_ws/install/dome_servcli/lib/python3.6/site-packages:${PYTHONPATH} /usr/bin/python3 setup.py egg_info --egg-base /home/francesc/Escritorio/ROS-observatory/ros_ws/build/dome_servcli build --build-base /home/francesc/Escritorio/ROS-observatory/ros_ws/build/dome_servcli/build install --prefix /home/francesc/Escritorio/ROS-observatory/ros_ws/install/dome_servcli --record /home/francesc/Escritorio/ROS-observatory/ros_ws/build/dome_servcli/install.log --single-version-externally-managed
[9.727s] Level 1:colcon.colcon_core.environment:checking '/home/francesc/Escritorio/ROS-observatory/ros_ws/install/dome_servcli' for CMake config files
[9.728s] Level 1:colcon.colcon_core.environment:checking '/home/francesc/Escritorio/ROS-observatory/ros_ws/install/dome_servcli/lib'
[9.729s] Level 1:colcon.colcon_core.environment:checking '/home/francesc/Escritorio/ROS-observatory/ros_ws/install/dome_servcli/bin'
[9.729s] Level 1:colcon.colcon_core.environment:checking '/home/francesc/Escritorio/ROS-observatory/ros_ws/install/dome_servcli/lib/pkgconfig/dome_servcli.pc'
[9.729s] Level 1:colcon.colcon_core.environment:checking '/home/francesc/Escritorio/ROS-observatory/ros_ws/install/dome_servcli/lib/python3.6/site-packages'
[9.729s] Level 1:colcon.colcon_core.shell:create_environment_hook('dome_servcli', 'pythonpath')
[9.730s] INFO:colcon.colcon_core.shell:Creating environment hook '/home/francesc/Escritorio/ROS-observatory/ros_ws/install/dome_servcli/share/dome_servcli/hook/pythonpath.ps1'
[9.730s] INFO:colcon.colcon_core.shell:Creating environment descriptor '/home/francesc/Escritorio/ROS-observatory/ros_ws/install/dome_servcli/share/dome_servcli/hook/pythonpath.dsv'
[9.731s] INFO:colcon.colcon_core.shell:Creating environment hook '/home/francesc/Escritorio/ROS-observatory/ros_ws/install/dome_servcli/share/dome_servcli/hook/pythonpath.sh'
[9.731s] Level 1:colcon.colcon_core.environment:create_environment_scripts_only(dome_servcli)
[9.732s] INFO:colcon.colcon_core.shell:Creating package script '/home/francesc/Escritorio/ROS-observatory/ros_ws/install/dome_servcli/share/dome_servcli/package.ps1'
[9.733s] INFO:colcon.colcon_core.shell:Creating package descriptor '/home/francesc/Escritorio/ROS-observatory/ros_ws/install/dome_servcli/share/dome_servcli/package.dsv'
[9.733s] INFO:colcon.colcon_core.shell:Creating package script '/home/francesc/Escritorio/ROS-observatory/ros_ws/install/dome_servcli/share/dome_servcli/package.sh'
[9.733s] INFO:colcon.colcon_core.shell:Creating package script '/home/francesc/Escritorio/ROS-observatory/ros_ws/install/dome_servcli/share/dome_servcli/package.bash'
[9.734s] INFO:colcon.colcon_core.shell:Creating package script '/home/francesc/Escritorio/ROS-observatory/ros_ws/install/dome_servcli/share/dome_servcli/package.zsh'
[9.734s] Level 1:colcon.colcon_core.environment:create_file_with_runtime_dependencies(/home/francesc/Escritorio/ROS-observatory/ros_ws/install/dome_servcli/share/colcon-core/packages/dome_servcli)
[9.736s] Level 1:colcon.colcon_core.environment:checking '/home/francesc/Escritorio/ROS-observatory/ros_ws/install/telescope_servcli' for CMake module files
[9.737s] DEBUG:colcon.colcon_core.event_handler.log_command:Invoked command in '/home/francesc/Escritorio/ROS-observatory/ros_ws/src/telescope_servcli' returned '0': PYTHONPATH=/home/francesc/Escritorio/ROS-observatory/ros_ws/install/telescope_servcli/lib/python3.6/site-packages:${PYTHONPATH} /usr/bin/python3 setup.py egg_info --egg-base /home/francesc/Escritorio/ROS-observatory/ros_ws/build/telescope_servcli build --build-base /home/francesc/Escritorio/ROS-observatory/ros_ws/build/telescope_servcli/build install --prefix /home/francesc/Escritorio/ROS-observatory/ros_ws/install/telescope_servcli --record /home/francesc/Escritorio/ROS-observatory/ros_ws/build/telescope_servcli/install.log --single-version-externally-managed
[9.738s] Level 1:colcon.colcon_core.environment:checking '/home/francesc/Escritorio/ROS-observatory/ros_ws/install/telescope_servcli' for CMake config files
[9.738s] Level 1:colcon.colcon_core.environment:checking '/home/francesc/Escritorio/ROS-observatory/ros_ws/install/telescope_servcli/lib'
[9.739s] Level 1:colcon.colcon_core.environment:checking '/home/francesc/Escritorio/ROS-observatory/ros_ws/install/telescope_servcli/bin'
[9.739s] Level 1:colcon.colcon_core.environment:checking '/home/francesc/Escritorio/ROS-observatory/ros_ws/install/telescope_servcli/lib/pkgconfig/telescope_servcli.pc'
[9.739s] Level 1:colcon.colcon_core.environment:checking '/home/francesc/Escritorio/ROS-observatory/ros_ws/install/telescope_servcli/lib/python3.6/site-packages'
[9.739s] Level 1:colcon.colcon_core.shell:create_environment_hook('telescope_servcli', 'pythonpath')
[9.740s] INFO:colcon.colcon_core.shell:Creating environment hook '/home/francesc/Escritorio/ROS-observatory/ros_ws/install/telescope_servcli/share/telescope_servcli/hook/pythonpath.ps1'
[9.740s] INFO:colcon.colcon_core.shell:Creating environment descriptor '/home/francesc/Escritorio/ROS-observatory/ros_ws/install/telescope_servcli/share/telescope_servcli/hook/pythonpath.dsv'
[9.740s] INFO:colcon.colcon_core.shell:Creating environment hook '/home/francesc/Escritorio/ROS-observatory/ros_ws/install/telescope_servcli/share/telescope_servcli/hook/pythonpath.sh'
[9.741s] Level 1:colcon.colcon_core.environment:create_environment_scripts_only(telescope_servcli)
[9.741s] INFO:colcon.colcon_core.shell:Creating package script '/home/francesc/Escritorio/ROS-observatory/ros_ws/install/telescope_servcli/share/telescope_servcli/package.ps1'
[9.742s] INFO:colcon.colcon_core.shell:Creating package descriptor '/home/francesc/Escritorio/ROS-observatory/ros_ws/install/telescope_servcli/share/telescope_servcli/package.dsv'
[9.742s] INFO:colcon.colcon_core.shell:Creating package script '/home/francesc/Escritorio/ROS-observatory/ros_ws/install/telescope_servcli/share/telescope_servcli/package.sh'
[9.743s] INFO:colcon.colcon_core.shell:Creating package script '/home/francesc/Escritorio/ROS-observatory/ros_ws/install/telescope_servcli/share/telescope_servcli/package.bash'
[9.743s] INFO:colcon.colcon_core.shell:Creating package script '/home/francesc/Escritorio/ROS-observatory/ros_ws/install/telescope_servcli/share/telescope_servcli/package.zsh'
[9.743s] Level 1:colcon.colcon_core.environment:create_file_with_runtime_dependencies(/home/francesc/Escritorio/ROS-observatory/ros_ws/install/telescope_servcli/share/colcon-core/packages/telescope_servcli)
[9.747s] Level 1:colcon.colcon_core.environment:checking '/home/francesc/Escritorio/ROS-observatory/ros_ws/install/weather_servcli' for CMake module files
[9.748s] DEBUG:colcon.colcon_core.event_handler.log_command:Invoked command in '/home/francesc/Escritorio/ROS-observatory/ros_ws/src/weather_servcli' returned '0': PYTHONPATH=/home/francesc/Escritorio/ROS-observatory/ros_ws/install/weather_servcli/lib/python3.6/site-packages:${PYTHONPATH} /usr/bin/python3 setup.py egg_info --egg-base /home/francesc/Escritorio/ROS-observatory/ros_ws/build/weather_servcli build --build-base /home/francesc/Escritorio/ROS-observatory/ros_ws/build/weather_servcli/build install --prefix /home/francesc/Escritorio/ROS-observatory/ros_ws/install/weather_servcli --record /home/francesc/Escritorio/ROS-observatory/ros_ws/build/weather_servcli/install.log --single-version-externally-managed
[9.749s] Level 1:colcon.colcon_core.environment:checking '/home/francesc/Escritorio/ROS-observatory/ros_ws/install/weather_servcli' for CMake config files
[9.750s] Level 1:colcon.colcon_core.environment:checking '/home/francesc/Escritorio/ROS-observatory/ros_ws/install/weather_servcli/lib'
[9.751s] Level 1:colcon.colcon_core.environment:checking '/home/francesc/Escritorio/ROS-observatory/ros_ws/install/weather_servcli/bin'
[9.751s] Level 1:colcon.colcon_core.environment:checking '/home/francesc/Escritorio/ROS-observatory/ros_ws/install/weather_servcli/lib/pkgconfig/weather_servcli.pc'
[9.751s] Level 1:colcon.colcon_core.environment:checking '/home/francesc/Escritorio/ROS-observatory/ros_ws/install/weather_servcli/lib/python3.6/site-packages'
[9.751s] Level 1:colcon.colcon_core.shell:create_environment_hook('weather_servcli', 'pythonpath')
[9.751s] INFO:colcon.colcon_core.shell:Creating environment hook '/home/francesc/Escritorio/ROS-observatory/ros_ws/install/weather_servcli/share/weather_servcli/hook/pythonpath.ps1'
[9.752s] INFO:colcon.colcon_core.shell:Creating environment descriptor '/home/francesc/Escritorio/ROS-observatory/ros_ws/install/weather_servcli/share/weather_servcli/hook/pythonpath.dsv'
[9.752s] INFO:colcon.colcon_core.shell:Creating environment hook '/home/francesc/Escritorio/ROS-observatory/ros_ws/install/weather_servcli/share/weather_servcli/hook/pythonpath.sh'
[9.753s] Level 1:colcon.colcon_core.environment:create_environment_scripts_only(weather_servcli)
[9.753s] INFO:colcon.colcon_core.shell:Creating package script '/home/francesc/Escritorio/ROS-observatory/ros_ws/install/weather_servcli/share/weather_servcli/package.ps1'
[9.754s] INFO:colcon.colcon_core.shell:Creating package descriptor '/home/francesc/Escritorio/ROS-observatory/ros_ws/install/weather_servcli/share/weather_servcli/package.dsv'
[9.754s] INFO:colcon.colcon_core.shell:Creating package script '/home/francesc/Escritorio/ROS-observatory/ros_ws/install/weather_servcli/share/weather_servcli/package.sh'
[9.755s] INFO:colcon.colcon_core.shell:Creating package script '/home/francesc/Escritorio/ROS-observatory/ros_ws/install/weather_servcli/share/weather_servcli/package.bash'
[9.755s] INFO:colcon.colcon_core.shell:Creating package script '/home/francesc/Escritorio/ROS-observatory/ros_ws/install/weather_servcli/share/weather_servcli/package.zsh'
[9.755s] Level 1:colcon.colcon_core.environment:create_file_with_runtime_dependencies(/home/francesc/Escritorio/ROS-observatory/ros_ws/install/weather_servcli/share/colcon-core/packages/weather_servcli)
[9.756s] DEBUG:colcon.colcon_parallel_executor.executor.parallel:closing loop
[9.756s] DEBUG:colcon.colcon_parallel_executor.executor.parallel:loop closed
[9.757s] DEBUG:colcon.colcon_parallel_executor.executor.parallel:run_until_complete finished with '0'
[9.757s] DEBUG:colcon.colcon_core.event_reactor:joining thread
[9.764s] INFO:colcon.colcon_core.plugin_system:Skipping extension 'colcon_notification.desktop_notification.terminal_notifier': Not used on non-Darwin systems
[9.765s] INFO:colcon.colcon_core.plugin_system:Skipping extension 'colcon_notification.desktop_notification.win32': Not used on non-Windows systems
[9.765s] INFO:colcon.colcon_notification.desktop_notification:Sending desktop notification using 'notify2'
[9.769s] DEBUG:colcon.colcon_core.event_reactor:joined thread
[9.770s] INFO:colcon.colcon_core.shell:Creating prefix script '/home/francesc/Escritorio/ROS-observatory/ros_ws/install/local_setup.ps1'
[9.772s] INFO:colcon.colcon_core.shell:Creating prefix util module '/home/francesc/Escritorio/ROS-observatory/ros_ws/install/_local_setup_util_ps1.py'
[9.774s] INFO:colcon.colcon_core.shell:Creating prefix chain script '/home/francesc/Escritorio/ROS-observatory/ros_ws/install/setup.ps1'
[9.779s] INFO:colcon.colcon_core.shell:Creating prefix script '/home/francesc/Escritorio/ROS-observatory/ros_ws/install/local_setup.sh'
[9.780s] INFO:colcon.colcon_core.shell:Creating prefix util module '/home/francesc/Escritorio/ROS-observatory/ros_ws/install/_local_setup_util_sh.py'
[9.781s] INFO:colcon.colcon_core.shell:Creating prefix chain script '/home/francesc/Escritorio/ROS-observatory/ros_ws/install/setup.sh'
[9.784s] INFO:colcon.colcon_core.shell:Creating prefix script '/home/francesc/Escritorio/ROS-observatory/ros_ws/install/local_setup.bash'
[9.784s] INFO:colcon.colcon_core.shell:Creating prefix chain script '/home/francesc/Escritorio/ROS-observatory/ros_ws/install/setup.bash'
[9.787s] INFO:colcon.colcon_core.shell:Creating prefix script '/home/francesc/Escritorio/ROS-observatory/ros_ws/install/local_setup.zsh'
[9.788s] INFO:colcon.colcon_core.shell:Creating prefix chain script '/home/francesc/Escritorio/ROS-observatory/ros_ws/install/setup.zsh'
