[0.289s] Invoking command in '/home/francesc/Escritorio/ros_ws/src/telescope_servcli': PYTHONPATH=/home/francesc/Escritorio/ros_ws/install/telescope_servcli/lib/python3.6/site-packages:/home/francesc/Escritorio/ros_ws/install/dome_interfaces/lib/python3.6/site-packages:/home/francesc/Escritorio/ros_ws/install/dome_servcli/lib/python3.6/site-packages:/home/francesc/Escritorio/ros_ws/install/dome_sensors/lib/python3.6/site-packages:/opt/ros/dashing/lib/python3.6/site-packages /usr/bin/python3 setup.py egg_info --egg-base /home/francesc/Escritorio/ros_ws/build/telescope_servcli build --build-base /home/francesc/Escritorio/ros_ws/build/telescope_servcli/build install --prefix /home/francesc/Escritorio/ros_ws/install/telescope_servcli --record /home/francesc/Escritorio/ros_ws/build/telescope_servcli/install.log --single-version-externally-managed
[0.512s] running egg_info
[0.512s] creating /home/francesc/Escritorio/ros_ws/build/telescope_servcli/telescope_servcli.egg-info
[0.513s] writing /home/francesc/Escritorio/ros_ws/build/telescope_servcli/telescope_servcli.egg-info/PKG-INFO
[0.513s] writing dependency_links to /home/francesc/Escritorio/ros_ws/build/telescope_servcli/telescope_servcli.egg-info/dependency_links.txt
[0.513s] writing entry points to /home/francesc/Escritorio/ros_ws/build/telescope_servcli/telescope_servcli.egg-info/entry_points.txt
[0.513s] writing requirements to /home/francesc/Escritorio/ros_ws/build/telescope_servcli/telescope_servcli.egg-info/requires.txt
[0.514s] writing top-level names to /home/francesc/Escritorio/ros_ws/build/telescope_servcli/telescope_servcli.egg-info/top_level.txt
[0.514s] writing manifest file '/home/francesc/Escritorio/ros_ws/build/telescope_servcli/telescope_servcli.egg-info/SOURCES.txt'
[0.541s] reading manifest file '/home/francesc/Escritorio/ros_ws/build/telescope_servcli/telescope_servcli.egg-info/SOURCES.txt'
[0.542s] writing manifest file '/home/francesc/Escritorio/ros_ws/build/telescope_servcli/telescope_servcli.egg-info/SOURCES.txt'
[0.542s] running build
[0.543s] running build_py
[0.543s] creating /home/francesc/Escritorio/ros_ws/build/telescope_servcli/build
[0.543s] creating /home/francesc/Escritorio/ros_ws/build/telescope_servcli/build/lib
[0.543s] creating /home/francesc/Escritorio/ros_ws/build/telescope_servcli/build/lib/telescope_servcli
[0.544s] copying telescope_servcli/telescope_client.py -> /home/francesc/Escritorio/ros_ws/build/telescope_servcli/build/lib/telescope_servcli
[0.544s] copying telescope_servcli/__init__.py -> /home/francesc/Escritorio/ros_ws/build/telescope_servcli/build/lib/telescope_servcli
[0.544s] copying telescope_servcli/telescope_service.py -> /home/francesc/Escritorio/ros_ws/build/telescope_servcli/build/lib/telescope_servcli
[0.544s] running install
[0.545s] running install_lib
[0.545s] creating /home/francesc/Escritorio/ros_ws/install/telescope_servcli/lib/python3.6/site-packages/telescope_servcli
[0.545s] copying /home/francesc/Escritorio/ros_ws/build/telescope_servcli/build/lib/telescope_servcli/telescope_client.py -> /home/francesc/Escritorio/ros_ws/install/telescope_servcli/lib/python3.6/site-packages/telescope_servcli
[0.546s] copying /home/francesc/Escritorio/ros_ws/build/telescope_servcli/build/lib/telescope_servcli/__init__.py -> /home/francesc/Escritorio/ros_ws/install/telescope_servcli/lib/python3.6/site-packages/telescope_servcli
[0.546s] copying /home/francesc/Escritorio/ros_ws/build/telescope_servcli/build/lib/telescope_servcli/telescope_service.py -> /home/francesc/Escritorio/ros_ws/install/telescope_servcli/lib/python3.6/site-packages/telescope_servcli
[0.546s] byte-compiling /home/francesc/Escritorio/ros_ws/install/telescope_servcli/lib/python3.6/site-packages/telescope_servcli/telescope_client.py to telescope_client.cpython-36.pyc
[0.546s] byte-compiling /home/francesc/Escritorio/ros_ws/install/telescope_servcli/lib/python3.6/site-packages/telescope_servcli/__init__.py to __init__.cpython-36.pyc
[0.546s] byte-compiling /home/francesc/Escritorio/ros_ws/install/telescope_servcli/lib/python3.6/site-packages/telescope_servcli/telescope_service.py to telescope_service.cpython-36.pyc
[0.546s] running install_data
[0.547s] creating /home/francesc/Escritorio/ros_ws/install/telescope_servcli/share/ament_index
[0.547s] creating /home/francesc/Escritorio/ros_ws/install/telescope_servcli/share/ament_index/resource_index
[0.547s] creating /home/francesc/Escritorio/ros_ws/install/telescope_servcli/share/ament_index/resource_index/packages
[0.547s] copying resource/telescope_servcli -> /home/francesc/Escritorio/ros_ws/install/telescope_servcli/share/ament_index/resource_index/packages
[0.548s] copying package.xml -> /home/francesc/Escritorio/ros_ws/install/telescope_servcli/share/telescope_servcli
[0.548s] running install_egg_info
[0.548s] Copying /home/francesc/Escritorio/ros_ws/build/telescope_servcli/telescope_servcli.egg-info to /home/francesc/Escritorio/ros_ws/install/telescope_servcli/lib/python3.6/site-packages/telescope_servcli-0.0.0-py3.6.egg-info
[0.548s] running install_scripts
[0.563s] writing list of installed files to '/home/francesc/Escritorio/ros_ws/build/telescope_servcli/install.log'
[0.583s] Invoked command in '/home/francesc/Escritorio/ros_ws/src/telescope_servcli' returned '0': PYTHONPATH=/home/francesc/Escritorio/ros_ws/install/telescope_servcli/lib/python3.6/site-packages:/home/francesc/Escritorio/ros_ws/install/dome_interfaces/lib/python3.6/site-packages:/home/francesc/Escritorio/ros_ws/install/dome_servcli/lib/python3.6/site-packages:/home/francesc/Escritorio/ros_ws/install/dome_sensors/lib/python3.6/site-packages:/opt/ros/dashing/lib/python3.6/site-packages /usr/bin/python3 setup.py egg_info --egg-base /home/francesc/Escritorio/ros_ws/build/telescope_servcli build --build-base /home/francesc/Escritorio/ros_ws/build/telescope_servcli/build install --prefix /home/francesc/Escritorio/ros_ws/install/telescope_servcli --record /home/francesc/Escritorio/ros_ws/build/telescope_servcli/install.log --single-version-externally-managed
