/home/francesc/Escritorio/ROS-observatory/ros_ws/install/telescope_servcli/lib/python3.6/site-packages/telescope_servcli/telescope_client.py
/home/francesc/Escritorio/ROS-observatory/ros_ws/install/telescope_servcli/lib/python3.6/site-packages/telescope_servcli/__init__.py
/home/francesc/Escritorio/ROS-observatory/ros_ws/install/telescope_servcli/lib/python3.6/site-packages/telescope_servcli/telescope_motors.py
/home/francesc/Escritorio/ROS-observatory/ros_ws/install/telescope_servcli/lib/python3.6/site-packages/telescope_servcli/telescope.py
/home/francesc/Escritorio/ROS-observatory/ros_ws/install/telescope_servcli/lib/python3.6/site-packages/telescope_servcli/telescope_service.py
/home/francesc/Escritorio/ROS-observatory/ros_ws/install/telescope_servcli/lib/python3.6/site-packages/telescope_servcli/__pycache__/telescope_client.cpython-36.pyc
/home/francesc/Escritorio/ROS-observatory/ros_ws/install/telescope_servcli/lib/python3.6/site-packages/telescope_servcli/__pycache__/__init__.cpython-36.pyc
/home/francesc/Escritorio/ROS-observatory/ros_ws/install/telescope_servcli/lib/python3.6/site-packages/telescope_servcli/__pycache__/telescope_motors.cpython-36.pyc
/home/francesc/Escritorio/ROS-observatory/ros_ws/install/telescope_servcli/lib/python3.6/site-packages/telescope_servcli/__pycache__/telescope.cpython-36.pyc
/home/francesc/Escritorio/ROS-observatory/ros_ws/install/telescope_servcli/lib/python3.6/site-packages/telescope_servcli/__pycache__/telescope_service.cpython-36.pyc
/home/francesc/Escritorio/ROS-observatory/ros_ws/install/telescope_servcli/share/ament_index/resource_index/packages/telescope_servcli
/home/francesc/Escritorio/ROS-observatory/ros_ws/install/telescope_servcli/share/telescope_servcli/package.xml
/home/francesc/Escritorio/ROS-observatory/ros_ws/install/telescope_servcli/lib/python3.6/site-packages/telescope_servcli-0.0.0-py3.6.egg-info/SOURCES.txt
/home/francesc/Escritorio/ROS-observatory/ros_ws/install/telescope_servcli/lib/python3.6/site-packages/telescope_servcli-0.0.0-py3.6.egg-info/dependency_links.txt
/home/francesc/Escritorio/ROS-observatory/ros_ws/install/telescope_servcli/lib/python3.6/site-packages/telescope_servcli-0.0.0-py3.6.egg-info/entry_points.txt
/home/francesc/Escritorio/ROS-observatory/ros_ws/install/telescope_servcli/lib/python3.6/site-packages/telescope_servcli-0.0.0-py3.6.egg-info/top_level.txt
/home/francesc/Escritorio/ROS-observatory/ros_ws/install/telescope_servcli/lib/python3.6/site-packages/telescope_servcli-0.0.0-py3.6.egg-info/zip-safe
/home/francesc/Escritorio/ROS-observatory/ros_ws/install/telescope_servcli/lib/python3.6/site-packages/telescope_servcli-0.0.0-py3.6.egg-info/PKG-INFO
/home/francesc/Escritorio/ROS-observatory/ros_ws/install/telescope_servcli/lib/python3.6/site-packages/telescope_servcli-0.0.0-py3.6.egg-info/requires.txt
/home/francesc/Escritorio/ROS-observatory/ros_ws/install/telescope_servcli/lib/telescope_servcli/client
/home/francesc/Escritorio/ROS-observatory/ros_ws/install/telescope_servcli/lib/telescope_servcli/service
