[0.286s] Invoking command in '/home/francesc/Escritorio/ros_ws/src/weather_servcli': PYTHONPATH=/home/francesc/Escritorio/ros_ws/install/weather_servcli/lib/python3.6/site-packages:/home/francesc/Escritorio/ros_ws/install/dome_interfaces/lib/python3.6/site-packages:/home/francesc/Escritorio/ros_ws/install/dome_servcli/lib/python3.6/site-packages:/home/francesc/Escritorio/ros_ws/install/dome_sensors/lib/python3.6/site-packages:/opt/ros/dashing/lib/python3.6/site-packages /usr/bin/python3 setup.py egg_info --egg-base /home/francesc/Escritorio/ros_ws/build/weather_servcli build --build-base /home/francesc/Escritorio/ros_ws/build/weather_servcli/build install --prefix /home/francesc/Escritorio/ros_ws/install/weather_servcli --record /home/francesc/Escritorio/ros_ws/build/weather_servcli/install.log --single-version-externally-managed
[0.531s] running egg_info
[0.532s] creating /home/francesc/Escritorio/ros_ws/build/weather_servcli/weather_servcli.egg-info
[0.532s] writing /home/francesc/Escritorio/ros_ws/build/weather_servcli/weather_servcli.egg-info/PKG-INFO
[0.532s] writing dependency_links to /home/francesc/Escritorio/ros_ws/build/weather_servcli/weather_servcli.egg-info/dependency_links.txt
[0.533s] writing entry points to /home/francesc/Escritorio/ros_ws/build/weather_servcli/weather_servcli.egg-info/entry_points.txt
[0.533s] writing requirements to /home/francesc/Escritorio/ros_ws/build/weather_servcli/weather_servcli.egg-info/requires.txt
[0.533s] writing top-level names to /home/francesc/Escritorio/ros_ws/build/weather_servcli/weather_servcli.egg-info/top_level.txt
[0.533s] writing manifest file '/home/francesc/Escritorio/ros_ws/build/weather_servcli/weather_servcli.egg-info/SOURCES.txt'
[0.560s] reading manifest file '/home/francesc/Escritorio/ros_ws/build/weather_servcli/weather_servcli.egg-info/SOURCES.txt'
[0.561s] writing manifest file '/home/francesc/Escritorio/ros_ws/build/weather_servcli/weather_servcli.egg-info/SOURCES.txt'
[0.561s] running build
[0.561s] running build_py
[0.561s] creating /home/francesc/Escritorio/ros_ws/build/weather_servcli/build
[0.562s] creating /home/francesc/Escritorio/ros_ws/build/weather_servcli/build/lib
[0.562s] creating /home/francesc/Escritorio/ros_ws/build/weather_servcli/build/lib/weather_servcli
[0.562s] copying weather_servcli/weather_service.py -> /home/francesc/Escritorio/ros_ws/build/weather_servcli/build/lib/weather_servcli
[0.562s] copying weather_servcli/__init__.py -> /home/francesc/Escritorio/ros_ws/build/weather_servcli/build/lib/weather_servcli
[0.563s] copying weather_servcli/weather_client.py -> /home/francesc/Escritorio/ros_ws/build/weather_servcli/build/lib/weather_servcli
[0.563s] running install
[0.563s] running install_lib
[0.563s] creating /home/francesc/Escritorio/ros_ws/install/weather_servcli/lib/python3.6/site-packages/weather_servcli
[0.563s] copying /home/francesc/Escritorio/ros_ws/build/weather_servcli/build/lib/weather_servcli/weather_service.py -> /home/francesc/Escritorio/ros_ws/install/weather_servcli/lib/python3.6/site-packages/weather_servcli
[0.564s] copying /home/francesc/Escritorio/ros_ws/build/weather_servcli/build/lib/weather_servcli/__init__.py -> /home/francesc/Escritorio/ros_ws/install/weather_servcli/lib/python3.6/site-packages/weather_servcli
[0.564s] copying /home/francesc/Escritorio/ros_ws/build/weather_servcli/build/lib/weather_servcli/weather_client.py -> /home/francesc/Escritorio/ros_ws/install/weather_servcli/lib/python3.6/site-packages/weather_servcli
[0.564s] byte-compiling /home/francesc/Escritorio/ros_ws/install/weather_servcli/lib/python3.6/site-packages/weather_servcli/weather_service.py to weather_service.cpython-36.pyc
[0.564s] byte-compiling /home/francesc/Escritorio/ros_ws/install/weather_servcli/lib/python3.6/site-packages/weather_servcli/__init__.py to __init__.cpython-36.pyc
[0.564s] byte-compiling /home/francesc/Escritorio/ros_ws/install/weather_servcli/lib/python3.6/site-packages/weather_servcli/weather_client.py to weather_client.cpython-36.pyc
[0.565s] running install_data
[0.565s] creating /home/francesc/Escritorio/ros_ws/install/weather_servcli/share/ament_index
[0.565s] creating /home/francesc/Escritorio/ros_ws/install/weather_servcli/share/ament_index/resource_index
[0.565s] creating /home/francesc/Escritorio/ros_ws/install/weather_servcli/share/ament_index/resource_index/packages
[0.565s] copying resource/weather_servcli -> /home/francesc/Escritorio/ros_ws/install/weather_servcli/share/ament_index/resource_index/packages
[0.565s] copying package.xml -> /home/francesc/Escritorio/ros_ws/install/weather_servcli/share/weather_servcli
[0.566s] running install_egg_info
[0.566s] Copying /home/francesc/Escritorio/ros_ws/build/weather_servcli/weather_servcli.egg-info to /home/francesc/Escritorio/ros_ws/install/weather_servcli/lib/python3.6/site-packages/weather_servcli-0.0.0-py3.6.egg-info
[0.566s] running install_scripts
[0.580s] Installing client script to /home/francesc/Escritorio/ros_ws/install/weather_servcli/lib/weather_servcli
[0.581s] Installing service script to /home/francesc/Escritorio/ros_ws/install/weather_servcli/lib/weather_servcli
[0.581s] writing list of installed files to '/home/francesc/Escritorio/ros_ws/build/weather_servcli/install.log'
[0.598s] Invoked command in '/home/francesc/Escritorio/ros_ws/src/weather_servcli' returned '0': PYTHONPATH=/home/francesc/Escritorio/ros_ws/install/weather_servcli/lib/python3.6/site-packages:/home/francesc/Escritorio/ros_ws/install/dome_interfaces/lib/python3.6/site-packages:/home/francesc/Escritorio/ros_ws/install/dome_servcli/lib/python3.6/site-packages:/home/francesc/Escritorio/ros_ws/install/dome_sensors/lib/python3.6/site-packages:/opt/ros/dashing/lib/python3.6/site-packages /usr/bin/python3 setup.py egg_info --egg-base /home/francesc/Escritorio/ros_ws/build/weather_servcli build --build-base /home/francesc/Escritorio/ros_ws/build/weather_servcli/build install --prefix /home/francesc/Escritorio/ros_ws/install/weather_servcli --record /home/francesc/Escritorio/ros_ws/build/weather_servcli/install.log --single-version-externally-managed
