[0.530s] running egg_info
[0.531s] writing /home/francesc/Escritorio/ros_ws/build/weather_servcli/weather_servcli.egg-info/PKG-INFO
[0.531s] writing dependency_links to /home/francesc/Escritorio/ros_ws/build/weather_servcli/weather_servcli.egg-info/dependency_links.txt
[0.531s] writing entry points to /home/francesc/Escritorio/ros_ws/build/weather_servcli/weather_servcli.egg-info/entry_points.txt
[0.531s] writing requirements to /home/francesc/Escritorio/ros_ws/build/weather_servcli/weather_servcli.egg-info/requires.txt
[0.532s] writing top-level names to /home/francesc/Escritorio/ros_ws/build/weather_servcli/weather_servcli.egg-info/top_level.txt
[0.560s] reading manifest file '/home/francesc/Escritorio/ros_ws/build/weather_servcli/weather_servcli.egg-info/SOURCES.txt'
[0.561s] writing manifest file '/home/francesc/Escritorio/ros_ws/build/weather_servcli/weather_servcli.egg-info/SOURCES.txt'
[0.562s] running build
[0.562s] running build_py
[0.562s] running install
[0.562s] running install_lib
[0.563s] running install_data
[0.563s] running install_egg_info
[0.565s] removing '/home/francesc/Escritorio/ros_ws/install/weather_servcli/lib/python3.6/site-packages/weather_servcli-0.0.0-py3.6.egg-info' (and everything under it)
[0.565s] Copying /home/francesc/Escritorio/ros_ws/build/weather_servcli/weather_servcli.egg-info to /home/francesc/Escritorio/ros_ws/install/weather_servcli/lib/python3.6/site-packages/weather_servcli-0.0.0-py3.6.egg-info
[0.566s] running install_scripts
[0.580s] Installing client script to /home/francesc/Escritorio/ros_ws/install/weather_servcli/lib/weather_servcli
[0.580s] Installing service script to /home/francesc/Escritorio/ros_ws/install/weather_servcli/lib/weather_servcli
[0.580s] writing list of installed files to '/home/francesc/Escritorio/ros_ws/build/weather_servcli/install.log'
