[0.586s] running egg_info
[0.587s] writing /home/francesc/Escritorio/ros_ws/build/telescope_servcli/telescope_servcli.egg-info/PKG-INFO
[0.587s] writing dependency_links to /home/francesc/Escritorio/ros_ws/build/telescope_servcli/telescope_servcli.egg-info/dependency_links.txt
[0.587s] writing entry points to /home/francesc/Escritorio/ros_ws/build/telescope_servcli/telescope_servcli.egg-info/entry_points.txt
[0.588s] writing requirements to /home/francesc/Escritorio/ros_ws/build/telescope_servcli/telescope_servcli.egg-info/requires.txt
[0.588s] writing top-level names to /home/francesc/Escritorio/ros_ws/build/telescope_servcli/telescope_servcli.egg-info/top_level.txt
[0.619s] reading manifest file '/home/francesc/Escritorio/ros_ws/build/telescope_servcli/telescope_servcli.egg-info/SOURCES.txt'
[0.620s] writing manifest file '/home/francesc/Escritorio/ros_ws/build/telescope_servcli/telescope_servcli.egg-info/SOURCES.txt'
[0.621s] running build
[0.621s] running build_py
[0.621s] running install
[0.621s] running install_lib
[0.622s] running install_data
[0.623s] running install_egg_info
[0.624s] removing '/home/francesc/Escritorio/ros_ws/install/telescope_servcli/lib/python3.6/site-packages/telescope_servcli-0.0.0-py3.6.egg-info' (and everything under it)
[0.625s] Copying /home/francesc/Escritorio/ros_ws/build/telescope_servcli/telescope_servcli.egg-info to /home/francesc/Escritorio/ros_ws/install/telescope_servcli/lib/python3.6/site-packages/telescope_servcli-0.0.0-py3.6.egg-info
[0.625s] running install_scripts
[0.643s] Installing client script to /home/francesc/Escritorio/ros_ws/install/telescope_servcli/lib/telescope_servcli
[0.643s] Installing service script to /home/francesc/Escritorio/ros_ws/install/telescope_servcli/lib/telescope_servcli
[0.643s] writing list of installed files to '/home/francesc/Escritorio/ros_ws/build/telescope_servcli/install.log'
