[0.159s] DEBUG:colcon:Command line arguments: ['/usr/bin/colcon', 'build', '--packages-select', 'dome_interfaces']
[0.159s] DEBUG:colcon:Parsed command line arguments: Namespace(ament_cmake_args=None, base_paths=['.'], build_base='build', catkin_cmake_args=None, catkin_skip_building_tests=False, cmake_args=None, cmake_clean_cache=False, cmake_clean_first=False, cmake_force_configure=False, cmake_target=None, cmake_target_skip_unavailable=False, continue_on_error=False, event_handlers=None, executor='parallel', ignore_user_meta=False, install_base='install', log_base=None, log_level=None, main=<bound method BuildVerb.main of <colcon_core.verb.build.BuildVerb object at 0x7f8105718128>>, merge_install=False, metas=['./colcon.meta'], packages_above=None, packages_above_depth=None, packages_end=None, packages_ignore=None, packages_ignore_regex=None, packages_select=['dome_interfaces'], packages_select_build_failed=False, packages_select_by_dep=None, packages_select_regex=None, packages_select_test_failures=False, packages_skip=None, packages_skip_build_finished=False, packages_skip_by_dep=None, packages_skip_regex=None, packages_skip_test_passed=False, packages_skip_up_to=None, packages_start=None, packages_up_to=None, parallel_workers=12, paths=None, symlink_install=False, test_result_base=None, verb_extension=<colcon_core.verb.build.BuildVerb object at 0x7f8105718128>, verb_name='build', verb_parser=<colcon_defaults.argument_parser.defaults.DefaultArgumentsDecorator object at 0x7f8105718470>)
[0.195s] Level 1:colcon.colcon_core.package_discovery:discover_packages(colcon_meta) check parameters
[0.195s] Level 1:colcon.colcon_core.package_discovery:discover_packages(recursive) check parameters
[0.195s] Level 1:colcon.colcon_core.package_discovery:discover_packages(ignore) check parameters
[0.195s] Level 1:colcon.colcon_core.package_discovery:discover_packages(path) check parameters
[0.195s] Level 1:colcon.colcon_core.package_discovery:discover_packages(colcon_meta) discover
[0.196s] Level 1:colcon.colcon_core.package_discovery:discover_packages(recursive) discover
[0.196s] INFO:colcon.colcon_core.package_discovery:Crawling recursively for packages in '/home/francesc/Escritorio/ros_ws'
[0.196s] Level 1:colcon.colcon_core.package_identification:_identify(.) by extensions ['ignore', 'ignore_ament_install']
[0.196s] Level 1:colcon.colcon_core.package_identification:_identify(.) by extension 'ignore'
[0.196s] Level 1:colcon.colcon_core.package_identification:_identify(.) by extension 'ignore_ament_install'
[0.196s] Level 1:colcon.colcon_core.package_identification:_identify(.) by extensions ['colcon_pkg']
[0.196s] Level 1:colcon.colcon_core.package_identification:_identify(.) by extension 'colcon_pkg'
[0.196s] Level 1:colcon.colcon_core.package_identification:_identify(.) by extensions ['colcon_meta']
[0.196s] Level 1:colcon.colcon_core.package_identification:_identify(.) by extension 'colcon_meta'
[0.196s] Level 1:colcon.colcon_core.package_identification:_identify(.) by extensions ['ros']
[0.196s] Level 1:colcon.colcon_core.package_identification:_identify(.) by extension 'ros'
[0.208s] Level 1:colcon.colcon_core.package_identification:_identify(.) by extensions ['cmake', 'python']
[0.208s] Level 1:colcon.colcon_core.package_identification:_identify(.) by extension 'cmake'
[0.208s] Level 1:colcon.colcon_core.package_identification:_identify(.) by extension 'python'
[0.208s] Level 1:colcon.colcon_core.package_identification:_identify(.) by extensions ['python_setup_py']
[0.208s] Level 1:colcon.colcon_core.package_identification:_identify(.) by extension 'python_setup_py'
[0.208s] Level 1:colcon.colcon_core.package_identification:_identify(build) by extensions ['ignore', 'ignore_ament_install']
[0.208s] Level 1:colcon.colcon_core.package_identification:_identify(build) by extension 'ignore'
[0.208s] Level 1:colcon.colcon_core.package_identification:_identify(build) ignored
[0.208s] Level 1:colcon.colcon_core.package_identification:_identify(install) by extensions ['ignore', 'ignore_ament_install']
[0.209s] Level 1:colcon.colcon_core.package_identification:_identify(install) by extension 'ignore'
[0.209s] Level 1:colcon.colcon_core.package_identification:_identify(install) ignored
[0.209s] Level 1:colcon.colcon_core.package_identification:_identify(log) by extensions ['ignore', 'ignore_ament_install']
[0.209s] Level 1:colcon.colcon_core.package_identification:_identify(log) by extension 'ignore'
[0.209s] Level 1:colcon.colcon_core.package_identification:_identify(log) ignored
[0.209s] Level 1:colcon.colcon_core.package_identification:_identify(src) by extensions ['ignore', 'ignore_ament_install']
[0.209s] Level 1:colcon.colcon_core.package_identification:_identify(src) by extension 'ignore'
[0.209s] Level 1:colcon.colcon_core.package_identification:_identify(src) by extension 'ignore_ament_install'
[0.209s] Level 1:colcon.colcon_core.package_identification:_identify(src) by extensions ['colcon_pkg']
[0.209s] Level 1:colcon.colcon_core.package_identification:_identify(src) by extension 'colcon_pkg'
[0.209s] Level 1:colcon.colcon_core.package_identification:_identify(src) by extensions ['colcon_meta']
[0.209s] Level 1:colcon.colcon_core.package_identification:_identify(src) by extension 'colcon_meta'
[0.209s] Level 1:colcon.colcon_core.package_identification:_identify(src) by extensions ['ros']
[0.209s] Level 1:colcon.colcon_core.package_identification:_identify(src) by extension 'ros'
[0.210s] Level 1:colcon.colcon_core.package_identification:_identify(src) by extensions ['cmake', 'python']
[0.210s] Level 1:colcon.colcon_core.package_identification:_identify(src) by extension 'cmake'
[0.210s] Level 1:colcon.colcon_core.package_identification:_identify(src) by extension 'python'
[0.210s] Level 1:colcon.colcon_core.package_identification:_identify(src) by extensions ['python_setup_py']
[0.210s] Level 1:colcon.colcon_core.package_identification:_identify(src) by extension 'python_setup_py'
[0.210s] Level 1:colcon.colcon_core.package_identification:_identify(src/dome_interfaces) by extensions ['ignore', 'ignore_ament_install']
[0.210s] Level 1:colcon.colcon_core.package_identification:_identify(src/dome_interfaces) by extension 'ignore'
[0.210s] Level 1:colcon.colcon_core.package_identification:_identify(src/dome_interfaces) by extension 'ignore_ament_install'
[0.210s] Level 1:colcon.colcon_core.package_identification:_identify(src/dome_interfaces) by extensions ['colcon_pkg']
[0.210s] Level 1:colcon.colcon_core.package_identification:_identify(src/dome_interfaces) by extension 'colcon_pkg'
[0.210s] Level 1:colcon.colcon_core.package_identification:_identify(src/dome_interfaces) by extensions ['colcon_meta']
[0.210s] Level 1:colcon.colcon_core.package_identification:_identify(src/dome_interfaces) by extension 'colcon_meta'
[0.210s] Level 1:colcon.colcon_core.package_identification:_identify(src/dome_interfaces) by extensions ['ros']
[0.210s] Level 1:colcon.colcon_core.package_identification:_identify(src/dome_interfaces) by extension 'ros'
[0.212s] DEBUG:colcon.colcon_core.package_identification:Package 'src/dome_interfaces' with type 'ros.ament_cmake' and name 'dome_interfaces'
[0.212s] Level 1:colcon.colcon_core.package_identification:_identify(src/dome_sensors) by extensions ['ignore', 'ignore_ament_install']
[0.212s] Level 1:colcon.colcon_core.package_identification:_identify(src/dome_sensors) by extension 'ignore'
[0.213s] Level 1:colcon.colcon_core.package_identification:_identify(src/dome_sensors) by extension 'ignore_ament_install'
[0.213s] Level 1:colcon.colcon_core.package_identification:_identify(src/dome_sensors) by extensions ['colcon_pkg']
[0.213s] Level 1:colcon.colcon_core.package_identification:_identify(src/dome_sensors) by extension 'colcon_pkg'
[0.213s] Level 1:colcon.colcon_core.package_identification:_identify(src/dome_sensors) by extensions ['colcon_meta']
[0.213s] Level 1:colcon.colcon_core.package_identification:_identify(src/dome_sensors) by extension 'colcon_meta'
[0.213s] Level 1:colcon.colcon_core.package_identification:_identify(src/dome_sensors) by extensions ['ros']
[0.213s] Level 1:colcon.colcon_core.package_identification:_identify(src/dome_sensors) by extension 'ros'
[0.213s] DEBUG:colcon.colcon_core.package_identification:Package 'src/dome_sensors' with type 'ros.ament_python' and name 'dome_sensors'
[0.214s] Level 1:colcon.colcon_core.package_identification:_identify(src/dome_servcli) by extensions ['ignore', 'ignore_ament_install']
[0.214s] Level 1:colcon.colcon_core.package_identification:_identify(src/dome_servcli) by extension 'ignore'
[0.214s] Level 1:colcon.colcon_core.package_identification:_identify(src/dome_servcli) by extension 'ignore_ament_install'
[0.214s] Level 1:colcon.colcon_core.package_identification:_identify(src/dome_servcli) by extensions ['colcon_pkg']
[0.214s] Level 1:colcon.colcon_core.package_identification:_identify(src/dome_servcli) by extension 'colcon_pkg'
[0.214s] Level 1:colcon.colcon_core.package_identification:_identify(src/dome_servcli) by extensions ['colcon_meta']
[0.214s] Level 1:colcon.colcon_core.package_identification:_identify(src/dome_servcli) by extension 'colcon_meta'
[0.214s] Level 1:colcon.colcon_core.package_identification:_identify(src/dome_servcli) by extensions ['ros']
[0.214s] Level 1:colcon.colcon_core.package_identification:_identify(src/dome_servcli) by extension 'ros'
[0.215s] DEBUG:colcon.colcon_core.package_identification:Package 'src/dome_servcli' with type 'ros.ament_python' and name 'dome_servcli'
[0.215s] Level 1:colcon.colcon_core.package_identification:_identify(src/weather_servcli) by extensions ['ignore', 'ignore_ament_install']
[0.215s] Level 1:colcon.colcon_core.package_identification:_identify(src/weather_servcli) by extension 'ignore'
[0.215s] Level 1:colcon.colcon_core.package_identification:_identify(src/weather_servcli) by extension 'ignore_ament_install'
[0.215s] Level 1:colcon.colcon_core.package_identification:_identify(src/weather_servcli) by extensions ['colcon_pkg']
[0.215s] Level 1:colcon.colcon_core.package_identification:_identify(src/weather_servcli) by extension 'colcon_pkg'
[0.215s] Level 1:colcon.colcon_core.package_identification:_identify(src/weather_servcli) by extensions ['colcon_meta']
[0.215s] Level 1:colcon.colcon_core.package_identification:_identify(src/weather_servcli) by extension 'colcon_meta'
[0.215s] Level 1:colcon.colcon_core.package_identification:_identify(src/weather_servcli) by extensions ['ros']
[0.215s] Level 1:colcon.colcon_core.package_identification:_identify(src/weather_servcli) by extension 'ros'
[0.216s] DEBUG:colcon.colcon_core.package_identification:Package 'src/weather_servcli' with type 'ros.ament_python' and name 'weather_servcli'
[0.216s] Level 1:colcon.colcon_core.package_discovery:discover_packages(recursive) using defaults
[0.216s] Level 1:colcon.colcon_core.package_discovery:discover_packages(ignore) discover
[0.216s] Level 1:colcon.colcon_core.package_discovery:discover_packages(ignore) using defaults
[0.216s] Level 1:colcon.colcon_core.package_discovery:discover_packages(path) discover
[0.216s] Level 1:colcon.colcon_core.package_discovery:discover_packages(path) using defaults
[0.219s] INFO:colcon.colcon_core.package_selection:Skipping not selected package 'dome_sensors' in 'src/dome_sensors'
[0.219s] INFO:colcon.colcon_core.package_selection:Skipping not selected package 'dome_servcli' in 'src/dome_servcli'
[0.219s] INFO:colcon.colcon_core.package_selection:Skipping not selected package 'weather_servcli' in 'src/weather_servcli'
[0.221s] Level 5:colcon.colcon_core.verb:set package 'dome_interfaces' build argument 'cmake_args' from command line to 'None'
[0.221s] Level 5:colcon.colcon_core.verb:set package 'dome_interfaces' build argument 'cmake_target' from command line to 'None'
[0.222s] Level 5:colcon.colcon_core.verb:set package 'dome_interfaces' build argument 'cmake_target_skip_unavailable' from command line to 'False'
[0.222s] Level 5:colcon.colcon_core.verb:set package 'dome_interfaces' build argument 'cmake_clean_cache' from command line to 'False'
[0.222s] Level 5:colcon.colcon_core.verb:set package 'dome_interfaces' build argument 'cmake_clean_first' from command line to 'False'
[0.222s] Level 5:colcon.colcon_core.verb:set package 'dome_interfaces' build argument 'cmake_force_configure' from command line to 'False'
[0.222s] Level 5:colcon.colcon_core.verb:set package 'dome_interfaces' build argument 'ament_cmake_args' from command line to 'None'
[0.222s] Level 5:colcon.colcon_core.verb:set package 'dome_interfaces' build argument 'catkin_cmake_args' from command line to 'None'
[0.222s] Level 5:colcon.colcon_core.verb:set package 'dome_interfaces' build argument 'catkin_skip_building_tests' from command line to 'False'
[0.222s] DEBUG:colcon.colcon_core.verb:Building package 'dome_interfaces' with the following arguments: {'ament_cmake_args': None, 'build_base': '/home/francesc/Escritorio/ros_ws/build/dome_interfaces', 'catkin_cmake_args': None, 'catkin_skip_building_tests': False, 'cmake_args': None, 'cmake_clean_cache': False, 'cmake_clean_first': False, 'cmake_force_configure': False, 'cmake_target': None, 'cmake_target_skip_unavailable': False, 'install_base': '/home/francesc/Escritorio/ros_ws/install/dome_interfaces', 'merge_install': False, 'path': '/home/francesc/Escritorio/ros_ws/src/dome_interfaces', 'symlink_install': False, 'test_result_base': None}
[0.222s] INFO:colcon.colcon_core.executor:Executing jobs using 'parallel' executor
[0.224s] DEBUG:colcon.colcon_parallel_executor.executor.parallel:run_until_complete
[0.224s] INFO:colcon.colcon_ros.task.ament_cmake.build:Building ROS package in '/home/francesc/Escritorio/ros_ws/src/dome_interfaces' with build type 'ament_cmake'
[0.228s] INFO:colcon.colcon_core.plugin_system:Skipping extension 'colcon_core.shell.bat': Not used on non-Windows systems
[0.228s] INFO:colcon.colcon_cmake.task.cmake.build:Building CMake package in '/home/francesc/Escritorio/ros_ws/src/dome_interfaces'
[0.229s] INFO:colcon.colcon_core.shell:Skip shell extension 'powershell' for command environment: Not usable outside of PowerShell
[0.229s] DEBUG:colcon.colcon_core.shell:Skip shell extension 'dsv' for command environment
[0.231s] DEBUG:colcon.colcon_core.shell:Ignoring prefix path '/opt/ros/dashing'
[0.243s] DEBUG:colcon.colcon_core.event_handler.log_command:Invoking command in '/home/francesc/Escritorio/ros_ws/build/dome_interfaces': CMAKE_PREFIX_PATH=${CMAKE_PREFIX_PATH}:/home/francesc/Escritorio/ros_ws/install/dome_servcli:/home/francesc/Escritorio/ros_ws/install/dome_sensors:/opt/ros/dashing /usr/bin/cmake --build /home/francesc/Escritorio/ros_ws/build/dome_interfaces -- -j12 -l12
[0.604s] DEBUG:colcon.colcon_core.event_handler.log_command:Invoked command in '/home/francesc/Escritorio/ros_ws/build/dome_interfaces' returned '0': CMAKE_PREFIX_PATH=${CMAKE_PREFIX_PATH}:/home/francesc/Escritorio/ros_ws/install/dome_servcli:/home/francesc/Escritorio/ros_ws/install/dome_sensors:/opt/ros/dashing /usr/bin/cmake --build /home/francesc/Escritorio/ros_ws/build/dome_interfaces -- -j12 -l12
[0.740s] DEBUG:colcon.colcon_core.event_handler.log_command:Invoking command in '/home/francesc/Escritorio/ros_ws/build/dome_interfaces': CMAKE_PREFIX_PATH=${CMAKE_PREFIX_PATH}:/home/francesc/Escritorio/ros_ws/install/dome_servcli:/home/francesc/Escritorio/ros_ws/install/dome_sensors:/opt/ros/dashing /usr/bin/cmake --build /home/francesc/Escritorio/ros_ws/build/dome_interfaces --target install -- -j12 -l12
[1.220s] Level 1:colcon.colcon_core.environment:create_environment_scripts_only(dome_interfaces)
[1.222s] DEBUG:colcon.colcon_core.event_handler.log_command:Invoked command in '/home/francesc/Escritorio/ros_ws/build/dome_interfaces' returned '0': CMAKE_PREFIX_PATH=${CMAKE_PREFIX_PATH}:/home/francesc/Escritorio/ros_ws/install/dome_servcli:/home/francesc/Escritorio/ros_ws/install/dome_sensors:/opt/ros/dashing /usr/bin/cmake --build /home/francesc/Escritorio/ros_ws/build/dome_interfaces --target install -- -j12 -l12
[1.228s] Level 1:colcon.colcon_core.environment:checking '/home/francesc/Escritorio/ros_ws/install/dome_interfaces' for CMake module files
[1.229s] Level 1:colcon.colcon_core.environment:checking '/home/francesc/Escritorio/ros_ws/install/dome_interfaces' for CMake config files
[1.229s] Level 1:colcon.colcon_core.shell:create_environment_hook('dome_interfaces', 'cmake_prefix_path')
[1.230s] INFO:colcon.colcon_core.shell:Creating environment hook '/home/francesc/Escritorio/ros_ws/install/dome_interfaces/share/dome_interfaces/hook/cmake_prefix_path.ps1'
[1.230s] INFO:colcon.colcon_core.shell:Creating environment descriptor '/home/francesc/Escritorio/ros_ws/install/dome_interfaces/share/dome_interfaces/hook/cmake_prefix_path.dsv'
[1.231s] INFO:colcon.colcon_core.shell:Creating environment hook '/home/francesc/Escritorio/ros_ws/install/dome_interfaces/share/dome_interfaces/hook/cmake_prefix_path.sh'
[1.233s] Level 1:colcon.colcon_core.environment:checking '/home/francesc/Escritorio/ros_ws/install/dome_interfaces/lib'
[1.233s] Level 1:colcon.colcon_core.shell:create_environment_hook('dome_interfaces', 'ld_library_path_lib')
[1.234s] INFO:colcon.colcon_core.shell:Creating environment hook '/home/francesc/Escritorio/ros_ws/install/dome_interfaces/share/dome_interfaces/hook/ld_library_path_lib.ps1'
[1.234s] INFO:colcon.colcon_core.shell:Creating environment descriptor '/home/francesc/Escritorio/ros_ws/install/dome_interfaces/share/dome_interfaces/hook/ld_library_path_lib.dsv'
[1.235s] INFO:colcon.colcon_core.shell:Creating environment hook '/home/francesc/Escritorio/ros_ws/install/dome_interfaces/share/dome_interfaces/hook/ld_library_path_lib.sh'
[1.235s] Level 1:colcon.colcon_core.environment:checking '/home/francesc/Escritorio/ros_ws/install/dome_interfaces/bin'
[1.235s] Level 1:colcon.colcon_core.environment:checking '/home/francesc/Escritorio/ros_ws/install/dome_interfaces/lib/pkgconfig/dome_interfaces.pc'
[1.235s] Level 1:colcon.colcon_core.environment:checking '/home/francesc/Escritorio/ros_ws/install/dome_interfaces/lib/python3.6/site-packages'
[1.236s] Level 1:colcon.colcon_core.shell:create_environment_hook('dome_interfaces', 'pythonpath')
[1.236s] INFO:colcon.colcon_core.shell:Creating environment hook '/home/francesc/Escritorio/ros_ws/install/dome_interfaces/share/dome_interfaces/hook/pythonpath.ps1'
[1.237s] INFO:colcon.colcon_core.shell:Creating environment descriptor '/home/francesc/Escritorio/ros_ws/install/dome_interfaces/share/dome_interfaces/hook/pythonpath.dsv'
[1.237s] INFO:colcon.colcon_core.shell:Creating environment hook '/home/francesc/Escritorio/ros_ws/install/dome_interfaces/share/dome_interfaces/hook/pythonpath.sh'
[1.241s] INFO:colcon.colcon_core.shell:Creating package script '/home/francesc/Escritorio/ros_ws/install/dome_interfaces/share/dome_interfaces/package.ps1'
[1.242s] INFO:colcon.colcon_core.shell:Creating package descriptor '/home/francesc/Escritorio/ros_ws/install/dome_interfaces/share/dome_interfaces/package.dsv'
[1.243s] INFO:colcon.colcon_core.shell:Creating package script '/home/francesc/Escritorio/ros_ws/install/dome_interfaces/share/dome_interfaces/package.sh'
[1.244s] INFO:colcon.colcon_core.shell:Creating package script '/home/francesc/Escritorio/ros_ws/install/dome_interfaces/share/dome_interfaces/package.bash'
[1.245s] INFO:colcon.colcon_core.shell:Creating package script '/home/francesc/Escritorio/ros_ws/install/dome_interfaces/share/dome_interfaces/package.zsh'
[1.245s] Level 1:colcon.colcon_core.environment:create_file_with_runtime_dependencies(/home/francesc/Escritorio/ros_ws/install/dome_interfaces/share/colcon-core/packages/dome_interfaces)
[1.246s] DEBUG:colcon.colcon_parallel_executor.executor.parallel:closing loop
[1.246s] DEBUG:colcon.colcon_parallel_executor.executor.parallel:loop closed
[1.247s] DEBUG:colcon.colcon_parallel_executor.executor.parallel:run_until_complete finished with '0'
[1.247s] DEBUG:colcon.colcon_core.event_reactor:joining thread
[1.273s] INFO:colcon.colcon_core.plugin_system:Skipping extension 'colcon_notification.desktop_notification.terminal_notifier': Not used on non-Darwin systems
[1.273s] INFO:colcon.colcon_core.plugin_system:Skipping extension 'colcon_notification.desktop_notification.win32': Not used on non-Windows systems
[1.273s] INFO:colcon.colcon_notification.desktop_notification:Sending desktop notification using 'notify2'
[1.277s] DEBUG:colcon.colcon_core.event_reactor:joined thread
[1.278s] INFO:colcon.colcon_core.shell:Creating prefix script '/home/francesc/Escritorio/ros_ws/install/local_setup.ps1'
[1.281s] INFO:colcon.colcon_core.shell:Creating prefix util module '/home/francesc/Escritorio/ros_ws/install/_local_setup_util_ps1.py'
[1.284s] INFO:colcon.colcon_core.shell:Creating prefix chain script '/home/francesc/Escritorio/ros_ws/install/setup.ps1'
[1.288s] INFO:colcon.colcon_core.shell:Creating prefix script '/home/francesc/Escritorio/ros_ws/install/local_setup.sh'
[1.289s] INFO:colcon.colcon_core.shell:Creating prefix util module '/home/francesc/Escritorio/ros_ws/install/_local_setup_util_sh.py'
[1.289s] INFO:colcon.colcon_core.shell:Creating prefix chain script '/home/francesc/Escritorio/ros_ws/install/setup.sh'
[1.292s] INFO:colcon.colcon_core.shell:Creating prefix script '/home/francesc/Escritorio/ros_ws/install/local_setup.bash'
[1.293s] INFO:colcon.colcon_core.shell:Creating prefix chain script '/home/francesc/Escritorio/ros_ws/install/setup.bash'
[1.297s] INFO:colcon.colcon_core.shell:Creating prefix script '/home/francesc/Escritorio/ros_ws/install/local_setup.zsh'
[1.297s] INFO:colcon.colcon_core.shell:Creating prefix chain script '/home/francesc/Escritorio/ros_ws/install/setup.zsh'
