[0.058s] -- Found ament_cmake: 0.7.4 (/opt/ros/dashing/share/ament_cmake/cmake)
[0.090s] -- Found PythonInterp: /usr/bin/python3 (found suitable version "3.6.9", minimum required is "3") 
[0.091s] -- Using PYTHON_EXECUTABLE: /usr/bin/python3
[0.283s] -- Found rosidl_default_generators: 0.7.0 (/opt/ros/dashing/share/rosidl_default_generators/cmake)
[0.333s] -- Found rosidl_adapter: 0.7.9 (/opt/ros/dashing/share/rosidl_adapter/cmake)
[0.387s] -- Found ament_lint_auto: 0.7.11 (/opt/ros/dashing/share/ament_lint_auto/cmake)
[0.495s] -- Found PythonInterp: /usr/bin/python3 (found version "3.6.9") 
[0.574s] -- Using single matching rosidl_typesupport_c: rosidl_typesupport_fastrtps_c
[0.581s] -- Using single matching rosidl_typesupport_cpp: rosidl_typesupport_fastrtps_cpp
[0.650s] -- Found rmw_implementation_cmake: 0.7.2 (/opt/ros/dashing/share/rmw_implementation_cmake/cmake)
[0.684s] -- Found PythonInterp: /usr/bin/python3 (found suitable version "3.6.9", minimum required is "3.5") 
[0.684s] -- Found python_cmake_module: 0.7.10 (/opt/ros/dashing/share/python_cmake_module/cmake)
[0.712s] -- Using PYTHON_EXECUTABLE: /usr/bin/python3
[0.713s] -- Using PYTHON_INCLUDE_DIRS: /usr/include/python3.6m
[0.713s] -- Using PYTHON_LIBRARIES: /usr/lib/x86_64-linux-gnu/libpython3.6m.so
[0.791s] -- Added test 'lint_cmake' to check CMake code style
[0.792s] -- Added test 'xmllint' to check XML markup files
[0.795s] -- Configuring done
[0.830s] -- Generating done
[0.832s] -- Build files have been written to: /home/francesc/Escritorio/ros_ws/build/dome_interfaces
[0.871s] [  2%] [34m[1mGenerating C code for ROS interfaces[0m
[0.887s] [  5%] [34m[1mGenerating C++ code for ROS interfaces[0m
[1.200s] [  5%] Built target dome_interfaces__cpp
[1.210s] [  8%] [34m[1mGenerating C++ type support for eProsima Fast-RTPS[0m
[1.211s] [ 10%] [34m[1mGenerating C++ introspection for ROS interfaces[0m
[1.211s] [35m[1mScanning dependencies of target dome_interfaces__rosidl_generator_c[0m
[1.230s] [ 16%] [32mBuilding C object CMakeFiles/dome_interfaces__rosidl_generator_c.dir/rosidl_generator_c/dome_interfaces/srv/dome__functions.c.o[0m
[1.230s] [ 16%] [32mBuilding C object CMakeFiles/dome_interfaces__rosidl_generator_c.dir/rosidl_generator_c/dome_interfaces/msg/sensor__functions.c.o[0m
[1.277s] [ 18%] [32m[1mLinking C shared library libdome_interfaces__rosidl_generator_c.so[0m
[1.322s] [ 18%] Built target dome_interfaces__rosidl_generator_c
[1.333s] [ 21%] [34m[1mGenerating C introspection for ROS interfaces[0m
[1.509s] [35m[1mScanning dependencies of target dome_interfaces__rosidl_typesupport_introspection_cpp[0m
[1.526s] [ 24%] [32mBuilding CXX object CMakeFiles/dome_interfaces__rosidl_typesupport_introspection_cpp.dir/rosidl_typesupport_introspection_cpp/dome_interfaces/msg/sensor__type_support.cpp.o[0m
[1.526s] [ 27%] [32mBuilding CXX object CMakeFiles/dome_interfaces__rosidl_typesupport_introspection_cpp.dir/rosidl_typesupport_introspection_cpp/dome_interfaces/srv/dome__type_support.cpp.o[0m
[1.544s] [35m[1mScanning dependencies of target dome_interfaces__rosidl_typesupport_fastrtps_cpp[0m
[1.566s] [ 29%] [32mBuilding CXX object CMakeFiles/dome_interfaces__rosidl_typesupport_fastrtps_cpp.dir/rosidl_typesupport_fastrtps_cpp/dome_interfaces/msg/dds_fastrtps/sensor__type_support.cpp.o[0m
[1.566s] [ 32%] [32mBuilding CXX object CMakeFiles/dome_interfaces__rosidl_typesupport_fastrtps_cpp.dir/rosidl_typesupport_fastrtps_cpp/dome_interfaces/srv/dds_fastrtps/dome__type_support.cpp.o[0m
[1.650s] [35m[1mScanning dependencies of target dome_interfaces__rosidl_typesupport_introspection_c[0m
[1.667s] [ 35%] [32mBuilding C object CMakeFiles/dome_interfaces__rosidl_typesupport_introspection_c.dir/rosidl_typesupport_introspection_c/dome_interfaces/srv/dome__type_support.c.o[0m
[1.668s] [ 37%] [32mBuilding C object CMakeFiles/dome_interfaces__rosidl_typesupport_introspection_c.dir/rosidl_typesupport_introspection_c/dome_interfaces/msg/sensor__type_support.c.o[0m
[1.709s] [ 40%] [32m[1mLinking C shared library libdome_interfaces__rosidl_typesupport_introspection_c.so[0m
[1.743s] [ 40%] Built target dome_interfaces__rosidl_typesupport_introspection_c
[1.790s] [ 43%] [32m[1mLinking CXX shared library libdome_interfaces__rosidl_typesupport_introspection_cpp.so[0m
[1.866s] [ 43%] Built target dome_interfaces__rosidl_typesupport_introspection_cpp
[1.937s] [ 45%] [32m[1mLinking CXX shared library libdome_interfaces__rosidl_typesupport_fastrtps_cpp.so[0m
[2.023s] [ 45%] Built target dome_interfaces__rosidl_typesupport_fastrtps_cpp
[2.035s] [ 48%] [34m[1mGenerating C++ type support dispatch for ROS interfaces[0m
[2.040s] [ 51%] [34m[1mGenerating C type support for eProsima Fast-RTPS[0m
[2.287s] [35m[1mScanning dependencies of target dome_interfaces__rosidl_typesupport_cpp[0m
[2.304s] [ 54%] [32mBuilding CXX object CMakeFiles/dome_interfaces__rosidl_typesupport_cpp.dir/rosidl_typesupport_cpp/dome_interfaces/msg/sensor__type_support.cpp.o[0m
[2.313s] [ 56%] [32mBuilding CXX object CMakeFiles/dome_interfaces__rosidl_typesupport_cpp.dir/rosidl_typesupport_cpp/dome_interfaces/srv/dome__type_support.cpp.o[0m
[2.351s] [35m[1mScanning dependencies of target dome_interfaces__rosidl_typesupport_fastrtps_c[0m
[2.369s] [ 59%] [32mBuilding CXX object CMakeFiles/dome_interfaces__rosidl_typesupport_fastrtps_c.dir/rosidl_typesupport_fastrtps_c/dome_interfaces/srv/dome__type_support_c.cpp.o[0m
[2.370s] [ 62%] [32mBuilding CXX object CMakeFiles/dome_interfaces__rosidl_typesupport_fastrtps_c.dir/rosidl_typesupport_fastrtps_c/dome_interfaces/msg/sensor__type_support_c.cpp.o[0m
[2.646s] [ 64%] [32m[1mLinking CXX shared library libdome_interfaces__rosidl_typesupport_cpp.so[0m
[2.675s] [ 67%] [32m[1mLinking CXX shared library libdome_interfaces__rosidl_typesupport_fastrtps_c.so[0m
[2.722s] [ 67%] Built target dome_interfaces__rosidl_typesupport_cpp
[2.768s] [ 67%] Built target dome_interfaces__rosidl_typesupport_fastrtps_c
[2.779s] [ 70%] [34m[1mGenerating C type support dispatch for ROS interfaces[0m
[3.056s] [35m[1mScanning dependencies of target dome_interfaces__rosidl_typesupport_c[0m
[3.073s] [ 72%] [32mBuilding CXX object CMakeFiles/dome_interfaces__rosidl_typesupport_c.dir/rosidl_typesupport_c/dome_interfaces/srv/dome__type_support.cpp.o[0m
[3.078s] [ 75%] [32mBuilding CXX object CMakeFiles/dome_interfaces__rosidl_typesupport_c.dir/rosidl_typesupport_c/dome_interfaces/msg/sensor__type_support.cpp.o[0m
[3.116s] [ 78%] [32m[1mLinking CXX shared library libdome_interfaces__rosidl_typesupport_c.so[0m
[3.177s] [ 78%] Built target dome_interfaces__rosidl_typesupport_c
[3.216s] [ 78%] Built target dome_interfaces
[3.253s] [ 81%] [34m[1mGenerating Python code for ROS interfaces[0m
[3.763s] [ 81%] Built target dome_interfaces__py
[3.779s] [35m[1mScanning dependencies of target dome_interfaces__python[0m
[3.802s] [ 83%] [32mBuilding C object CMakeFiles/dome_interfaces__python.dir/rosidl_generator_py/dome_interfaces/srv/_dome_s.c.o[0m
[3.804s] [ 86%] [32mBuilding C object CMakeFiles/dome_interfaces__python.dir/rosidl_generator_py/dome_interfaces/msg/_sensor_s.c.o[0m
[3.892s] [ 89%] [32m[1mLinking C shared library rosidl_generator_py/dome_interfaces/libdome_interfaces__python.so[0m
[3.962s] [ 89%] Built target dome_interfaces__python
[3.981s] [35m[1mScanning dependencies of target dome_interfaces__rosidl_typesupport_fastrtps_c__pyext[0m
[3.981s] [35m[1mScanning dependencies of target dome_interfaces__rosidl_typesupport_c__pyext[0m
[4.001s] [ 91%] [32mBuilding C object CMakeFiles/dome_interfaces__rosidl_typesupport_c__pyext.dir/rosidl_generator_py/dome_interfaces/_dome_interfaces_s.ep.rosidl_typesupport_c.c.o[0m
[4.008s] [ 94%] [32mBuilding C object CMakeFiles/dome_interfaces__rosidl_typesupport_fastrtps_c__pyext.dir/rosidl_generator_py/dome_interfaces/_dome_interfaces_s.ep.rosidl_typesupport_fastrtps_c.c.o[0m
[4.092s] [ 97%] [32m[1mLinking C shared library rosidl_generator_py/dome_interfaces/dome_interfaces_s__rosidl_typesupport_c.cpython-36m-x86_64-linux-gnu.so[0m
[4.096s] [100%] [32m[1mLinking C shared library rosidl_generator_py/dome_interfaces/dome_interfaces_s__rosidl_typesupport_fastrtps_c.cpython-36m-x86_64-linux-gnu.so[0m
[4.149s] [100%] Built target dome_interfaces__rosidl_typesupport_fastrtps_c__pyext
[4.153s] [100%] Built target dome_interfaces__rosidl_typesupport_c__pyext
[4.352s] [  2%] Built target dome_interfaces__cpp
[4.361s] [ 13%] Built target dome_interfaces__rosidl_generator_c
[4.385s] [ 24%] Built target dome_interfaces__rosidl_typesupport_fastrtps_cpp
[4.387s] [ 35%] Built target dome_interfaces__rosidl_typesupport_introspection_c
[4.388s] [ 45%] Built target dome_interfaces__rosidl_typesupport_introspection_cpp
[4.417s] [ 56%] Built target dome_interfaces__rosidl_typesupport_fastrtps_c
[4.418s] [ 67%] Built target dome_interfaces__rosidl_typesupport_cpp
[4.458s] [ 78%] Built target dome_interfaces__rosidl_typesupport_c
[4.491s] [ 78%] Built target dome_interfaces
[4.531s] [ 81%] Built target dome_interfaces__py
[4.574s] [ 89%] Built target dome_interfaces__python
[4.613s] [ 94%] Built target dome_interfaces__rosidl_typesupport_c__pyext
[4.618s] [100%] Built target dome_interfaces__rosidl_typesupport_fastrtps_c__pyext
[4.651s] [36mInstall the project...[0m
[4.659s] -- Install configuration: ""
[4.659s] -- Up-to-date: /home/francesc/Escritorio/ros_ws/install/dome_interfaces/share/ament_index/resource_index/rosidl_interfaces/dome_interfaces
[4.660s] -- Installing: /home/francesc/Escritorio/ros_ws/install/dome_interfaces/lib/libdome_interfaces__rosidl_typesupport_c.so
[4.660s] -- Set runtime path of "/home/francesc/Escritorio/ros_ws/install/dome_interfaces/lib/libdome_interfaces__rosidl_typesupport_c.so" to ""
[4.660s] -- Up-to-date: /home/francesc/Escritorio/ros_ws/install/dome_interfaces/share/dome_interfaces/environment/library_path.sh
[4.660s] -- Installing: /home/francesc/Escritorio/ros_ws/install/dome_interfaces/lib/libdome_interfaces__rosidl_typesupport_cpp.so
[4.661s] -- Set runtime path of "/home/francesc/Escritorio/ros_ws/install/dome_interfaces/lib/libdome_interfaces__rosidl_typesupport_cpp.so" to ""
[4.661s] -- Up-to-date: /home/francesc/Escritorio/ros_ws/install/dome_interfaces/include/dome_interfaces
[4.661s] -- Up-to-date: /home/francesc/Escritorio/ros_ws/install/dome_interfaces/include/dome_interfaces/srv
[4.661s] -- Installing: /home/francesc/Escritorio/ros_ws/install/dome_interfaces/include/dome_interfaces/srv/dome__rosidl_typesupport_fastrtps_c.h
[4.661s] -- Up-to-date: /home/francesc/Escritorio/ros_ws/install/dome_interfaces/include/dome_interfaces/msg
[4.662s] -- Up-to-date: /home/francesc/Escritorio/ros_ws/install/dome_interfaces/include/dome_interfaces/msg/action__rosidl_typesupport_fastrtps_c.h
[4.662s] -- Up-to-date: /home/francesc/Escritorio/ros_ws/install/dome_interfaces/include/dome_interfaces/msg/rosidl_typesupport_fastrtps_c__visibility_control.h
[4.663s] -- Installing: /home/francesc/Escritorio/ros_ws/install/dome_interfaces/include/dome_interfaces/msg/sensor__rosidl_typesupport_fastrtps_c.h
[4.663s] -- Installing: /home/francesc/Escritorio/ros_ws/install/dome_interfaces/lib/libdome_interfaces__rosidl_typesupport_fastrtps_c.so
[4.663s] -- Set runtime path of "/home/francesc/Escritorio/ros_ws/install/dome_interfaces/lib/libdome_interfaces__rosidl_typesupport_fastrtps_c.so" to ""
[4.663s] -- Up-to-date: /home/francesc/Escritorio/ros_ws/install/dome_interfaces/include/dome_interfaces
[4.664s] -- Up-to-date: /home/francesc/Escritorio/ros_ws/install/dome_interfaces/include/dome_interfaces/srv
[4.664s] -- Installing: /home/francesc/Escritorio/ros_ws/install/dome_interfaces/include/dome_interfaces/srv/dome.h
[4.664s] -- Installing: /home/francesc/Escritorio/ros_ws/install/dome_interfaces/include/dome_interfaces/srv/dome__functions.h
[4.664s] -- Installing: /home/francesc/Escritorio/ros_ws/install/dome_interfaces/include/dome_interfaces/srv/dome__functions.c
[4.665s] -- Installing: /home/francesc/Escritorio/ros_ws/install/dome_interfaces/include/dome_interfaces/srv/dome__struct.h
[4.665s] -- Installing: /home/francesc/Escritorio/ros_ws/install/dome_interfaces/include/dome_interfaces/srv/dome__type_support.h
[4.665s] -- Up-to-date: /home/francesc/Escritorio/ros_ws/install/dome_interfaces/include/dome_interfaces/msg
[4.665s] -- Installing: /home/francesc/Escritorio/ros_ws/install/dome_interfaces/include/dome_interfaces/msg/sensor__type_support.h
[4.666s] -- Up-to-date: /home/francesc/Escritorio/ros_ws/install/dome_interfaces/include/dome_interfaces/msg/action.h
[4.666s] -- Up-to-date: /home/francesc/Escritorio/ros_ws/install/dome_interfaces/include/dome_interfaces/msg/rosidl_generator_c__visibility_control.h
[4.666s] -- Installing: /home/francesc/Escritorio/ros_ws/install/dome_interfaces/include/dome_interfaces/msg/sensor__functions.c
[4.666s] -- Installing: /home/francesc/Escritorio/ros_ws/install/dome_interfaces/include/dome_interfaces/msg/sensor__struct.h
[4.667s] -- Up-to-date: /home/francesc/Escritorio/ros_ws/install/dome_interfaces/include/dome_interfaces/msg/action__struct.h
[4.667s] -- Installing: /home/francesc/Escritorio/ros_ws/install/dome_interfaces/include/dome_interfaces/msg/sensor.h
[4.667s] -- Up-to-date: /home/francesc/Escritorio/ros_ws/install/dome_interfaces/include/dome_interfaces/msg/action__functions.h
[4.667s] -- Up-to-date: /home/francesc/Escritorio/ros_ws/install/dome_interfaces/include/dome_interfaces/msg/action__type_support.h
[4.667s] -- Up-to-date: /home/francesc/Escritorio/ros_ws/install/dome_interfaces/include/dome_interfaces/msg/action__functions.c
[4.668s] -- Installing: /home/francesc/Escritorio/ros_ws/install/dome_interfaces/include/dome_interfaces/msg/sensor__functions.h
[4.668s] -- Installing: /home/francesc/Escritorio/ros_ws/install/dome_interfaces/lib/libdome_interfaces__rosidl_generator_c.so
[4.668s] -- Set runtime path of "/home/francesc/Escritorio/ros_ws/install/dome_interfaces/lib/libdome_interfaces__rosidl_generator_c.so" to ""
[4.668s] -- Up-to-date: /home/francesc/Escritorio/ros_ws/install/dome_interfaces/include/dome_interfaces
[4.668s] -- Up-to-date: /home/francesc/Escritorio/ros_ws/install/dome_interfaces/include/dome_interfaces/srv
[4.668s] -- Installing: /home/francesc/Escritorio/ros_ws/install/dome_interfaces/include/dome_interfaces/srv/dome__rosidl_typesupport_fastrtps_cpp.hpp
[4.669s] -- Up-to-date: /home/francesc/Escritorio/ros_ws/install/dome_interfaces/include/dome_interfaces/srv/dds_fastrtps
[4.669s] -- Up-to-date: /home/francesc/Escritorio/ros_ws/install/dome_interfaces/include/dome_interfaces/msg
[4.669s] -- Up-to-date: /home/francesc/Escritorio/ros_ws/install/dome_interfaces/include/dome_interfaces/msg/rosidl_typesupport_fastrtps_cpp__visibility_control.h
[4.669s] -- Up-to-date: /home/francesc/Escritorio/ros_ws/install/dome_interfaces/include/dome_interfaces/msg/action__rosidl_typesupport_fastrtps_cpp.hpp
[4.669s] -- Up-to-date: /home/francesc/Escritorio/ros_ws/install/dome_interfaces/include/dome_interfaces/msg/dds_fastrtps
[4.670s] -- Installing: /home/francesc/Escritorio/ros_ws/install/dome_interfaces/include/dome_interfaces/msg/sensor__rosidl_typesupport_fastrtps_cpp.hpp
[4.670s] -- Installing: /home/francesc/Escritorio/ros_ws/install/dome_interfaces/lib/libdome_interfaces__rosidl_typesupport_fastrtps_cpp.so
[4.670s] -- Set runtime path of "/home/francesc/Escritorio/ros_ws/install/dome_interfaces/lib/libdome_interfaces__rosidl_typesupport_fastrtps_cpp.so" to ""
[4.670s] -- Up-to-date: /home/francesc/Escritorio/ros_ws/install/dome_interfaces/include/dome_interfaces
[4.670s] -- Up-to-date: /home/francesc/Escritorio/ros_ws/install/dome_interfaces/include/dome_interfaces/srv
[4.671s] -- Installing: /home/francesc/Escritorio/ros_ws/install/dome_interfaces/include/dome_interfaces/srv/dome__struct.hpp
[4.671s] -- Installing: /home/francesc/Escritorio/ros_ws/install/dome_interfaces/include/dome_interfaces/srv/dome__traits.hpp
[4.671s] -- Installing: /home/francesc/Escritorio/ros_ws/install/dome_interfaces/include/dome_interfaces/srv/dome.hpp
[4.671s] -- Up-to-date: /home/francesc/Escritorio/ros_ws/install/dome_interfaces/include/dome_interfaces/msg
[4.671s] -- Up-to-date: /home/francesc/Escritorio/ros_ws/install/dome_interfaces/include/dome_interfaces/msg/action__struct.hpp
[4.671s] -- Installing: /home/francesc/Escritorio/ros_ws/install/dome_interfaces/include/dome_interfaces/msg/sensor__struct.hpp
[4.672s] -- Up-to-date: /home/francesc/Escritorio/ros_ws/install/dome_interfaces/include/dome_interfaces/msg/action.hpp
[4.672s] -- Up-to-date: /home/francesc/Escritorio/ros_ws/install/dome_interfaces/include/dome_interfaces/msg/action__traits.hpp
[4.672s] -- Installing: /home/francesc/Escritorio/ros_ws/install/dome_interfaces/include/dome_interfaces/msg/sensor.hpp
[4.672s] -- Installing: /home/francesc/Escritorio/ros_ws/install/dome_interfaces/include/dome_interfaces/msg/sensor__traits.hpp
[4.672s] -- Up-to-date: /home/francesc/Escritorio/ros_ws/install/dome_interfaces/include/dome_interfaces
[4.673s] -- Up-to-date: /home/francesc/Escritorio/ros_ws/install/dome_interfaces/include/dome_interfaces/srv
[4.673s] -- Installing: /home/francesc/Escritorio/ros_ws/install/dome_interfaces/include/dome_interfaces/srv/dome__type_support.c
[4.673s] -- Installing: /home/francesc/Escritorio/ros_ws/install/dome_interfaces/include/dome_interfaces/srv/dome__rosidl_typesupport_introspection_c.h
[4.673s] -- Up-to-date: /home/francesc/Escritorio/ros_ws/install/dome_interfaces/include/dome_interfaces/msg
[4.673s] -- Installing: /home/francesc/Escritorio/ros_ws/install/dome_interfaces/include/dome_interfaces/msg/sensor__rosidl_typesupport_introspection_c.h
[4.673s] -- Up-to-date: /home/francesc/Escritorio/ros_ws/install/dome_interfaces/include/dome_interfaces/msg/action__rosidl_typesupport_introspection_c.h
[4.674s] -- Up-to-date: /home/francesc/Escritorio/ros_ws/install/dome_interfaces/include/dome_interfaces/msg/rosidl_typesupport_introspection_c__visibility_control.h
[4.674s] -- Up-to-date: /home/francesc/Escritorio/ros_ws/install/dome_interfaces/include/dome_interfaces/msg/action__type_support.c
[4.674s] -- Installing: /home/francesc/Escritorio/ros_ws/install/dome_interfaces/include/dome_interfaces/msg/sensor__type_support.c
[4.674s] -- Installing: /home/francesc/Escritorio/ros_ws/install/dome_interfaces/lib/libdome_interfaces__rosidl_typesupport_introspection_c.so
[4.675s] -- Set runtime path of "/home/francesc/Escritorio/ros_ws/install/dome_interfaces/lib/libdome_interfaces__rosidl_typesupport_introspection_c.so" to ""
[4.675s] -- Up-to-date: /home/francesc/Escritorio/ros_ws/install/dome_interfaces/include/dome_interfaces
[4.675s] -- Up-to-date: /home/francesc/Escritorio/ros_ws/install/dome_interfaces/include/dome_interfaces/srv
[4.675s] -- Installing: /home/francesc/Escritorio/ros_ws/install/dome_interfaces/include/dome_interfaces/srv/dome__type_support.cpp
[4.675s] -- Installing: /home/francesc/Escritorio/ros_ws/install/dome_interfaces/include/dome_interfaces/srv/dome__rosidl_typesupport_introspection_cpp.hpp
[4.675s] -- Up-to-date: /home/francesc/Escritorio/ros_ws/install/dome_interfaces/include/dome_interfaces/msg
[4.675s] -- Installing: /home/francesc/Escritorio/ros_ws/install/dome_interfaces/include/dome_interfaces/msg/sensor__type_support.cpp
[4.675s] -- Up-to-date: /home/francesc/Escritorio/ros_ws/install/dome_interfaces/include/dome_interfaces/msg/action__type_support.cpp
[4.675s] -- Up-to-date: /home/francesc/Escritorio/ros_ws/install/dome_interfaces/include/dome_interfaces/msg/action__rosidl_typesupport_introspection_cpp.hpp
[4.675s] -- Installing: /home/francesc/Escritorio/ros_ws/install/dome_interfaces/include/dome_interfaces/msg/sensor__rosidl_typesupport_introspection_cpp.hpp
[4.675s] -- Installing: /home/francesc/Escritorio/ros_ws/install/dome_interfaces/lib/libdome_interfaces__rosidl_typesupport_introspection_cpp.so
[4.675s] -- Set runtime path of "/home/francesc/Escritorio/ros_ws/install/dome_interfaces/lib/libdome_interfaces__rosidl_typesupport_introspection_cpp.so" to ""
[4.675s] -- Up-to-date: /home/francesc/Escritorio/ros_ws/install/dome_interfaces/share/dome_interfaces/environment/pythonpath.sh
[4.676s] -- Installing: /home/francesc/Escritorio/ros_ws/install/dome_interfaces/lib/python3.6/site-packages/dome_interfaces/__init__.py
[4.703s] Compiling '/home/francesc/Escritorio/ros_ws/install/dome_interfaces/lib/python3.6/site-packages/dome_interfaces/__init__.py'...
[4.707s] -- Up-to-date: /home/francesc/Escritorio/ros_ws/install/dome_interfaces/lib/python3.6/site-packages/dome_interfaces/msg
[4.707s] -- Installing: /home/francesc/Escritorio/ros_ws/install/dome_interfaces/lib/python3.6/site-packages/dome_interfaces/msg/_sensor.py
[4.707s] -- Up-to-date: /home/francesc/Escritorio/ros_ws/install/dome_interfaces/lib/python3.6/site-packages/dome_interfaces/msg/_action_s.c
[4.707s] -- Installing: /home/francesc/Escritorio/ros_ws/install/dome_interfaces/lib/python3.6/site-packages/dome_interfaces/msg/__init__.py
[4.708s] -- Up-to-date: /home/francesc/Escritorio/ros_ws/install/dome_interfaces/lib/python3.6/site-packages/dome_interfaces/msg/_action.py
[4.708s] -- Installing: /home/francesc/Escritorio/ros_ws/install/dome_interfaces/lib/python3.6/site-packages/dome_interfaces/msg/_sensor_s.c
[4.708s] -- Up-to-date: /home/francesc/Escritorio/ros_ws/install/dome_interfaces/lib/python3.6/site-packages/dome_interfaces/srv
[4.708s] -- Installing: /home/francesc/Escritorio/ros_ws/install/dome_interfaces/lib/python3.6/site-packages/dome_interfaces/srv/_dome.py
[4.708s] -- Installing: /home/francesc/Escritorio/ros_ws/install/dome_interfaces/lib/python3.6/site-packages/dome_interfaces/srv/__init__.py
[4.708s] -- Installing: /home/francesc/Escritorio/ros_ws/install/dome_interfaces/lib/python3.6/site-packages/dome_interfaces/srv/_dome_s.c
[4.709s] -- Installing: /home/francesc/Escritorio/ros_ws/install/dome_interfaces/lib/python3.6/site-packages/dome_interfaces/dome_interfaces_s__rosidl_typesupport_c.cpython-36m-x86_64-linux-gnu.so
[4.710s] -- Set runtime path of "/home/francesc/Escritorio/ros_ws/install/dome_interfaces/lib/python3.6/site-packages/dome_interfaces/dome_interfaces_s__rosidl_typesupport_c.cpython-36m-x86_64-linux-gnu.so" to ""
[4.710s] -- Installing: /home/francesc/Escritorio/ros_ws/install/dome_interfaces/lib/python3.6/site-packages/dome_interfaces/dome_interfaces_s__rosidl_typesupport_fastrtps_c.cpython-36m-x86_64-linux-gnu.so
[4.711s] -- Set runtime path of "/home/francesc/Escritorio/ros_ws/install/dome_interfaces/lib/python3.6/site-packages/dome_interfaces/dome_interfaces_s__rosidl_typesupport_fastrtps_c.cpython-36m-x86_64-linux-gnu.so" to ""
[4.712s] -- Installing: /home/francesc/Escritorio/ros_ws/install/dome_interfaces/lib/libdome_interfaces__python.so
[4.713s] -- Set runtime path of "/home/francesc/Escritorio/ros_ws/install/dome_interfaces/lib/libdome_interfaces__python.so" to ""
[4.713s] -- Installing: /home/francesc/Escritorio/ros_ws/install/dome_interfaces/share/dome_interfaces/msg/Sensor.idl
[4.713s] -- Up-to-date: /home/francesc/Escritorio/ros_ws/install/dome_interfaces/share/dome_interfaces/srv/Dome.idl
[4.713s] -- Installing: /home/francesc/Escritorio/ros_ws/install/dome_interfaces/share/dome_interfaces/msg/Sensor.msg
[4.714s] -- Up-to-date: /home/francesc/Escritorio/ros_ws/install/dome_interfaces/share/dome_interfaces/srv/Dome.srv
[4.714s] -- Up-to-date: /home/francesc/Escritorio/ros_ws/install/dome_interfaces/share/dome_interfaces/srv/Dome_Request.msg
[4.714s] -- Up-to-date: /home/francesc/Escritorio/ros_ws/install/dome_interfaces/share/dome_interfaces/srv/Dome_Response.msg
[4.714s] -- Up-to-date: /home/francesc/Escritorio/ros_ws/install/dome_interfaces/share/ament_index/resource_index/package_run_dependencies/dome_interfaces
[4.714s] -- Installing: /home/francesc/Escritorio/ros_ws/install/dome_interfaces/share/ament_index/resource_index/parent_prefix_path/dome_interfaces
[4.715s] -- Up-to-date: /home/francesc/Escritorio/ros_ws/install/dome_interfaces/share/dome_interfaces/environment/ament_prefix_path.sh
[4.715s] -- Up-to-date: /home/francesc/Escritorio/ros_ws/install/dome_interfaces/share/dome_interfaces/environment/path.sh
[4.715s] -- Up-to-date: /home/francesc/Escritorio/ros_ws/install/dome_interfaces/share/dome_interfaces/local_setup.bash
[4.715s] -- Up-to-date: /home/francesc/Escritorio/ros_ws/install/dome_interfaces/share/dome_interfaces/local_setup.sh
[4.715s] -- Up-to-date: /home/francesc/Escritorio/ros_ws/install/dome_interfaces/share/dome_interfaces/local_setup.zsh
[4.716s] -- Up-to-date: /home/francesc/Escritorio/ros_ws/install/dome_interfaces/share/ament_index/resource_index/packages/dome_interfaces
[4.716s] -- Up-to-date: /home/francesc/Escritorio/ros_ws/install/dome_interfaces/share/dome_interfaces/cmake/rosidl_cmake-extras.cmake
[4.716s] -- Up-to-date: /home/francesc/Escritorio/ros_ws/install/dome_interfaces/share/dome_interfaces/cmake/ament_cmake_export_libraries-extras.cmake
[4.716s] -- Up-to-date: /home/francesc/Escritorio/ros_ws/install/dome_interfaces/share/dome_interfaces/cmake/ament_cmake_export_include_directories-extras.cmake
[4.716s] -- Up-to-date: /home/francesc/Escritorio/ros_ws/install/dome_interfaces/share/dome_interfaces/cmake/dome_interfacesConfig.cmake
[4.716s] -- Up-to-date: /home/francesc/Escritorio/ros_ws/install/dome_interfaces/share/dome_interfaces/cmake/dome_interfacesConfig-version.cmake
[4.716s] -- Up-to-date: /home/francesc/Escritorio/ros_ws/install/dome_interfaces/share/dome_interfaces/package.xml
