[0.278s] Invoking command in '/home/francesc/Escritorio/ros_ws/src/dome_servcli': AMENT_PREFIX_PATH=/home/francesc/Escritorio/ros_ws/install/dome_interfaces:${AMENT_PREFIX_PATH} CMAKE_PREFIX_PATH=/home/francesc/Escritorio/ros_ws/install/dome_interfaces LD_LIBRARY_PATH=/home/francesc/Escritorio/ros_ws/install/dome_interfaces/lib:${LD_LIBRARY_PATH} PYTHONPATH=/home/francesc/Escritorio/ros_ws/install/dome_servcli/lib/python3.6/site-packages:/home/francesc/Escritorio/ros_ws/install/dome_interfaces/lib/python3.6/site-packages:${PYTHONPATH} /usr/bin/python3 setup.py egg_info --egg-base /home/francesc/Escritorio/ros_ws/build/dome_servcli build --build-base /home/francesc/Escritorio/ros_ws/build/dome_servcli/build install --prefix /home/francesc/Escritorio/ros_ws/install/dome_servcli --record /home/francesc/Escritorio/ros_ws/build/dome_servcli/install.log --single-version-externally-managed
[0.491s] running egg_info
[0.492s] writing /home/francesc/Escritorio/ros_ws/build/dome_servcli/dome_servcli.egg-info/PKG-INFO
[0.492s] writing dependency_links to /home/francesc/Escritorio/ros_ws/build/dome_servcli/dome_servcli.egg-info/dependency_links.txt
[0.492s] writing entry points to /home/francesc/Escritorio/ros_ws/build/dome_servcli/dome_servcli.egg-info/entry_points.txt
[0.492s] writing requirements to /home/francesc/Escritorio/ros_ws/build/dome_servcli/dome_servcli.egg-info/requires.txt
[0.493s] writing top-level names to /home/francesc/Escritorio/ros_ws/build/dome_servcli/dome_servcli.egg-info/top_level.txt
[0.519s] reading manifest file '/home/francesc/Escritorio/ros_ws/build/dome_servcli/dome_servcli.egg-info/SOURCES.txt'
[0.520s] writing manifest file '/home/francesc/Escritorio/ros_ws/build/dome_servcli/dome_servcli.egg-info/SOURCES.txt'
[0.520s] running build
[0.520s] running build_py
[0.521s] copying dome_servcli/dome_service.py -> /home/francesc/Escritorio/ros_ws/build/dome_servcli/build/lib/dome_servcli
[0.521s] running install
[0.521s] running install_lib
[0.521s] copying /home/francesc/Escritorio/ros_ws/build/dome_servcli/build/lib/dome_servcli/dome_service.py -> /home/francesc/Escritorio/ros_ws/install/dome_servcli/lib/python3.6/site-packages/dome_servcli
[0.522s] byte-compiling /home/francesc/Escritorio/ros_ws/install/dome_servcli/lib/python3.6/site-packages/dome_servcli/dome_service.py to dome_service.cpython-36.pyc
[0.522s]   File "/home/francesc/Escritorio/ros_ws/install/dome_servcli/lib/python3.6/site-packages/dome_servcli/dome_service.py", line 69
[0.522s]     '''
[0.523s]         if(self.state == State.CLOSED or self.state == State.CLOSING):
[0.523s]             kit.continuous_servo[0].throttle = 1
[0.523s]             kit.continuous_servo[1].throttle = 1
[0.523s]             ''''
[0.523s]        
[0.524s]                                                                       
[0.524s]                                                 
[0.524s]                                                 
[0.524s]                ^
[0.524s] SyntaxError: EOL while scanning string literal
[0.525s] 
[0.525s] running install_data
[0.525s] running install_egg_info
[0.525s] removing '/home/francesc/Escritorio/ros_ws/install/dome_servcli/lib/python3.6/site-packages/dome_servcli-0.0.0-py3.6.egg-info' (and everything under it)
[0.525s] Copying /home/francesc/Escritorio/ros_ws/build/dome_servcli/dome_servcli.egg-info to /home/francesc/Escritorio/ros_ws/install/dome_servcli/lib/python3.6/site-packages/dome_servcli-0.0.0-py3.6.egg-info
[0.526s] running install_scripts
[0.539s] Installing client script to /home/francesc/Escritorio/ros_ws/install/dome_servcli/lib/dome_servcli
[0.539s] Installing service script to /home/francesc/Escritorio/ros_ws/install/dome_servcli/lib/dome_servcli
[0.539s] writing list of installed files to '/home/francesc/Escritorio/ros_ws/build/dome_servcli/install.log'
[0.557s] Invoked command in '/home/francesc/Escritorio/ros_ws/src/dome_servcli' returned '0': AMENT_PREFIX_PATH=/home/francesc/Escritorio/ros_ws/install/dome_interfaces:${AMENT_PREFIX_PATH} CMAKE_PREFIX_PATH=/home/francesc/Escritorio/ros_ws/install/dome_interfaces LD_LIBRARY_PATH=/home/francesc/Escritorio/ros_ws/install/dome_interfaces/lib:${LD_LIBRARY_PATH} PYTHONPATH=/home/francesc/Escritorio/ros_ws/install/dome_servcli/lib/python3.6/site-packages:/home/francesc/Escritorio/ros_ws/install/dome_interfaces/lib/python3.6/site-packages:${PYTHONPATH} /usr/bin/python3 setup.py egg_info --egg-base /home/francesc/Escritorio/ros_ws/build/dome_servcli build --build-base /home/francesc/Escritorio/ros_ws/build/dome_servcli/build install --prefix /home/francesc/Escritorio/ros_ws/install/dome_servcli --record /home/francesc/Escritorio/ros_ws/build/dome_servcli/install.log --single-version-externally-managed
