[0.533s] running egg_info
[0.534s] writing /home/francesc/Escritorio/ros_ws/build/weather_servcli/weather_servcli.egg-info/PKG-INFO
[0.534s] writing dependency_links to /home/francesc/Escritorio/ros_ws/build/weather_servcli/weather_servcli.egg-info/dependency_links.txt
[0.534s] writing entry points to /home/francesc/Escritorio/ros_ws/build/weather_servcli/weather_servcli.egg-info/entry_points.txt
[0.534s] writing requirements to /home/francesc/Escritorio/ros_ws/build/weather_servcli/weather_servcli.egg-info/requires.txt
[0.535s] writing top-level names to /home/francesc/Escritorio/ros_ws/build/weather_servcli/weather_servcli.egg-info/top_level.txt
[0.562s] reading manifest file '/home/francesc/Escritorio/ros_ws/build/weather_servcli/weather_servcli.egg-info/SOURCES.txt'
[0.563s] writing manifest file '/home/francesc/Escritorio/ros_ws/build/weather_servcli/weather_servcli.egg-info/SOURCES.txt'
[0.563s] running build
[0.564s] running build_py
[0.564s] copying weather_servcli/weather_service.py -> /home/francesc/Escritorio/ros_ws/build/weather_servcli/build/lib/weather_servcli
[0.564s] running install
[0.565s] running install_lib
[0.565s] copying /home/francesc/Escritorio/ros_ws/build/weather_servcli/build/lib/weather_servcli/weather_service.py -> /home/francesc/Escritorio/ros_ws/install/weather_servcli/lib/python3.6/site-packages/weather_servcli
[0.565s] byte-compiling /home/francesc/Escritorio/ros_ws/install/weather_servcli/lib/python3.6/site-packages/weather_servcli/weather_service.py to weather_service.cpython-36.pyc
[0.565s] running install_data
[0.566s] running install_egg_info
[0.567s] removing '/home/francesc/Escritorio/ros_ws/install/weather_servcli/lib/python3.6/site-packages/weather_servcli-0.0.0-py3.6.egg-info' (and everything under it)
[0.567s] Copying /home/francesc/Escritorio/ros_ws/build/weather_servcli/weather_servcli.egg-info to /home/francesc/Escritorio/ros_ws/install/weather_servcli/lib/python3.6/site-packages/weather_servcli-0.0.0-py3.6.egg-info
[0.568s] running install_scripts
[0.582s] Installing client script to /home/francesc/Escritorio/ros_ws/install/weather_servcli/lib/weather_servcli
[0.582s] Installing service script to /home/francesc/Escritorio/ros_ws/install/weather_servcli/lib/weather_servcli
[0.583s] writing list of installed files to '/home/francesc/Escritorio/ros_ws/build/weather_servcli/install.log'
