[1.038s] Invoking command in '/home/francesc/Escritorio/ROS-observatory/ros_ws/src/telescope_servcli': PYTHONPATH=/home/francesc/Escritorio/ROS-observatory/ros_ws/install/telescope_servcli/lib/python3.6/site-packages:${PYTHONPATH} /usr/bin/python3 setup.py egg_info --egg-base /home/francesc/Escritorio/ROS-observatory/ros_ws/build/telescope_servcli build --build-base /home/francesc/Escritorio/ROS-observatory/ros_ws/build/telescope_servcli/build install --prefix /home/francesc/Escritorio/ROS-observatory/ros_ws/install/telescope_servcli --record /home/francesc/Escritorio/ROS-observatory/ros_ws/build/telescope_servcli/install.log --single-version-externally-managed
[1.278s] running egg_info
[1.279s] creating /home/francesc/Escritorio/ROS-observatory/ros_ws/build/telescope_servcli/telescope_servcli.egg-info
[1.279s] writing /home/francesc/Escritorio/ROS-observatory/ros_ws/build/telescope_servcli/telescope_servcli.egg-info/PKG-INFO
[1.280s] writing dependency_links to /home/francesc/Escritorio/ROS-observatory/ros_ws/build/telescope_servcli/telescope_servcli.egg-info/dependency_links.txt
[1.281s] writing entry points to /home/francesc/Escritorio/ROS-observatory/ros_ws/build/telescope_servcli/telescope_servcli.egg-info/entry_points.txt
[1.281s] writing requirements to /home/francesc/Escritorio/ROS-observatory/ros_ws/build/telescope_servcli/telescope_servcli.egg-info/requires.txt
[1.281s] writing top-level names to /home/francesc/Escritorio/ROS-observatory/ros_ws/build/telescope_servcli/telescope_servcli.egg-info/top_level.txt
[1.282s] writing manifest file '/home/francesc/Escritorio/ROS-observatory/ros_ws/build/telescope_servcli/telescope_servcli.egg-info/SOURCES.txt'
[1.315s] reading manifest file '/home/francesc/Escritorio/ROS-observatory/ros_ws/build/telescope_servcli/telescope_servcli.egg-info/SOURCES.txt'
[1.318s] writing manifest file '/home/francesc/Escritorio/ROS-observatory/ros_ws/build/telescope_servcli/telescope_servcli.egg-info/SOURCES.txt'
[1.318s] running build
[1.318s] running build_py
[1.319s] creating /home/francesc/Escritorio/ROS-observatory/ros_ws/build/telescope_servcli/build
[1.319s] creating /home/francesc/Escritorio/ROS-observatory/ros_ws/build/telescope_servcli/build/lib
[1.319s] creating /home/francesc/Escritorio/ROS-observatory/ros_ws/build/telescope_servcli/build/lib/telescope_servcli
[1.320s] copying telescope_servcli/telescope_client.py -> /home/francesc/Escritorio/ROS-observatory/ros_ws/build/telescope_servcli/build/lib/telescope_servcli
[1.320s] copying telescope_servcli/__init__.py -> /home/francesc/Escritorio/ROS-observatory/ros_ws/build/telescope_servcli/build/lib/telescope_servcli
[1.320s] copying telescope_servcli/telescope_motors.py -> /home/francesc/Escritorio/ROS-observatory/ros_ws/build/telescope_servcli/build/lib/telescope_servcli
[1.320s] copying telescope_servcli/telescope.py -> /home/francesc/Escritorio/ROS-observatory/ros_ws/build/telescope_servcli/build/lib/telescope_servcli
[1.321s] copying telescope_servcli/telescope_service.py -> /home/francesc/Escritorio/ROS-observatory/ros_ws/build/telescope_servcli/build/lib/telescope_servcli
[1.321s] running install
[1.322s] running install_lib
[1.322s] creating /home/francesc/Escritorio/ROS-observatory/ros_ws/install/telescope_servcli/lib/python3.6/site-packages/telescope_servcli
[1.323s] copying /home/francesc/Escritorio/ROS-observatory/ros_ws/build/telescope_servcli/build/lib/telescope_servcli/telescope_client.py -> /home/francesc/Escritorio/ROS-observatory/ros_ws/install/telescope_servcli/lib/python3.6/site-packages/telescope_servcli
[1.324s] copying /home/francesc/Escritorio/ROS-observatory/ros_ws/build/telescope_servcli/build/lib/telescope_servcli/__init__.py -> /home/francesc/Escritorio/ROS-observatory/ros_ws/install/telescope_servcli/lib/python3.6/site-packages/telescope_servcli
[1.324s] copying /home/francesc/Escritorio/ROS-observatory/ros_ws/build/telescope_servcli/build/lib/telescope_servcli/telescope_motors.py -> /home/francesc/Escritorio/ROS-observatory/ros_ws/install/telescope_servcli/lib/python3.6/site-packages/telescope_servcli
[1.324s] copying /home/francesc/Escritorio/ROS-observatory/ros_ws/build/telescope_servcli/build/lib/telescope_servcli/telescope.py -> /home/francesc/Escritorio/ROS-observatory/ros_ws/install/telescope_servcli/lib/python3.6/site-packages/telescope_servcli
[1.324s] copying /home/francesc/Escritorio/ROS-observatory/ros_ws/build/telescope_servcli/build/lib/telescope_servcli/telescope_service.py -> /home/francesc/Escritorio/ROS-observatory/ros_ws/install/telescope_servcli/lib/python3.6/site-packages/telescope_servcli
[1.325s] byte-compiling /home/francesc/Escritorio/ROS-observatory/ros_ws/install/telescope_servcli/lib/python3.6/site-packages/telescope_servcli/telescope_client.py to telescope_client.cpython-36.pyc
[1.325s] byte-compiling /home/francesc/Escritorio/ROS-observatory/ros_ws/install/telescope_servcli/lib/python3.6/site-packages/telescope_servcli/__init__.py to __init__.cpython-36.pyc
[1.325s] byte-compiling /home/francesc/Escritorio/ROS-observatory/ros_ws/install/telescope_servcli/lib/python3.6/site-packages/telescope_servcli/telescope_motors.py to telescope_motors.cpython-36.pyc
[1.326s] byte-compiling /home/francesc/Escritorio/ROS-observatory/ros_ws/install/telescope_servcli/lib/python3.6/site-packages/telescope_servcli/telescope.py to telescope.cpython-36.pyc
[1.327s] byte-compiling /home/francesc/Escritorio/ROS-observatory/ros_ws/install/telescope_servcli/lib/python3.6/site-packages/telescope_servcli/telescope_service.py to telescope_service.cpython-36.pyc
[1.327s] running install_data
[1.327s] creating /home/francesc/Escritorio/ROS-observatory/ros_ws/install/telescope_servcli/share/ament_index
[1.328s] creating /home/francesc/Escritorio/ROS-observatory/ros_ws/install/telescope_servcli/share/ament_index/resource_index
[1.328s] creating /home/francesc/Escritorio/ROS-observatory/ros_ws/install/telescope_servcli/share/ament_index/resource_index/packages
[1.328s] copying resource/telescope_servcli -> /home/francesc/Escritorio/ROS-observatory/ros_ws/install/telescope_servcli/share/ament_index/resource_index/packages
[1.328s] copying package.xml -> /home/francesc/Escritorio/ROS-observatory/ros_ws/install/telescope_servcli/share/telescope_servcli
[1.328s] running install_egg_info
[1.329s] Copying /home/francesc/Escritorio/ROS-observatory/ros_ws/build/telescope_servcli/telescope_servcli.egg-info to /home/francesc/Escritorio/ROS-observatory/ros_ws/install/telescope_servcli/lib/python3.6/site-packages/telescope_servcli-0.0.0-py3.6.egg-info
[1.330s] running install_scripts
[1.340s] Installing client script to /home/francesc/Escritorio/ROS-observatory/ros_ws/install/telescope_servcli/lib/telescope_servcli
[1.340s] Installing service script to /home/francesc/Escritorio/ROS-observatory/ros_ws/install/telescope_servcli/lib/telescope_servcli
[1.340s] writing list of installed files to '/home/francesc/Escritorio/ROS-observatory/ros_ws/build/telescope_servcli/install.log'
[1.400s] Invoked command in '/home/francesc/Escritorio/ROS-observatory/ros_ws/src/telescope_servcli' returned '0': PYTHONPATH=/home/francesc/Escritorio/ROS-observatory/ros_ws/install/telescope_servcli/lib/python3.6/site-packages:${PYTHONPATH} /usr/bin/python3 setup.py egg_info --egg-base /home/francesc/Escritorio/ROS-observatory/ros_ws/build/telescope_servcli build --build-base /home/francesc/Escritorio/ROS-observatory/ros_ws/build/telescope_servcli/build install --prefix /home/francesc/Escritorio/ROS-observatory/ros_ws/install/telescope_servcli --record /home/francesc/Escritorio/ROS-observatory/ros_ws/build/telescope_servcli/install.log --single-version-externally-managed
