[0.144s] DEBUG:colcon:Command line arguments: ['/usr/bin/colcon', 'build', '--packages-select', 'weather_servcli']
[0.144s] DEBUG:colcon:Parsed command line arguments: Namespace(ament_cmake_args=None, base_paths=['.'], build_base='build', catkin_cmake_args=None, catkin_skip_building_tests=False, cmake_args=None, cmake_clean_cache=False, cmake_clean_first=False, cmake_force_configure=False, cmake_target=None, cmake_target_skip_unavailable=False, continue_on_error=False, event_handlers=None, executor='parallel', ignore_user_meta=False, install_base='install', log_base=None, log_level=None, main=<bound method BuildVerb.main of <colcon_core.verb.build.BuildVerb object at 0x7f35e801f128>>, merge_install=False, metas=['./colcon.meta'], packages_above=None, packages_above_depth=None, packages_end=None, packages_ignore=None, packages_ignore_regex=None, packages_select=['weather_servcli'], packages_select_build_failed=False, packages_select_by_dep=None, packages_select_regex=None, packages_select_test_failures=False, packages_skip=None, packages_skip_build_finished=False, packages_skip_by_dep=None, packages_skip_regex=None, packages_skip_test_passed=False, packages_skip_up_to=None, packages_start=None, packages_up_to=None, parallel_workers=12, paths=None, symlink_install=False, test_result_base=None, verb_extension=<colcon_core.verb.build.BuildVerb object at 0x7f35e801f128>, verb_name='build', verb_parser=<colcon_defaults.argument_parser.defaults.DefaultArgumentsDecorator object at 0x7f35e801f470>)
[0.178s] Level 1:colcon.colcon_core.package_discovery:discover_packages(colcon_meta) check parameters
[0.178s] Level 1:colcon.colcon_core.package_discovery:discover_packages(recursive) check parameters
[0.178s] Level 1:colcon.colcon_core.package_discovery:discover_packages(ignore) check parameters
[0.178s] Level 1:colcon.colcon_core.package_discovery:discover_packages(path) check parameters
[0.178s] Level 1:colcon.colcon_core.package_discovery:discover_packages(colcon_meta) discover
[0.179s] Level 1:colcon.colcon_core.package_discovery:discover_packages(recursive) discover
[0.179s] INFO:colcon.colcon_core.package_discovery:Crawling recursively for packages in '/home/francesc/Escritorio/ros_ws'
[0.179s] Level 1:colcon.colcon_core.package_identification:_identify(.) by extensions ['ignore', 'ignore_ament_install']
[0.179s] Level 1:colcon.colcon_core.package_identification:_identify(.) by extension 'ignore'
[0.179s] Level 1:colcon.colcon_core.package_identification:_identify(.) by extension 'ignore_ament_install'
[0.179s] Level 1:colcon.colcon_core.package_identification:_identify(.) by extensions ['colcon_pkg']
[0.179s] Level 1:colcon.colcon_core.package_identification:_identify(.) by extension 'colcon_pkg'
[0.179s] Level 1:colcon.colcon_core.package_identification:_identify(.) by extensions ['colcon_meta']
[0.179s] Level 1:colcon.colcon_core.package_identification:_identify(.) by extension 'colcon_meta'
[0.179s] Level 1:colcon.colcon_core.package_identification:_identify(.) by extensions ['ros']
[0.179s] Level 1:colcon.colcon_core.package_identification:_identify(.) by extension 'ros'
[0.191s] Level 1:colcon.colcon_core.package_identification:_identify(.) by extensions ['cmake', 'python']
[0.191s] Level 1:colcon.colcon_core.package_identification:_identify(.) by extension 'cmake'
[0.191s] Level 1:colcon.colcon_core.package_identification:_identify(.) by extension 'python'
[0.191s] Level 1:colcon.colcon_core.package_identification:_identify(.) by extensions ['python_setup_py']
[0.191s] Level 1:colcon.colcon_core.package_identification:_identify(.) by extension 'python_setup_py'
[0.191s] Level 1:colcon.colcon_core.package_identification:_identify(build) by extensions ['ignore', 'ignore_ament_install']
[0.191s] Level 1:colcon.colcon_core.package_identification:_identify(build) by extension 'ignore'
[0.191s] Level 1:colcon.colcon_core.package_identification:_identify(build) ignored
[0.191s] Level 1:colcon.colcon_core.package_identification:_identify(install) by extensions ['ignore', 'ignore_ament_install']
[0.191s] Level 1:colcon.colcon_core.package_identification:_identify(install) by extension 'ignore'
[0.192s] Level 1:colcon.colcon_core.package_identification:_identify(install) ignored
[0.192s] Level 1:colcon.colcon_core.package_identification:_identify(log) by extensions ['ignore', 'ignore_ament_install']
[0.192s] Level 1:colcon.colcon_core.package_identification:_identify(log) by extension 'ignore'
[0.192s] Level 1:colcon.colcon_core.package_identification:_identify(log) ignored
[0.192s] Level 1:colcon.colcon_core.package_identification:_identify(src) by extensions ['ignore', 'ignore_ament_install']
[0.192s] Level 1:colcon.colcon_core.package_identification:_identify(src) by extension 'ignore'
[0.192s] Level 1:colcon.colcon_core.package_identification:_identify(src) by extension 'ignore_ament_install'
[0.192s] Level 1:colcon.colcon_core.package_identification:_identify(src) by extensions ['colcon_pkg']
[0.192s] Level 1:colcon.colcon_core.package_identification:_identify(src) by extension 'colcon_pkg'
[0.192s] Level 1:colcon.colcon_core.package_identification:_identify(src) by extensions ['colcon_meta']
[0.192s] Level 1:colcon.colcon_core.package_identification:_identify(src) by extension 'colcon_meta'
[0.192s] Level 1:colcon.colcon_core.package_identification:_identify(src) by extensions ['ros']
[0.192s] Level 1:colcon.colcon_core.package_identification:_identify(src) by extension 'ros'
[0.192s] Level 1:colcon.colcon_core.package_identification:_identify(src) by extensions ['cmake', 'python']
[0.192s] Level 1:colcon.colcon_core.package_identification:_identify(src) by extension 'cmake'
[0.192s] Level 1:colcon.colcon_core.package_identification:_identify(src) by extension 'python'
[0.193s] Level 1:colcon.colcon_core.package_identification:_identify(src) by extensions ['python_setup_py']
[0.193s] Level 1:colcon.colcon_core.package_identification:_identify(src) by extension 'python_setup_py'
[0.193s] Level 1:colcon.colcon_core.package_identification:_identify(src/dome_interfaces) by extensions ['ignore', 'ignore_ament_install']
[0.193s] Level 1:colcon.colcon_core.package_identification:_identify(src/dome_interfaces) by extension 'ignore'
[0.193s] Level 1:colcon.colcon_core.package_identification:_identify(src/dome_interfaces) by extension 'ignore_ament_install'
[0.193s] Level 1:colcon.colcon_core.package_identification:_identify(src/dome_interfaces) by extensions ['colcon_pkg']
[0.193s] Level 1:colcon.colcon_core.package_identification:_identify(src/dome_interfaces) by extension 'colcon_pkg'
[0.193s] Level 1:colcon.colcon_core.package_identification:_identify(src/dome_interfaces) by extensions ['colcon_meta']
[0.193s] Level 1:colcon.colcon_core.package_identification:_identify(src/dome_interfaces) by extension 'colcon_meta'
[0.193s] Level 1:colcon.colcon_core.package_identification:_identify(src/dome_interfaces) by extensions ['ros']
[0.193s] Level 1:colcon.colcon_core.package_identification:_identify(src/dome_interfaces) by extension 'ros'
[0.195s] DEBUG:colcon.colcon_core.package_identification:Package 'src/dome_interfaces' with type 'ros.ament_cmake' and name 'dome_interfaces'
[0.195s] Level 1:colcon.colcon_core.package_identification:_identify(src/dome_sensors) by extensions ['ignore', 'ignore_ament_install']
[0.195s] Level 1:colcon.colcon_core.package_identification:_identify(src/dome_sensors) by extension 'ignore'
[0.195s] Level 1:colcon.colcon_core.package_identification:_identify(src/dome_sensors) by extension 'ignore_ament_install'
[0.195s] Level 1:colcon.colcon_core.package_identification:_identify(src/dome_sensors) by extensions ['colcon_pkg']
[0.195s] Level 1:colcon.colcon_core.package_identification:_identify(src/dome_sensors) by extension 'colcon_pkg'
[0.196s] Level 1:colcon.colcon_core.package_identification:_identify(src/dome_sensors) by extensions ['colcon_meta']
[0.196s] Level 1:colcon.colcon_core.package_identification:_identify(src/dome_sensors) by extension 'colcon_meta'
[0.196s] Level 1:colcon.colcon_core.package_identification:_identify(src/dome_sensors) by extensions ['ros']
[0.196s] Level 1:colcon.colcon_core.package_identification:_identify(src/dome_sensors) by extension 'ros'
[0.196s] DEBUG:colcon.colcon_core.package_identification:Package 'src/dome_sensors' with type 'ros.ament_python' and name 'dome_sensors'
[0.196s] Level 1:colcon.colcon_core.package_identification:_identify(src/dome_servcli) by extensions ['ignore', 'ignore_ament_install']
[0.196s] Level 1:colcon.colcon_core.package_identification:_identify(src/dome_servcli) by extension 'ignore'
[0.197s] Level 1:colcon.colcon_core.package_identification:_identify(src/dome_servcli) by extension 'ignore_ament_install'
[0.197s] Level 1:colcon.colcon_core.package_identification:_identify(src/dome_servcli) by extensions ['colcon_pkg']
[0.197s] Level 1:colcon.colcon_core.package_identification:_identify(src/dome_servcli) by extension 'colcon_pkg'
[0.197s] Level 1:colcon.colcon_core.package_identification:_identify(src/dome_servcli) by extensions ['colcon_meta']
[0.197s] Level 1:colcon.colcon_core.package_identification:_identify(src/dome_servcli) by extension 'colcon_meta'
[0.197s] Level 1:colcon.colcon_core.package_identification:_identify(src/dome_servcli) by extensions ['ros']
[0.197s] Level 1:colcon.colcon_core.package_identification:_identify(src/dome_servcli) by extension 'ros'
[0.198s] DEBUG:colcon.colcon_core.package_identification:Package 'src/dome_servcli' with type 'ros.ament_python' and name 'dome_servcli'
[0.198s] Level 1:colcon.colcon_core.package_identification:_identify(src/weather_servcli) by extensions ['ignore', 'ignore_ament_install']
[0.198s] Level 1:colcon.colcon_core.package_identification:_identify(src/weather_servcli) by extension 'ignore'
[0.198s] Level 1:colcon.colcon_core.package_identification:_identify(src/weather_servcli) by extension 'ignore_ament_install'
[0.198s] Level 1:colcon.colcon_core.package_identification:_identify(src/weather_servcli) by extensions ['colcon_pkg']
[0.198s] Level 1:colcon.colcon_core.package_identification:_identify(src/weather_servcli) by extension 'colcon_pkg'
[0.198s] Level 1:colcon.colcon_core.package_identification:_identify(src/weather_servcli) by extensions ['colcon_meta']
[0.198s] Level 1:colcon.colcon_core.package_identification:_identify(src/weather_servcli) by extension 'colcon_meta'
[0.198s] Level 1:colcon.colcon_core.package_identification:_identify(src/weather_servcli) by extensions ['ros']
[0.198s] Level 1:colcon.colcon_core.package_identification:_identify(src/weather_servcli) by extension 'ros'
[0.199s] DEBUG:colcon.colcon_core.package_identification:Package 'src/weather_servcli' with type 'ros.ament_python' and name 'weather_servcli'
[0.199s] Level 1:colcon.colcon_core.package_discovery:discover_packages(recursive) using defaults
[0.199s] Level 1:colcon.colcon_core.package_discovery:discover_packages(ignore) discover
[0.199s] Level 1:colcon.colcon_core.package_discovery:discover_packages(ignore) using defaults
[0.199s] Level 1:colcon.colcon_core.package_discovery:discover_packages(path) discover
[0.199s] Level 1:colcon.colcon_core.package_discovery:discover_packages(path) using defaults
[0.201s] INFO:colcon.colcon_core.package_selection:Skipping not selected package 'dome_interfaces' in 'src/dome_interfaces'
[0.201s] INFO:colcon.colcon_core.package_selection:Skipping not selected package 'dome_sensors' in 'src/dome_sensors'
[0.202s] INFO:colcon.colcon_core.package_selection:Skipping not selected package 'dome_servcli' in 'src/dome_servcli'
[0.204s] Level 5:colcon.colcon_core.verb:set package 'weather_servcli' build argument 'cmake_args' from command line to 'None'
[0.204s] Level 5:colcon.colcon_core.verb:set package 'weather_servcli' build argument 'cmake_target' from command line to 'None'
[0.204s] Level 5:colcon.colcon_core.verb:set package 'weather_servcli' build argument 'cmake_target_skip_unavailable' from command line to 'False'
[0.204s] Level 5:colcon.colcon_core.verb:set package 'weather_servcli' build argument 'cmake_clean_cache' from command line to 'False'
[0.204s] Level 5:colcon.colcon_core.verb:set package 'weather_servcli' build argument 'cmake_clean_first' from command line to 'False'
[0.204s] Level 5:colcon.colcon_core.verb:set package 'weather_servcli' build argument 'cmake_force_configure' from command line to 'False'
[0.204s] Level 5:colcon.colcon_core.verb:set package 'weather_servcli' build argument 'ament_cmake_args' from command line to 'None'
[0.204s] Level 5:colcon.colcon_core.verb:set package 'weather_servcli' build argument 'catkin_cmake_args' from command line to 'None'
[0.204s] Level 5:colcon.colcon_core.verb:set package 'weather_servcli' build argument 'catkin_skip_building_tests' from command line to 'False'
[0.204s] DEBUG:colcon.colcon_core.verb:Building package 'weather_servcli' with the following arguments: {'ament_cmake_args': None, 'build_base': '/home/francesc/Escritorio/ros_ws/build/weather_servcli', 'catkin_cmake_args': None, 'catkin_skip_building_tests': False, 'cmake_args': None, 'cmake_clean_cache': False, 'cmake_clean_first': False, 'cmake_force_configure': False, 'cmake_target': None, 'cmake_target_skip_unavailable': False, 'install_base': '/home/francesc/Escritorio/ros_ws/install/weather_servcli', 'merge_install': False, 'path': '/home/francesc/Escritorio/ros_ws/src/weather_servcli', 'symlink_install': False, 'test_result_base': None}
[0.205s] INFO:colcon.colcon_core.executor:Executing jobs using 'parallel' executor
[0.207s] DEBUG:colcon.colcon_parallel_executor.executor.parallel:run_until_complete
[0.207s] INFO:colcon.colcon_ros.task.ament_python.build:Building ROS package in '/home/francesc/Escritorio/ros_ws/src/weather_servcli' with build type 'ament_python'
[0.207s] Level 1:colcon.colcon_core.shell:create_environment_hook('weather_servcli', 'ament_prefix_path')
[0.211s] INFO:colcon.colcon_core.plugin_system:Skipping extension 'colcon_core.shell.bat': Not used on non-Windows systems
[0.211s] INFO:colcon.colcon_core.shell:Creating environment hook '/home/francesc/Escritorio/ros_ws/install/weather_servcli/share/weather_servcli/hook/ament_prefix_path.ps1'
[0.211s] INFO:colcon.colcon_core.shell:Creating environment descriptor '/home/francesc/Escritorio/ros_ws/install/weather_servcli/share/weather_servcli/hook/ament_prefix_path.dsv'
[0.212s] INFO:colcon.colcon_core.shell:Creating environment hook '/home/francesc/Escritorio/ros_ws/install/weather_servcli/share/weather_servcli/hook/ament_prefix_path.sh'
[0.213s] INFO:colcon.colcon_core.shell:Skip shell extension 'powershell' for command environment: Not usable outside of PowerShell
[0.213s] DEBUG:colcon.colcon_core.shell:Skip shell extension 'dsv' for command environment
[0.215s] DEBUG:colcon.colcon_core.shell:Ignoring prefix path '/opt/ros/dashing'
[0.453s] INFO:colcon.colcon_core.task.python.build:Building Python package in '/home/francesc/Escritorio/ros_ws/src/weather_servcli'
[0.455s] INFO:colcon.colcon_core.shell:Skip shell extension 'powershell' for command environment: Not usable outside of PowerShell
[0.455s] DEBUG:colcon.colcon_core.shell:Skip shell extension 'dsv' for command environment
[0.457s] DEBUG:colcon.colcon_core.shell:Ignoring prefix path '/opt/ros/dashing'
[0.470s] DEBUG:colcon.colcon_core.event_handler.log_command:Invoking command in '/home/francesc/Escritorio/ros_ws/src/weather_servcli': PYTHONPATH=/home/francesc/Escritorio/ros_ws/install/weather_servcli/lib/python3.6/site-packages:/home/francesc/Escritorio/ros_ws/install/dome_interfaces/lib/python3.6/site-packages:/home/francesc/Escritorio/ros_ws/install/dome_servcli/lib/python3.6/site-packages:/home/francesc/Escritorio/ros_ws/install/dome_sensors/lib/python3.6/site-packages:/opt/ros/dashing/lib/python3.6/site-packages /usr/bin/python3 setup.py egg_info --egg-base /home/francesc/Escritorio/ros_ws/build/weather_servcli build --build-base /home/francesc/Escritorio/ros_ws/build/weather_servcli/build install --prefix /home/francesc/Escritorio/ros_ws/install/weather_servcli --record /home/francesc/Escritorio/ros_ws/build/weather_servcli/install.log --single-version-externally-managed
[0.743s] DEBUG:colcon.colcon_core.event_handler.log_command:Invoked command in '/home/francesc/Escritorio/ros_ws/src/weather_servcli' returned '0': PYTHONPATH=/home/francesc/Escritorio/ros_ws/install/weather_servcli/lib/python3.6/site-packages:/home/francesc/Escritorio/ros_ws/install/dome_interfaces/lib/python3.6/site-packages:/home/francesc/Escritorio/ros_ws/install/dome_servcli/lib/python3.6/site-packages:/home/francesc/Escritorio/ros_ws/install/dome_sensors/lib/python3.6/site-packages:/opt/ros/dashing/lib/python3.6/site-packages /usr/bin/python3 setup.py egg_info --egg-base /home/francesc/Escritorio/ros_ws/build/weather_servcli build --build-base /home/francesc/Escritorio/ros_ws/build/weather_servcli/build install --prefix /home/francesc/Escritorio/ros_ws/install/weather_servcli --record /home/francesc/Escritorio/ros_ws/build/weather_servcli/install.log --single-version-externally-managed
[0.750s] Level 1:colcon.colcon_core.environment:checking '/home/francesc/Escritorio/ros_ws/install/weather_servcli' for CMake module files
[0.751s] Level 1:colcon.colcon_core.environment:checking '/home/francesc/Escritorio/ros_ws/install/weather_servcli' for CMake config files
[0.756s] Level 1:colcon.colcon_core.environment:checking '/home/francesc/Escritorio/ros_ws/install/weather_servcli/lib'
[0.756s] Level 1:colcon.colcon_core.environment:checking '/home/francesc/Escritorio/ros_ws/install/weather_servcli/bin'
[0.756s] Level 1:colcon.colcon_core.environment:checking '/home/francesc/Escritorio/ros_ws/install/weather_servcli/lib/pkgconfig/weather_servcli.pc'
[0.757s] Level 1:colcon.colcon_core.environment:checking '/home/francesc/Escritorio/ros_ws/install/weather_servcli/lib/python3.6/site-packages'
[0.757s] Level 1:colcon.colcon_core.shell:create_environment_hook('weather_servcli', 'pythonpath')
[0.757s] INFO:colcon.colcon_core.shell:Creating environment hook '/home/francesc/Escritorio/ros_ws/install/weather_servcli/share/weather_servcli/hook/pythonpath.ps1'
[0.758s] INFO:colcon.colcon_core.shell:Creating environment descriptor '/home/francesc/Escritorio/ros_ws/install/weather_servcli/share/weather_servcli/hook/pythonpath.dsv'
[0.758s] INFO:colcon.colcon_core.shell:Creating environment hook '/home/francesc/Escritorio/ros_ws/install/weather_servcli/share/weather_servcli/hook/pythonpath.sh'
[0.759s] Level 1:colcon.colcon_core.environment:create_environment_scripts_only(weather_servcli)
[0.760s] INFO:colcon.colcon_core.shell:Creating package script '/home/francesc/Escritorio/ros_ws/install/weather_servcli/share/weather_servcli/package.ps1'
[0.761s] INFO:colcon.colcon_core.shell:Creating package descriptor '/home/francesc/Escritorio/ros_ws/install/weather_servcli/share/weather_servcli/package.dsv'
[0.762s] INFO:colcon.colcon_core.shell:Creating package script '/home/francesc/Escritorio/ros_ws/install/weather_servcli/share/weather_servcli/package.sh'
[0.763s] INFO:colcon.colcon_core.shell:Creating package script '/home/francesc/Escritorio/ros_ws/install/weather_servcli/share/weather_servcli/package.bash'
[0.764s] INFO:colcon.colcon_core.shell:Creating package script '/home/francesc/Escritorio/ros_ws/install/weather_servcli/share/weather_servcli/package.zsh'
[0.765s] Level 1:colcon.colcon_core.environment:create_file_with_runtime_dependencies(/home/francesc/Escritorio/ros_ws/install/weather_servcli/share/colcon-core/packages/weather_servcli)
[0.765s] DEBUG:colcon.colcon_parallel_executor.executor.parallel:closing loop
[0.766s] DEBUG:colcon.colcon_parallel_executor.executor.parallel:loop closed
[0.766s] DEBUG:colcon.colcon_parallel_executor.executor.parallel:run_until_complete finished with '0'
[0.766s] DEBUG:colcon.colcon_core.event_reactor:joining thread
[0.780s] INFO:colcon.colcon_core.plugin_system:Skipping extension 'colcon_notification.desktop_notification.terminal_notifier': Not used on non-Darwin systems
[0.780s] INFO:colcon.colcon_core.plugin_system:Skipping extension 'colcon_notification.desktop_notification.win32': Not used on non-Windows systems
[0.780s] INFO:colcon.colcon_notification.desktop_notification:Sending desktop notification using 'notify2'
[0.784s] DEBUG:colcon.colcon_core.event_reactor:joined thread
[0.784s] INFO:colcon.colcon_core.shell:Creating prefix script '/home/francesc/Escritorio/ros_ws/install/local_setup.ps1'
[0.785s] INFO:colcon.colcon_core.shell:Creating prefix util module '/home/francesc/Escritorio/ros_ws/install/_local_setup_util_ps1.py'
[0.787s] INFO:colcon.colcon_core.shell:Creating prefix chain script '/home/francesc/Escritorio/ros_ws/install/setup.ps1'
[0.789s] INFO:colcon.colcon_core.shell:Creating prefix script '/home/francesc/Escritorio/ros_ws/install/local_setup.sh'
[0.789s] INFO:colcon.colcon_core.shell:Creating prefix util module '/home/francesc/Escritorio/ros_ws/install/_local_setup_util_sh.py'
[0.790s] INFO:colcon.colcon_core.shell:Creating prefix chain script '/home/francesc/Escritorio/ros_ws/install/setup.sh'
[0.792s] INFO:colcon.colcon_core.shell:Creating prefix script '/home/francesc/Escritorio/ros_ws/install/local_setup.bash'
[0.792s] INFO:colcon.colcon_core.shell:Creating prefix chain script '/home/francesc/Escritorio/ros_ws/install/setup.bash'
[0.794s] INFO:colcon.colcon_core.shell:Creating prefix script '/home/francesc/Escritorio/ros_ws/install/local_setup.zsh'
[0.795s] INFO:colcon.colcon_core.shell:Creating prefix chain script '/home/francesc/Escritorio/ros_ws/install/setup.zsh'
