[0.560s] running egg_info
[0.561s] writing /home/francesc/Escritorio/ros_ws/build/camera_servcli/camera_servcli.egg-info/PKG-INFO
[0.562s] writing dependency_links to /home/francesc/Escritorio/ros_ws/build/camera_servcli/camera_servcli.egg-info/dependency_links.txt
[0.562s] writing entry points to /home/francesc/Escritorio/ros_ws/build/camera_servcli/camera_servcli.egg-info/entry_points.txt
[0.562s] writing requirements to /home/francesc/Escritorio/ros_ws/build/camera_servcli/camera_servcli.egg-info/requires.txt
[0.562s] writing top-level names to /home/francesc/Escritorio/ros_ws/build/camera_servcli/camera_servcli.egg-info/top_level.txt
[0.590s] reading manifest file '/home/francesc/Escritorio/ros_ws/build/camera_servcli/camera_servcli.egg-info/SOURCES.txt'
[0.591s] writing manifest file '/home/francesc/Escritorio/ros_ws/build/camera_servcli/camera_servcli.egg-info/SOURCES.txt'
[0.591s] running build
[0.591s] running build_py
[0.592s] copying camera_servcli/camera_service.py -> /home/francesc/Escritorio/ros_ws/build/camera_servcli/build/lib/camera_servcli
[0.592s] running install
[0.592s] running install_lib
[0.592s] copying /home/francesc/Escritorio/ros_ws/build/camera_servcli/build/lib/camera_servcli/camera_service.py -> /home/francesc/Escritorio/ros_ws/install/camera_servcli/lib/python3.6/site-packages/camera_servcli
[0.593s] byte-compiling /home/francesc/Escritorio/ros_ws/install/camera_servcli/lib/python3.6/site-packages/camera_servcli/camera_service.py to camera_service.cpython-36.pyc
[0.593s] running install_data
[0.593s] running install_egg_info
[0.595s] removing '/home/francesc/Escritorio/ros_ws/install/camera_servcli/lib/python3.6/site-packages/camera_servcli-0.0.0-py3.6.egg-info' (and everything under it)
[0.595s] Copying /home/francesc/Escritorio/ros_ws/build/camera_servcli/camera_servcli.egg-info to /home/francesc/Escritorio/ros_ws/install/camera_servcli/lib/python3.6/site-packages/camera_servcli-0.0.0-py3.6.egg-info
[0.596s] running install_scripts
[0.610s] Installing client script to /home/francesc/Escritorio/ros_ws/install/camera_servcli/lib/camera_servcli
[0.610s] Installing service script to /home/francesc/Escritorio/ros_ws/install/camera_servcli/lib/camera_servcli
[0.610s] writing list of installed files to '/home/francesc/Escritorio/ros_ws/build/camera_servcli/install.log'
