[0.487s] running egg_info
[0.487s] writing /home/francesc/Escritorio/ros_ws/build/camera_servcli/camera_servcli.egg-info/PKG-INFO
[0.487s] writing dependency_links to /home/francesc/Escritorio/ros_ws/build/camera_servcli/camera_servcli.egg-info/dependency_links.txt
[0.488s] writing entry points to /home/francesc/Escritorio/ros_ws/build/camera_servcli/camera_servcli.egg-info/entry_points.txt
[0.488s] writing requirements to /home/francesc/Escritorio/ros_ws/build/camera_servcli/camera_servcli.egg-info/requires.txt
[0.488s] writing top-level names to /home/francesc/Escritorio/ros_ws/build/camera_servcli/camera_servcli.egg-info/top_level.txt
[0.515s] reading manifest file '/home/francesc/Escritorio/ros_ws/build/camera_servcli/camera_servcli.egg-info/SOURCES.txt'
[0.516s] writing manifest file '/home/francesc/Escritorio/ros_ws/build/camera_servcli/camera_servcli.egg-info/SOURCES.txt'
[0.517s] running build
[0.517s] running build_py
[0.517s] copying camera_servcli/camera_service.py -> /home/francesc/Escritorio/ros_ws/build/camera_servcli/build/lib/camera_servcli
[0.517s] running install
[0.518s] running install_lib
[0.518s] copying /home/francesc/Escritorio/ros_ws/build/camera_servcli/build/lib/camera_servcli/camera_service.py -> /home/francesc/Escritorio/ros_ws/install/camera_servcli/lib/python3.6/site-packages/camera_servcli
[0.518s] byte-compiling /home/francesc/Escritorio/ros_ws/install/camera_servcli/lib/python3.6/site-packages/camera_servcli/camera_service.py to camera_service.cpython-36.pyc
[0.519s] running install_data
[0.519s] running install_egg_info
[0.521s] removing '/home/francesc/Escritorio/ros_ws/install/camera_servcli/lib/python3.6/site-packages/camera_servcli-0.0.0-py3.6.egg-info' (and everything under it)
[0.521s] Copying /home/francesc/Escritorio/ros_ws/build/camera_servcli/camera_servcli.egg-info to /home/francesc/Escritorio/ros_ws/install/camera_servcli/lib/python3.6/site-packages/camera_servcli-0.0.0-py3.6.egg-info
[0.522s] running install_scripts
[0.536s] Installing client script to /home/francesc/Escritorio/ros_ws/install/camera_servcli/lib/camera_servcli
[0.537s] Installing service script to /home/francesc/Escritorio/ros_ws/install/camera_servcli/lib/camera_servcli
[0.537s] writing list of installed files to '/home/francesc/Escritorio/ros_ws/build/camera_servcli/install.log'
