[0.541s] running egg_info
[0.541s] writing /home/francesc/Escritorio/ros_ws/build/dome_sensors/dome_sensors.egg-info/PKG-INFO
[0.541s] writing dependency_links to /home/francesc/Escritorio/ros_ws/build/dome_sensors/dome_sensors.egg-info/dependency_links.txt
[0.542s] writing entry points to /home/francesc/Escritorio/ros_ws/build/dome_sensors/dome_sensors.egg-info/entry_points.txt
[0.542s] writing requirements to /home/francesc/Escritorio/ros_ws/build/dome_sensors/dome_sensors.egg-info/requires.txt
[0.542s] writing top-level names to /home/francesc/Escritorio/ros_ws/build/dome_sensors/dome_sensors.egg-info/top_level.txt
[0.569s] reading manifest file '/home/francesc/Escritorio/ros_ws/build/dome_sensors/dome_sensors.egg-info/SOURCES.txt'
[0.570s] writing manifest file '/home/francesc/Escritorio/ros_ws/build/dome_sensors/dome_sensors.egg-info/SOURCES.txt'
[0.570s] running build
[0.570s] running build_py
[0.571s] copying dome_sensors/dome_sensor_publisher.py -> /home/francesc/Escritorio/ros_ws/build/dome_sensors/build/lib/dome_sensors
[0.571s] running install
[0.571s] running install_lib
[0.571s] copying /home/francesc/Escritorio/ros_ws/build/dome_sensors/build/lib/dome_sensors/dome_sensor_publisher.py -> /home/francesc/Escritorio/ros_ws/install/dome_sensors/lib/python3.6/site-packages/dome_sensors
[0.571s] byte-compiling /home/francesc/Escritorio/ros_ws/install/dome_sensors/lib/python3.6/site-packages/dome_sensors/dome_sensor_publisher.py to dome_sensor_publisher.cpython-36.pyc
[0.572s] running install_data
[0.572s] running install_egg_info
[0.573s] removing '/home/francesc/Escritorio/ros_ws/install/dome_sensors/lib/python3.6/site-packages/dome_sensors-0.0.0-py3.6.egg-info' (and everything under it)
[0.574s] Copying /home/francesc/Escritorio/ros_ws/build/dome_sensors/dome_sensors.egg-info to /home/francesc/Escritorio/ros_ws/install/dome_sensors/lib/python3.6/site-packages/dome_sensors-0.0.0-py3.6.egg-info
[0.574s] running install_scripts
[0.588s] Installing talker script to /home/francesc/Escritorio/ros_ws/install/dome_sensors/lib/dome_sensors
[0.589s] writing list of installed files to '/home/francesc/Escritorio/ros_ws/build/dome_sensors/install.log'
