[0.562s] running egg_info
[0.562s] writing /home/francesc/Escritorio/ros_ws/build/telescope_servcli/telescope_servcli.egg-info/PKG-INFO
[0.563s] writing dependency_links to /home/francesc/Escritorio/ros_ws/build/telescope_servcli/telescope_servcli.egg-info/dependency_links.txt
[0.563s] writing entry points to /home/francesc/Escritorio/ros_ws/build/telescope_servcli/telescope_servcli.egg-info/entry_points.txt
[0.563s] writing requirements to /home/francesc/Escritorio/ros_ws/build/telescope_servcli/telescope_servcli.egg-info/requires.txt
[0.563s] writing top-level names to /home/francesc/Escritorio/ros_ws/build/telescope_servcli/telescope_servcli.egg-info/top_level.txt
[0.595s] reading manifest file '/home/francesc/Escritorio/ros_ws/build/telescope_servcli/telescope_servcli.egg-info/SOURCES.txt'
[0.597s] writing manifest file '/home/francesc/Escritorio/ros_ws/build/telescope_servcli/telescope_servcli.egg-info/SOURCES.txt'
[0.597s] running build
[0.597s] running build_py
[0.597s] copying telescope_servcli/telescope_client.py -> /home/francesc/Escritorio/ros_ws/build/telescope_servcli/build/lib/telescope_servcli
[0.598s] copying telescope_servcli/telescope_service.py -> /home/francesc/Escritorio/ros_ws/build/telescope_servcli/build/lib/telescope_servcli
[0.598s] running install
[0.598s] running install_lib
[0.598s] copying /home/francesc/Escritorio/ros_ws/build/telescope_servcli/build/lib/telescope_servcli/telescope_client.py -> /home/francesc/Escritorio/ros_ws/install/telescope_servcli/lib/python3.6/site-packages/telescope_servcli
[0.599s] copying /home/francesc/Escritorio/ros_ws/build/telescope_servcli/build/lib/telescope_servcli/telescope_service.py -> /home/francesc/Escritorio/ros_ws/install/telescope_servcli/lib/python3.6/site-packages/telescope_servcli
[0.599s] byte-compiling /home/francesc/Escritorio/ros_ws/install/telescope_servcli/lib/python3.6/site-packages/telescope_servcli/telescope_client.py to telescope_client.cpython-36.pyc
[0.600s] byte-compiling /home/francesc/Escritorio/ros_ws/install/telescope_servcli/lib/python3.6/site-packages/telescope_servcli/telescope_service.py to telescope_service.cpython-36.pyc
[0.600s] running install_data
[0.601s] running install_egg_info
[0.603s] removing '/home/francesc/Escritorio/ros_ws/install/telescope_servcli/lib/python3.6/site-packages/telescope_servcli-0.0.0-py3.6.egg-info' (and everything under it)
[0.603s] Copying /home/francesc/Escritorio/ros_ws/build/telescope_servcli/telescope_servcli.egg-info to /home/francesc/Escritorio/ros_ws/install/telescope_servcli/lib/python3.6/site-packages/telescope_servcli-0.0.0-py3.6.egg-info
[0.604s] running install_scripts
[0.621s] Installing client script to /home/francesc/Escritorio/ros_ws/install/telescope_servcli/lib/telescope_servcli
[0.621s] Installing service script to /home/francesc/Escritorio/ros_ws/install/telescope_servcli/lib/telescope_servcli
[0.622s] writing list of installed files to '/home/francesc/Escritorio/ros_ws/build/telescope_servcli/install.log'
