[0.112s] [ 11%] Built target dome_interfaces__rosidl_generator_c
[0.116s] [ 13%] Built target dome_interfaces__cpp
[0.149s] [ 24%] Built target dome_interfaces__rosidl_typesupport_introspection_c
[0.150s] [ 35%] Built target dome_interfaces__rosidl_typesupport_introspection_cpp
[0.168s] [ 47%] Built target dome_interfaces__rosidl_typesupport_fastrtps_cpp
[0.207s] [ 58%] Built target dome_interfaces__rosidl_typesupport_cpp
[0.217s] [ 69%] Built target dome_interfaces__rosidl_typesupport_fastrtps_c
[0.258s] [ 81%] Built target dome_interfaces__rosidl_typesupport_c
[0.289s] [ 81%] Built target dome_interfaces
[0.323s] [ 83%] Built target dome_interfaces__py
[0.366s] [ 92%] Built target dome_interfaces__python
[0.410s] [ 96%] Built target dome_interfaces__rosidl_typesupport_fastrtps_c__pyext
[0.416s] [100%] Built target dome_interfaces__rosidl_typesupport_c__pyext
[0.691s] [ 11%] Built target dome_interfaces__rosidl_generator_c
[0.699s] [ 13%] Built target dome_interfaces__cpp
[0.730s] [ 24%] Built target dome_interfaces__rosidl_typesupport_introspection_c
[0.735s] [ 35%] Built target dome_interfaces__rosidl_typesupport_introspection_cpp
[0.737s] [ 47%] Built target dome_interfaces__rosidl_typesupport_fastrtps_cpp
[0.778s] [ 58%] Built target dome_interfaces__rosidl_typesupport_cpp
[0.781s] [ 69%] Built target dome_interfaces__rosidl_typesupport_fastrtps_c
[0.825s] [ 81%] Built target dome_interfaces__rosidl_typesupport_c
[0.860s] [ 81%] Built target dome_interfaces
[0.894s] [ 83%] Built target dome_interfaces__py
[0.944s] [ 92%] Built target dome_interfaces__python
[0.978s] [ 96%] Built target dome_interfaces__rosidl_typesupport_fastrtps_c__pyext
[0.988s] [100%] Built target dome_interfaces__rosidl_typesupport_c__pyext
[1.020s] [36mInstall the project...[0m
[1.030s] -- Install configuration: ""
[1.030s] -- Up-to-date: /home/francesc/Escritorio/ros_ws/install/dome_interfaces/share/ament_index/resource_index/rosidl_interfaces/dome_interfaces
[1.030s] -- Up-to-date: /home/francesc/Escritorio/ros_ws/install/dome_interfaces/lib/libdome_interfaces__rosidl_typesupport_c.so
[1.031s] -- Up-to-date: /home/francesc/Escritorio/ros_ws/install/dome_interfaces/share/dome_interfaces/environment/library_path.sh
[1.031s] -- Up-to-date: /home/francesc/Escritorio/ros_ws/install/dome_interfaces/lib/libdome_interfaces__rosidl_typesupport_cpp.so
[1.031s] -- Up-to-date: /home/francesc/Escritorio/ros_ws/install/dome_interfaces/include/dome_interfaces
[1.032s] -- Up-to-date: /home/francesc/Escritorio/ros_ws/install/dome_interfaces/include/dome_interfaces/srv
[1.032s] -- Up-to-date: /home/francesc/Escritorio/ros_ws/install/dome_interfaces/include/dome_interfaces/srv/dome__rosidl_typesupport_fastrtps_c.h
[1.033s] -- Up-to-date: /home/francesc/Escritorio/ros_ws/install/dome_interfaces/include/dome_interfaces/srv/camera__rosidl_typesupport_fastrtps_c.h
[1.033s] -- Up-to-date: /home/francesc/Escritorio/ros_ws/install/dome_interfaces/include/dome_interfaces/srv/weather__rosidl_typesupport_fastrtps_c.h
[1.033s] -- Up-to-date: /home/francesc/Escritorio/ros_ws/install/dome_interfaces/include/dome_interfaces/msg
[1.033s] -- Up-to-date: /home/francesc/Escritorio/ros_ws/install/dome_interfaces/include/dome_interfaces/msg/action__rosidl_typesupport_fastrtps_c.h
[1.034s] -- Up-to-date: /home/francesc/Escritorio/ros_ws/install/dome_interfaces/include/dome_interfaces/msg/rosidl_typesupport_fastrtps_c__visibility_control.h
[1.034s] -- Up-to-date: /home/francesc/Escritorio/ros_ws/install/dome_interfaces/include/dome_interfaces/msg/sensor__rosidl_typesupport_fastrtps_c.h
[1.035s] -- Up-to-date: /home/francesc/Escritorio/ros_ws/install/dome_interfaces/lib/libdome_interfaces__rosidl_typesupport_fastrtps_c.so
[1.035s] -- Up-to-date: /home/francesc/Escritorio/ros_ws/install/dome_interfaces/include/dome_interfaces
[1.035s] -- Up-to-date: /home/francesc/Escritorio/ros_ws/install/dome_interfaces/include/dome_interfaces/srv
[1.035s] -- Up-to-date: /home/francesc/Escritorio/ros_ws/install/dome_interfaces/include/dome_interfaces/srv/dome.h
[1.036s] -- Up-to-date: /home/francesc/Escritorio/ros_ws/install/dome_interfaces/include/dome_interfaces/srv/dome__functions.h
[1.036s] -- Up-to-date: /home/francesc/Escritorio/ros_ws/install/dome_interfaces/include/dome_interfaces/srv/dome__functions.c
[1.036s] -- Up-to-date: /home/francesc/Escritorio/ros_ws/install/dome_interfaces/include/dome_interfaces/srv/weather__struct.h
[1.036s] -- Up-to-date: /home/francesc/Escritorio/ros_ws/install/dome_interfaces/include/dome_interfaces/srv/dome__struct.h
[1.037s] -- Up-to-date: /home/francesc/Escritorio/ros_ws/install/dome_interfaces/include/dome_interfaces/srv/camera__functions.h
[1.037s] -- Up-to-date: /home/francesc/Escritorio/ros_ws/install/dome_interfaces/include/dome_interfaces/srv/weather__functions.h
[1.037s] -- Up-to-date: /home/francesc/Escritorio/ros_ws/install/dome_interfaces/include/dome_interfaces/srv/dome__type_support.h
[1.037s] -- Up-to-date: /home/francesc/Escritorio/ros_ws/install/dome_interfaces/include/dome_interfaces/srv/weather__functions.c
[1.038s] -- Up-to-date: /home/francesc/Escritorio/ros_ws/install/dome_interfaces/include/dome_interfaces/srv/camera__type_support.h
[1.038s] -- Up-to-date: /home/francesc/Escritorio/ros_ws/install/dome_interfaces/include/dome_interfaces/srv/camera.h
[1.038s] -- Up-to-date: /home/francesc/Escritorio/ros_ws/install/dome_interfaces/include/dome_interfaces/srv/camera__functions.c
[1.038s] -- Up-to-date: /home/francesc/Escritorio/ros_ws/install/dome_interfaces/include/dome_interfaces/srv/weather__type_support.h
[1.039s] -- Up-to-date: /home/francesc/Escritorio/ros_ws/install/dome_interfaces/include/dome_interfaces/srv/camera__struct.h
[1.039s] -- Up-to-date: /home/francesc/Escritorio/ros_ws/install/dome_interfaces/include/dome_interfaces/srv/weather.h
[1.039s] -- Up-to-date: /home/francesc/Escritorio/ros_ws/install/dome_interfaces/include/dome_interfaces/msg
[1.039s] -- Up-to-date: /home/francesc/Escritorio/ros_ws/install/dome_interfaces/include/dome_interfaces/msg/sensor__type_support.h
[1.039s] -- Up-to-date: /home/francesc/Escritorio/ros_ws/install/dome_interfaces/include/dome_interfaces/msg/action.h
[1.040s] -- Up-to-date: /home/francesc/Escritorio/ros_ws/install/dome_interfaces/include/dome_interfaces/msg/rosidl_generator_c__visibility_control.h
[1.040s] -- Up-to-date: /home/francesc/Escritorio/ros_ws/install/dome_interfaces/include/dome_interfaces/msg/sensor__functions.c
[1.040s] -- Up-to-date: /home/francesc/Escritorio/ros_ws/install/dome_interfaces/include/dome_interfaces/msg/sensor__struct.h
[1.040s] -- Up-to-date: /home/francesc/Escritorio/ros_ws/install/dome_interfaces/include/dome_interfaces/msg/action__struct.h
[1.040s] -- Up-to-date: /home/francesc/Escritorio/ros_ws/install/dome_interfaces/include/dome_interfaces/msg/sensor.h
[1.041s] -- Up-to-date: /home/francesc/Escritorio/ros_ws/install/dome_interfaces/include/dome_interfaces/msg/action__functions.h
[1.041s] -- Up-to-date: /home/francesc/Escritorio/ros_ws/install/dome_interfaces/include/dome_interfaces/msg/action__type_support.h
[1.041s] -- Up-to-date: /home/francesc/Escritorio/ros_ws/install/dome_interfaces/include/dome_interfaces/msg/action__functions.c
[1.041s] -- Up-to-date: /home/francesc/Escritorio/ros_ws/install/dome_interfaces/include/dome_interfaces/msg/sensor__functions.h
[1.042s] -- Up-to-date: /home/francesc/Escritorio/ros_ws/install/dome_interfaces/lib/libdome_interfaces__rosidl_generator_c.so
[1.042s] -- Up-to-date: /home/francesc/Escritorio/ros_ws/install/dome_interfaces/include/dome_interfaces
[1.042s] -- Up-to-date: /home/francesc/Escritorio/ros_ws/install/dome_interfaces/include/dome_interfaces/srv
[1.042s] -- Up-to-date: /home/francesc/Escritorio/ros_ws/install/dome_interfaces/include/dome_interfaces/srv/weather__rosidl_typesupport_fastrtps_cpp.hpp
[1.042s] -- Up-to-date: /home/francesc/Escritorio/ros_ws/install/dome_interfaces/include/dome_interfaces/srv/camera__rosidl_typesupport_fastrtps_cpp.hpp
[1.042s] -- Up-to-date: /home/francesc/Escritorio/ros_ws/install/dome_interfaces/include/dome_interfaces/srv/dome__rosidl_typesupport_fastrtps_cpp.hpp
[1.042s] -- Up-to-date: /home/francesc/Escritorio/ros_ws/install/dome_interfaces/include/dome_interfaces/srv/dds_fastrtps
[1.042s] -- Up-to-date: /home/francesc/Escritorio/ros_ws/install/dome_interfaces/include/dome_interfaces/msg
[1.042s] -- Up-to-date: /home/francesc/Escritorio/ros_ws/install/dome_interfaces/include/dome_interfaces/msg/rosidl_typesupport_fastrtps_cpp__visibility_control.h
[1.042s] -- Up-to-date: /home/francesc/Escritorio/ros_ws/install/dome_interfaces/include/dome_interfaces/msg/action__rosidl_typesupport_fastrtps_cpp.hpp
[1.042s] -- Up-to-date: /home/francesc/Escritorio/ros_ws/install/dome_interfaces/include/dome_interfaces/msg/dds_fastrtps
[1.043s] -- Up-to-date: /home/francesc/Escritorio/ros_ws/install/dome_interfaces/include/dome_interfaces/msg/sensor__rosidl_typesupport_fastrtps_cpp.hpp
[1.043s] -- Up-to-date: /home/francesc/Escritorio/ros_ws/install/dome_interfaces/lib/libdome_interfaces__rosidl_typesupport_fastrtps_cpp.so
[1.043s] -- Up-to-date: /home/francesc/Escritorio/ros_ws/install/dome_interfaces/include/dome_interfaces
[1.043s] -- Up-to-date: /home/francesc/Escritorio/ros_ws/install/dome_interfaces/include/dome_interfaces/srv
[1.043s] -- Up-to-date: /home/francesc/Escritorio/ros_ws/install/dome_interfaces/include/dome_interfaces/srv/dome__struct.hpp
[1.043s] -- Up-to-date: /home/francesc/Escritorio/ros_ws/install/dome_interfaces/include/dome_interfaces/srv/camera__struct.hpp
[1.043s] -- Up-to-date: /home/francesc/Escritorio/ros_ws/install/dome_interfaces/include/dome_interfaces/srv/weather__traits.hpp
[1.043s] -- Up-to-date: /home/francesc/Escritorio/ros_ws/install/dome_interfaces/include/dome_interfaces/srv/weather__struct.hpp
[1.043s] -- Up-to-date: /home/francesc/Escritorio/ros_ws/install/dome_interfaces/include/dome_interfaces/srv/camera__traits.hpp
[1.043s] -- Up-to-date: /home/francesc/Escritorio/ros_ws/install/dome_interfaces/include/dome_interfaces/srv/camera.hpp
[1.044s] -- Up-to-date: /home/francesc/Escritorio/ros_ws/install/dome_interfaces/include/dome_interfaces/srv/dome__traits.hpp
[1.044s] -- Up-to-date: /home/francesc/Escritorio/ros_ws/install/dome_interfaces/include/dome_interfaces/srv/dome.hpp
[1.044s] -- Up-to-date: /home/francesc/Escritorio/ros_ws/install/dome_interfaces/include/dome_interfaces/srv/weather.hpp
[1.044s] -- Up-to-date: /home/francesc/Escritorio/ros_ws/install/dome_interfaces/include/dome_interfaces/msg
[1.044s] -- Up-to-date: /home/francesc/Escritorio/ros_ws/install/dome_interfaces/include/dome_interfaces/msg/action__struct.hpp
[1.044s] -- Up-to-date: /home/francesc/Escritorio/ros_ws/install/dome_interfaces/include/dome_interfaces/msg/sensor__struct.hpp
[1.044s] -- Up-to-date: /home/francesc/Escritorio/ros_ws/install/dome_interfaces/include/dome_interfaces/msg/action.hpp
[1.044s] -- Up-to-date: /home/francesc/Escritorio/ros_ws/install/dome_interfaces/include/dome_interfaces/msg/action__traits.hpp
[1.044s] -- Up-to-date: /home/francesc/Escritorio/ros_ws/install/dome_interfaces/include/dome_interfaces/msg/sensor.hpp
[1.044s] -- Up-to-date: /home/francesc/Escritorio/ros_ws/install/dome_interfaces/include/dome_interfaces/msg/sensor__traits.hpp
[1.044s] -- Up-to-date: /home/francesc/Escritorio/ros_ws/install/dome_interfaces/include/dome_interfaces
[1.045s] -- Up-to-date: /home/francesc/Escritorio/ros_ws/install/dome_interfaces/include/dome_interfaces/srv
[1.045s] -- Up-to-date: /home/francesc/Escritorio/ros_ws/install/dome_interfaces/include/dome_interfaces/srv/dome__type_support.c
[1.045s] -- Up-to-date: /home/francesc/Escritorio/ros_ws/install/dome_interfaces/include/dome_interfaces/srv/camera__rosidl_typesupport_introspection_c.h
[1.045s] -- Up-to-date: /home/francesc/Escritorio/ros_ws/install/dome_interfaces/include/dome_interfaces/srv/dome__rosidl_typesupport_introspection_c.h
[1.045s] -- Up-to-date: /home/francesc/Escritorio/ros_ws/install/dome_interfaces/include/dome_interfaces/srv/weather__rosidl_typesupport_introspection_c.h
[1.045s] -- Up-to-date: /home/francesc/Escritorio/ros_ws/install/dome_interfaces/include/dome_interfaces/srv/camera__type_support.c
[1.045s] -- Up-to-date: /home/francesc/Escritorio/ros_ws/install/dome_interfaces/include/dome_interfaces/srv/weather__type_support.c
[1.045s] -- Up-to-date: /home/francesc/Escritorio/ros_ws/install/dome_interfaces/include/dome_interfaces/msg
[1.045s] -- Up-to-date: /home/francesc/Escritorio/ros_ws/install/dome_interfaces/include/dome_interfaces/msg/sensor__rosidl_typesupport_introspection_c.h
[1.045s] -- Up-to-date: /home/francesc/Escritorio/ros_ws/install/dome_interfaces/include/dome_interfaces/msg/action__rosidl_typesupport_introspection_c.h
[1.045s] -- Up-to-date: /home/francesc/Escritorio/ros_ws/install/dome_interfaces/include/dome_interfaces/msg/rosidl_typesupport_introspection_c__visibility_control.h
[1.046s] -- Up-to-date: /home/francesc/Escritorio/ros_ws/install/dome_interfaces/include/dome_interfaces/msg/action__type_support.c
[1.046s] -- Up-to-date: /home/francesc/Escritorio/ros_ws/install/dome_interfaces/include/dome_interfaces/msg/sensor__type_support.c
[1.046s] -- Up-to-date: /home/francesc/Escritorio/ros_ws/install/dome_interfaces/lib/libdome_interfaces__rosidl_typesupport_introspection_c.so
[1.046s] -- Up-to-date: /home/francesc/Escritorio/ros_ws/install/dome_interfaces/include/dome_interfaces
[1.046s] -- Up-to-date: /home/francesc/Escritorio/ros_ws/install/dome_interfaces/include/dome_interfaces/srv
[1.046s] -- Up-to-date: /home/francesc/Escritorio/ros_ws/install/dome_interfaces/include/dome_interfaces/srv/dome__type_support.cpp
[1.046s] -- Up-to-date: /home/francesc/Escritorio/ros_ws/install/dome_interfaces/include/dome_interfaces/srv/camera__rosidl_typesupport_introspection_cpp.hpp
[1.046s] -- Up-to-date: /home/francesc/Escritorio/ros_ws/install/dome_interfaces/include/dome_interfaces/srv/dome__rosidl_typesupport_introspection_cpp.hpp
[1.046s] -- Up-to-date: /home/francesc/Escritorio/ros_ws/install/dome_interfaces/include/dome_interfaces/srv/weather__rosidl_typesupport_introspection_cpp.hpp
[1.046s] -- Up-to-date: /home/francesc/Escritorio/ros_ws/install/dome_interfaces/include/dome_interfaces/srv/camera__type_support.cpp
[1.046s] -- Up-to-date: /home/francesc/Escritorio/ros_ws/install/dome_interfaces/include/dome_interfaces/srv/weather__type_support.cpp
[1.047s] -- Up-to-date: /home/francesc/Escritorio/ros_ws/install/dome_interfaces/include/dome_interfaces/msg
[1.047s] -- Up-to-date: /home/francesc/Escritorio/ros_ws/install/dome_interfaces/include/dome_interfaces/msg/sensor__type_support.cpp
[1.047s] -- Up-to-date: /home/francesc/Escritorio/ros_ws/install/dome_interfaces/include/dome_interfaces/msg/action__type_support.cpp
[1.047s] -- Up-to-date: /home/francesc/Escritorio/ros_ws/install/dome_interfaces/include/dome_interfaces/msg/action__rosidl_typesupport_introspection_cpp.hpp
[1.047s] -- Up-to-date: /home/francesc/Escritorio/ros_ws/install/dome_interfaces/include/dome_interfaces/msg/sensor__rosidl_typesupport_introspection_cpp.hpp
[1.047s] -- Up-to-date: /home/francesc/Escritorio/ros_ws/install/dome_interfaces/lib/libdome_interfaces__rosidl_typesupport_introspection_cpp.so
[1.047s] -- Up-to-date: /home/francesc/Escritorio/ros_ws/install/dome_interfaces/share/dome_interfaces/environment/pythonpath.sh
[1.047s] -- Up-to-date: /home/francesc/Escritorio/ros_ws/install/dome_interfaces/lib/python3.6/site-packages/dome_interfaces/__init__.py
[1.084s] -- Up-to-date: /home/francesc/Escritorio/ros_ws/install/dome_interfaces/lib/python3.6/site-packages/dome_interfaces/msg
[1.084s] -- Up-to-date: /home/francesc/Escritorio/ros_ws/install/dome_interfaces/lib/python3.6/site-packages/dome_interfaces/msg/_sensor.py
[1.085s] -- Up-to-date: /home/francesc/Escritorio/ros_ws/install/dome_interfaces/lib/python3.6/site-packages/dome_interfaces/msg/_action_s.c
[1.085s] -- Up-to-date: /home/francesc/Escritorio/ros_ws/install/dome_interfaces/lib/python3.6/site-packages/dome_interfaces/msg/__init__.py
[1.085s] -- Up-to-date: /home/francesc/Escritorio/ros_ws/install/dome_interfaces/lib/python3.6/site-packages/dome_interfaces/msg/_action.py
[1.085s] -- Up-to-date: /home/francesc/Escritorio/ros_ws/install/dome_interfaces/lib/python3.6/site-packages/dome_interfaces/msg/_sensor_s.c
[1.085s] -- Up-to-date: /home/francesc/Escritorio/ros_ws/install/dome_interfaces/lib/python3.6/site-packages/dome_interfaces/srv
[1.086s] -- Up-to-date: /home/francesc/Escritorio/ros_ws/install/dome_interfaces/lib/python3.6/site-packages/dome_interfaces/srv/_dome.py
[1.086s] -- Up-to-date: /home/francesc/Escritorio/ros_ws/install/dome_interfaces/lib/python3.6/site-packages/dome_interfaces/srv/_weather.py
[1.086s] -- Up-to-date: /home/francesc/Escritorio/ros_ws/install/dome_interfaces/lib/python3.6/site-packages/dome_interfaces/srv/__init__.py
[1.086s] -- Up-to-date: /home/francesc/Escritorio/ros_ws/install/dome_interfaces/lib/python3.6/site-packages/dome_interfaces/srv/_camera_s.c
[1.086s] -- Up-to-date: /home/francesc/Escritorio/ros_ws/install/dome_interfaces/lib/python3.6/site-packages/dome_interfaces/srv/_weather_s.c
[1.086s] -- Up-to-date: /home/francesc/Escritorio/ros_ws/install/dome_interfaces/lib/python3.6/site-packages/dome_interfaces/srv/_dome_s.c
[1.087s] -- Up-to-date: /home/francesc/Escritorio/ros_ws/install/dome_interfaces/lib/python3.6/site-packages/dome_interfaces/srv/_camera.py
[1.087s] -- Up-to-date: /home/francesc/Escritorio/ros_ws/install/dome_interfaces/lib/python3.6/site-packages/dome_interfaces/dome_interfaces_s__rosidl_typesupport_c.cpython-36m-x86_64-linux-gnu.so
[1.087s] -- Up-to-date: /home/francesc/Escritorio/ros_ws/install/dome_interfaces/lib/python3.6/site-packages/dome_interfaces/dome_interfaces_s__rosidl_typesupport_fastrtps_c.cpython-36m-x86_64-linux-gnu.so
[1.088s] -- Up-to-date: /home/francesc/Escritorio/ros_ws/install/dome_interfaces/lib/libdome_interfaces__python.so
[1.089s] -- Up-to-date: /home/francesc/Escritorio/ros_ws/install/dome_interfaces/share/dome_interfaces/msg/Sensor.idl
[1.089s] -- Up-to-date: /home/francesc/Escritorio/ros_ws/install/dome_interfaces/share/dome_interfaces/srv/Dome.idl
[1.090s] -- Up-to-date: /home/francesc/Escritorio/ros_ws/install/dome_interfaces/share/dome_interfaces/srv/Weather.idl
[1.090s] -- Up-to-date: /home/francesc/Escritorio/ros_ws/install/dome_interfaces/share/dome_interfaces/srv/Camera.idl
[1.090s] -- Up-to-date: /home/francesc/Escritorio/ros_ws/install/dome_interfaces/share/dome_interfaces/msg/Sensor.msg
[1.090s] -- Up-to-date: /home/francesc/Escritorio/ros_ws/install/dome_interfaces/share/dome_interfaces/srv/Dome.srv
[1.091s] -- Up-to-date: /home/francesc/Escritorio/ros_ws/install/dome_interfaces/share/dome_interfaces/srv/Dome_Request.msg
[1.091s] -- Up-to-date: /home/francesc/Escritorio/ros_ws/install/dome_interfaces/share/dome_interfaces/srv/Dome_Response.msg
[1.091s] -- Up-to-date: /home/francesc/Escritorio/ros_ws/install/dome_interfaces/share/dome_interfaces/srv/Weather.srv
[1.091s] -- Up-to-date: /home/francesc/Escritorio/ros_ws/install/dome_interfaces/share/dome_interfaces/srv/Weather_Request.msg
[1.091s] -- Up-to-date: /home/francesc/Escritorio/ros_ws/install/dome_interfaces/share/dome_interfaces/srv/Weather_Response.msg
[1.092s] -- Up-to-date: /home/francesc/Escritorio/ros_ws/install/dome_interfaces/share/dome_interfaces/srv/Camera.srv
[1.092s] -- Up-to-date: /home/francesc/Escritorio/ros_ws/install/dome_interfaces/share/dome_interfaces/srv/Camera_Request.msg
[1.092s] -- Up-to-date: /home/francesc/Escritorio/ros_ws/install/dome_interfaces/share/dome_interfaces/srv/Camera_Response.msg
[1.092s] -- Up-to-date: /home/francesc/Escritorio/ros_ws/install/dome_interfaces/share/ament_index/resource_index/package_run_dependencies/dome_interfaces
[1.092s] -- Up-to-date: /home/francesc/Escritorio/ros_ws/install/dome_interfaces/share/ament_index/resource_index/parent_prefix_path/dome_interfaces
[1.092s] -- Up-to-date: /home/francesc/Escritorio/ros_ws/install/dome_interfaces/share/dome_interfaces/environment/ament_prefix_path.sh
[1.092s] -- Up-to-date: /home/francesc/Escritorio/ros_ws/install/dome_interfaces/share/dome_interfaces/environment/path.sh
[1.093s] -- Up-to-date: /home/francesc/Escritorio/ros_ws/install/dome_interfaces/share/dome_interfaces/local_setup.bash
[1.093s] -- Up-to-date: /home/francesc/Escritorio/ros_ws/install/dome_interfaces/share/dome_interfaces/local_setup.sh
[1.093s] -- Up-to-date: /home/francesc/Escritorio/ros_ws/install/dome_interfaces/share/dome_interfaces/local_setup.zsh
[1.093s] -- Up-to-date: /home/francesc/Escritorio/ros_ws/install/dome_interfaces/share/ament_index/resource_index/packages/dome_interfaces
[1.093s] -- Up-to-date: /home/francesc/Escritorio/ros_ws/install/dome_interfaces/share/dome_interfaces/cmake/rosidl_cmake-extras.cmake
[1.093s] -- Up-to-date: /home/francesc/Escritorio/ros_ws/install/dome_interfaces/share/dome_interfaces/cmake/ament_cmake_export_libraries-extras.cmake
[1.093s] -- Up-to-date: /home/francesc/Escritorio/ros_ws/install/dome_interfaces/share/dome_interfaces/cmake/ament_cmake_export_include_directories-extras.cmake
[1.094s] -- Up-to-date: /home/francesc/Escritorio/ros_ws/install/dome_interfaces/share/dome_interfaces/cmake/dome_interfacesConfig.cmake
[1.094s] -- Up-to-date: /home/francesc/Escritorio/ros_ws/install/dome_interfaces/share/dome_interfaces/cmake/dome_interfacesConfig-version.cmake
[1.094s] -- Up-to-date: /home/francesc/Escritorio/ros_ws/install/dome_interfaces/share/dome_interfaces/package.xml
