[0.283s] Invoking command in '/home/francesc/Escritorio/ros_ws/src/weather_servcli': PYTHONPATH=/home/francesc/Escritorio/ros_ws/install/weather_servcli/lib/python3.6/site-packages:/home/francesc/Escritorio/ros_ws/install/dome_interfaces/lib/python3.6/site-packages:/home/francesc/Escritorio/ros_ws/install/dome_servcli/lib/python3.6/site-packages:/home/francesc/Escritorio/ros_ws/install/dome_sensors/lib/python3.6/site-packages:/opt/ros/dashing/lib/python3.6/site-packages /usr/bin/python3 setup.py egg_info --egg-base /home/francesc/Escritorio/ros_ws/build/weather_servcli build --build-base /home/francesc/Escritorio/ros_ws/build/weather_servcli/build install --prefix /home/francesc/Escritorio/ros_ws/install/weather_servcli --record /home/francesc/Escritorio/ros_ws/build/weather_servcli/install.log --single-version-externally-managed
[0.524s] running egg_info
[0.524s] writing /home/francesc/Escritorio/ros_ws/build/weather_servcli/weather_servcli.egg-info/PKG-INFO
[0.525s] writing dependency_links to /home/francesc/Escritorio/ros_ws/build/weather_servcli/weather_servcli.egg-info/dependency_links.txt
[0.525s] writing entry points to /home/francesc/Escritorio/ros_ws/build/weather_servcli/weather_servcli.egg-info/entry_points.txt
[0.525s] writing requirements to /home/francesc/Escritorio/ros_ws/build/weather_servcli/weather_servcli.egg-info/requires.txt
[0.525s] writing top-level names to /home/francesc/Escritorio/ros_ws/build/weather_servcli/weather_servcli.egg-info/top_level.txt
[0.552s] reading manifest file '/home/francesc/Escritorio/ros_ws/build/weather_servcli/weather_servcli.egg-info/SOURCES.txt'
[0.553s] writing manifest file '/home/francesc/Escritorio/ros_ws/build/weather_servcli/weather_servcli.egg-info/SOURCES.txt'
[0.553s] running build
[0.554s] running build_py
[0.554s] copying weather_servcli/weather_service.py -> /home/francesc/Escritorio/ros_ws/build/weather_servcli/build/lib/weather_servcli
[0.555s] running install
[0.555s] running install_lib
[0.555s] copying /home/francesc/Escritorio/ros_ws/build/weather_servcli/build/lib/weather_servcli/weather_service.py -> /home/francesc/Escritorio/ros_ws/install/weather_servcli/lib/python3.6/site-packages/weather_servcli
[0.556s] byte-compiling /home/francesc/Escritorio/ros_ws/install/weather_servcli/lib/python3.6/site-packages/weather_servcli/weather_service.py to weather_service.cpython-36.pyc
[0.556s] running install_data
[0.556s] running install_egg_info
[0.557s] removing '/home/francesc/Escritorio/ros_ws/install/weather_servcli/lib/python3.6/site-packages/weather_servcli-0.0.0-py3.6.egg-info' (and everything under it)
[0.557s] Copying /home/francesc/Escritorio/ros_ws/build/weather_servcli/weather_servcli.egg-info to /home/francesc/Escritorio/ros_ws/install/weather_servcli/lib/python3.6/site-packages/weather_servcli-0.0.0-py3.6.egg-info
[0.558s] running install_scripts
[0.572s] Installing client script to /home/francesc/Escritorio/ros_ws/install/weather_servcli/lib/weather_servcli
[0.572s] Installing service script to /home/francesc/Escritorio/ros_ws/install/weather_servcli/lib/weather_servcli
[0.572s] writing list of installed files to '/home/francesc/Escritorio/ros_ws/build/weather_servcli/install.log'
[0.590s] Invoked command in '/home/francesc/Escritorio/ros_ws/src/weather_servcli' returned '0': PYTHONPATH=/home/francesc/Escritorio/ros_ws/install/weather_servcli/lib/python3.6/site-packages:/home/francesc/Escritorio/ros_ws/install/dome_interfaces/lib/python3.6/site-packages:/home/francesc/Escritorio/ros_ws/install/dome_servcli/lib/python3.6/site-packages:/home/francesc/Escritorio/ros_ws/install/dome_sensors/lib/python3.6/site-packages:/opt/ros/dashing/lib/python3.6/site-packages /usr/bin/python3 setup.py egg_info --egg-base /home/francesc/Escritorio/ros_ws/build/weather_servcli build --build-base /home/francesc/Escritorio/ros_ws/build/weather_servcli/build install --prefix /home/francesc/Escritorio/ros_ws/install/weather_servcli --record /home/francesc/Escritorio/ros_ws/build/weather_servcli/install.log --single-version-externally-managed
