[0.589s] running egg_info
[0.589s] writing /home/francesc/Escritorio/ros_ws/build/dome_sensors/dome_sensors.egg-info/PKG-INFO
[0.590s] writing dependency_links to /home/francesc/Escritorio/ros_ws/build/dome_sensors/dome_sensors.egg-info/dependency_links.txt
[0.590s] writing entry points to /home/francesc/Escritorio/ros_ws/build/dome_sensors/dome_sensors.egg-info/entry_points.txt
[0.590s] writing requirements to /home/francesc/Escritorio/ros_ws/build/dome_sensors/dome_sensors.egg-info/requires.txt
[0.590s] writing top-level names to /home/francesc/Escritorio/ros_ws/build/dome_sensors/dome_sensors.egg-info/top_level.txt
[0.622s] reading manifest file '/home/francesc/Escritorio/ros_ws/build/dome_sensors/dome_sensors.egg-info/SOURCES.txt'
[0.623s] writing manifest file '/home/francesc/Escritorio/ros_ws/build/dome_sensors/dome_sensors.egg-info/SOURCES.txt'
[0.623s] running build
[0.624s] running build_py
[0.624s] copying dome_sensors/dome_sensor_publisher.py -> /home/francesc/Escritorio/ros_ws/build/dome_sensors/build/lib/dome_sensors
[0.624s] running install
[0.624s] running install_lib
[0.625s] copying /home/francesc/Escritorio/ros_ws/build/dome_sensors/build/lib/dome_sensors/dome_sensor_publisher.py -> /home/francesc/Escritorio/ros_ws/install/dome_sensors/lib/python3.6/site-packages/dome_sensors
[0.625s] byte-compiling /home/francesc/Escritorio/ros_ws/install/dome_sensors/lib/python3.6/site-packages/dome_sensors/dome_sensor_publisher.py to dome_sensor_publisher.cpython-36.pyc
[0.625s] running install_data
[0.626s] running install_egg_info
[0.627s] removing '/home/francesc/Escritorio/ros_ws/install/dome_sensors/lib/python3.6/site-packages/dome_sensors-0.0.0-py3.6.egg-info' (and everything under it)
[0.628s] Copying /home/francesc/Escritorio/ros_ws/build/dome_sensors/dome_sensors.egg-info to /home/francesc/Escritorio/ros_ws/install/dome_sensors/lib/python3.6/site-packages/dome_sensors-0.0.0-py3.6.egg-info
[0.629s] running install_scripts
[0.645s] Installing talker script to /home/francesc/Escritorio/ros_ws/install/dome_sensors/lib/dome_sensors
[0.646s] writing list of installed files to '/home/francesc/Escritorio/ros_ws/build/dome_sensors/install.log'
