[0.262s] Invoking command in '/home/francesc/Escritorio/ros_ws/src/dome_servcli': AMENT_PREFIX_PATH=/home/francesc/Escritorio/ros_ws/install/dome_interfaces:${AMENT_PREFIX_PATH} CMAKE_PREFIX_PATH=/home/francesc/Escritorio/ros_ws/install/dome_interfaces LD_LIBRARY_PATH=/home/francesc/Escritorio/ros_ws/install/dome_interfaces/lib:${LD_LIBRARY_PATH} PYTHONPATH=/home/francesc/Escritorio/ros_ws/install/dome_servcli/lib/python3.6/site-packages:/home/francesc/Escritorio/ros_ws/install/dome_interfaces/lib/python3.6/site-packages:${PYTHONPATH} /usr/bin/python3 setup.py egg_info --egg-base /home/francesc/Escritorio/ros_ws/build/dome_servcli build --build-base /home/francesc/Escritorio/ros_ws/build/dome_servcli/build install --prefix /home/francesc/Escritorio/ros_ws/install/dome_servcli --record /home/francesc/Escritorio/ros_ws/build/dome_servcli/install.log --single-version-externally-managed
[0.472s] running egg_info
[0.472s] writing /home/francesc/Escritorio/ros_ws/build/dome_servcli/dome_servcli.egg-info/PKG-INFO
[0.473s] writing dependency_links to /home/francesc/Escritorio/ros_ws/build/dome_servcli/dome_servcli.egg-info/dependency_links.txt
[0.473s] writing entry points to /home/francesc/Escritorio/ros_ws/build/dome_servcli/dome_servcli.egg-info/entry_points.txt
[0.473s] writing requirements to /home/francesc/Escritorio/ros_ws/build/dome_servcli/dome_servcli.egg-info/requires.txt
[0.473s] writing top-level names to /home/francesc/Escritorio/ros_ws/build/dome_servcli/dome_servcli.egg-info/top_level.txt
[0.499s] reading manifest file '/home/francesc/Escritorio/ros_ws/build/dome_servcli/dome_servcli.egg-info/SOURCES.txt'
[0.500s] writing manifest file '/home/francesc/Escritorio/ros_ws/build/dome_servcli/dome_servcli.egg-info/SOURCES.txt'
[0.500s] running build
[0.501s] running build_py
[0.501s] copying dome_servcli/dome_service.py -> /home/francesc/Escritorio/ros_ws/build/dome_servcli/build/lib/dome_servcli
[0.501s] running install
[0.501s] running install_lib
[0.502s] copying /home/francesc/Escritorio/ros_ws/build/dome_servcli/build/lib/dome_servcli/dome_service.py -> /home/francesc/Escritorio/ros_ws/install/dome_servcli/lib/python3.6/site-packages/dome_servcli
[0.502s] byte-compiling /home/francesc/Escritorio/ros_ws/install/dome_servcli/lib/python3.6/site-packages/dome_servcli/dome_service.py to dome_service.cpython-36.pyc
[0.502s] running install_data
[0.502s]   File "/home/francesc/Escritorio/ros_ws/install/dome_servcli/lib/python3.6/site-packages/dome_servcli/dome_service.py", line 82
[0.503s]     if self.state = State.OPENED:
[0.503s]                   ^
[0.503s] SyntaxError: invalid syntax
[0.503s] 
[0.503s] running install_egg_info
[0.504s] removing '/home/francesc/Escritorio/ros_ws/install/dome_servcli/lib/python3.6/site-packages/dome_servcli-0.0.0-py3.6.egg-info' (and everything under it)
[0.504s] Copying /home/francesc/Escritorio/ros_ws/build/dome_servcli/dome_servcli.egg-info to /home/francesc/Escritorio/ros_ws/install/dome_servcli/lib/python3.6/site-packages/dome_servcli-0.0.0-py3.6.egg-info
[0.505s] running install_scripts
[0.518s] Installing client script to /home/francesc/Escritorio/ros_ws/install/dome_servcli/lib/dome_servcli
[0.519s] Installing service script to /home/francesc/Escritorio/ros_ws/install/dome_servcli/lib/dome_servcli
[0.519s] writing list of installed files to '/home/francesc/Escritorio/ros_ws/build/dome_servcli/install.log'
[0.537s] Invoked command in '/home/francesc/Escritorio/ros_ws/src/dome_servcli' returned '0': AMENT_PREFIX_PATH=/home/francesc/Escritorio/ros_ws/install/dome_interfaces:${AMENT_PREFIX_PATH} CMAKE_PREFIX_PATH=/home/francesc/Escritorio/ros_ws/install/dome_interfaces LD_LIBRARY_PATH=/home/francesc/Escritorio/ros_ws/install/dome_interfaces/lib:${LD_LIBRARY_PATH} PYTHONPATH=/home/francesc/Escritorio/ros_ws/install/dome_servcli/lib/python3.6/site-packages:/home/francesc/Escritorio/ros_ws/install/dome_interfaces/lib/python3.6/site-packages:${PYTHONPATH} /usr/bin/python3 setup.py egg_info --egg-base /home/francesc/Escritorio/ros_ws/build/dome_servcli build --build-base /home/francesc/Escritorio/ros_ws/build/dome_servcli/build install --prefix /home/francesc/Escritorio/ros_ws/install/dome_servcli --record /home/francesc/Escritorio/ros_ws/build/dome_servcli/install.log --single-version-externally-managed
